8003:123145433636864::Thread-29 2020-08-09 18:59:35,240 - **START**
8003:123145433636864::Thread-29 2020-08-09 18:59:36,594 - Starting new HTTPS connection (1): en.wikipedia.org
8003:123145433636864::Thread-29 2020-08-09 18:59:39,720 - The Green Bay Packers are a professional American football team based in Green Bay, Wisconsin.
8003:123145433636864::Thread-29 2020-08-09 18:59:39,728 - The Packers compete in the National Football League (NFL) as a member club of the National Football Conference (NFC) North division.
8003:123145433636864::Thread-29 2020-08-09 18:59:40,245 - It is the third-oldest franchise in the NFL, dating back to 1919, and is the only non-profit, community-owned major league professional sports team based in the United States.
8003:123145433636864::Thread-29 2020-08-09 18:59:41,207 - Home games have been played at Lambeau Field since 1957.
8003:123145433636864::Thread-29 2020-08-09 18:59:42,114 - The Packers are the last of the "small town teams" which were common in the NFL during the league's early days of the 1920s and 1930s.
8003:123145433636864::Thread-29 2020-08-09 18:59:42,141 - Founded in 1919 by Earl "Curly" Lambeau and George Whitney Calhoun, the franchise traces its lineage to other semi-professional teams in Green Bay dating back to 1896.
8003:123145433636864::Thread-29 2020-08-09 18:59:42,897 - Between 1919 and 1920, the Packers competed against other semi-pro clubs from around Wisconsin and the Midwest, before joining the American Professional Football Association (APFA), the forerunner of today's NFL, in 1921.
8003:123145433636864::Thread-29 2020-08-09 18:59:43,320 - Although Green Bay is by far the smallest major league professional sports market in North America, Forbes ranked the Packers as the world's 27th most valuable sports franchise in 2019, with a value of $2.63 billion.The Packers have won 13 league championships, the most in NFL history, with nine pre-Super Bowl NFL titles and four Super Bowl victories.
8003:123145433636864::Thread-29 2020-08-09 18:59:43,760 - The Packers won the first two Super Bowls in 1967 and 1968 and were the only NFL team to defeat the American Football League (AFL) prior to the AFL–NFL merger.
8003:123145433636864::Thread-29 2020-08-09 18:59:44,746 - The Vince Lombardi Trophy is named after the Packers' coach Vince Lombardi, who guided them to their first two Super Bowls.
8003:123145433636864::Thread-29 2020-08-09 18:59:51,844 - **END**
8003:123145433636864::Thread-29 2020-08-09 18:59:57,869 - **START**
8003:123145433636864::Thread-29 2020-08-09 18:59:57,951 - Starting new HTTPS connection (1): en.wikipedia.org
8003:123145433636864::Thread-29 2020-08-09 18:59:59,702 - 7 World Trade Center (7 WTC) refers to two buildings that have existed at the same location within the World Trade Center site in Lower Manhattan, New York City.
8003:123145433636864::Thread-29 2020-08-09 19:00:02,301 - The original structure, part of the original World Trade Center, was completed in 1987 and was destroyed in the September 11 attacks in 2001.
8003:123145433636864::Thread-29 2020-08-09 19:00:03,298 - The current structure opened in May 2006.
8003:123145433636864::Thread-29 2020-08-09 19:00:05,738 - Both buildings were developed by Larry Silverstein, who holds a ground lease for the site from the Port Authority of New York and New Jersey.
8003:123145433636864::Thread-29 2020-08-09 19:00:06,541 - The original 7 World Trade Center was 47 stories tall, clad in red granite masonry, and occupied a trapezoidal footprint.
8003:123145433636864::Thread-29 2020-08-09 19:00:08,287 - An elevated walkway spanning Vesey Street connected the building to the World Trade Center plaza.
8003:123145433636864::Thread-29 2020-08-09 19:00:08,714 - The building was situated above a Consolidated Edison power substation, which imposed unique structural design constraints.
8003:123145433636864::Thread-29 2020-08-09 19:00:11,634 - When the building opened in 1987, Silverstein had difficulties attracting tenants.
8003:123145433636864::Thread-29 2020-08-09 19:00:13,632 - Salomon Brothers signed a long-term lease in 1988 and became the main tenant of 7 WTC.
8003:123145433636864::Thread-29 2020-08-09 19:00:16,169 - On September 11, 2001, the structure was substantially damaged by debris when the nearby North Tower of the World Trade Center collapsed.
8003:123145433636864::Thread-29 2020-08-09 19:00:17,750 - The debris ignited fires on multiple lower floors of the building, which continued to burn uncontrolled throughout the afternoon.
8003:123145433636864::Thread-29 2020-08-09 19:00:19,751 - **END**
