8003:123145850089472::Thread-128 2020-08-09 18:59:40,275 - **START**
8003:123145850089472::Thread-128 2020-08-09 18:59:40,883 - Starting new HTTPS connection (1): en.wikipedia.org
8003:123145850089472::Thread-128 2020-08-09 18:59:43,457 - The rising average temperature of Earth's climate system, called global warming, is driving changes in rainfall patterns, extreme weather, arrival of seasons, and more.
8003:123145850089472::Thread-128 2020-08-09 18:59:43,760 - Collectively, global warming and its effects are known as climate change.
8003:123145850089472::Thread-128 2020-08-09 18:59:44,798 - While there have been prehistoric periods of global warming, observed changes since the mid-20th century have been unprecedented in rate and scale.
8003:123145850089472::Thread-128 2020-08-09 18:59:45,210 - The Intergovernmental Panel on Climate Change (IPCC) concluded that "human influence on climate has been the dominant cause of observed warming since the mid-20th century".
8003:123145850089472::Thread-128 2020-08-09 18:59:46,075 - These findings have been recognized by the national science academies of major nations and are not disputed by any scientific body of national or international standing.
8003:123145850089472::Thread-128 2020-08-09 18:59:46,984 - The largest human influence has been the emission of greenhouse gases, with over 90% of the impact from carbon dioxide and methane.
8003:123145850089472::Thread-128 2020-08-09 18:59:47,820 - Fossil fuel burning is the principal source of these gases, with agricultural emissions and deforestation also playing significant roles.
8003:123145850089472::Thread-128 2020-08-09 18:59:48,548 - Temperature rise is enhanced by self-reinforcing climate feedbacks, such as loss of snow cover, increased water vapour, and melting permafrost.
8003:123145850089472::Thread-128 2020-08-09 18:59:49,316 - Land surfaces are heating faster than the ocean surface, leading to heat waves, wildfires, and the expansion of deserts.
8003:123145850089472::Thread-128 2020-08-09 18:59:49,527 - Increasing atmospheric energy and rates of evaporation are causing more intense storms and weather extremes, damaging infrastructure and agriculture.
8003:123145850089472::Thread-128 2020-08-09 18:59:51,532 - **END**
8003:123145850089472::Thread-128 2020-08-09 19:00:01,541 - **START**
8003:123145850089472::Thread-128 2020-08-09 19:00:01,651 - Starting new HTTPS connection (1): en.wikipedia.org
8003:123145850089472::Thread-128 2020-08-09 19:00:04,085 - William I (c. 1028 – 9 September 1087), usually known as William the Conqueror and sometimes William the Bastard, was the first Norman King of England, reigning from 1066 until his death in 1087.
8003:123145850089472::Thread-128 2020-08-09 19:00:04,599 - He was a descendant of Rollo and was Duke of Normandy from 1035 onward.
8003:123145850089472::Thread-128 2020-08-09 19:00:06,482 - His hold was secure on Normandy by 1060, following a long struggle to establish his throne, and he launched the Norman conquest of England six years later.
8003:123145850089472::Thread-128 2020-08-09 19:00:08,535 - The rest of his life was marked by struggles to consolidate his hold over England and his continental lands and by difficulties with his eldest son, Robert Curthose.
8003:123145850089472::Thread-128 2020-08-09 19:00:08,823 - William was the son of the unmarried Robert I, Duke of Normandy, by his mistress Herleva.
8003:123145850089472::Thread-128 2020-08-09 19:00:09,386 - His illegitimate status and his youth caused some difficulties for him after he succeeded his father, as did the anarchy which plagued the first years of his rule.
8003:123145850089472::Thread-128 2020-08-09 19:00:11,643 - During his childhood and adolescence, members of the Norman aristocracy battled each other, both for control of the child duke and for their own ends.
8003:123145850089472::Thread-128 2020-08-09 19:00:14,030 - In 1047, William was able to quash a rebellion and begin to establish his authority over the duchy, a process that was not complete until about 1060.
8003:123145850089472::Thread-128 2020-08-09 19:00:16,251 - His marriage in the 1050s to Matilda of Flanders provided him with a powerful ally in the neighbouring county of Flanders.
8003:123145850089472::Thread-128 2020-08-09 19:00:16,252 - **END**
