8003:123146291781632::Thread-233 2020-08-09 18:59:36,352 - **START**
8003:123146291781632::Thread-233 2020-08-09 18:59:36,592 - Starting new HTTPS connection (1): en.wikipedia.org
8003:123146291781632::Thread-233 2020-08-09 18:59:40,180 - The Colossus of Rhodes (Ancient Greek: ὁ Κολοσσὸς Ῥόδιος, romanized: ho Kolossòs Rhódios Greek: Κολοσσός της Ρόδου, romanized: Kolossós tes Rhódou) was a statue of the Greek sun-god Helios, erected in the city of Rhodes, on the Greek island of the same name, by Chares of Lindos in 280 BC.
8003:123146291781632::Thread-233 2020-08-09 18:59:41,231 - One of the Seven Wonders of the Ancient World, it was constructed to celebrate its successful defense against Demetrius Poliorcetes, who had besieged it for a year with a large army and navy.
8003:123146291781632::Thread-233 2020-08-09 18:59:42,210 - According to most contemporary descriptions, the Colossus stood approximately 70 cubits, or 33 metres (108 feet) high—the approximate height of the modern Statue of Liberty from feet to crown—making it the tallest statue in the ancient world.
8003:123146291781632::Thread-233 2020-08-09 18:59:43,065 - It collapsed during the earthquake of 226 BC, although parts of it were preserved.
8003:123146291781632::Thread-233 2020-08-09 18:59:43,416 - In accordance with a certain oracle, the Rhodians did not build it again.
8003:123146291781632::Thread-233 2020-08-09 18:59:45,221 - John Malalas wrote that Hadrian in his reign reerected the Colossus, but he was wrong.
8003:123146291781632::Thread-233 2020-08-09 18:59:46,885 - According to Suda, the Rhodians were called Colossaeans (Κολοσσαεῖς), because they erected the statue on the island.Since 2008, a series of as-yet-unrealized proposals to build a new Colossus at Rhodes Harbour have been announced, although the actual location of the original monument remains in dispute.
8003:123146291781632::Thread-233 2020-08-09 18:59:47,048 - Siege of Rhodes

In the late 4th century BC, Rhodes, allied with Ptolemy I of Egypt, prevented a mass invasion staged by their common enemy, Antigonus I Monophthalmus.
8003:123146291781632::Thread-233 2020-08-09 18:59:48,453 - In 304 BC a relief force of ships sent by Ptolemy arrived, and Demetrius (son of Antigonus) and his army abandoned the siege, leaving behind most of their siege equipment.
8003:123146291781632::Thread-233 2020-08-09 18:59:50,390 - To celebrate their victory, the Rhodians sold the equipment left behind for 300 talents and decided to use the money to build a colossal statue of their patron god, Helios.
8003:123146291781632::Thread-233 2020-08-09 18:59:50,509 - Construction was left to the direction of Chares, a native of Lindos in Rhodes, who had been involved with large-scale statues before.
8003:123146291781632::Thread-233 2020-08-09 18:59:53,512 - **END**
8003:123146291781632::Thread-233 2020-08-09 18:59:58,517 - **START**
8003:123146291781632::Thread-233 2020-08-09 18:59:58,590 - Starting new HTTPS connection (1): en.wikipedia.org
8003:123146291781632::Thread-233 2020-08-09 18:59:59,662 - The Alcatraz Federal Penitentiary or United States Penitentiary, Alcatraz Island (often referred to as Alcatraz [, Spanish pronunciation: [al-ka-tɾas] (Latin America)/Spanish pronunciation: [al-ka-tɾaθ] (Spain) from Arabic: غطاس‎, romanized: al-ġaţţās, lit.
8003:123146291781632::Thread-233 2020-08-09 19:00:00,424 - 'gannet ("the diver")'] or The Rock) was a maximum security federal prison on Alcatraz Island, 1.25 miles (2.01 km) off the coast of San Francisco, California, United States, the site of a fort since the 1850s; the main prison building was built in 1910–1912 as a United States Army military prison.
8003:123146291781632::Thread-233 2020-08-09 19:00:01,066 - The United States Department of Justice acquired the United States Disciplinary Barracks, Pacific Branch, on Alcatraz on 12 October 1933, and the island became a prison of the Federal Bureau of Prisons in August 1934 after the buildings were modernized and security increased.
8003:123146291781632::Thread-233 2020-08-09 19:00:01,174 - Given this high security and the island's location in the cold waters and strong currents of San Francisco Bay, prison operators believed Alcatraz to be escape-proof and America's strongest prison.
8003:123146291781632::Thread-233 2020-08-09 19:00:01,622 - The three-story cellhouse included the four main cell blocks, A-block through D-block, the warden's office, visitation room, the library, and the barber shop.
8003:123146291781632::Thread-233 2020-08-09 19:00:01,831 - The prison cells typically measured 9 feet (2.7 m) by 5 feet (1.5 m) and 7 feet (2.1 m) high.
8003:123146291781632::Thread-233 2020-08-09 19:00:01,868 - The cells were primitive and lacked privacy, with a bed, desk, and washbasin, and a toilet on the back wall, and with few furnishings except a blanket.
8003:123146291781632::Thread-233 2020-08-09 19:00:02,086 - African-Americans were segregated from other inmates in cell designation due to racial abuse.
8003:123146291781632::Thread-233 2020-08-09 19:00:02,682 - D-Block housed the worst inmates, and six cells at its end were designated "The Hole," where badly behaving prisoners would be sent for periods of often brutal punishment.
8003:123146291781632::Thread-233 2020-08-09 19:00:03,084 - The dining hall and kitchen extended from the main building.
8003:123146291781632::Thread-233 2020-08-09 19:00:09,086 - **END**
