8003:123146338054144::Thread-244 2020-08-09 18:59:38,352 - **START**
8003:123146338054144::Thread-244 2020-08-09 18:59:40,899 - Starting new HTTPS connection (1): en.wikipedia.org
8003:123146338054144::Thread-244 2020-08-09 18:59:44,095 - The England national football team represents England in  men's international football and is governed by The Football Association, the governing body for football in England.
8003:123146338054144::Thread-244 2020-08-09 18:59:44,381 - It competes in the three major international tournaments; the FIFA World Cup, the UEFA European Championship and the UEFA Nations League.
8003:123146338054144::Thread-244 2020-08-09 18:59:44,889 - England, as a country of the United Kingdom, is not a member of the International Olympic Committee and therefore the national team does not compete at the Olympic Games.
8003:123146338054144::Thread-244 2020-08-09 18:59:45,144 - England is the oldest national team in football.
8003:123146338054144::Thread-244 2020-08-09 18:59:45,593 - They played in the world's first international football match in 1872, against Scotland.
8003:123146338054144::Thread-244 2020-08-09 18:59:45,731 - England's home ground is Wembley Stadium, London, and their headquarters is at St George's Park, Burton upon Trent.
8003:123146338054144::Thread-244 2020-08-09 18:59:46,158 - The team's manager is Gareth Southgate.
8003:123146338054144::Thread-244 2020-08-09 18:59:46,682 - Since first entering the tournament in 1950, England has qualified for the FIFA World Cup 15 times.
8003:123146338054144::Thread-244 2020-08-09 18:59:46,740 - They won the 1966 World Cup, when they hosted the finals, and finished fourth in 1990 and 2018.
8003:123146338054144::Thread-244 2020-08-09 18:59:47,599 - Since first entering in 1964, England have never won the UEFA European Championship, with their best performances being third-place finishes in 1968 and 1996, the latter as hosts.
8003:123146338054144::Thread-244 2020-08-09 18:59:47,600 - **END**
8003:123146338054144::Thread-244 2020-08-09 18:59:51,607 - **START**
8003:123146338054144::Thread-244 2020-08-09 18:59:51,611 - Starting new HTTPS connection (1): en.wikipedia.org
8003:123146338054144::Thread-244 2020-08-09 18:59:52,438 - John F. Kennedy International Airport (IATA: JFK, ICAO: KJFK, FAA LID: JFK) (colloquially referred to as JFK Airport) is an international airport in Queens, New York, USA.
8003:123146338054144::Thread-244 2020-08-09 18:59:53,148 - It is the primary international airport serving New York City.
8003:123146338054144::Thread-244 2020-08-09 18:59:54,382 - The airport is the busiest international air passenger gateway into North America, the 21st-busiest airport in the world, the sixth-busiest airport in the United States, and the busiest airport in the New York airport system, having handled over 62.5 million passengers in 2019.
8003:123146338054144::Thread-244 2020-08-09 18:59:56,250 - More than ninety airlines operate from the airport, with nonstop or direct flights to destinations in all six inhabited continents.JFK is located in the Jamaica neighborhood of Queens in New York, 16 miles (26 km) southeast of Midtown Manhattan.
8003:123146338054144::Thread-244 2020-08-09 18:59:57,968 - The airport features six passenger terminals and four runways.
8003:123146338054144::Thread-244 2020-08-09 18:59:59,134 - JFK is one of only three airports in the United States, with Chicago-O'Hare and Los Angeles International, that is used as hub for more than one of the three U.S. mainline carriers.
8003:123146338054144::Thread-244 2020-08-09 19:00:01,133 - JFK is a hub for both American Airlines and Delta Air Lines, and it is the primary operating base for JetBlue.
8003:123146338054144::Thread-244 2020-08-09 19:00:01,344 - JFK was also formerly a hub for Pan Am, TWA, Eastern, National, and Tower Air.
8003:123146338054144::Thread-244 2020-08-09 19:00:01,601 - The facility opened in 1948 as New York International Airport and was commonly known as Idlewild Airport.
8003:123146338054144::Thread-244 2020-08-09 19:00:01,688 - Following John F. Kennedy's assassination in 1963, the airport was renamed John F. Kennedy International Airport as a tribute to the 35th President.
8003:123146338054144::Thread-244 2020-08-09 19:00:03,002 - History


Construction
John F. Kennedy International Airport was originally called Idlewild Airport (IATA: IDL, ICAO: KIDL, FAA LID: IDL) after the Idlewild Beach Golf Course that it displaced.
8003:123146338054144::Thread-244 2020-08-09 19:00:09,004 - **END**
