8003:123145555628032::Thread-58 2020-08-09 18:59:28,245 - **START**
8003:123145555628032::Thread-58 2020-08-09 18:59:28,582 - Starting new HTTPS connection (1): en.wikipedia.org
8003:123145555628032::Thread-58 2020-08-09 18:59:31,332 - The United States Penitentiary, Administrative Maximum Facility (USP Florence ADMAX) is an American federal prison in unincorporated Fremont County near Florence, Colorado.
8003:123145555628032::Thread-58 2020-08-09 18:59:31,744 - It is operated by the Federal Bureau of Prisons, a division of the United States Department of Justice.
8003:123145555628032::Thread-58 2020-08-09 18:59:32,042 - ADX Florence, which opened in 1994, is classed as a supermax or "control unit" prison, thus providing a higher level of custody than a maximum security prison.
8003:123145555628032::Thread-58 2020-08-09 18:59:33,182 - ADX Florence forms part of the Florence Federal Correctional Complex (FCC Florence), which is situated on 49 acres (20 ha) of land and houses different facilities with varying degrees of security, including the United States Penitentiary, Florence High.
8003:123145555628032::Thread-58 2020-08-09 18:59:33,951 - ADX Florence was commissioned as the Federal Bureau of Prisons needed a unit designed specifically for the secure housing of those prisoners most capable of violence toward staff or other inmates.
8003:123145555628032::Thread-58 2020-08-09 18:59:34,437 - As of July 2020, there are 365 prisoners who spend 23 hours per day in single cells with facilities made of poured concrete to deter self-harm, and 24-hour supervision, carried out intensively with high staff-inmate ratios.
8003:123145555628032::Thread-58 2020-08-09 18:59:35,377 - Phones are generally banned and only limited broadcast entertainment is permitted.
8003:123145555628032::Thread-58 2020-08-09 18:59:36,019 - After three years in maximum confinement, some prisoners may be transferred to a less restrictive prison.
8003:123145555628032::Thread-58 2020-08-09 18:59:36,336 - The aim is to encourage "reasonably peaceful behavior" from the most violent "career" prisoners.
8003:123145555628032::Thread-58 2020-08-09 18:59:37,488 - Function
The institution is unofficially known as ADX Florence, or the "Alcatraz of the Rockies".
8003:123145555628032::Thread-58 2020-08-09 18:59:39,502 - **END**
8003:123145555628032::Thread-58 2020-08-09 18:59:50,506 - **START**
8003:123145555628032::Thread-58 2020-08-09 18:59:50,511 - Starting new HTTPS connection (1): en.wikipedia.org
8003:123145555628032::Thread-58 2020-08-09 18:59:51,248 - George Herbert Walker Bush (June 12, 1924 – November 30, 2018) was an American politician, diplomat, and businessman who served as the 41st president of the United States from 1989 to 1993.
8003:123145555628032::Thread-58 2020-08-09 18:59:51,518 - A member of the Republican Party, Bush also served in the U.S. House of Representatives, as U.S.
8003:123145555628032::Thread-58 2020-08-09 18:59:52,481 - Ambassador to the United Nations, as Director of Central Intelligence, and as the 43rd vice president.
8003:123145555628032::Thread-58 2020-08-09 18:59:53,354 - Bush was raised in Greenwich, Connecticut and attended Phillips Academy before serving in the United States Navy during World War II.
8003:123145555628032::Thread-58 2020-08-09 18:59:53,802 - After the war, he graduated from Yale University and moved to West Texas, where he established a successful oil company.
8003:123145555628032::Thread-58 2020-08-09 18:59:53,925 - After an unsuccessful run for the United States Senate, he won election to the 7th congressional district of Texas in 1966.
8003:123145555628032::Thread-58 2020-08-09 18:59:54,510 - President Richard Nixon appointed Bush to the position of Ambassador to the United Nations in 1971 and to the position of chairman of the Republican National Committee in 1973.
8003:123145555628032::Thread-58 2020-08-09 18:59:54,768 - In 1974, President Gerald Ford appointed him as the Chief of the Liaison Office to the People's Republic of China, and in 1976 Bush became the Director of Central Intelligence.
8003:123145555628032::Thread-58 2020-08-09 18:59:55,471 - Bush ran for president in 1980, but was defeated in the Republican presidential primaries by Ronald Reagan.
8003:123145555628032::Thread-58 2020-08-09 18:59:55,968 - He was then elected vice president in 1980 and 1984 as Reagan's running mate.
8003:123145555628032::Thread-58 2020-08-09 18:59:56,241 - In the 1988 presidential election, Bush defeated Democrat Michael Dukakis, becoming the first incumbent vice president to be elected president since Martin Van Buren in 1836.
8003:123145555628032::Thread-58 2020-08-09 18:59:57,187 - Foreign policy drove the Bush presidency, as he navigated the final years of the Cold War and played a key role in the reunification of Germany.
8003:123145555628032::Thread-58 2020-08-09 19:00:01,202 - **END**
