8003:123145812230144::Thread-119 2020-08-09 18:59:37,267 - **START**
8003:123145812230144::Thread-119 2020-08-09 18:59:37,497 - Starting new HTTPS connection (1): en.wikipedia.org
8003:123145812230144::Thread-119 2020-08-09 18:59:41,131 - John Felix Anthony Cena Jr. (; born April 23, 1977) is an American professional wrestler, actor, rapper, and television presenter.
8003:123145812230144::Thread-119 2020-08-09 18:59:41,249 - He is currently signed to the WWE on a part-time deal, is the current host of Are You Smarter Than a Fifth Grader?
8003:123145812230144::Thread-119 2020-08-09 18:59:41,566 - on Nickelodeon and has starred in various films.
8003:123145812230144::Thread-119 2020-08-09 18:59:42,842 - Born and raised in West Newbury, Massachusetts, Cena moved to California in 1998 to pursue a career as a bodybuilder.
8003:123145812230144::Thread-119 2020-08-09 18:59:43,010 - He transitioned to professional wrestling in 1999 when he debuted for Ultimate Pro Wrestling (UPW).
8003:123145812230144::Thread-119 2020-08-09 18:59:43,990 - He signed with the World Wrestling Federation (WWF, now WWE) in 2001, where he was initially assigned to Ohio Valley Wrestling (OVW).
8003:123145812230144::Thread-119 2020-08-09 18:59:44,081 - He gained fame in the WWE after adopting the persona of a trash-talking rapper.
8003:123145812230144::Thread-119 2020-08-09 18:59:44,262 - He won his first singles title, the United States Championship, in 2004.
8003:123145812230144::Thread-119 2020-08-09 18:59:44,527 - The next year, he won the WWE Championship for the first time, and his character subsequently transitioned into a clean-cut "Superman-like" hero.
8003:123145812230144::Thread-119 2020-08-09 18:59:52,532 - **END**
8003:123145812230144::Thread-119 2020-08-09 19:00:06,535 - **START**
8003:123145812230144::Thread-119 2020-08-09 19:00:06,541 - Starting new HTTPS connection (1): en.wikipedia.org
8003:123145812230144::Thread-119 2020-08-09 19:00:08,049 - William Shakespeare (bapt.
8003:123145812230144::Thread-119 2020-08-09 19:00:09,441 - 26 April 1564 – 23 April 1616) was an English playwright, poet, and actor, widely regarded as the greatest writer in the English language and the world's greatest dramatist.
8003:123145812230144::Thread-119 2020-08-09 19:00:10,169 - He is often called England's national poet and the "Bard of Avon" (or simply "the Bard").
8003:123145812230144::Thread-119 2020-08-09 19:00:11,651 - His extant works, including collaborations, consist of some 39 plays, 154 sonnets, two long narrative poems, and a few other verses, some of uncertain authorship.
8003:123145812230144::Thread-119 2020-08-09 19:00:11,974 - His plays have been translated into every major living language and are performed more often than those of any other playwright.
8003:123145812230144::Thread-119 2020-08-09 19:00:13,110 - They also continue to be studied and reinterpreted.
8003:123145812230144::Thread-119 2020-08-09 19:00:14,992 - Shakespeare was born and raised in Stratford-upon-Avon, Warwickshire.
8003:123145812230144::Thread-119 2020-08-09 19:00:16,809 - At the age of 18, he married Anne Hathaway, with whom he had three children: Susanna and twins Hamnet and Judith.
8003:123145812230144::Thread-119 2020-08-09 19:00:18,606 - Sometime between 1585 and 1592, he began a successful career in London as an actor, writer, and part-owner of a playing company called the Lord Chamberlain's Men, later known as the King's Men.
8003:123145812230144::Thread-119 2020-08-09 19:00:19,320 - At age 49 (around 1613), he appears to have retired to Stratford, where he died three years later.
8003:123145812230144::Thread-119 2020-08-09 19:00:21,324 - **END**
