8003:123146329640960::Thread-242 2020-08-09 18:59:30,492 - **START**
8003:123146329640960::Thread-242 2020-08-09 18:59:31,910 - Starting new HTTPS connection (1): en.wikipedia.org
8003:123146329640960::Thread-242 2020-08-09 18:59:33,507 - Kobe Bean Bryant ( KOH-bee; August 23, 1978 – January 26, 2020) was an American professional basketball player for the Los Angeles Lakers in the National Basketball Association (NBA).
8003:123146329640960::Thread-242 2020-08-09 18:59:33,780 - As a shooting guard, he entered the league directly from high school, and played his entire 20-season professional career with the Lakers.
8003:123146329640960::Thread-242 2020-08-09 18:59:36,115 - Bryant won many accolades: five NBA championships, 18-time All-Star, 15-time member of the All-NBA Team, 12-time member of the All-Defensive Team, 2008 NBA Most Valuable Player (MVP), two-time NBA Finals MVP winner.
8003:123146329640960::Thread-242 2020-08-09 18:59:36,189 - Widely regarded as one of the greatest players of all time, he led the NBA in scoring during two seasons, ranks fourth on the league's all-time regular season scoring and all-time postseason scoring lists.
8003:123146329640960::Thread-242 2020-08-09 18:59:37,517 - Bryant first played basketball seriously in Italy, where he spent more than seven years as a child after his father, former NBA player Joe Bryant, moved to the country to continue playing professionally.
8003:123146329640960::Thread-242 2020-08-09 18:59:39,717 - Bryant later attended Lower Merion High School in Pennsylvania, where he was recognized as the top high-school basketball player in the country.
8003:123146329640960::Thread-242 2020-08-09 18:59:41,209 - Upon graduation, he declared for the 1996 NBA draft and was selected by the Charlotte Hornets with the 13th overall pick; the Hornets then traded him to the Lakers.
8003:123146329640960::Thread-242 2020-08-09 18:59:43,791 - As a rookie, Bryant earned himself a reputation as a high-flyer and a fan favorite by winning the 1997 Slam Dunk Contest, and he was named an All-Star by his second season.
8003:123146329640960::Thread-242 2020-08-09 18:59:43,917 - Despite a feud with teammate Shaquille O'Neal, the pair led the Lakers to three consecutive NBA championships from 2000 to 2002.
8003:123146329640960::Thread-242 2020-08-09 18:59:45,338 - In 2003, Bryant was accused of sexual assault by a 19-year-old hotel clerk.
8003:123146329640960::Thread-242 2020-08-09 18:59:50,341 - **END**
8003:123146329640960::Thread-242 2020-08-09 18:59:52,345 - **START**
8003:123146329640960::Thread-242 2020-08-09 18:59:52,353 - Starting new HTTPS connection (1): en.wikipedia.org
8003:123146329640960::Thread-242 2020-08-09 18:59:53,960 - Muhammad Ali (; born Cassius Marcellus Clay Jr.; January 17, 1942 – June 3, 2016) was an American professional boxer, activist, and philanthropist.
8003:123146329640960::Thread-242 2020-08-09 18:59:55,332 - Nicknamed "The Greatest", he is widely regarded as one of the most significant and celebrated sports figures of the 20th century and as one of the greatest boxers of all time.
8003:123146329640960::Thread-242 2020-08-09 18:59:56,848 - Ali was born and raised in Louisville, Kentucky, and began training as an amateur boxer at age 12.
8003:123146329640960::Thread-242 2020-08-09 18:59:57,719 - At 18, he won a gold medal in the light heavyweight division at the 1960 Summer Olympics, and turned professional later that year.
8003:123146329640960::Thread-242 2020-08-09 18:59:59,258 - He converted to Islam and became a Muslim after 1961, and eventually took the name Muhammad Ali.
8003:123146329640960::Thread-242 2020-08-09 18:59:59,507 - He won the world heavyweight championship from Sonny Liston in a major upset at age 22 in 1964.
8003:123146329640960::Thread-242 2020-08-09 19:00:00,460 - In 1966, Ali refused to be drafted into the military, citing his religious beliefs and opposition to the Vietnam War.
8003:123146329640960::Thread-242 2020-08-09 19:00:01,598 - He was arrested, found guilty of draft evasion, and stripped of his boxing titles.
8003:123146329640960::Thread-242 2020-08-09 19:00:01,987 - He appealed the decision to the Supreme Court, which overturned his conviction in 1971, but he had not fought for nearly four years and lost a period of peak performance as an athlete.
8003:123146329640960::Thread-242 2020-08-09 19:00:04,268 - His actions as a conscientious objector to the war made him an icon for the larger counterculture generation, and he was a high-profile figure of racial pride for African Americans during the civil rights movement.
8003:123146329640960::Thread-242 2020-08-09 19:00:09,273 - **END**
