8003:123145479909376::Thread-40 2020-08-09 18:59:27,236 - **START**
8003:123145479909376::Thread-40 2020-08-09 18:59:27,258 - Starting new HTTPS connection (1): en.wikipedia.org
8003:123145479909376::Thread-40 2020-08-09 18:59:28,171 - Virat Kohli (pronunciation ; born 5 November 1988) is an Indian cricketer and the current captain of the India national team.
8003:123145479909376::Thread-40 2020-08-09 18:59:29,162 - A right-handed top-order batsman, Kohli is regarded as one of the best batsmen in the world.
8003:123145479909376::Thread-40 2020-08-09 18:59:29,857 - He plays for Royal Challengers Bangalore in the Indian Premier League (IPL), and has been the team's captain since 2013.
8003:123145479909376::Thread-40 2020-08-09 18:59:29,917 - Since October 2017, he has been the top-ranked ODI batsman in the world and is currently 2nd in Test rankings with 886 points.
8003:123145479909376::Thread-40 2020-08-09 18:59:30,537 - Among Indian batsmen, Kohli has the best ever Test rating (937 points), ODI rating (911 points) and T20I rating (897 points).
8003:123145479909376::Thread-40 2020-08-09 18:59:31,142 - Kohli captained India Under-19s to victory at the 2008 Under-19 World Cup in Malaysia.
8003:123145479909376::Thread-40 2020-08-09 18:59:31,255 - After a few months later, he made his ODI debut for India against Sri Lanka at the age of 19.
8003:123145479909376::Thread-40 2020-08-09 18:59:31,313 - Initially having played as a reserve batsman in the Indian team, he soon established himself as a regular in the ODI middle-order and was part of the squad that won the 2011 World Cup.
8003:123145479909376::Thread-40 2020-08-09 18:59:31,778 - He made his Test debut in 2011 and shrugged off the tag of "ODI specialist" by 2013 with Test hundreds in Australia and South Africa.
8003:123145479909376::Thread-40 2020-08-09 18:59:32,221 - Having reached the number one spot in the ICC rankings for ODI batsmen for the first time in 2013, Kohli also found success in the Twenty20 format, winning the Man of the Tournament twice at the ICC World Twenty20 (in 2014 and 2016).
8003:123145479909376::Thread-40 2020-08-09 18:59:33,222 - **END**
8003:123145479909376::Thread-40 2020-08-09 18:59:38,231 - **START**
8003:123145479909376::Thread-40 2020-08-09 18:59:39,392 - Starting new HTTPS connection (1): en.wikipedia.org
8003:123145479909376::Thread-40 2020-08-09 18:59:42,006 - Chyna (born Joan Marie Laurer; December 27, 1969 – April 17, 2016) was an American professional wrestler, glamour model, actress, author, bodybuilder and adult film actress.
8003:123145479909376::Thread-40 2020-08-09 18:59:42,458 - She first rose to prominence in the World Wrestling Federation (WWF, now WWE) in 1997, where she was billed as the "Ninth Wonder of the World" (André the Giant was already billed as the eighth).
8003:123145479909376::Thread-40 2020-08-09 18:59:43,246 - A founding member of the stable D-Generation X as the promotion's first female enforcer, she held the WWF Intercontinental Championship (the only female performer to do so) twice and the WWF Women's Championship once.
8003:123145479909376::Thread-40 2020-08-09 18:59:44,028 - She was also the first woman to participate in the Royal Rumble match and King of the Ring tournament, as well as to become number one contender to the WWF Championship.
8003:123145479909376::Thread-40 2020-08-09 18:59:44,940 - With singles victories over several prominent male wrestlers – including multiple-time world champions Triple H, Kurt Angle, Chris Jericho, and Jeff Jarrett – Chyna left what WWE called "a lasting legacy as the most dominant female competitor of all time".
8003:123145479909376::Thread-40 2020-08-09 18:59:45,864 - After leaving the WWF in 2001, Chyna wrestled sporadically, with New Japan Pro Wrestling (NJPW) in 2002 and Total Nonstop Action Wrestling (TNA) in 2011.
8003:123145479909376::Thread-40 2020-08-09 18:59:46,521 - The latter was her final appearance in a wrestling ring.
8003:123145479909376::Thread-40 2020-08-09 18:59:47,208 - Outside of wrestling, Chyna appeared in Playboy magazine twice, as well as numerous television shows and films.
8003:123145479909376::Thread-40 2020-08-09 18:59:47,901 - She was considered to be a sex symbol.
8003:123145479909376::Thread-40 2020-08-09 18:59:48,062 - In 2005, she was a cast member on VH1's The Surreal Life, which led to several other celebrity reality appearances on the network, including The Surreal Life: Fame Games in 2007 and Celebrity Rehab with Dr.
8003:123145479909376::Thread-40 2020-08-09 18:59:52,066 - **END**
8003:123145479909376::Thread-40 2020-08-09 19:00:06,068 - **START**
8003:123145479909376::Thread-40 2020-08-09 19:00:06,088 - Starting new HTTPS connection (1): en.wikipedia.org
8003:123145479909376::Thread-40 2020-08-09 19:00:06,917 - William Bradley Pitt (born December 18, 1963) is an American actor and film producer.
8003:123145479909376::Thread-40 2020-08-09 19:00:07,866 - He has received multiple awards, including two Golden Globe Awards and an Academy Award for his acting, in addition to another Academy Award and a Primetime Emmy Award as producer under his production company, Plan B Entertainment.
8003:123145479909376::Thread-40 2020-08-09 19:00:08,048 - Pitt first gained recognition as a cowboy hitchhiker in the road movie Thelma & Louise (1991).
8003:123145479909376::Thread-40 2020-08-09 19:00:08,431 - His first leading roles in big-budget productions came with the drama films A River Runs Through It (1992) and Legends of the Fall (1994), and the horror film Interview with the Vampire (1994).
8003:123145479909376::Thread-40 2020-08-09 19:00:08,538 - He gave critically acclaimed performances in the crime thriller Seven (1995) and the science fiction film 12 Monkeys (1995), the latter earning him a Golden Globe Award for Best Supporting Actor and an Academy Award nomination.
8003:123145479909376::Thread-40 2020-08-09 19:00:09,155 - Pitt starred in Fight Club (1999) and the heist film Ocean's Eleven (2001), as well as its sequels, Ocean's Twelve (2004) and Ocean's Thirteen (2007).
8003:123145479909376::Thread-40 2020-08-09 19:00:10,032 - His greatest commercial successes have been Ocean's Eleven (2001), Troy (2004), Mr. & Mrs. Smith (2005), World War Z (2013), and Once Upon a Time in Hollywood (2019), for which he won a second Golden Globe Award and the Academy Award for Best Supporting Actor.
8003:123145479909376::Thread-40 2020-08-09 19:00:10,691 - Pitt's other Academy Award nominated performances were in The Curious Case of Benjamin Button (2008) and Moneyball (2011).
8003:123145479909376::Thread-40 2020-08-09 19:00:15,697 - **END**
