8003:123145538801664::Thread-54 2020-08-09 18:59:33,241 - **START**
8003:123145538801664::Thread-54 2020-08-09 18:59:34,117 - Starting new HTTPS connection (1): en.wikipedia.org
8003:123145538801664::Thread-54 2020-08-09 18:59:37,545 - Wall Street is an eight-block-long street in the Financial District of New York City.
8003:123145538801664::Thread-54 2020-08-09 18:59:38,154 - It runs crosstown between Broadway on the west to South Street, at the East River, on the east.
8003:123145538801664::Thread-54 2020-08-09 18:59:40,491 - The term has become a metonym for the financial markets of the United States as a whole, the American financial services industry, or New York–based financial interests.New York City has been called both the most economically powerful city and the leading financial center of the world.
8003:123145538801664::Thread-54 2020-08-09 18:59:41,210 - It is home to the world's two largest stock exchanges by total market capitalization, the New York Stock Exchange, located on Wall Street, and NASDAQ.
8003:123145538801664::Thread-54 2020-08-09 18:59:41,348 - Several other major exchanges have or had headquarters in the Wall Street area, including the New York Mercantile Exchange, the New York Board of Trade, and the former American Stock Exchange.
8003:123145538801664::Thread-54 2020-08-09 18:59:42,806 - History


Early years

There are varying accounts about how the Dutch-named "de Waalstraat"(literally: Walloon Street) got its name.
8003:123145538801664::Thread-54 2020-08-09 18:59:44,869 - Two conflicting explanations can be considered.
8003:123145538801664::Thread-54 2020-08-09 18:59:45,065 - The first being that Wall Street was named after Walloons—the Dutch name for a Walloon is Waal.
8003:123145538801664::Thread-54 2020-08-09 18:59:46,193 - Among the first settlers that embarked on the ship "Nieu Nederlandt" in 1624 were 30 Walloon families.
8003:123145538801664::Thread-54 2020-08-09 18:59:46,399 - Peter Minuit, the person who bought Manhattan for the Dutch, was a Walloon.
8003:123145538801664::Thread-54 2020-08-09 18:59:49,261 - The other  is that the name of the street was derived from a wall (actually a wooden palisade) on the northern boundary of the New Amsterdam settlement, built to protect against Native Americans, pirates, and the British.
8003:123145538801664::Thread-54 2020-08-09 18:59:58,266 - **END**
8003:123145538801664::Thread-54 2020-08-09 19:00:12,268 - **START**
8003:123145538801664::Thread-54 2020-08-09 19:00:12,272 - Starting new HTTPS connection (1): en.wikipedia.org
8003:123145538801664::Thread-54 2020-08-09 19:00:13,675 - Foo Fighters is an American rock band, formed in Seattle, Washington, in 1994.
8003:123145538801664::Thread-54 2020-08-09 19:00:15,170 - It was founded by Nirvana drummer Dave Grohl as a one-man project following the dissolution of Nirvana after the suicide of Kurt Cobain.
8003:123145538801664::Thread-54 2020-08-09 19:00:15,449 - The group got its name from "Foo fighter", a nickname coined by Allied aircraft pilots for UFOs and other aerial phenomena they reported seeing.
8003:123145538801664::Thread-54 2020-08-09 19:00:16,750 - Over the course of their career, Foo Fighters have won 12 Grammy Awards, including Best Rock Album four times.
8003:123145538801664::Thread-54 2020-08-09 19:00:17,964 - The band have also won an American Music Award, four Brit Awards, and two MTV Video Music Awards.
8003:123145538801664::Thread-54 2020-08-09 19:00:19,163 - Prior to the release of Foo Fighters' 1995 debut album Foo Fighters, which featured Grohl as the only official member, Grohl recruited bassist Nate Mendel and drummer William Goldsmith, both formerly of Sunny Day Real Estate, as well as Nirvana touring guitarist Pat Smear to complete the lineup.
8003:123145538801664::Thread-54 2020-08-09 19:00:20,350 - The band began with performances in Portland, Oregon.
8003:123145538801664::Thread-54 2020-08-09 19:00:21,208 - Goldsmith quit during the recording of the group's second album, The Colour and the Shape (1997), when most of the drum parts were re-recorded by Grohl himself.
8003:123145538801664::Thread-54 2020-08-09 19:00:22,987 - Smear's departure followed soon afterward, though he would appear as a guest with the band frequently starting in 2006, and would rejoin as an official full-time member in 2011.
8003:123145538801664::Thread-54 2020-08-09 19:00:24,149 - They were replaced by Taylor Hawkins and Franz Stahl, respectively, although Stahl was fired before the recording of the group's third album, There Is Nothing Left to Lose (1999).
8003:123145538801664::Thread-54 2020-08-09 19:00:31,156 - **END**
