8003:123146287575040::Thread-232 2020-08-09 18:59:39,352 - **START**
8003:123146287575040::Thread-232 2020-08-09 18:59:40,897 - Starting new HTTPS connection (1): en.wikipedia.org
8003:123146287575040::Thread-232 2020-08-09 18:59:45,039 - Pablo Emilio Escobar Gaviria (; 1 December 1949 – 2 December 1993) was a Colombian drug lord and narcoterrorist who was the founder and sole leader of the Medellín Cartel.
8003:123146287575040::Thread-232 2020-08-09 18:59:46,073 - Dubbed "The King of Cocaine," Escobar is the wealthiest criminal in history, having amassed an estimated net worth of US$30 billion by the time of his death—equivalent to $59 billion as of 2019—while his drug cartel monopolized the cocaine trade into the United States in the 1980s and 1990s.Born in Rionegro and raised in Medellín, Escobar studied briefly at Universidad Autónoma Latinoamericana of Medellín, but left without graduating; he instead began engaging in criminal activity, selling illegal cigarettes and fake lottery tickets, as well as participating in motor vehicle theft.
8003:123146287575040::Thread-232 2020-08-09 18:59:46,350 - In the early 1970s, he began to work for various drug smugglers, often kidnapping and holding people for ransom.
8003:123146287575040::Thread-232 2020-08-09 18:59:47,928 - In 1976, Escobar founded the Medellín Cartel, which distributed powder cocaine, and established the first smuggling routes into the U.S. Escobar's infiltration into the U.S. created exponential demand for cocaine, and by the 1980s, it was estimated Escobar led monthly shipments of 70 to 80 tons of cocaine into the country from Colombia.
8003:123146287575040::Thread-232 2020-08-09 18:59:49,314 - As a result, he quickly became one of the richest people in the world, but consistently battled rival cartels domestically and abroad, leading to massacres and the murders of police officers, judges, locals, and prominent politicians, making Colombia the murder capital of the world.In the 1982 parliamentary election, Escobar was elected as an alternate member of the Chamber of Representatives as part of the Liberal Alternative movement.
8003:123146287575040::Thread-232 2020-08-09 18:59:49,549 - Through this, he was responsible for community projects, such as the construction of houses and football fields, which gained him popularity among the locals of the towns that he frequented.
8003:123146287575040::Thread-232 2020-08-09 18:59:50,224 - However, Escobar was vilified by the Colombian and U.S. governments, who routinely stifled his political ambitions and pushed for his arrest, with Escobar widely believed to have orchestrated the DAS Building and Avianca Flight 203 bombings in retaliation.
8003:123146287575040::Thread-232 2020-08-09 18:59:51,935 - In 1991, Escobar surrendered to authorities, and was sentenced to five years' imprisonment on a host of charges, but struck a deal of no extradition with Colombian President Cesar Gaviria, with the ability of being housed in his own, self-built prison, La Catedral.
8003:123146287575040::Thread-232 2020-08-09 18:59:52,966 - In 1992, Escobar escaped and went into hiding when authorities attempted to move him to a more standard holding facility, leading to a nation-wide manhunt.
8003:123146287575040::Thread-232 2020-08-09 18:59:54,170 - As a result, the Medellín Cartel crumbled, and in 1993, Escobar was killed in his hometown by Colombian National Police, a day after his 44th birthday.Escobar's legacy remains controversial; while many denounce the heinous nature of his crimes, he was seen as a "Robin Hood-like" figure for many in Colombia, as he provided many amenities to the poor, while his killing was mourned and his funeral attended by over 25,000 people.
8003:123146287575040::Thread-232 2020-08-09 18:59:54,171 - **END**
8003:123146287575040::Thread-232 2020-08-09 19:00:00,178 - **START**
8003:123146287575040::Thread-232 2020-08-09 19:00:00,267 - Starting new HTTPS connection (1): en.wikipedia.org
8003:123146287575040::Thread-232 2020-08-09 19:00:02,276 - Nirvana was an American rock band formed in Aberdeen, Washington, in 1987.
8003:123146287575040::Thread-232 2020-08-09 19:00:02,920 - Founded by lead singer and guitarist Kurt Cobain and bassist Krist Novoselic, the band went through a succession of drummers before recruiting Dave Grohl in 1990.
8003:123146287575040::Thread-232 2020-08-09 19:00:03,499 - Characterized by their punk aesthetic, Nirvana's fusion of pop melodies with noise, combined with their themes of abjection and social alienation, made them hugely popular during their short tenure.
8003:123146287575040::Thread-232 2020-08-09 19:00:03,739 - Their music maintains a popular following and continues to influence modern rock and roll culture.
8003:123146287575040::Thread-232 2020-08-09 19:00:04,282 - In the late 1980s, Nirvana established itself as part of the Seattle grunge scene, releasing its first album, Bleach, for the independent record label Sub Pop in 1989.
8003:123146287575040::Thread-232 2020-08-09 19:00:05,173 - They developed a sound that relied on dynamic contrasts, often between quiet verses and loud, heavy choruses.
8003:123146287575040::Thread-232 2020-08-09 19:00:06,169 - After signing to major label DGC Records in 1991, Nirvana found unexpected mainstream success with "Smells Like Teen Spirit", the first single from their landmark second album Nevermind (1991).
8003:123146287575040::Thread-232 2020-08-09 19:00:06,289 - A cultural phenomenon of the 1990s, the album went on to be certified Diamond by the RIAA.
8003:123146287575040::Thread-232 2020-08-09 19:00:06,530 - Nirvana's sudden success popularized alternative rock and was credited for ending the dominance of hair metal, while they were also often referenced as the figurehead band of Generation X.
8003:123146287575040::Thread-232 2020-08-09 19:00:06,667 - Following extensive tours and the 1992 compilation album Incesticide and EP Hormoaning, Nirvana released their abrasive and less mainstream sounding third studio album, In Utero (1993).
8003:123146287575040::Thread-232 2020-08-09 19:00:07,235 - The album topped both the American and British album charts, and was widely acclaimed.
8003:123146287575040::Thread-232 2020-08-09 19:00:07,821 - Nirvana disbanded following Cobain's death in April 1994.
8003:123146287575040::Thread-232 2020-08-09 19:00:11,822 - **END**
