8003:123145391570944::Thread-19 2020-08-09 18:59:29,256 - **START**
8003:123145391570944::Thread-19 2020-08-09 18:59:29,374 - Starting new HTTPS connection (1): en.wikipedia.org
8003:123145391570944::Thread-19 2020-08-09 18:59:32,521 - London is the capital and largest city of England and the United Kingdom.
8003:123145391570944::Thread-19 2020-08-09 18:59:32,897 - The city stands on the River Thames in the south-east of England, at the head of its 50-mile (80 km) estuary leading to the North Sea, London has been a major settlement for two millennia.
8003:123145391570944::Thread-19 2020-08-09 18:59:33,648 - Londinium was founded by the Romans.
8003:123145391570944::Thread-19 2020-08-09 18:59:34,505 - The City of London, London's ancient core − an area of just 1.12 square miles (2.9 km2) and colloquially known as the Square Mile − retains boundaries that closely follow its medieval limits.
8003:123145391570944::Thread-19 2020-08-09 18:59:35,157 - The City of Westminster is also an Inner London borough holding city status.
8003:123145391570944::Thread-19 2020-08-09 18:59:36,190 - London is governed by the mayor of London and the London Assembly.London is considered to be one of the world's most important global cities and has been called the world's most powerful, most desirable, most influential, most visited, most expensive, sustainable, most investment-friendly, and most-popular-for-work city.
8003:123145391570944::Thread-19 2020-08-09 18:59:37,630 - It exerts a considerable impact upon the arts, commerce, education, entertainment, fashion, finance, healthcare, media, professional services, research and development, tourism and transportation.
8003:123145391570944::Thread-19 2020-08-09 18:59:39,124 - London ranks 26th out of 300 major cities for economic performance.
8003:123145391570944::Thread-19 2020-08-09 18:59:40,939 - It is one of the largest financial centres and has either the fifth or the sixth-largest metropolitan area GDP.
8003:123145391570944::Thread-19 2020-08-09 18:59:42,855 - It is the most-visited city as measured by international arrivals and has the busiest city airport system as measured by passenger traffic.
8003:123145391570944::Thread-19 2020-08-09 18:59:44,269 - It is the leading investment destination,  hosting more international retailers than any other city.
8003:123145391570944::Thread-19 2020-08-09 18:59:44,271 - **END**
8003:123145391570944::Thread-19 2020-08-09 18:59:59,282 - **START**
8003:123145391570944::Thread-19 2020-08-09 18:59:59,319 - Starting new HTTPS connection (1): en.wikipedia.org
8003:123145391570944::Thread-19 2020-08-09 19:00:01,194 - Selena Marie Gomez (born July 22, 1992) is an American singer, songwriter, actress, and television producer.
8003:123145391570944::Thread-19 2020-08-09 19:00:03,150 - Born and raised in Texas, Gomez began her career by appearing on the children's television series Barney & Friends (2002–2004).
8003:123145391570944::Thread-19 2020-08-09 19:00:04,876 - In her teens, she gained wider recognition for her role as Alex Russo on the Emmy Award-winning Disney Channel television series Wizards of Waverly Place (2007–2012).
8003:123145391570944::Thread-19 2020-08-09 19:00:05,553 - Alongside her television career, Gomez has starred in the films Another Cinderella Story (2008), Princess Protection Program (2009), Wizards of Waverly Place: The Movie (2009), Ramona and Beezus (2010), Monte Carlo (2011), Spring Breakers (2012), Getaway (2013), The Fundamentals of Caring (2016), The Dead Don't Die (2019), and A Rainy Day in New York (2019).
8003:123145391570944::Thread-19 2020-08-09 19:00:07,087 - She also voices the character of Mavis in the Hotel Transylvania film franchise (2012–present), and executive produced the Netflix television series 13 Reasons Why (2017–2020) and Living Undocumented (2019).
8003:123145391570944::Thread-19 2020-08-09 19:00:08,098 - Gomez released three albums with her former band, Selena Gomez & the Scene: Kiss & Tell (2009), A Year Without Rain (2010), and When the Sun Goes Down (2011), all of which peaked within the top ten on the US Billboard 200 and attained gold certifications.
8003:123145391570944::Thread-19 2020-08-09 19:00:08,501 - Additionally, Gomez has released three albums as a solo artist: Stars Dance (2013), Revival (2015), and Rare (2020), all of which debuted atop the Billboard 200.
8003:123145391570944::Thread-19 2020-08-09 19:00:08,719 - She has earned eight top-ten singles on the Billboard Hot 100: "Come & Get It", "The Heart Wants What It Wants", "Good for You", "Same Old Love", "Hands to Myself", "We Don't Talk Anymore" with Charlie Puth, "It Ain't Me" with Kygo, and "Lose You to Love Me", the latter being her first number-one single on the chart.
8003:123145391570944::Thread-19 2020-08-09 19:00:08,792 - In 2017, Billboard reported that Gomez has sold over 7 million albums and 22 million singles worldwide.
8003:123145391570944::Thread-19 2020-08-09 19:00:09,807 - Gomez has received various accolades and was honored as the Billboard Woman of the Year in 2017.
8003:123145391570944::Thread-19 2020-08-09 19:00:18,810 - **END**
