8003:123146304401408::Thread-236 2020-08-09 18:59:41,353 - **START**
8003:123146304401408::Thread-236 2020-08-09 18:59:42,064 - Starting new HTTPS connection (1): en.wikipedia.org
8003:123146304401408::Thread-236 2020-08-09 18:59:44,338 - The Temple of Artemis or Artemision (Greek: Ἀρτεμίσιον; Turkish: Artemis Tapınağı), also known less precisely as the Temple of Diana, was a Greek temple dedicated to an ancient, local form of the goddess Artemis (associated with Diana, a Roman goddess).
8003:123146304401408::Thread-236 2020-08-09 18:59:45,234 - It was located in Ephesus (near the modern town of Selçuk in present-day Turkey).
8003:123146304401408::Thread-236 2020-08-09 18:59:45,898 - It was completely rebuilt twice, once after a devastating flood and three hundred years later after an act of arson, and in its final form was one of the Seven Wonders of the Ancient World.
8003:123146304401408::Thread-236 2020-08-09 18:59:46,743 - By 401 AD it had been ruined or destroyed.
8003:123146304401408::Thread-236 2020-08-09 18:59:46,766 - Only foundations and fragments of the last temple remain at the site.
8003:123146304401408::Thread-236 2020-08-09 18:59:47,306 - The earliest version of the temple (a temenos) antedated the Ionic immigration by many years, and dates to the Bronze Age.
8003:123146304401408::Thread-236 2020-08-09 18:59:47,985 - Callimachus, in his Hymn to Artemis, attributed it to the Amazons.
8003:123146304401408::Thread-236 2020-08-09 18:59:48,944 - In the 7th century BC, it was destroyed by a flood.
8003:123146304401408::Thread-236 2020-08-09 18:59:49,483 - Its reconstruction, in more grandiose form, began around 550 BC, under Chersiphron, the Cretan architect, and his son Metagenes.
8003:123146304401408::Thread-236 2020-08-09 18:59:50,240 - The project was funded by Croesus of Lydia, and took 10 years to complete.
8003:123146304401408::Thread-236 2020-08-09 18:59:57,241 - **END**
8003:123146304401408::Thread-236 2020-08-09 19:00:15,244 - **START**
8003:123146304401408::Thread-236 2020-08-09 19:00:15,248 - Starting new HTTPS connection (1): en.wikipedia.org
8003:123146304401408::Thread-236 2020-08-09 19:00:16,453 - Ryan Rodney Reynolds (born October 23, 1976) is a Canadian-American actor, film producer and entrepreneur.
8003:123146304401408::Thread-236 2020-08-09 19:00:17,299 - He began his career starring in the Canadian teen soap opera Hillside (1991–1993) and had minor roles before landing the lead role on the sitcom Two Guys and a Girl between 1998 and 2001.
8003:123146304401408::Thread-236 2020-08-09 19:00:18,181 - Reynolds then starred in a range of films, including comedies such as National Lampoon's Van Wilder (2002), Waiting... (2005), and The Proposal (2009).
8003:123146304401408::Thread-236 2020-08-09 19:00:19,021 - He also performed in dramatic roles in Buried (2010), Woman in Gold (2015), and Life (2017), starred in action films such as Blade: Trinity (2004), Deadpool (2016), and 6 Underground  (2019) and provided voice acting in the animated features The Croods and Turbo (2013) and Pokemon: Detective Pikachu (2019).
8003:123146304401408::Thread-236 2020-08-09 19:00:19,756 - Reynolds' biggest commercial success came with the superhero films Deadpool (2016) and Deadpool 2 (2018), in which he played the title character.
8003:123146304401408::Thread-236 2020-08-09 19:00:20,759 - The former set numerous records at the time of its release for an R-rated comedy and his performance earned him nominations at the Critics' Choice Movie Awards and the Golden Globe Awards.
8003:123146304401408::Thread-236 2020-08-09 19:00:21,763 - Reynolds was awarded a star on the Hollywood Walk of Fame in 2017.
8003:123146304401408::Thread-236 2020-08-09 19:00:22,949 - He was married to actress Scarlett Johansson from 2008 to 2011 and since 2012, has been married to actress Blake Lively, with whom he has three daughters.
8003:123146304401408::Thread-236 2020-08-09 19:00:24,599 - Early life
Ryan Rodney Reynolds was born on October 23, 1976, in Vancouver, British Columbia, the youngest of four sons of food wholesaler James Chester Reynolds and retail saleswoman Tamara Lee (née Stewart).
8003:123146304401408::Thread-236 2020-08-09 19:00:30,602 - **END**
