8003:123145320058880::Thread-2 2020-08-09 18:59:25,204 - **START**
8003:123145320058880::Thread-2 2020-08-09 18:59:25,218 - Starting new HTTPS connection (1): en.wikipedia.org
8003:123145320058880::Thread-2 2020-08-09 18:59:30,481 - Brock Edward Lesnar (; born July 12, 1977) is an American professional wrestler and former mixed martial artist and professional football player.
8003:123145320058880::Thread-2 2020-08-09 18:59:31,135 - He is currently signed to WWE, where he performs on the Raw brand.
8003:123145320058880::Thread-2 2020-08-09 18:59:33,738 - He is overall a nine-time world champion.
8003:123145320058880::Thread-2 2020-08-09 18:59:35,479 - After his successful amateur wrestling career at Bismarck State College and the University of Minnesota, Lesnar signed with WWE (then the World Wrestling Federation) in 2000.
8003:123145320058880::Thread-2 2020-08-09 18:59:36,755 - He was assigned to its developmental promotion Ohio Valley Wrestling (OVW), where he was a three-time OVW Southern Tag Team Champion with Shelton Benjamin.
8003:123145320058880::Thread-2 2020-08-09 18:59:37,433 - After debuting on WWE's main roster in 2002, Lesnar won the WWE Championship five months after his debut at the age of 25, becoming the youngest champion in the title's history.
8003:123145320058880::Thread-2 2020-08-09 18:59:38,065 - Following his match with Goldberg at WrestleMania XX, Lesnar left WWE and pursued a career in the National Football League (NFL).
8003:123145320058880::Thread-2 2020-08-09 18:59:39,389 - He was named a defensive tackle for the Minnesota Vikings, but was cut before the start of the 2004 season.
8003:123145320058880::Thread-2 2020-08-09 18:59:40,281 - In 2005, Lesnar returned to professional wrestling and signed with New Japan Pro-Wrestling (NJPW), where he won the IWGP Heavyweight Championship in his first match.
8003:123145320058880::Thread-2 2020-08-09 18:59:42,272 - After a contractual dispute with NJPW, he also wrestled as IWGP Heavyweight Champion in the Inoki Genome Federation (IGF).
8003:123145320058880::Thread-2 2020-08-09 18:59:51,276 - **END**
8003:123145320058880::Thread-2 2020-08-09 19:00:04,286 - **START**
8003:123145320058880::Thread-2 2020-08-09 19:00:04,337 - Starting new HTTPS connection (1): en.wikipedia.org
8003:123145320058880::Thread-2 2020-08-09 19:00:07,493 - Traci Elizabeth Lords (born Nora Louise Kuzma, May 7, 1968) is an American actress, former pornographic actress, singer, model, and writer.
8003:123145320058880::Thread-2 2020-08-09 19:00:09,332 - During the mid-1980s, she used a fake ID to conceal the fact that she was two years underage when she starred in X-rated films and was one of the most sought-after pornographic actresses in the adult entertainment industry.
8003:123145320058880::Thread-2 2020-08-09 19:00:12,314 - When the FBI acted on an anonymous tip that Lords was a minor during her time in the industry and pornographers were distributing and selling illegal images and videotapes, the resulting fallout led to prosecutions and court cases in addition to bans on all but the last of her adult films.
8003:123145320058880::Thread-2 2020-08-09 19:00:15,264 - After her departure from pornography only two days after turning the legal age of 18, Lords enrolled at the Lee Strasberg Theater Institute, where she studied method acting with the intention of becoming a mainstream actress.
8003:123145320058880::Thread-2 2020-08-09 19:00:16,466 - She made her mainstream screen debut at age 19 in a leading role in the 1988 remake of the 1957 Roger Corman science fiction film Not of This Earth.
8003:123145320058880::Thread-2 2020-08-09 19:00:17,249 - Lords followed with the role of Wanda Woodward in John Waters' teen comedy, Cry-Baby (1990).
8003:123145320058880::Thread-2 2020-08-09 19:00:19,924 - Her other acting credits included the television series MacGyver, Married... with Children, Tales from the Crypt, Roseanne, Melrose Place, Profiler, First Wave, Gilmore Girls and Will & Grace.
8003:123145320058880::Thread-2 2020-08-09 19:00:22,443 - She also appeared in films such as Skinner (1993), Virtuosity (1995), Blade (1998), Zack and Miri Make a Porno (2008) and most recently Excision (2012), which earned her a Fangoria Chainsaw Award for Best Supporting Actress as well as a Fright Meter Award and a CinEuphoria Award.
8003:123145320058880::Thread-2 2020-08-09 19:00:24,074 - Lords also pursued music in addition to her film career.
8003:123145320058880::Thread-2 2020-08-09 19:00:27,075 - **END**
