8003:123145610313728::Thread-71 2020-08-09 18:59:35,255 - **START**
8003:123145610313728::Thread-71 2020-08-09 18:59:36,598 - Starting new HTTPS connection (1): en.wikipedia.org
8003:123145610313728::Thread-71 2020-08-09 18:59:40,718 - Pythagoras of Samos (c. 570 – c. 495 BC) was an ancient Ionian Greek philosopher and the eponymous founder of Pythagoreanism.
8003:123145610313728::Thread-71 2020-08-09 18:59:41,484 - His political and religious teachings were well known in Magna Graecia and influenced the philosophies of Plato, Aristotle, and, through them, Western philosophy.
8003:123145610313728::Thread-71 2020-08-09 18:59:43,098 - Knowledge of his life is clouded by legend, but he appears to have been the son of Mnesarchus, a gem-engraver on the island of Samos.
8003:123145610313728::Thread-71 2020-08-09 18:59:44,015 - Modern scholars disagree regarding Pythagoras's education and influences, but they do agree that, around 530 BC, he travelled to Croton in southern Italy, where he founded a school in which initiates were sworn to secrecy and lived a communal, ascetic lifestyle.
8003:123145610313728::Thread-71 2020-08-09 18:59:44,018 - This lifestyle entailed a number of dietary prohibitions, traditionally said to have included vegetarianism, although modern scholars doubt that he ever advocated for complete vegetarianism.
8003:123145610313728::Thread-71 2020-08-09 18:59:45,464 - The teaching most securely identified with Pythagoras is metempsychosis, or the "transmigration of souls", which holds that every soul is immortal and, upon death, enters into a new body.
8003:123145610313728::Thread-71 2020-08-09 18:59:46,568 - He may have also devised the doctrine of musica universalis, which holds that the planets move according to mathematical equations and thus resonate to produce an inaudible symphony of music.
8003:123145610313728::Thread-71 2020-08-09 18:59:47,836 - Scholars debate whether Pythagoras developed the numerological and musical teachings attributed to him, or if those teachings were developed by his later followers, particularly Philolaus of Croton.
8003:123145610313728::Thread-71 2020-08-09 18:59:49,011 - Following Croton's decisive victory over Sybaris in around 510 BC, Pythagoras's followers came into conflict with supporters of democracy and Pythagorean meeting houses were burned.
8003:123145610313728::Thread-71 2020-08-09 18:59:49,589 - Pythagoras may have been killed during this persecution, or escaped to Metapontum, where he eventually died.
8003:123145610313728::Thread-71 2020-08-09 18:59:50,620 - **END**
8003:123145610313728::Thread-71 2020-08-09 18:59:53,632 - **START**
8003:123145610313728::Thread-71 2020-08-09 18:59:53,637 - Starting new HTTPS connection (1): en.wikipedia.org
8003:123145610313728::Thread-71 2020-08-09 18:59:57,077 - David is a masterpiece of Renaissance sculpture created in marble between 1501 and 1504 by the Italian artist Michelangelo.
8003:123145610313728::Thread-71 2020-08-09 18:59:57,171 - David is a 5.17-metre (17.0 ft) marble statue of the Biblical figure David, a favoured subject in the art of Florence.David was originally commissioned as one of a series of statues of prophets to be positioned along the roofline of the east end of Florence Cathedral, but was instead placed in a public square, outside the Palazzo Vecchio, the seat of civic government in Florence, in the Piazza della Signoria, where it was unveiled on 8 September 1504.
8003:123145610313728::Thread-71 2020-08-09 18:59:59,183 - The statue was moved to the Galleria dell'Accademia, Florence, in 1873, and later replaced at the original location by a replica.
8003:123145610313728::Thread-71 2020-08-09 19:00:01,888 - Because of the nature of the figure it represented, the statue soon came to symbolize the defence of civil liberties embodied in the Republic of Florence, an independent city-state threatened on all sides by more powerful rival states and by the hegemony of the Medici family.
8003:123145610313728::Thread-71 2020-08-09 19:00:03,365 - The eyes of David, with a warning glare, were fixated towards Rome.
8003:123145610313728::Thread-71 2020-08-09 19:00:04,973 - History


Commission
The history of the statue begins before Michelangelo's work on it from 1501 to 1504.
8003:123145610313728::Thread-71 2020-08-09 19:00:05,882 - Prior to Michelangelo's involvement, the Overseers of the Office of Works of Florence Cathedral, consisting mostly of members of the influential woolen cloth guild, the Arte della Lana, had plans to commission a series of twelve large Old Testament sculptures for the buttresses of the cathedral.
8003:123145610313728::Thread-71 2020-08-09 19:00:08,865 - In 1410, Donatello made the first of the statues, a figure of Joshua in terracotta.
8003:123145610313728::Thread-71 2020-08-09 19:00:11,763 - A figure of Hercules, also in terracotta, was commissioned from the Florentine sculptor Agostino di Duccio in 1463 and was made perhaps under Donatello's direction.
8003:123145610313728::Thread-71 2020-08-09 19:00:12,820 - Eager to continue their project, in 1464, the Operai contracted Agostino to create a sculpture of David.
8003:123145610313728::Thread-71 2020-08-09 19:00:12,822 - **END**
