8003:123145618726912::Thread-73 2020-08-09 18:59:29,262 - **START**
8003:123145618726912::Thread-73 2020-08-09 18:59:29,368 - Starting new HTTPS connection (1): en.wikipedia.org
8003:123145618726912::Thread-73 2020-08-09 18:59:31,500 - Queen are a British rock band formed in London in 1970.
8003:123145618726912::Thread-73 2020-08-09 18:59:32,074 - Their classic line-up was Freddie Mercury (lead vocals, piano), Brian May (guitar, vocals), Roger Taylor (drums, vocals) and John Deacon (bass).
8003:123145618726912::Thread-73 2020-08-09 18:59:32,649 - Their earliest works were influenced by progressive rock, hard rock and heavy metal, but the band gradually ventured into more conventional and radio-friendly works by incorporating further styles, such as arena rock and pop rock.
8003:123145618726912::Thread-73 2020-08-09 18:59:33,401 - Before forming Queen, May and Taylor had played together in the band Smile.
8003:123145618726912::Thread-73 2020-08-09 18:59:33,914 - Mercury was a fan of Smile and encouraged them to experiment with more elaborate stage and recording techniques.
8003:123145618726912::Thread-73 2020-08-09 18:59:34,908 - He joined in 1970 and suggested the name "Queen".
8003:123145618726912::Thread-73 2020-08-09 18:59:35,243 - Deacon was recruited in March 1971, before the band released their eponymous debut album in 1973.
8003:123145618726912::Thread-73 2020-08-09 18:59:35,643 - Queen first charted in the UK with their second album, Queen II, in 1974.
8003:123145618726912::Thread-73 2020-08-09 18:59:36,321 - Sheer Heart Attack later that year and A Night at the Opera in 1975 brought them international success.
8003:123145618726912::Thread-73 2020-08-09 18:59:36,490 - The latter featured "Bohemian Rhapsody", which stayed at number one in the UK for nine weeks and helped popularise the music video format.
8003:123145618726912::Thread-73 2020-08-09 18:59:42,491 - **END**
8003:123145618726912::Thread-73 2020-08-09 18:59:46,494 - **START**
8003:123145618726912::Thread-73 2020-08-09 18:59:46,501 - Starting new HTTPS connection (1): en.wikipedia.org
8003:123145618726912::Thread-73 2020-08-09 18:59:49,996 - West Ham United Football Club is an English professional football club based in Stratford, East London.
8003:123145618726912::Thread-73 2020-08-09 18:59:51,531 - They compete in the Premier League, the top tier of English football.
8003:123145618726912::Thread-73 2020-08-09 18:59:52,176 - The club play at the London Stadium, having moved from their former home the Boleyn Ground in 2016.
8003:123145618726912::Thread-73 2020-08-09 18:59:52,667 - The club was founded in 1895 as Thames Ironworks and reformed in 1900 as West Ham United.
8003:123145618726912::Thread-73 2020-08-09 18:59:53,999 - They moved to the Boleyn Ground in 1904, which remained their home ground for more than a century.
8003:123145618726912::Thread-73 2020-08-09 18:59:54,677 - The team initially competed in the Southern League and Western League before joining the Football League in 1919.
8003:123145618726912::Thread-73 2020-08-09 18:59:55,409 - They were promoted to the top flight in 1923, when they were also losing finalists in the first FA Cup Final held at Wembley.
8003:123145618726912::Thread-73 2020-08-09 18:59:56,184 - In 1940, the club won the inaugural Football League War Cup.
8003:123145618726912::Thread-73 2020-08-09 18:59:58,110 - West Ham have been winners of the FA Cup three times; in 1964, 1975 and 1980, and have also been runners-up twice; in 1923 and 2006.
8003:123145618726912::Thread-73 2020-08-09 18:59:58,443 - The club have reached two major European finals, winning the European Cup Winners' Cup in 1965 and finishing runners-up in the same competition in 1976.
8003:123145618726912::Thread-73 2020-08-09 19:00:03,448 - **END**
