8003:123145892155392::Thread-138 2020-08-09 18:59:30,270 - **START**
8003:123145892155392::Thread-138 2020-08-09 18:59:31,116 - Starting new HTTPS connection (1): en.wikipedia.org
8003:123145892155392::Thread-138 2020-08-09 18:59:34,623 - Titanic is a 1997 American epic romance and disaster film directed, written, co-produced, and co-edited by James Cameron.
8003:123145892155392::Thread-138 2020-08-09 18:59:35,208 - Incorporating both historical and fictionalized aspects, it is based on accounts of the sinking of the RMS Titanic, and stars Leonardo DiCaprio and Kate Winslet as members of different social classes who fall in love aboard the ship during its ill-fated maiden voyage.
8003:123145892155392::Thread-138 2020-08-09 18:59:36,163 - Cameron's inspiration for the film came from his fascination with shipwrecks; he felt a love story interspersed with the human loss would be essential to convey the emotional impact of the disaster.
8003:123145892155392::Thread-138 2020-08-09 18:59:37,387 - Production began in 1995, when Cameron shot footage of the actual Titanic wreck.
8003:123145892155392::Thread-138 2020-08-09 18:59:38,015 - The modern scenes on the research vessel were shot on board the Akademik Mstislav Keldysh, which Cameron had used as a base when filming the wreck.
8003:123145892155392::Thread-138 2020-08-09 18:59:38,151 - Scale models, computer-generated imagery, and a reconstruction of the Titanic built at Baja Studios were used to re-create the sinking.
8003:123145892155392::Thread-138 2020-08-09 18:59:38,508 - The film was co-financed by Paramount Pictures and 20th Century Fox; the former handled distribution in North America while the latter released the film internationally.
8003:123145892155392::Thread-138 2020-08-09 18:59:39,065 - It was the most expensive film ever made at the time, with a production budget of $200 million.
8003:123145892155392::Thread-138 2020-08-09 18:59:40,975 - Upon its release on December 19, 1997, Titanic achieved significant critical and commercial success.
8003:123145892155392::Thread-138 2020-08-09 18:59:41,665 - Nominated for 14 Academy Awards, it tied All About Eve (1950) for the most Oscar nominations, and won 11, including the awards for Best Picture and Best Director, tying Ben-Hur (1959) for the most Oscars won by a single film.
8003:123145892155392::Thread-138 2020-08-09 18:59:47,668 - **END**
8003:123145892155392::Thread-138 2020-08-09 19:00:05,671 - **START**
8003:123145892155392::Thread-138 2020-08-09 19:00:05,678 - Starting new HTTPS connection (1): en.wikipedia.org
8003:123145892155392::Thread-138 2020-08-09 19:00:07,548 - Monaco ( (listen); French pronunciation: ​[mɔnako]), officially the Principality of Monaco (French: Principauté de Monaco), is a sovereign city-state, country, and microstate on the French Riviera in Western Europe.
8003:123145892155392::Thread-138 2020-08-09 19:00:07,633 - It is bordered by France to the north, east and west, and by the Mediterranean Sea to the south.
8003:123145892155392::Thread-138 2020-08-09 19:00:09,319 - The principality is home to 38,682 residents and is widely recognised for being one of the most expensive and wealthiest places in the world.
8003:123145892155392::Thread-138 2020-08-09 19:00:09,729 - The official language is French, although Monégasque, English and Italian are spoken and understood by a sizeable group.With an area of 2.1 km2 (0.81 sq mi), it is one of the smallest sovereign states in Europe and the second-smallest in the world, after the Vatican City.
8003:123145892155392::Thread-138 2020-08-09 19:00:10,448 - Its 19,009 inhabitants per square kilometre (49,230/sq mi), make it the most densely-populated sovereign state in the world.
8003:123145892155392::Thread-138 2020-08-09 19:00:11,553 - Monaco has a land border of 5.47 km (3.40 mi), the world's shortest coastline of approximately 3.83 km (2.38 mi), and a width that varies between 1,700 and 349 m (5,577 and 1,145 ft).
8003:123145892155392::Thread-138 2020-08-09 19:00:12,753 - The highest point in the country is a narrow pathway named Chemin des Révoires on the slopes of Mont Agel, in the Les Révoires Ward, which is 161 metres (528 feet) above sea level.
8003:123145892155392::Thread-138 2020-08-09 19:00:13,856 - The principality is about 15 km (9.3 mi) from the state border with Italy.
8003:123145892155392::Thread-138 2020-08-09 19:00:14,327 - Its most populous Quartier is Monte Carlo and the most populous Ward is Larvotto/Bas Moulins.
8003:123145892155392::Thread-138 2020-08-09 19:00:14,369 - Through land reclamation, Monaco's land mass has expanded by 20 percent.
8003:123145892155392::Thread-138 2020-08-09 19:00:17,374 - **END**
