8003:123145984700416::Thread-160 2020-08-09 18:59:32,280 - **START**
8003:123145984700416::Thread-160 2020-08-09 18:59:33,346 - Starting new HTTPS connection (1): en.wikipedia.org
8003:123145984700416::Thread-160 2020-08-09 18:59:36,485 - The Petronas Towers, also known as the Petronas Twin Towers (Malay: Menara Petronas, or Menara Berkembar Petronas), are twin skyscrapers in Kuala Lumpur, Malaysia.
8003:123145984700416::Thread-160 2020-08-09 18:59:37,466 - According to the Council on Tall Buildings and Urban Habitat (CTBUH)'s official definition and ranking, they were the tallest buildings in the world from 1998 to 2004, until they were surpassed by Taipei 101.
8003:123145984700416::Thread-160 2020-08-09 18:59:38,340 - The Petronas Towers remain the tallest twin towers in the world.
8003:123145984700416::Thread-160 2020-08-09 18:59:38,936 - The buildings are a landmark of Kuala Lumpur, along with nearby Kuala Lumpur Tower; they remain the tallest buildings in Kuala Lumpur.
8003:123145984700416::Thread-160 2020-08-09 18:59:39,568 - History and architecture
The Petronas Towers' structural system is a tube in tube design, invented by Fazlur Rahman Khan.
8003:123145984700416::Thread-160 2020-08-09 18:59:39,857 - Applying a tube-structure for extreme tall buildings is a common phenomenon.The 88-floor towers are constructed largely of reinforced concrete, with a steel and glass facade designed to resemble motifs found in Islamic art, a reflection of Malaysia's Muslim religion.
8003:123145984700416::Thread-160 2020-08-09 18:59:40,842 - Another Islamic influence on the design is that the cross section of the towers is based on a Rub el Hizb, albeit with circular sectors added to meet office space requirements.
8003:123145984700416::Thread-160 2020-08-09 18:59:41,251 - The circular sectors is similar to the bottom part of the Qutub Minar.
8003:123145984700416::Thread-160 2020-08-09 18:59:41,793 - The towers were designed by Argentine architect César Pelli.
8003:123145984700416::Thread-160 2020-08-09 18:59:42,375 - A distinctive postmodern style was chosen to create a 21st-century icon for Kuala Lumpur, Malaysia.
8003:123145984700416::Thread-160 2020-08-09 18:59:45,376 - **END**
8003:123145984700416::Thread-160 2020-08-09 18:59:53,382 - **START**
8003:123145984700416::Thread-160 2020-08-09 18:59:53,387 - Starting new HTTPS connection (1): en.wikipedia.org
8003:123145984700416::Thread-160 2020-08-09 18:59:54,772 - Stephanie Clifford (born March 17, 1979), known as Stormy Daniels, is an American pornographic actress, stripper, writer and director.
8003:123145984700416::Thread-160 2020-08-09 18:59:55,956 - She has won numerous industry awards, and is a member of the NightMoves, AVN and XRCO Halls of Fame.
8003:123145984700416::Thread-160 2020-08-09 18:59:56,248 - In 2009, a recruitment effort led her to consider challenging incumbent David Vitter for the 2010 Senate election in her native Louisiana.In 2018, Daniels became involved in a legal dispute with U.S. president Donald Trump and his attorney Michael Cohen.
8003:123145984700416::Thread-160 2020-08-09 18:59:58,135 - Trump and his surrogates paid $130,000 hush money to silence Daniels about an affair she says she had with Trump in 2006.
8003:123145984700416::Thread-160 2020-08-09 18:59:59,299 - Trump's spokespeople have denied the affair and accused Daniels of lying.
8003:123145984700416::Thread-160 2020-08-09 19:00:00,626 - Early life
Stephanie Gregory was born on March 17, 1979, to Sheila and Bill Gregory, who divorced about three or four years later.
8003:123145984700416::Thread-160 2020-08-09 19:00:02,498 - She was subsequently raised by her mother.She graduated from Scotlandville Magnet High School in Baton Rouge in 1997 and considered becoming a journalist.Daniels said she "came from an average, lower-income household… there [were] days without electricity", and she has described herself as coming from a "really bad neighborhood."
8003:123145984700416::Thread-160 2020-08-09 19:00:03,618 - During high school, Daniels had a job answering phones at a riding stable.
8003:123145984700416::Thread-160 2020-08-09 19:00:04,913 - Career

Daniels's first experience as a stripper occurred when she was 17 and visiting a friend at a strip club; she was convinced to perform a "guest set".
8003:123145984700416::Thread-160 2020-08-09 19:00:05,565 - She began stripping for money at the Gold Club in Baton Rouge and became a featured entertainer with Continental Theatrical Agency in September 2000.
8003:123145984700416::Thread-160 2020-08-09 19:00:06,113 - She chose her stage name Stormy Daniels to reflect her love of American rock band Mötley Crüe, whose bassist, Nikki Sixx, named his daughter Storm.
8003:123145984700416::Thread-160 2020-08-09 19:00:08,118 - **END**
