8003:123145673412608::Thread-86 2020-08-09 18:59:25,258 - **START**
8003:123145673412608::Thread-86 2020-08-09 18:59:25,263 - Starting new HTTPS connection (1): en.wikipedia.org
8003:123145673412608::Thread-86 2020-08-09 18:59:31,215 - Spain (Spanish: España, [esˈpaɲa] (listen)), officially the Kingdom of Spain (Spanish: Reino de España), is a country in Southwestern Europe with some pockets of territory across the Strait of Gibraltar and the Atlantic Ocean.
8003:123145673412608::Thread-86 2020-08-09 18:59:32,401 - Its continental European territory is situated on the Iberian Peninsula.
8003:123145673412608::Thread-86 2020-08-09 18:59:34,601 - Its territory also includes two archipelagos: the Canary Islands off the coast of North Africa, and the Balearic Islands in the Mediterranean Sea.
8003:123145673412608::Thread-86 2020-08-09 18:59:36,114 - The African enclaves of Ceuta, Melilla, and Peñón de Vélez de la Gomera, makes Spain the only European country to have a physical border with an African country (Morocco).
8003:123145673412608::Thread-86 2020-08-09 18:59:37,856 - Several small islands in the Alboran Sea are also part of Spanish territory.
8003:123145673412608::Thread-86 2020-08-09 18:59:38,998 - The country's mainland is bordered to the south and east by the Mediterranean Sea except for a small land boundary with Gibraltar; to the north and northeast by France, Andorra, and the Bay of Biscay; and to the west and northwest by Portugal and the Atlantic Ocean respectively.
8003:123145673412608::Thread-86 2020-08-09 18:59:40,406 - With an area of 505,990 km2 (195,360 sq mi), Spain is the largest country in Southern Europe, the second-largest country in Western Europe and the European Union, and the fourth-largest country by area on the European continent.
8003:123145673412608::Thread-86 2020-08-09 18:59:43,129 - With a population exceeding 47.3 million, Spain is the sixth-most populous country in Europe, and the fourth-most populous country in the European Union.
8003:123145673412608::Thread-86 2020-08-09 18:59:43,759 - Spain's capital and largest city is Madrid; other major urban areas include Barcelona, Valencia, Seville, Zaragoza, Málaga, and Bilbao.
8003:123145673412608::Thread-86 2020-08-09 18:59:45,884 - Modern humans first arrived in the Iberian Peninsula around 35,000 years ago.
8003:123145673412608::Thread-86 2020-08-09 18:59:46,890 - **END**
8003:123145673412608::Thread-86 2020-08-09 18:59:54,896 - **START**
8003:123145673412608::Thread-86 2020-08-09 18:59:54,904 - Starting new HTTPS connection (1): en.wikipedia.org
8003:123145673412608::Thread-86 2020-08-09 18:59:55,854 - Robyn Rihanna Fenty ( ree-AN-ə; born February 20, 1988) is a Barbadian singer, songwriter, actress, businesswoman, and philanthropist.
8003:123145673412608::Thread-86 2020-08-09 18:59:56,286 - Born in Saint Michael and raised in Bridgetown, Barbados, Rihanna moved to the United States in 2005 when she signed with Def Jam.
8003:123145673412608::Thread-86 2020-08-09 18:59:57,115 - She gained recognition following the release of her first two studio albums, Music of the Sun (2005) and A Girl like Me (2006), both of which were influenced by Caribbean music and peaked within the top ten of the US Billboard 200 chart.
8003:123145673412608::Thread-86 2020-08-09 18:59:57,336 - Rihanna's third album, Good Girl Gone Bad (2007), incorporated elements of dance-pop, catapulted her to stardom, and established her status as a sex symbol in the music industry.
8003:123145673412608::Thread-86 2020-08-09 18:59:58,206 - Its international chart-topping single "Umbrella" earned Rihanna her first Grammy Award for Best Rap/Sung Collaboration.
8003:123145673412608::Thread-86 2020-08-09 18:59:59,053 - Rihanna continued to mix pop, dance, and R&B genres on her next four albums, Rated R (2009), Loud (2010), Talk That Talk (2011), and the Grammy Award-winning Unapologetic (2012).
8003:123145673412608::Thread-86 2020-08-09 18:59:59,335 - All four releases combined various other musical styles and consolidated Rihanna's commercial success, with Unapologetic being her first number-one album in the US.
8003:123145673412608::Thread-86 2020-08-09 18:59:59,409 - The records spawned a string of chart-topping singles, including "Rude Boy", "Only Girl (In the World)", "What's My Name?
8003:123145673412608::Thread-86 2020-08-09 18:59:59,890 - ", "S&M", "We Found Love", "Diamonds", and "Stay".
8003:123145673412608::Thread-86 2020-08-09 19:00:00,625 - Her eighth album, Anti (2016), showcased a new creative control following her departure from Def Jam.
8003:123145673412608::Thread-86 2020-08-09 19:00:00,757 - It became her second US number-one album and featured the chart-topping single "Work".
8003:123145673412608::Thread-86 2020-08-09 19:00:01,691 - Rihanna has released collaborative hit singles with artists such as Drake, Eminem, and Calvin Harris.
8003:123145673412608::Thread-86 2020-08-09 19:00:07,698 - **END**
