8003:123145959460864::Thread-154 2020-08-09 18:59:27,275 - **START**
8003:123145959460864::Thread-154 2020-08-09 18:59:27,606 - Starting new HTTPS connection (1): en.wikipedia.org
8003:123145959460864::Thread-154 2020-08-09 18:59:29,589 - Barack Hussein Obama II ( (listen); born August 4, 1961) is an American politician and attorney who served as the 44th president of the United States from 2009 to 2017.
8003:123145959460864::Thread-154 2020-08-09 18:59:30,508 - A member of the Democratic Party, Barack Obama was the first African American president of the United States.
8003:123145959460864::Thread-154 2020-08-09 18:59:31,140 - He previously served as a U.S. senator from Illinois from 2005 to 2008 and an Illinois state senator from 1997 to 2004.
8003:123145959460864::Thread-154 2020-08-09 18:59:32,772 - Obama was born in Honolulu, Hawaii, making him the first president not born in the contiguous United States.
8003:123145959460864::Thread-154 2020-08-09 18:59:35,164 - After graduating from Columbia University in 1983, he worked as a community organizer in Chicago.
8003:123145959460864::Thread-154 2020-08-09 18:59:37,337 - In 1988, he enrolled in Harvard Law School, where he was the first black person to be president of the Harvard Law Review.
8003:123145959460864::Thread-154 2020-08-09 18:59:40,048 - After graduating, he became a civil rights attorney and an academic, teaching constitutional law at the University of Chicago Law School from 1992 to 2004.
8003:123145959460864::Thread-154 2020-08-09 18:59:40,665 - Turning to elective politics, he represented the 13th district from 1997 until 2004 in the Illinois Senate, when he ran for the U.S. Senate.
8003:123145959460864::Thread-154 2020-08-09 18:59:43,256 - Obama received national attention in 2004 with his March Senate primary win, his well-received July Democratic National Convention keynote address, and his landslide November election to the Senate.
8003:123145959460864::Thread-154 2020-08-09 18:59:45,682 - In 2008, he was nominated for president a year after his presidential campaign began, and after close primary campaigns against Hillary Clinton, Obama was elected over Republican John McCain and was inaugurated alongside Joe Biden on January 20, 2009.
8003:123145959460864::Thread-154 2020-08-09 18:59:53,684 - **END**
8003:123145959460864::Thread-154 2020-08-09 19:00:05,686 - **START**
8003:123145959460864::Thread-154 2020-08-09 19:00:05,691 - Starting new HTTPS connection (1): en.wikipedia.org
8003:123145959460864::Thread-154 2020-08-09 19:00:07,093 - Lost is an American drama television series that originally aired on ABC from September 22, 2004, to May 23, 2010, over six seasons, comprising a total of 121 episodes.
8003:123145959460864::Thread-154 2020-08-09 19:00:07,811 - The show contains elements of supernatural and science fiction, and follows the survivors of a commercial jet airliner flying between Sydney and Los Angeles, after the plane crashes on a mysterious island somewhere in the South Pacific Ocean.
8003:123145959460864::Thread-154 2020-08-09 19:00:08,756 - The story is told in a heavily serialized manner.
8003:123145959460864::Thread-154 2020-08-09 19:00:09,042 - Episodes typically feature a primary storyline set on the island, augmented by flashback or flashforward sequences which provide additional insight into the involved characters.
8003:123145959460864::Thread-154 2020-08-09 19:00:09,532 - Lost was created by Jeffrey Lieber, J. J. Abrams and Damon Lindelof, who share story writing credits for the pilot episode, which Abrams directed.
8003:123145959460864::Thread-154 2020-08-09 19:00:09,873 - Throughout the show's run, Lindelof and Carlton Cuse served as showrunners and head writers, working together with many other executive producers and writers.
8003:123145959460864::Thread-154 2020-08-09 19:00:10,108 - Due to its large ensemble cast and the cost of filming primarily on location in Oahu, Hawaii, the series was one of the most expensive on television, with the pilot alone costing over $14 million.
8003:123145959460864::Thread-154 2020-08-09 19:00:10,803 - The fictional universe and mythology of Lost are expanded upon by a number of related media, most importantly, a series of short mini-episodes called Missing Pieces, and a 12-minute epilogue titled "The New Man in Charge".
8003:123145959460864::Thread-154 2020-08-09 19:00:10,891 - Lost has regularly been ranked by critics as one of the greatest television series of all time.
8003:123145959460864::Thread-154 2020-08-09 19:00:11,468 - The first season had an estimated average of 16 million viewers per episode on ABC.
8003:123145959460864::Thread-154 2020-08-09 19:00:11,735 - During its sixth and final season, the show averaged over 11 million U.S. viewers per episode.
8003:123145959460864::Thread-154 2020-08-09 19:00:15,736 - **END**
