8003:123146359087104::Thread-249 2020-08-09 18:59:30,470 - **START**
8003:123146359087104::Thread-249 2020-08-09 18:59:31,148 - Starting new HTTPS connection (1): en.wikipedia.org
8003:123146359087104::Thread-249 2020-08-09 18:59:33,269 - Wardell Stephen "Steph" Curry II ( STEF-ən; born March 14, 1988) is an American professional basketball player for the Golden State Warriors of the National Basketball Association (NBA).
8003:123146359087104::Thread-249 2020-08-09 18:59:34,316 - A six-time NBA All-Star, Curry has been named the NBA Most Valuable Player (MVP) twice and won three NBA championships with the Warriors.
8003:123146359087104::Thread-249 2020-08-09 18:59:34,957 - Many players and analysts have called him the greatest shooter in NBA history.
8003:123146359087104::Thread-249 2020-08-09 18:59:35,748 - He is credited with revolutionizing the game of basketball by inspiring teams to regularly utilize the three-point shot.The son of former NBA player Dell Curry and older brother of current NBA player Seth, Curry played college basketball for the Davidson Wildcats.
8003:123146359087104::Thread-249 2020-08-09 18:59:36,225 - There, he was twice named Southern Conference Player of the Year and set the all-time scoring record for both Davidson and the Southern Conference.
8003:123146359087104::Thread-249 2020-08-09 18:59:37,115 - During his sophomore year, Curry also set the single-season NCAA record for three-pointers made, and was then selected by the Warriors with the seventh overall pick in the 2009 NBA Draft.
8003:123146359087104::Thread-249 2020-08-09 18:59:37,665 - In 2014–15, Curry won his first MVP award and led the Warriors to their first championship since 1975.
8003:123146359087104::Thread-249 2020-08-09 18:59:38,464 - The following season, he became the first player in NBA history to be elected MVP by a unanimous vote and to lead the league in scoring while shooting above 50–40–90.
8003:123146359087104::Thread-249 2020-08-09 18:59:38,599 - That same year, the Warriors broke the record for the most wins in an NBA season en route to reaching the 2016 NBA Finals, which they lost to the Cleveland Cavaliers.
8003:123146359087104::Thread-249 2020-08-09 18:59:39,309 - Curry helped the Warriors return to the NBA Finals in 2017, 2018 and 2019, winning back-to-back titles in 2017 and 2018, before being defeated by the Toronto Raptors in 2019.
8003:123146359087104::Thread-249 2020-08-09 18:59:40,329 - **END**
8003:123146359087104::Thread-249 2020-08-09 18:59:47,337 - **START**
8003:123146359087104::Thread-249 2020-08-09 18:59:47,341 - Starting new HTTPS connection (1): en.wikipedia.org
8003:123146359087104::Thread-249 2020-08-09 18:59:48,181 - Iceland (Icelandic: Ísland; [ˈistlant] (listen)) is a Nordic island country in the North Atlantic, with a population of 364,134 and an area of 103,000 km2 (40,000 sq mi), making it the most sparsely populated country in Europe.
8003:123146359087104::Thread-249 2020-08-09 18:59:48,716 - The capital and largest city is Reykjavík.
8003:123146359087104::Thread-249 2020-08-09 18:59:48,891 - Reykjavík and the surrounding areas in the southwest of the country are home to over two-thirds of the population.
8003:123146359087104::Thread-249 2020-08-09 18:59:49,855 - Iceland is volcanically and geologically active.
8003:123146359087104::Thread-249 2020-08-09 18:59:50,744 - The interior consists of a plateau characterised by sand and lava fields, mountains, and glaciers, and many glacial rivers flow to the sea through the lowlands.
8003:123146359087104::Thread-249 2020-08-09 18:59:51,193 - Iceland is warmed by the Gulf Stream and has a temperate climate, despite a high latitude just outside the Arctic Circle.
8003:123146359087104::Thread-249 2020-08-09 18:59:51,865 - Its high latitude and marine influence keep summers chilly, with most of the archipelago having a polar climate.
8003:123146359087104::Thread-249 2020-08-09 18:59:52,790 - According to the ancient manuscript Landnámabók, the settlement of Iceland began in 874 AD when the Norwegian chieftain Ingólfr Arnarson became the first permanent settler on the island.
8003:123146359087104::Thread-249 2020-08-09 18:59:52,885 - In the following centuries, Norwegians, and to a lesser extent other Scandinavians, emigrated to Iceland, bringing with them thralls (i.e., slaves or serfs) of Gaelic origin.
8003:123146359087104::Thread-249 2020-08-09 18:59:53,483 - The island was governed as an independent commonwealth under the Althing, one of the world's oldest functioning legislative assemblies.
8003:123146359087104::Thread-249 2020-08-09 18:59:57,494 - **END**
8003:123146359087104::Thread-249 2020-08-09 18:59:59,499 - **START**
8003:123146359087104::Thread-249 2020-08-09 18:59:59,522 - Starting new HTTPS connection (1): en.wikipedia.org
8003:123146359087104::Thread-249 2020-08-09 19:00:00,606 - Ballspielverein Borussia 09 e.V.
8003:123146359087104::Thread-249 2020-08-09 19:00:00,812 - Dortmund, commonly known as Borussia Dortmund [boˈʁʊsi̯aː ˈdɔɐ̯tmʊnt], BVB, or simply Dortmund, is a German professional sports club based in Dortmund, North Rhine-Westphalia.
8003:123146359087104::Thread-249 2020-08-09 19:00:01,132 - It is best known for its men's professional football team, which plays in the Bundesliga, the top tier of the German football league system.
8003:123146359087104::Thread-249 2020-08-09 19:00:01,877 - The club have won eight league championships, four DFB-Pokals, one UEFA Champions League, one Intercontinental Cup, and one UEFA Cup Winners' Cup.
8003:123146359087104::Thread-249 2020-08-09 19:00:02,171 - Founded in 1909 by eighteen football players from Dortmund, the football team is part of a large membership-based sports club with more than 145,000 members, making Borussia Dortmund the second largest sports club by membership in Germany.
8003:123146359087104::Thread-249 2020-08-09 19:00:02,205 - The club has active departments in other sports, namely in women's handball.
8003:123146359087104::Thread-249 2020-08-09 19:00:03,134 - Since 1974, Dortmund have played their home games at Westfalenstadion; the stadium is the largest in Germany, and Dortmund has the highest average attendance of any association football club in the world.Borussia Dortmund's colours are black and yellow, giving the club its nickname die Schwarzgelben.
8003:123146359087104::Thread-249 2020-08-09 19:00:03,685 - They hold a long-standing rivalry with Ruhr neighbours Schalke 04, with whom they contest the Revierderby.
8003:123146359087104::Thread-249 2020-08-09 19:00:03,793 - They also contest Der Klassiker with Bayern Munich.
8003:123146359087104::Thread-249 2020-08-09 19:00:04,493 - In terms of Deloitte's annual Football Money League, Dortmund was ranked as the second richest sports club in Germany, and the 12th richest football team in the world.
8003:123146359087104::Thread-249 2020-08-09 19:00:04,521 - Moreover, under the directorship of Michael Zorc in the 2010s, Dortmund have cultivated a reputation for spotting and developing young talent, and have remained focused on developing a youth system.
8003:123146359087104::Thread-249 2020-08-09 19:00:12,522 - **END**
