8003:123146131931136::Thread-195 2020-08-09 18:59:27,307 - **START**
8003:123146131931136::Thread-195 2020-08-09 18:59:27,616 - Starting new HTTPS connection (1): en.wikipedia.org
8003:123146131931136::Thread-195 2020-08-09 18:59:30,805 - Franklin Delano Roosevelt (, ; January 30, 1882 – April 12, 1945), often referred to by his initials FDR, was an American politician who served as the 32nd president of the United States from 1933 until his death in 1945.
8003:123146131931136::Thread-195 2020-08-09 18:59:31,897 - A member of the Democratic Party, he won a record four presidential elections and became a central figure in world events during the first half of the 20th century.
8003:123146131931136::Thread-195 2020-08-09 18:59:32,783 - Roosevelt directed the federal government during most of the Great Depression, implementing his New Deal domestic agenda in response to the worst economic crisis in U.S. history.
8003:123146131931136::Thread-195 2020-08-09 18:59:34,317 - As a dominant leader of his party, he built the New Deal Coalition, which realigned American politics into the Fifth Party System and defined modern liberalism in the United States throughout the middle third of the 20th century.
8003:123146131931136::Thread-195 2020-08-09 18:59:35,248 - His third and fourth terms were dominated by World War II, which ended shortly after he died in office.
8003:123146131931136::Thread-195 2020-08-09 18:59:35,594 - Roosevelt was born in Hyde Park, New York, to the Roosevelt family made well known by the reputation of Theodore Roosevelt, the 26th president of the United States, as well as businessman William Henry Aspinwall.
8003:123146131931136::Thread-195 2020-08-09 18:59:35,848 - FDR graduated from Groton School and Harvard College and attended Columbia Law School but left after passing the bar exam to practice law in New York City.
8003:123146131931136::Thread-195 2020-08-09 18:59:36,715 - In 1905, he married his fifth cousin once removed, Eleanor Roosevelt.
8003:123146131931136::Thread-195 2020-08-09 18:59:37,776 - They had six children, of whom five survived into adulthood.
8003:123146131931136::Thread-195 2020-08-09 18:59:39,064 - He won election to the New York State Senate in 1910, and then served as Assistant Secretary of the Navy under President Woodrow Wilson during World War I. Roosevelt was James M. Cox's running mate on the Democratic Party's 1920 national ticket, but Cox was defeated by Republican Warren G. Harding.
8003:123146131931136::Thread-195 2020-08-09 18:59:40,069 - **END**
8003:123146131931136::Thread-195 2020-08-09 18:59:50,070 - **START**
8003:123146131931136::Thread-195 2020-08-09 18:59:50,074 - Starting new HTTPS connection (1): en.wikipedia.org
8003:123146131931136::Thread-195 2020-08-09 18:59:50,782 - Indira Gandhi International Airport (IATA: DEL, ICAO: VIDP) serves as the major international aviation hub of the Indian capital city of New Delhi as well as India.
8003:123146131931136::Thread-195 2020-08-09 18:59:51,235 - The airport, spread over an area of 5,106 acres (2,066 ha), is situated in Palam, 15 km (9.3 mi) south-west of the New Delhi railway station and 16 km (9.9 mi) from New Delhi city centre.
8003:123146131931136::Thread-195 2020-08-09 18:59:51,869 - Named after former Prime Minister of India Indira Gandhi, it is the busiest airport in India in terms of passenger traffic since 2009.
8003:123146131931136::Thread-195 2020-08-09 18:59:52,525 - It is also the busiest airport in the country in terms of cargo traffic, overtaking Mumbai during late 2015.
8003:123146131931136::Thread-195 2020-08-09 18:59:53,007 - In the calendar year 2018, it was the 12th busiest airport in the world and 6th busiest airport in Asia by passenger traffic handling nearly 70 million passengers.
8003:123146131931136::Thread-195 2020-08-09 18:59:53,623 - It is the world's busiest airport for Airbus A320 aircraft.
8003:123146131931136::Thread-195 2020-08-09 18:59:53,772 - The under construction expansion program will increase the airport's capacity to handle 100 million passengers by 2030.The airport was operated by the Indian Air Force before its management was transferred to the Airports Authority of India.
8003:123146131931136::Thread-195 2020-08-09 18:59:54,378 - In May 2006, the management of the airport was passed over to Delhi International Airport Limited (DIAL), a consortium led by the GMR Group.
8003:123146131931136::Thread-195 2020-08-09 18:59:55,133 - In September 2008, the airport inaugurated a 4,430 m (14,530 ft) runway.
8003:123146131931136::Thread-195 2020-08-09 18:59:55,832 - With the commencement of operations at Terminal 3 in 2010, it became India's and South Asia's largest aviation hub.
8003:123146131931136::Thread-195 2020-08-09 19:00:00,835 - **END**
