8003:123145383157760::Thread-17 2020-08-09 18:59:32,230 - **START**
8003:123145383157760::Thread-17 2020-08-09 18:59:33,567 - Starting new HTTPS connection (1): en.wikipedia.org
8003:123145383157760::Thread-17 2020-08-09 18:59:35,754 - Domesday Book ( or US: ; Latin: Liber de Wintonia "Book of Winchester") is a manuscript record of the "Great Survey" of much of England and parts of Wales completed in 1086 by order of King William the Conqueror.
8003:123145383157760::Thread-17 2020-08-09 18:59:36,503 - The Anglo-Saxon Chronicle states:
Then, at the midwinter [1085], was the king in Gloucester with his council ... .
8003:123145383157760::Thread-17 2020-08-09 18:59:37,227 - After this had the king a large meeting, and very deep consultation with his council, about this land; how it was occupied, and by what sort of men.
8003:123145383157760::Thread-17 2020-08-09 18:59:38,190 - Then sent he his men over all England into each shire; commissioning them to find out "How many hundreds of hides were in the shire, what land the king himself had, and what stock upon the land; or, what dues he ought to have by the year from the shire."
8003:123145383157760::Thread-17 2020-08-09 18:59:38,395 - Written in Medieval Latin, it was highly abbreviated and included some vernacular native terms without Latin equivalents.
8003:123145383157760::Thread-17 2020-08-09 18:59:38,840 - The survey's main purpose was to determine what taxes had been owed during the reign of King Edward the Confessor, thereby allowing William to reassert the rights of the Crown and assess where power lay after a wholesale redistribution of land following the Norman conquest.
8003:123145383157760::Thread-17 2020-08-09 18:59:38,948 - The assessors' reckoning of a man's holdings and their values, as recorded in Domesday Book, was dispositive and without appeal.
8003:123145383157760::Thread-17 2020-08-09 18:59:39,543 - The name "Domesday Book" (Middle English for "Doomsday Book") came into use in the 12th century.
8003:123145383157760::Thread-17 2020-08-09 18:59:39,935 - As Richard FitzNeal wrote in the Dialogus de Scaccario (circa 1179):
for as the sentence of that strict and terrible last account cannot be evaded by any skilful subterfuge, so when this book is appealed to ... its sentence cannot be quashed or set aside with impunity.
8003:123145383157760::Thread-17 2020-08-09 18:59:40,211 - That is why we have called the book "the Book of Judgement" ...
8003:123145383157760::Thread-17 2020-08-09 18:59:46,215 - **END**
8003:123145383157760::Thread-17 2020-08-09 18:59:55,216 - **START**
8003:123145383157760::Thread-17 2020-08-09 18:59:55,224 - Starting new HTTPS connection (1): en.wikipedia.org
8003:123145383157760::Thread-17 2020-08-09 18:59:58,322 - The United States Military Academy (USMA), also known as West Point, Army, Army West Point, The Academy, or simply The Point, is a four-year federal service academy in West Point, New York.
8003:123145383157760::Thread-17 2020-08-09 18:59:59,326 - It was originally established as a fort that sits on strategic high ground overlooking the Hudson River with a scenic view, 50 miles (80 km) north of New York City.
8003:123145383157760::Thread-17 2020-08-09 18:59:59,772 - It is the oldest of the five American service academies.
8003:123145383157760::Thread-17 2020-08-09 19:00:01,072 - The academy traces its roots to 1801, when President Thomas Jefferson directed that plans be set in motion to establish the United States Military Academy at West Point.
8003:123145383157760::Thread-17 2020-08-09 19:00:02,235 - The entire central campus is a national landmark and home to scores of historic sites, buildings, and monuments.
8003:123145383157760::Thread-17 2020-08-09 19:00:03,987 - The majority of the campus's Norman-style buildings are constructed from gray and black granite.
8003:123145383157760::Thread-17 2020-08-09 19:00:06,093 - The campus is a popular tourist destination, with a visitor center and the oldest museum in the United States Army.
8003:123145383157760::Thread-17 2020-08-09 19:00:07,239 - Candidates for admission must apply directly to the academy and receive a nomination, usually from a member of Congress.
8003:123145383157760::Thread-17 2020-08-09 19:00:07,911 - Other nomination sources include the President and Vice President.
8003:123145383157760::Thread-17 2020-08-09 19:00:08,670 - Students are officers-in-training and are referred to as "cadets" or collectively as the "United States Corps of Cadets" (USCC).
8003:123145383157760::Thread-17 2020-08-09 19:00:10,671 - **END**
