8003:123145412603904::Thread-24 2020-08-09 18:59:33,242 - **START**
8003:123145412603904::Thread-24 2020-08-09 18:59:34,110 - Starting new HTTPS connection (1): en.wikipedia.org
8003:123145412603904::Thread-24 2020-08-09 18:59:37,295 - Miley Ray Cyrus (born Destiny Hope Cyrus; November 23, 1992) is an American singer-songwriter, actress, and record producer.
8003:123145412603904::Thread-24 2020-08-09 18:59:38,648 - Her music spans a range of styles, from pop and country pop to hip hop.
8003:123145412603904::Thread-24 2020-08-09 18:59:39,904 - Cyrus' personal life, public image, and performances have often sparked controversy and received widespread media coverage.
8003:123145412603904::Thread-24 2020-08-09 18:59:41,719 - Cyrus, the daughter of country music singer Billy Ray Cyrus, became a teen idol while portraying the title character of the Disney Channel television series Hannah Montana (2006–2011).
8003:123145412603904::Thread-24 2020-08-09 18:59:43,760 - As Hannah Montana, she attained two number-one and three top-ten soundtracks on the US Billboard 200, including the US Billboard Hot 100 top-ten single "He Could Be the One".
8003:123145412603904::Thread-24 2020-08-09 18:59:44,575 - Cyrus' own discography includes the US number-one albums Meet Miley Cyrus (2007), Breakout (2008), and Bangerz (2013); the top-five releases Can't Be Tamed (2010), Younger Now (2017), and She Is Coming (2019); and the free SoundCloud streaming-exclusive album Miley Cyrus & Her Dead Petz (2015).
8003:123145412603904::Thread-24 2020-08-09 18:59:46,569 - Her singles include the US top ten-charting "See You Again", "7 Things", "The Climb", "Party in the U.S.A.", "Can't Be Tamed", "We Can't Stop", "Malibu"; and the chart-topping "Wrecking Ball".
8003:123145412603904::Thread-24 2020-08-09 18:59:47,422 - Cyrus' career accolades include entries on the Time 100 list in 2008 and 2014, MTV's Best Artist of 2013 Award, and placement on Billboard's Greatest of All Time Artists Chart in 2019.
8003:123145412603904::Thread-24 2020-08-09 18:59:49,221 - She is often cited as an example of a successful child actor-turned-singer.As an actress, Cyrus has made appearances in the animated film Bolt (2008) and the feature films Hannah Montana: The Movie (2009) and The Last Song (2010).
8003:123145412603904::Thread-24 2020-08-09 18:59:50,248 - On television, Cyrus served as a coach on the singing competition series The Voice across two seasons and starred in an episode of the Netflix series Black Mirror (2019).
8003:123145412603904::Thread-24 2020-08-09 18:59:53,250 - **END**
8003:123145412603904::Thread-24 2020-08-09 19:00:04,252 - **START**
8003:123145412603904::Thread-24 2020-08-09 19:00:04,261 - Starting new HTTPS connection (1): en.wikipedia.org
8003:123145412603904::Thread-24 2020-08-09 19:00:05,215 - Wardell Stephen "Steph" Curry II ( STEF-ən; born March 14, 1988) is an American professional basketball player for the Golden State Warriors of the National Basketball Association (NBA).
8003:123145412603904::Thread-24 2020-08-09 19:00:06,443 - A six-time NBA All-Star, Curry has been named the NBA Most Valuable Player (MVP) twice and won three NBA championships with the Warriors.
8003:123145412603904::Thread-24 2020-08-09 19:00:07,565 - Many players and analysts have called him the greatest shooter in NBA history.
8003:123145412603904::Thread-24 2020-08-09 19:00:09,839 - He is credited with revolutionizing the game of basketball by inspiring teams to regularly utilize the three-point shot.The son of former NBA player Dell Curry and older brother of current NBA player Seth, Curry played college basketball for the Davidson Wildcats.
8003:123145412603904::Thread-24 2020-08-09 19:00:12,261 - There, he was twice named Southern Conference Player of the Year and set the all-time scoring record for both Davidson and the Southern Conference.
8003:123145412603904::Thread-24 2020-08-09 19:00:12,637 - During his sophomore year, Curry also set the single-season NCAA record for three-pointers made, and was then selected by the Warriors with the seventh overall pick in the 2009 NBA Draft.
8003:123145412603904::Thread-24 2020-08-09 19:00:14,701 - In 2014–15, Curry won his first MVP award and led the Warriors to their first championship since 1975.
8003:123145412603904::Thread-24 2020-08-09 19:00:16,309 - The following season, he became the first player in NBA history to be elected MVP by a unanimous vote and to lead the league in scoring while shooting above 50–40–90.
8003:123145412603904::Thread-24 2020-08-09 19:00:17,867 - That same year, the Warriors broke the record for the most wins in an NBA season en route to reaching the 2016 NBA Finals, which they lost to the Cleveland Cavaliers.
8003:123145412603904::Thread-24 2020-08-09 19:00:19,921 - Curry helped the Warriors return to the NBA Finals in 2017, 2018 and 2019, winning back-to-back titles in 2017 and 2018, before being defeated by the Toronto Raptors in 2019.
8003:123145412603904::Thread-24 2020-08-09 19:00:19,922 - **END**
