8003:123145370537984::Thread-14 2020-08-09 18:59:32,232 - **START**
8003:123145370537984::Thread-14 2020-08-09 18:59:33,570 - Starting new HTTPS connection (1): en.wikipedia.org
8003:123145370537984::Thread-14 2020-08-09 18:59:36,489 - Michael Jeffrey Jordan (born February 17, 1963), also known by his initials MJ, is an American former professional basketball player and the principal owner of the Charlotte Hornets of the National Basketball Association (NBA).
8003:123145370537984::Thread-14 2020-08-09 18:59:36,876 - He played 15 seasons in the NBA, winning six championships with the Chicago Bulls.
8003:123145370537984::Thread-14 2020-08-09 18:59:38,153 - His biography on the official NBA website states: "By acclamation, Michael Jordan is the greatest basketball player of all time."
8003:123145370537984::Thread-14 2020-08-09 18:59:38,911 - He was integral in helping to popularize the NBA around the world in the 1980s and 1990s.Jordan played three seasons for coach Dean Smith with the North Carolina Tar Heels.
8003:123145370537984::Thread-14 2020-08-09 18:59:39,097 - As a freshman, he was a member of the Tar Heels' national championship team in 1982.
8003:123145370537984::Thread-14 2020-08-09 18:59:39,926 - Jordan joined the Bulls in 1984 as the third overall draft pick, and quickly emerged as a league star, entertaining crowds with his prolific scoring while gaining a reputation as one of the game's best defensive players.
8003:123145370537984::Thread-14 2020-08-09 18:59:41,262 - His leaping ability, demonstrated by slam dunks from the free throw line in Slam Dunk Contests, earned him the nicknames "Air Jordan" and "His Airness".
8003:123145370537984::Thread-14 2020-08-09 18:59:42,087 - Jordan won his first NBA championship with the Bulls in 1991, and followed that achievement with titles in 1992 and 1993, securing a "three-peat".
8003:123145370537984::Thread-14 2020-08-09 18:59:43,759 - Jordan abruptly retired from basketball before the 1993–94 NBA season to play Minor League Baseball, but returned to the Bulls in March 1995 and led them to three more championships in 1996, 1997, and 1998, as well as a then-record 72 regular-season wins in the 1995–96 NBA season.
8003:123145370537984::Thread-14 2020-08-09 18:59:43,801 - He retired for a second time in January 1999 but returned for two more NBA seasons from 2001 to 2003 as a member of the Washington Wizards.
8003:123145370537984::Thread-14 2020-08-09 18:59:43,986 - Jordan's individual accolades and accomplishments include six NBA Finals Most Valuable Player (MVP) Awards, ten scoring titles (both all-time records), five MVP Awards, ten All-NBA First Team designations, nine All-Defensive First Team honors, fourteen NBA All-Star Game selections, three All-Star Game MVP Awards, three steals titles, and the 1988 NBA Defensive Player of the Year Award.
8003:123145370537984::Thread-14 2020-08-09 18:59:45,989 - **END**
8003:123145370537984::Thread-14 2020-08-09 18:59:53,991 - **START**
8003:123145370537984::Thread-14 2020-08-09 18:59:54,002 - Starting new HTTPS connection (1): en.wikipedia.org
8003:123145370537984::Thread-14 2020-08-09 18:59:54,855 - Skai Jackson (born April 8, 2002) is an American actress, YouTuber, and author, who was included in Time’s list of Most Influential Teens in 2016.
8003:123145370537984::Thread-14 2020-08-09 18:59:55,804 - Jackson first began acting at the age of 5, making her debut in the film Liberty Kid (2007).
8003:123145370537984::Thread-14 2020-08-09 18:59:56,421 - She later came to international prominence for her portrayal of Zuri Ross in the Disney Channel series Jessie (2011–2015), and in the sequel, Bunk'd (2015–2018).
8003:123145370537984::Thread-14 2020-08-09 18:59:56,899 - She has also voiced Glory Grant across the Marvel Rising series, and voiced Summer in the animated series DreamWorks Dragons: Rescue Riders (2019–2020).
8003:123145370537984::Thread-14 2020-08-09 18:59:56,929 - In 2019, Jackson released her debut novel, Reach for the Skai: How to Inspire, Empower, and Clapback.
8003:123145370537984::Thread-14 2020-08-09 18:59:57,203 - Life and career


Early life and career
Jackson was born on April 8, 2002 in New York City.
8003:123145370537984::Thread-14 2020-08-09 18:59:57,598 - She began her career as a child model appearing in numerous national commercials, including for Band-Aid bandages, Coca-Cola, Pepsi, and Old Navy.Jackson’s first major acting role was in the independent film Liberty Kid (2007), which was followed by a guest appearance in an episode of Rescue Me (2008).
8003:123145370537984::Thread-14 2020-08-09 18:59:58,564 - In 2009, Jackson made a cameo in the film The Rebound, and in the same year was cast as a member of the Nickelodeon pre-school animated series Bubble Guppies, playing the role of Little Fish.
8003:123145370537984::Thread-14 2020-08-09 18:59:59,194 - She continued to make cameo and guest appearances in the television series Team Umizoomi, Royal Pains, and Boardwalk Empire, and in the 2011 films Arthur and The Smurfs.
8003:123145370537984::Thread-14 2020-08-09 18:59:59,555 - In 2011, she was cast as Zuri Ross in the Disney Channel sitcom Jessie, which aired from September 30, 2011 to October 16, 2015.
8003:123145370537984::Thread-14 2020-08-09 19:00:03,557 - **END**
