8003:123146245509120::Thread-222 2020-08-09 18:59:36,313 - **START**
8003:123146245509120::Thread-222 2020-08-09 18:59:36,639 - Starting new HTTPS connection (1): en.wikipedia.org
8003:123146245509120::Thread-222 2020-08-09 18:59:41,115 - Jerusalem (; Hebrew: יְרוּשָׁלַיִם Yerushaláyim; Arabic: القُدس‎ al-Quds or Bayt al-Maqdis, also spelled Baitul Muqaddas) is a city in the Middle East, located on a plateau in the Judaean Mountains between the Mediterranean and the Dead Sea.
8003:123146245509120::Thread-222 2020-08-09 18:59:41,457 - It is one of the oldest cities in the world, and is considered holy to the three major Abrahamic religions—Judaism, Christianity, and Islam.
8003:123146245509120::Thread-222 2020-08-09 18:59:41,811 - Both Israel and the Palestinian Authority claim Jerusalem as their capital, as Israel maintains its primary governmental institutions there and the State of Palestine ultimately foresees it as its seat of power; however, neither claim is widely recognized internationally.During its long history, Jerusalem has been destroyed at least twice, besieged 23 times, captured and recaptured 44 times, and attacked 52 times.
8003:123146245509120::Thread-222 2020-08-09 18:59:42,809 - The part of Jerusalem called the City of David shows first signs of settlement in the 4th millennium BCE, in the shape of encampments of nomadic shepherds.
8003:123146245509120::Thread-222 2020-08-09 18:59:44,858 - Jerusalem was named as Urusalim on ancient Egyptian tablets, probably meaning "City of Shalem" after a Canaanite deity, during the Canaanite period (14th century BCE).
8003:123146245509120::Thread-222 2020-08-09 18:59:44,959 - During the Israelite period, significant construction activity in Jerusalem began in the 9th century BCE (Iron Age II), and in the 8th century the city developed into the religious and administrative center of the Kingdom of Judah.
8003:123146245509120::Thread-222 2020-08-09 18:59:45,888 - In 1538, the city walls were rebuilt for a last time around Jerusalem under Suleiman the Magnificent.
8003:123146245509120::Thread-222 2020-08-09 18:59:46,132 - Today those walls define the Old City, which has been traditionally divided into four quarters—known since the early 19th century as the Armenian, Christian, Jewish, and Muslim Quarters.
8003:123146245509120::Thread-222 2020-08-09 18:59:46,143 - The Old City became a World Heritage Site in 1981, and is on the List of World Heritage in Danger.
8003:123146245509120::Thread-222 2020-08-09 18:59:47,323 - Since 1860 Jerusalem has grown far beyond the Old City's boundaries.
8003:123146245509120::Thread-222 2020-08-09 18:59:50,327 - **END**
8003:123146245509120::Thread-222 2020-08-09 18:59:53,333 - **START**
8003:123146245509120::Thread-222 2020-08-09 18:59:53,341 - Starting new HTTPS connection (1): en.wikipedia.org
8003:123146245509120::Thread-222 2020-08-09 18:59:55,313 - The Vedas (; Sanskrit: वेदः vedaḥ, "knowledge") are a large body of religious texts originating in ancient India.
8003:123146245509120::Thread-222 2020-08-09 18:59:56,718 - Composed in Vedic Sanskrit, the texts constitute the oldest layer of Sanskrit literature and the oldest scriptures of Hinduism.There are four Vedas: the Rigveda, the Yajurveda, the Samaveda and the Atharvaveda.
8003:123146245509120::Thread-222 2020-08-09 18:59:57,968 - Each Veda has four subdivisions – the Samhitas (mantras and benedictions), the Aranyakas (text on rituals, ceremonies, sacrifices and symbolic-sacrifices), the Brahmanas (commentaries on rituals, ceremonies and sacrifices), and the Upanishads (texts discussing meditation, philosophy and spiritual knowledge).
8003:123146245509120::Thread-222 2020-08-09 18:59:58,672 - Some scholars add a fifth category – the Upasanas (worship).
8003:123146245509120::Thread-222 2020-08-09 19:00:00,022 - The texts of the Upanishads discuss ideas akin to the heterodox sramana-traditions.Vedas are śruti ("what is heard"), distinguishing them from other religious texts, which are called smṛti ("what is remembered").
8003:123146245509120::Thread-222 2020-08-09 19:00:00,759 - Hindus consider the Vedas to be apauruṣeya, which means "not of a man, superhuman" and "impersonal, authorless," revelations of sacred sounds and texts heard by ancient sages after intense meditation.The Vedas have been orally transmitted since the 2nd millennium BCE with the help of elaborate mnemonic techniques.
8003:123146245509120::Thread-222 2020-08-09 19:00:00,940 - The mantras, the oldest part of the Vedas, are recited in the modern age for their phonology rather than the semantics, and are considered to be "primordial rhythms of creation", preceding the forms to which they refer.
8003:123146245509120::Thread-222 2020-08-09 19:00:02,715 - By reciting them the cosmos is regenerated, "by enlivening and nourishing the forms of creation at their base.
8003:123146245509120::Thread-222 2020-08-09 19:00:04,332 - "The various Indian philosophies and Hindu denominations have taken differing positions on the Vedas; schools of Indian philosophy which acknowledge the primal  authority of the Vedas are classified as "orthodox" (āstika).
8003:123146245509120::Thread-222 2020-08-09 19:00:05,491 - Other śramaṇa traditions, such as Lokayata, Carvaka, Ajivika, Buddhism and Jainism, which did not regard the Vedas as authorities, are referred to as "heterodox" or "non-orthodox" (nāstika) schools.
8003:123146245509120::Thread-222 2020-08-09 19:00:05,857 - Etymology and usage
The Sanskrit word véda "knowledge, wisdom"  is derived from the root vid- "to know".
8003:123146245509120::Thread-222 2020-08-09 19:00:09,861 - **END**
