8003:123145559834624::Thread-59 2020-08-09 18:59:31,247 - **START**
8003:123145559834624::Thread-59 2020-08-09 18:59:32,501 - Starting new HTTPS connection (1): en.wikipedia.org
8003:123145559834624::Thread-59 2020-08-09 18:59:35,174 - The Illuminati (plural of Latin illuminatus, 'enlightened') is a name given to several groups, both real and fictitious.
8003:123145559834624::Thread-59 2020-08-09 18:59:35,872 - Historically, the name usually refers to the Bavarian Illuminati, an Enlightenment-era secret society founded on 1 May 1776 in Bavaria, today part of Germany.
8003:123145559834624::Thread-59 2020-08-09 18:59:37,943 - The society's goals were to oppose superstition, obscurantism, religious influence over public life, and abuses of state power.
8003:123145559834624::Thread-59 2020-08-09 18:59:39,372 - "The order of the day," they wrote in their general statutes, "is to put an end to the machinations of the purveyors of injustice, to control them without dominating them."
8003:123145559834624::Thread-59 2020-08-09 18:59:39,434 - The Illuminati—along with Freemasonry and other secret societies—were outlawed through edict by Charles Theodore, Elector of Bavaria with the encouragement of the Catholic Church, in 1784, 1785, 1787, and 1790.
8003:123145559834624::Thread-59 2020-08-09 18:59:41,062 - In the following several years, the group was vilified by conservative and religious critics who claimed that they continued underground and were responsible for the French Revolution.
8003:123145559834624::Thread-59 2020-08-09 18:59:42,251 - Many influential intellectuals and progressive politicians counted themselves as members, including Ferdinand of Brunswick and the diplomat Franz Xaver von Zwackh, who was the Order's second-in-command.
8003:123145559834624::Thread-59 2020-08-09 18:59:44,844 - It attracted literary men such as Johann Wolfgang von Goethe and Johann Gottfried Herder and the reigning Duke of Gotha and of Weimar.In subsequent use, "Illuminati" has referred to various organisations which have claimed or have been claimed to be connected to the original Bavarian Illuminati or similar secret societies, though these links have been unsubstantiated.
8003:123145559834624::Thread-59 2020-08-09 18:59:47,131 - These organisations have often been alleged to conspire to control world affairs, by masterminding events and planting agents in government and corporations, in order to gain political power and influence and to establish a New World Order.
8003:123145559834624::Thread-59 2020-08-09 18:59:48,456 - Central to some of the more widely known and elaborate conspiracy theories, the Illuminati have been depicted as lurking in the shadows and pulling the strings and levers of power in dozens of novels, films, television shows, comics, video games, and music videos.
8003:123145559834624::Thread-59 2020-08-09 18:59:49,110 - History


Origins

Adam Weishaupt (1748–1830) became professor of Canon Law and practical philosophy at the University of Ingolstadt in 1773.
8003:123145559834624::Thread-59 2020-08-09 18:59:50,112 - **END**
8003:123145559834624::Thread-59 2020-08-09 19:00:05,113 - **START**
8003:123145559834624::Thread-59 2020-08-09 19:00:05,120 - Starting new HTTPS connection (1): en.wikipedia.org
8003:123145559834624::Thread-59 2020-08-09 19:00:06,508 - Dafne María Keen Fernández (born 4 January 2005) is a British-Spanish actress.
8003:123145559834624::Thread-59 2020-08-09 19:00:06,785 - She made her debut starring as Ana "Ani" Cruz Oliver on the television series The Refugees from 2014 to 2015.
8003:123145559834624::Thread-59 2020-08-09 19:00:07,087 - She received recognition for starring as Laura in the 2017 film Logan, for which she received several awards and nominations, including winning an Empire Award for Best Newcomer.
8003:123145559834624::Thread-59 2020-08-09 19:00:07,110 - In 2019, she began starring as Lyra Belacqua/Silvertongue in the television series His Dark Materials.
8003:123145559834624::Thread-59 2020-08-09 19:00:09,092 - Life and career
Keen was born in Madrid.
8003:123145559834624::Thread-59 2020-08-09 19:00:09,854 - She is the daughter of British actor Will Keen, and Galician actress, theatre director and writer María Fernández Ache.
8003:123145559834624::Thread-59 2020-08-09 19:00:11,283 - A paternal great-grandfather was Edward Curzon, 6th Earl Howe; her aunts are poet Alice Oswald and writer Laura Beatty.
8003:123145559834624::Thread-59 2020-08-09 19:00:11,390 - Keen began acting in 2014, starring alongside her father in the BBC television series The Refugees, where she played Ana "Ani" Cruz Oliver.
8003:123145559834624::Thread-59 2020-08-09 19:00:12,988 - The show ended in 2015 after one season.
8003:123145559834624::Thread-59 2020-08-09 19:00:13,219 - Keen did not take on any new projects until 2 years later, when she co-starred with Hugh Jackman in the 2017 superhero film Logan as the mutant Laura, the child clone of Wolverine.
8003:123145559834624::Thread-59 2020-08-09 19:00:21,224 - **END**
