8003:123145446256640::Thread-32 2020-08-09 18:59:30,243 - **START**
8003:123145446256640::Thread-32 2020-08-09 18:59:31,178 - Starting new HTTPS connection (1): en.wikipedia.org
8003:123145446256640::Thread-32 2020-08-09 18:59:33,033 - The Philippines ( (listen); Filipino: Pilipinas [ˌpɪlɪˈpinɐs] or Filipinas [fɪlɪˈpinɐs]), officially the Republic of the Philippines (Filipino: Republika ng Pilipinas), is an archipelagic country in Southeast Asia.
8003:123145446256640::Thread-32 2020-08-09 18:59:33,640 - Situated in the western Pacific Ocean, it consists of about 7,641 islands that are broadly categorized under three main geographical divisions from north to south: Luzon, Visayas, Mindanao.
8003:123145446256640::Thread-32 2020-08-09 18:59:34,018 - The capital city of the Philippines is Manila and the most populous city is Quezon City, both within the single urban area of Metro Manila.
8003:123145446256640::Thread-32 2020-08-09 18:59:34,116 - Bounded by the South China Sea on the west, the Philippine Sea on the east and the Celebes Sea on the southwest, the Philippines shares maritime borders with Taiwan to the north, Japan to the northeast, Palau to the east, Indonesia to the south, Malaysia and Brunei to the southwest, Vietnam to the west, and China to the northwest.
8003:123145446256640::Thread-32 2020-08-09 18:59:34,676 - The Philippines' position as an island country on the Pacific Ring of Fire and close to the equator makes the country prone to earthquakes and typhoons.
8003:123145446256640::Thread-32 2020-08-09 18:59:35,193 - The country has a variety of natural resources and a globally significant level of biodiversity.
8003:123145446256640::Thread-32 2020-08-09 18:59:35,629 - The Philippines has an area of around 300,000 km2 (120,000 sq mi), which supports a population of at least 100 million.
8003:123145446256640::Thread-32 2020-08-09 18:59:36,524 - As of January 2018, it is the eighth-most populated country in Asia and the 13th-most populated country in the world.
8003:123145446256640::Thread-32 2020-08-09 18:59:37,218 - Multiple ethnicities and cultures are found throughout the islands.
8003:123145446256640::Thread-32 2020-08-09 18:59:37,816 - Negritos, some of the archipelago's earliest inhabitants, were followed by successive waves of Austronesian peoples.
8003:123145446256640::Thread-32 2020-08-09 18:59:37,817 - **END**
8003:123145446256640::Thread-32 2020-08-09 18:59:43,821 - **START**
8003:123145446256640::Thread-32 2020-08-09 18:59:44,026 - Starting new HTTPS connection (1): en.wikipedia.org
8003:123145446256640::Thread-32 2020-08-09 18:59:44,899 - Marilyn Monroe (; born Norma Jeane Mortenson; June 1, 1926 – August 4, 1962) was an American actress, model, and singer.
8003:123145446256640::Thread-32 2020-08-09 18:59:45,238 - Famous for playing comedic "blonde bombshell" characters, she became one of the most popular sex symbols of the 1950s and early 1960s and was emblematic of the era's changing attitudes towards sexuality.
8003:123145446256640::Thread-32 2020-08-09 18:59:46,758 - She was a top-billed actress for only a decade, but her films grossed $200 million (equivalent to $2 billion in 2019) by the time of her death in 1962.
8003:123145446256640::Thread-32 2020-08-09 18:59:47,503 - Long after her death, she has continued to be a major icon of pop culture.Born and raised in Los Angeles, Monroe spent most of her childhood in foster homes and an orphanage and married at age 16.
8003:123145446256640::Thread-32 2020-08-09 18:59:49,134 - She was working in a factory as part of the war effort during World War II when she met a photographer from the First Motion Picture Unit and began a successful pin-up modeling career, which led to short-lived film contracts with 20th Century Fox and Columbia Pictures.
8003:123145446256640::Thread-32 2020-08-09 18:59:50,836 - After a series of minor film roles, she signed a new contract with Fox in late 1950.
8003:123145446256640::Thread-32 2020-08-09 18:59:52,082 - Over the next two years, she became a popular actress with roles in several comedies, including As Young as You Feel and Monkey Business, and in the dramas Clash by Night and Don't Bother to Knock.
8003:123145446256640::Thread-32 2020-08-09 18:59:53,348 - She faced a scandal when it was revealed that she had posed for nude photos before she became a star, but the story did not damage her career and instead resulted in increased interest in her films.
8003:123145446256640::Thread-32 2020-08-09 18:59:55,033 - By 1953, Monroe was one of the most marketable Hollywood stars; she had leading roles in the film noir Niagara, which focused on her sex appeal, and the comedies Gentlemen Prefer Blondes and How to Marry a Millionaire, which established her star image as a "dumb blonde".
8003:123145446256640::Thread-32 2020-08-09 18:59:56,785 - The same year, her nude images were used as the centerfold and on the cover of the first issue of Playboy.
8003:123145446256640::Thread-32 2020-08-09 18:59:58,785 - **END**
8003:123145446256640::Thread-32 2020-08-09 19:00:11,788 - **START**
8003:123145446256640::Thread-32 2020-08-09 19:00:11,791 - Starting new HTTPS connection (1): en.wikipedia.org
8003:123145446256640::Thread-32 2020-08-09 19:00:15,176 - Jacqueline Marie Evancho ( ee-VANG-koh; born April 9, 2000) is an American classical crossover singer who gained wide recognition at an early age.
8003:123145446256640::Thread-32 2020-08-09 19:00:17,172 - Since 2009, she has issued a platinum-selling EP and eight albums, including three Billboard 200 top 10 debuts.
8003:123145446256640::Thread-32 2020-08-09 19:00:17,878 - She has also been the subject of three solo PBS concert specials.
8003:123145446256640::Thread-32 2020-08-09 19:00:20,612 - Between 2008 and 2010, Evancho entered talent competitions, sang the US national anthem at a Pittsburgh Pirates baseball game, issued her first album, Prelude to a Dream, and attracted interest on YouTube.
8003:123145446256640::Thread-32 2020-08-09 19:00:23,186 - In 2010, at the age of ten, she gained wide notice with her 2nd-place finish in the fifth season of America's Got Talent.
8003:123145446256640::Thread-32 2020-08-09 19:00:23,343 - With the 2010 holiday release of her O Holy Night EP, Evancho became the best-selling debut artist of 2010, the youngest top-10 debut artist in US history and the youngest solo artist ever to go platinum in the US.
8003:123145446256640::Thread-32 2020-08-09 19:00:25,963 - In 2011, her first full-length album, Dream with Me debuted at No.
8003:123145446256640::Thread-32 2020-08-09 19:00:27,569 - 2 on the Billboard 200 chart, and she became the youngest top-5 debut artist in UK history.
8003:123145446256640::Thread-32 2020-08-09 19:00:29,858 - Billboard ranked Evancho the top Classical Albums Artist for 2011.
8003:123145446256640::Thread-32 2020-08-09 19:00:31,516 - Later that year, Evancho released a full-length holiday album, Heavenly Christmas, and became the youngest person ever to give a solo concert at Lincoln Center in New York City as part of her first concert tour.
8003:123145446256640::Thread-32 2020-08-09 19:00:33,041 - In 2012, Evancho released Songs from the Silver Screen, her third top-10 album debut.
8003:123145446256640::Thread-32 2020-08-09 19:00:35,046 - **END**
