8003:123145681825792::Thread-88 2020-08-09 18:59:33,249 - **START**
8003:123145681825792::Thread-88 2020-08-09 18:59:34,108 - Starting new HTTPS connection (1): en.wikipedia.org
8003:123145681825792::Thread-88 2020-08-09 18:59:38,324 - N.W.A (an abbreviation for Niggaz Wit Attitudes) was an American hip hop group from Compton, California.
8003:123145681825792::Thread-88 2020-08-09 18:59:38,430 - They were among the earliest and most significant popularizers and controversial figures of the gangsta rap subgenre, and are widely considered one of the greatest and most influential groups in the history of hip hop music.Active from 1987 to 1991, the rap group endured controversy owing to their music's explicit lyrics which many viewed as being misogynist, as well as to its glorification of drugs and crime.
8003:123145681825792::Thread-88 2020-08-09 18:59:41,318 - The group was subsequently banned from many mainstream American radio stations.
8003:123145681825792::Thread-88 2020-08-09 18:59:44,198 - In spite of this, the group has sold over 10 million units in the United States alone.
8003:123145681825792::Thread-88 2020-08-09 18:59:45,946 - Drawing on their own experiences of racism and excessive policing, the group made inherently political music.
8003:123145681825792::Thread-88 2020-08-09 18:59:48,075 - They were known for their deep hatred of the police system, which has sparked much controversy over the years.
8003:123145681825792::Thread-88 2020-08-09 18:59:50,952 - The original lineup, formed in early 1987, consisted of Arabian Prince, Dr. Dre, Eazy-E, and Ice Cube.
8003:123145681825792::Thread-88 2020-08-09 18:59:51,973 - DJ Yella and MC Ren joined later that year.
8003:123145681825792::Thread-88 2020-08-09 18:59:54,854 - They released their first compilation album as a group in 1987 called N.W.A.
8003:123145681825792::Thread-88 2020-08-09 18:59:55,085 - and the Posse, which peaked at #39 on Billboard magazine's Top R&B/Hip-Hop Albums chart.
8003:123145681825792::Thread-88 2020-08-09 18:59:57,090 - **END**
8003:123145681825792::Thread-88 2020-08-09 19:00:11,093 - **START**
8003:123145681825792::Thread-88 2020-08-09 19:00:11,096 - Starting new HTTPS connection (1): en.wikipedia.org
8003:123145681825792::Thread-88 2020-08-09 19:00:11,787 - The Great Wall of China (Chinese: 萬里長城; pinyin: Wànlǐ Chángchéng) is the collective name of a series of fortification systems generally built across the historical northern borders of China to protect and consolidate territories of Chinese states and empires against various nomadic groups of the steppe and their polities.
8003:123145681825792::Thread-88 2020-08-09 19:00:12,050 - Several walls were being built from as early as the 7th century BC by ancient Chinese states; selective stretches were later joined together by Qin Shi Huang (220–206 BC), the first emperor of China.
8003:123145681825792::Thread-88 2020-08-09 19:00:12,999 - Little of the Qin wall remains.
8003:123145681825792::Thread-88 2020-08-09 19:00:13,713 - Later on, many successive dynasties have built and maintained multiple stretches of border walls.
8003:123145681825792::Thread-88 2020-08-09 19:00:13,780 - The most well-known sections of the wall were built by the Ming dynasty (1368–1644).
8003:123145681825792::Thread-88 2020-08-09 19:00:14,116 - Apart from defense, other purposes of the Great Wall have included border controls, allowing the imposition of duties on goods transported along the Silk Road, regulation or encouragement of trade and the control of immigration and emigration.
8003:123145681825792::Thread-88 2020-08-09 19:00:15,032 - Furthermore, the defensive characteristics of the Great Wall were enhanced by the construction of watch towers, troop barracks, garrison stations, signaling capabilities through the means of smoke or fire, and the fact that the path of the Great Wall also served as a transportation corridor.
8003:123145681825792::Thread-88 2020-08-09 19:00:15,699 - The frontier walls built by different dynasties have multiple courses.
8003:123145681825792::Thread-88 2020-08-09 19:00:16,314 - Collectively, they stretch from Liaodong in the east to Lop Lake in the west, from the present-day Sino–Russian border in the north to Taohe River in the south; along an arc that roughly delineates the edge of Mongolian steppe.
8003:123145681825792::Thread-88 2020-08-09 19:00:16,793 - A comprehensive archaeological survey, using advanced technologies, has concluded that the walls built by the Ming dynasty measure 8,850 km (5,500 mi).
8003:123145681825792::Thread-88 2020-08-09 19:00:20,799 - **END**
