8003:123146333847552::Thread-243 2020-08-09 18:59:37,361 - **START**
8003:123146333847552::Thread-243 2020-08-09 18:59:37,501 - Starting new HTTPS connection (1): en.wikipedia.org
8003:123146333847552::Thread-243 2020-08-09 18:59:41,045 - Jesus (c. 4 BC – c. AD 30 / 33), also referred to as Jesus of Nazareth or Jesus Christ, was a first-century Jewish preacher and religious leader.
8003:123146333847552::Thread-243 2020-08-09 18:59:42,008 - He is the central figure of Christianity, the world's largest religion.
8003:123146333847552::Thread-243 2020-08-09 18:59:42,331 - Most Christians believe he is the incarnation of God the Son and the awaited Messiah (the Christ) prophesied in the Old Testament.Virtually all modern scholars of antiquity agree that Jesus existed historically, although the quest for the historical Jesus has yielded major uncertainty on the historical reliability of the Gospels and on how closely the Jesus portrayed in the Bible reflects the historical Jesus, as the only records of Jesus' life are contained in the four Gospels.
8003:123146333847552::Thread-243 2020-08-09 18:59:42,406 - Jesus was a Galilean Jew, who was baptized by John the Baptist and began his own ministry.
8003:123146333847552::Thread-243 2020-08-09 18:59:42,452 - He preached orally and was often referred to as "rabbi".
8003:123146333847552::Thread-243 2020-08-09 18:59:43,479 - Jesus debated with fellow Jews on how to best follow God, engaged in healings, taught in parables and gathered followers.
8003:123146333847552::Thread-243 2020-08-09 18:59:43,760 - He was arrested and tried by the Jewish authorities, turned over to the Roman government, and crucified on the order of Pontius Pilate, the Roman prefect.
8003:123146333847552::Thread-243 2020-08-09 18:59:43,920 - After his death, his followers believed he rose from the dead, and the community they formed eventually became the early Church.Christian doctrines include the beliefs that Jesus was conceived by the Holy Spirit, was born of a virgin named Mary, performed miracles, founded the Christian Church, died by crucifixion as a sacrifice to achieve atonement for sin, rose from the dead, and ascended into Heaven, from where he will return.
8003:123146333847552::Thread-243 2020-08-09 18:59:43,944 - Most Christians believe Jesus enables people to be reconciled to God.
8003:123146333847552::Thread-243 2020-08-09 18:59:43,988 - The Nicene Creed asserts that Jesus will judge the living and the dead either before or after their bodily resurrection, an event tied to the Second Coming of Jesus in Christian eschatology.
8003:123146333847552::Thread-243 2020-08-09 18:59:45,992 - **END**
8003:123146333847552::Thread-243 2020-08-09 18:59:54,994 - **START**
8003:123146333847552::Thread-243 2020-08-09 18:59:54,999 - Starting new HTTPS connection (1): en.wikipedia.org
8003:123146333847552::Thread-243 2020-08-09 18:59:55,910 - The Celtic Football Club ( SEL-tik) is a Scottish professional football club based in Glasgow, which plays in the Scottish Premiership.
8003:123146333847552::Thread-243 2020-08-09 18:59:56,160 - The club was founded in 1887 with the purpose of alleviating poverty in the immigrant Irish population in the East End of Glasgow.
8003:123146333847552::Thread-243 2020-08-09 18:59:57,502 - They played their first match in May 1888, a friendly match against Rangers which Celtic won 5–2.
8003:123146333847552::Thread-243 2020-08-09 18:59:59,241 - Celtic established themselves within Scottish football, winning six successive league titles during the first decade of the 20th century.
8003:123146333847552::Thread-243 2020-08-09 19:00:00,851 - The club enjoyed their greatest successes during the 1960s and 70s under Jock Stein when they won nine consecutive league titles and the 1967 European Cup.
8003:123146333847552::Thread-243 2020-08-09 19:00:01,137 - Celtic have played in green and white for the entirety of its history, adopting hoops in 1903, those being used ever since.
8003:123146333847552::Thread-243 2020-08-09 19:00:01,725 - Celtic are one of only five clubs in the world (which also includes their rivals Rangers) to have won over 100 trophies in their history.
8003:123146333847552::Thread-243 2020-08-09 19:00:03,332 - The club has won the Scottish league championship 51 times, most recently in 2019–20, the Scottish Cup 39 times and the Scottish League Cup 19 times.
8003:123146333847552::Thread-243 2020-08-09 19:00:04,404 - The club's greatest season was 1966–67, when Celtic became the first British team to win the European Cup, also winning the Scottish league championship, the Scottish Cup, the League Cup and the Glasgow Cup.
8003:123146333847552::Thread-243 2020-08-09 19:00:05,568 - Celtic also reached the 1970 European Cup Final and the 2003 UEFA Cup Final, losing in both.
8003:123146333847552::Thread-243 2020-08-09 19:00:07,568 - **END**
