8003:123145770164224::Thread-109 2020-08-09 18:59:29,264 - **START**
8003:123145770164224::Thread-109 2020-08-09 18:59:29,344 - Starting new HTTPS connection (1): en.wikipedia.org
8003:123145770164224::Thread-109 2020-08-09 18:59:30,964 - Grace Avery VanderWaal (born January 15, 2004) is an American singer-songwriter.
8003:123145770164224::Thread-109 2020-08-09 18:59:31,526 - She earned wide notice at an early age and is known for her distinctive vocals, often accompanying herself on the ukulele.
8003:123145770164224::Thread-109 2020-08-09 18:59:31,756 - VanderWaal began her musical career by posting videos of her original songs and covers on YouTube and performing at open mic nights near her hometown of Suffern, New York.
8003:123145770164224::Thread-109 2020-08-09 18:59:31,776 - In September 2016, at age 12, she won the eleventh season of the NBC TV competition show America's Got Talent (AGT), singing her original songs.
8003:123145770164224::Thread-109 2020-08-09 18:59:32,236 - In December 2016, she released her first EP, Perfectly Imperfect, on the Columbia Records label.
8003:123145770164224::Thread-109 2020-08-09 18:59:32,682 - In November 2017, she released a full-length album, Just the Beginning.
8003:123145770164224::Thread-109 2020-08-09 18:59:33,218 - She released a second EP, Letters Vol 1, in November 2019.
8003:123145770164224::Thread-109 2020-08-09 18:59:33,625 - She has performed at the Planet Hollywood Resort & Casino in Las Vegas, Madison Square Garden, the opening and closing of the 2017 Special Olympics World Winter Games in Austria, various benefit concerts, the Austin City Limits Music Festival and on various television talk shows.
8003:123145770164224::Thread-109 2020-08-09 18:59:34,405 - VanderWaal conducted her first concert tour in 2017 in support of Just the Beginning.
8003:123145770164224::Thread-109 2020-08-09 18:59:35,382 - She next toured in mid-2018 with Imagine Dragons in their Evolve World Tour, and in 2019, after opening in a tour for Florence and the Machine, she headlined her own "Ur So Beautiful" tour.
8003:123145770164224::Thread-109 2020-08-09 18:59:42,452 - **END**
8003:123145770164224::Thread-109 2020-08-09 18:59:53,461 - **START**
8003:123145770164224::Thread-109 2020-08-09 18:59:53,465 - Starting new HTTPS connection (1): en.wikipedia.org
8003:123145770164224::Thread-109 2020-08-09 18:59:55,959 - AMGTV is an American family-oriented television network featuring television programming consisting of drama, sports, movies, entertainment, how-to, hunting and fishing, children's shows, and other features, much of it repackaged from off-network and first-run syndication.
8003:123145770164224::Thread-109 2020-08-09 18:59:57,601 - The network is owned by the American company Access Media Group.
8003:123145770164224::Thread-109 2020-08-09 18:59:58,939 - AMGTV provides programming to television stations in the United States.
8003:123145770164224::Thread-109 2020-08-09 19:00:00,383 - AMGTV also syndicates several movie packages and music specials to stations outside their affiliate base.
8003:123145770164224::Thread-109 2020-08-09 19:00:00,570 - The president of AMGTV is Terry Elaqua.
8003:123145770164224::Thread-109 2020-08-09 19:00:02,200 - Programming


Scripted programming
Leverage
Sanctuary


Entertainment
Animal Rescue
Celebrity Page
Forensic Files
Judge Faith
The Balancing Act
The Hollywood News Report
Pawn Stars
Impractical Jokers
Cheaters
TAKE A LOOK


Former


Sports
On October 10, 2010 the American Indoor Football Association (AIFA) announced that AMGTV has agreed to air games from the upcoming 2011 AIFA West season.
8003:123145770164224::Thread-109 2020-08-09 19:00:03,299 - They had previously carried the 2010 season, prior to when the league split.
8003:123145770164224::Thread-109 2020-08-09 19:00:05,041 - The AIFA West ceased operations January 2011; neither the league nor the network have indicated whether the deal is valid for the 2012 revival of the league.
8003:123145770164224::Thread-109 2020-08-09 19:00:05,910 - AIFA's successor, American Indoor Football, folded in 2017.
8003:123145770164224::Thread-109 2020-08-09 19:00:09,915 - **END**
