8003:123145475702784::Thread-39 2020-08-09 18:59:35,237 - **START**
8003:123145475702784::Thread-39 2020-08-09 18:59:36,578 - Starting new HTTPS connection (1): en.wikipedia.org
8003:123145475702784::Thread-39 2020-08-09 18:59:41,073 - The Palace of Westminster serves as the meeting place for both the House of Commons and the House of Lords, the two houses of the Parliament of the United Kingdom.
8003:123145475702784::Thread-39 2020-08-09 18:59:42,807 - Informally known as the Houses of Parliament after its occupants, the Palace lies on the north bank of the River Thames in the City of Westminster, in central London, England.
8003:123145475702784::Thread-39 2020-08-09 18:59:43,002 - Its name, which derives from the neighbouring Westminster Abbey, may refer to several historic structures but most often: the Old Palace, a medieval building-complex destroyed by fire in 1834, or its replacement, the New Palace that stands today.
8003:123145475702784::Thread-39 2020-08-09 18:59:43,404 - The palace is owned by the monarch in right of the Crown and, for ceremonial purposes, retains its original status as a royal residence.
8003:123145475702784::Thread-39 2020-08-09 18:59:45,388 - Committees appointed by both houses manage the building and report to the Speaker of the House of Commons and to the Lord Speaker.
8003:123145475702784::Thread-39 2020-08-09 18:59:45,631 - The first royal palace constructed on the site dated from the 11th century, and Westminster became the primary residence of the Kings of England until fire destroyed the royal apartments in 1512 (after which, the nearby Palace of Whitehall was established).
8003:123145475702784::Thread-39 2020-08-09 18:59:46,412 - The remainder of Westminster continued to serve as the home of the Parliament of England, which had met there since the 13th century, and also as the seat of the Royal Courts of Justice, based in and around Westminster Hall.
8003:123145475702784::Thread-39 2020-08-09 18:59:47,826 - In 1834 an even greater fire ravaged the heavily rebuilt Houses of Parliament, and the only significant medieval structures to survive were Westminster Hall, the Cloisters of St Stephen's, the Chapel of St Mary Undercroft, and the Jewel Tower.
8003:123145475702784::Thread-39 2020-08-09 18:59:48,081 - In the subsequent competition for the reconstruction of the Palace, the architect Charles Barry won with a design for new buildings in the Gothic Revival style, specifically inspired by the English Perpendicular Gothic style of the 14th–16th centuries.
8003:123145475702784::Thread-39 2020-08-09 18:59:49,074 - The remains of the Old Palace (except the detached Jewel Tower) were incorporated into its much larger replacement, which contains over 1,100 rooms organised symmetrically around two series of courtyards and which has a floor area of 112,476 m2 (1,210,680 sq ft).
8003:123145475702784::Thread-39 2020-08-09 18:59:51,075 - **END**
8003:123145475702784::Thread-39 2020-08-09 18:59:58,082 - **START**
8003:123145475702784::Thread-39 2020-08-09 18:59:58,131 - Starting new HTTPS connection (1): en.wikipedia.org
8003:123145475702784::Thread-39 2020-08-09 18:59:58,934 - Finn Wolfhard (born December 23, 2002) is a Canadian actor, musician, screenwriter and director.
8003:123145475702784::Thread-39 2020-08-09 18:59:59,701 - His acting roles include Mike Wheeler in the Netflix series Stranger Things (2016–present), for which he has won Screen Actors Guild Award for Outstanding Performance by an Ensemble in a Drama Series out of three nominations.
8003:123145475702784::Thread-39 2020-08-09 19:00:00,049 - His film roles include Richie Tozier in the film adaptation of Stephen King's horror novel It (2017) and its sequel It: Chapter Two (2019), Boris Pavlivosky in the drama film The Goldfinch (2019), the voice of Pugsley Addams in The Addams Family (2019), and Trevor in the upcoming supernatural film Ghostbusters: Afterlife (2021).
8003:123145475702784::Thread-39 2020-08-09 19:00:00,863 - Wolfhard will make his directorial debut with the comedy short film  Night Shifts (2020).
8003:123145475702784::Thread-39 2020-08-09 19:00:01,588 - As a musician, he was the lead vocalist and guitarist for the rock band Calpurnia, and is currently a member of The Aubreys.
8003:123145475702784::Thread-39 2020-08-09 19:00:01,622 - Early life
Wolfhard was born in Vancouver, British Columbia, Canada, to a family of French, German, and Jewish descent.
8003:123145475702784::Thread-39 2020-08-09 19:00:02,326 - He attends Catholic school.
8003:123145475702784::Thread-39 2020-08-09 19:00:02,924 - His father, Eric Wolfhard, is a researcher on aboriginal land claims.
8003:123145475702784::Thread-39 2020-08-09 19:00:03,104 - He has an older brother, actor Nick Wolfhard.
8003:123145475702784::Thread-39 2020-08-09 19:00:03,251 - Career


Acting
Wolfhard got his first acting job from Craigslist.
8003:123145475702784::Thread-39 2020-08-09 19:00:11,254 - **END**
