8003:123146228682752::Thread-218 2020-08-09 18:59:26,313 - **START**
8003:123146228682752::Thread-218 2020-08-09 18:59:26,418 - Starting new HTTPS connection (1): en.wikipedia.org
8003:123146228682752::Thread-218 2020-08-09 18:59:30,968 - Tera Patrick (born Linda Ann Hopkins July 25, 1976) is an American former pornographic actress and model who is the Penthouse Pet of the Month for February 2000 and is an inductee for the NightMoves, AVN and XRCO Halls of Fame.
8003:123146228682752::Thread-218 2020-08-09 18:59:32,063 - Early life
Tera Patrick was born Linda Ann Hopkins and was raised near San Francisco.
8003:123146228682752::Thread-218 2020-08-09 18:59:32,697 - Her mother is Thai and her father is of English, Irish and Dutch descent.
8003:123146228682752::Thread-218 2020-08-09 18:59:33,226 - When she was just ten, her mother left her and she grew up with her father David Hopkins, a carefree hippie.
8003:123146228682752::Thread-218 2020-08-09 18:59:33,917 - After taking weekend classes at the Barbizon School of Modeling for two years, she was hired by a Japanese modeling agency and moved to Tokyo at the age of fourteen.
8003:123146228682752::Thread-218 2020-08-09 18:59:34,129 - At one of her first photo shoots, she was sexually assaulted by the photographer, who "was feeding [her] champagne and Valium" until she "was getting wasted".
8003:123146228682752::Thread-218 2020-08-09 18:59:35,440 - She spent two years in Tokyo, where "she became addicted to Valium and alcohol and spent her paychecks on shopping sprees".
8003:123146228682752::Thread-218 2020-08-09 18:59:35,814 - When her father learned she had become sexually active, he complained to her agency, pointing out she was underage.
8003:123146228682752::Thread-218 2020-08-09 18:59:37,436 - It sent her back to the United States, "sixteen years old and already a washed-up model".
8003:123146228682752::Thread-218 2020-08-09 18:59:37,499 - At eighteen, she obtained a GED, briefly studied nursing at Boise State University, then received EMT certification from a local vocational school.
8003:123146228682752::Thread-218 2020-08-09 18:59:42,513 - **END**
8003:123146228682752::Thread-218 2020-08-09 18:59:46,514 - **START**
8003:123146228682752::Thread-218 2020-08-09 18:59:46,520 - Starting new HTTPS connection (1): en.wikipedia.org
8003:123146228682752::Thread-218 2020-08-09 18:59:48,281 - Titanic is a 1997 American epic romance and disaster film directed, written, co-produced, and co-edited by James Cameron.
8003:123146228682752::Thread-218 2020-08-09 18:59:50,092 - Incorporating both historical and fictionalized aspects, it is based on accounts of the sinking of the RMS Titanic, and stars Leonardo DiCaprio and Kate Winslet as members of different social classes who fall in love aboard the ship during its ill-fated maiden voyage.
8003:123146228682752::Thread-218 2020-08-09 18:59:50,749 - Cameron's inspiration for the film came from his fascination with shipwrecks; he felt a love story interspersed with the human loss would be essential to convey the emotional impact of the disaster.
8003:123146228682752::Thread-218 2020-08-09 18:59:51,313 - Production began in 1995, when Cameron shot footage of the actual Titanic wreck.
8003:123146228682752::Thread-218 2020-08-09 18:59:52,896 - The modern scenes on the research vessel were shot on board the Akademik Mstislav Keldysh, which Cameron had used as a base when filming the wreck.
8003:123146228682752::Thread-218 2020-08-09 18:59:54,152 - Scale models, computer-generated imagery, and a reconstruction of the Titanic built at Baja Studios were used to re-create the sinking.
8003:123146228682752::Thread-218 2020-08-09 18:59:54,482 - The film was co-financed by Paramount Pictures and 20th Century Fox; the former handled distribution in North America while the latter released the film internationally.
8003:123146228682752::Thread-218 2020-08-09 18:59:54,808 - It was the most expensive film ever made at the time, with a production budget of $200 million.
8003:123146228682752::Thread-218 2020-08-09 18:59:56,301 - Upon its release on December 19, 1997, Titanic achieved significant critical and commercial success.
8003:123146228682752::Thread-218 2020-08-09 18:59:57,734 - Nominated for 14 Academy Awards, it tied All About Eve (1950) for the most Oscar nominations, and won 11, including the awards for Best Picture and Best Director, tying Ben-Hur (1959) for the most Oscars won by a single film.
8003:123146228682752::Thread-218 2020-08-09 19:00:04,736 - **END**
