8003:123145564041216::Thread-60 2020-08-09 18:59:33,244 - **START**
8003:123145564041216::Thread-60 2020-08-09 18:59:34,115 - Starting new HTTPS connection (1): en.wikipedia.org
8003:123145564041216::Thread-60 2020-08-09 18:59:37,212 - The Alhambra ( (listen), Spanish: [aˈlambɾa]; Arabic: الْحَمْرَاء‎, romanized: Al-Ḥamrāʾ, pronounced [alħamˈraːʔ], lit.
8003:123145564041216::Thread-60 2020-08-09 18:59:38,731 - '"The Red One"') is a palace and fortress complex located in Granada, Andalusia, Spain.
8003:123145564041216::Thread-60 2020-08-09 18:59:39,052 - It was originally constructed as a small fortress in AD 889 on the remains of Roman fortifications, and then largely ignored until its ruins were renovated and rebuilt in the mid-13th century by the Nasrid emir Mohammed ben Al-Ahmar of the Emirate of Granada, who built its current palace and walls with many beautiful, intricate details.
8003:123145564041216::Thread-60 2020-08-09 18:59:40,330 - It was converted into a royal palace in 1333 by Yusuf I, Sultan of Granada.
8003:123145564041216::Thread-60 2020-08-09 18:59:41,460 - After the conclusion of the Christian Reconquista in 1492, the site became the Royal Court of Ferdinand and Isabella (where Christopher Columbus received royal endorsement for his expedition), and the palaces were partially altered in the Renaissance style.
8003:123145564041216::Thread-60 2020-08-09 18:59:41,935 - In 1526 Charles I & V commissioned a new Renaissance palace better befitting the Holy Roman Emperor in the revolutionary Mannerist style influenced by humanist philosophy in direct juxtaposition with the Nasrid Andalusian architecture, but it was ultimately never completed due to Morisco rebellions in Granada.
8003:123145564041216::Thread-60 2020-08-09 18:59:42,072 - Alhambra's last flowering of Islamic palaces was built for the final Muslim emirs in Spain during the decline of the Nasrid dynasty, who were increasingly subject to the Christian Kings of Castile.
8003:123145564041216::Thread-60 2020-08-09 18:59:42,452 - After being allowed to fall into disrepair for centuries, the buildings occupied by squatters, Alhambra was rediscovered following the defeat of Napoleon, who had conducted retaliatory destruction of the site.
8003:123145564041216::Thread-60 2020-08-09 18:59:44,331 - The rediscoverers were first British intellectuals and then other north European Romantic travelers.
8003:123145564041216::Thread-60 2020-08-09 18:59:45,769 - It is now one of Spain's major tourist attractions, exhibiting the country's most significant and well-known Islamic architecture, together with 16th-century and later Christian building and garden interventions.
8003:123145564041216::Thread-60 2020-08-09 18:59:47,653 - The Alhambra is a UNESCO World Heritage Site.Moorish poets described it as "a pearl set in emeralds", an allusion to the colour of its buildings and the woods around them.
8003:123145564041216::Thread-60 2020-08-09 18:59:47,653 - **END**
8003:123145564041216::Thread-60 2020-08-09 18:59:49,655 - **START**
8003:123145564041216::Thread-60 2020-08-09 18:59:49,659 - Starting new HTTPS connection (1): en.wikipedia.org
8003:123145564041216::Thread-60 2020-08-09 18:59:51,412 - Mumbai (English: , Marathi: [ˈmumbəi]; colloquially known as Bombay , the official name until 1995) is the capital city of the Indian state of Maharashtra.
8003:123145564041216::Thread-60 2020-08-09 18:59:54,314 - According to United Nations, as of 2018, Mumbai is the most populous city in the country and the seventh-most populous city in the world with a population of roughly 20 million.
8003:123145564041216::Thread-60 2020-08-09 18:59:55,583 - As per Indian government population census of 2011, Mumbai is the most populous city in India with an estimated city proper population of 12.5 million living under Municipal Corporation of Greater Mumbai.
8003:123145564041216::Thread-60 2020-08-09 18:59:56,640 - Mumbai is the centre of the Mumbai Metropolitan Region, the sixth most populous metropolitan area in the world with a population of over 23 million.
8003:123145564041216::Thread-60 2020-08-09 18:59:57,063 - Mumbai lies on the Konkan coast on the west coast of India and has a deep natural harbour.
8003:123145564041216::Thread-60 2020-08-09 18:59:57,355 - In 2008, Mumbai was named an alpha world city.
8003:123145564041216::Thread-60 2020-08-09 18:59:58,989 - It has the highest number of millionaires and billionaires among all cities in India.
8003:123145564041216::Thread-60 2020-08-09 19:00:00,529 - Mumbai is home to three UNESCO World Heritage Sites: the Elephanta Caves, Chhatrapati Shivaji Maharaj Terminus, and the city's distinctive ensemble of Victorian and Art Deco buildings.The seven islands that constitute Mumbai were originally home to communities of Marathi language speaking Koli people,  For centuries, the islands were under the control of successive indigenous empires before being ceded to the Portuguese Empire and subsequently to the East India Company when in 1661 Charles II of England married Catherine of Braganza and as part of her dowry Charles received the ports of Tangier and Seven Islands of Bombay.
8003:123145564041216::Thread-60 2020-08-09 19:00:01,402 - During the mid-18th century, Bombay was reshaped by the Hornby Vellard project, which undertook reclamation of the area between the seven islands from the sea.
8003:123145564041216::Thread-60 2020-08-09 19:00:03,871 - Along with construction of major roads and railways, the reclamation project, completed in 1845, transformed Bombay into a major seaport on the Arabian Sea.
8003:123145564041216::Thread-60 2020-08-09 19:00:04,882 - **END**
