8003:123145736511488::Thread-101 2020-08-09 18:59:34,286 - **START**
8003:123145736511488::Thread-101 2020-08-09 18:59:35,042 - Starting new HTTPS connection (1): en.wikipedia.org
8003:123145736511488::Thread-101 2020-08-09 18:59:38,450 - Toronto is the capital city of the Canadian province of Ontario.
8003:123145736511488::Thread-101 2020-08-09 18:59:38,599 - With a recorded population of 2,731,571 in 2016, it is the most populous city in Canada and the fourth most populous city in North America.
8003:123145736511488::Thread-101 2020-08-09 18:59:38,821 - The city is the anchor of the Golden Horseshoe, an urban agglomeration of 9,245,438 people (as of 2016) surrounding the western end of Lake Ontario, while the Greater Toronto Area (GTA) proper had a 2016 population of 6,417,516.
8003:123145736511488::Thread-101 2020-08-09 18:59:39,240 - Toronto is an international centre of business, finance, arts, and culture, and is recognized as one of the most multicultural and cosmopolitan cities in the world.People have travelled through and inhabited the Toronto area, located on a broad sloping plateau interspersed with rivers, deep ravines, and urban forest, for more than 10,000 years.
8003:123145736511488::Thread-101 2020-08-09 18:59:39,243 - After the broadly disputed Toronto Purchase, when the Mississauga surrendered the area to the British Crown, the British established the town of York in 1793 and later designated it as the capital of Upper Canada.
8003:123145736511488::Thread-101 2020-08-09 18:59:39,405 - During the War of 1812, the town was the site of the Battle of York and suffered heavy damage by American troops.
8003:123145736511488::Thread-101 2020-08-09 18:59:39,576 - York was renamed and incorporated in 1834 as the city of Toronto.
8003:123145736511488::Thread-101 2020-08-09 18:59:39,964 - It was designated as the capital of the province of Ontario in 1867 during Canadian Confederation.
8003:123145736511488::Thread-101 2020-08-09 18:59:40,681 - The city proper has since expanded past its original borders through both annexation and amalgamation to its current area of 630.2 km2 (243.3 sq mi).
8003:123145736511488::Thread-101 2020-08-09 18:59:40,996 - The diverse population of Toronto reflects its current and historical role as an important destination for immigrants to Canada.
8003:123145736511488::Thread-101 2020-08-09 18:59:44,998 - **END**
8003:123145736511488::Thread-101 2020-08-09 18:59:52,004 - **START**
8003:123145736511488::Thread-101 2020-08-09 18:59:52,009 - Starting new HTTPS connection (1): en.wikipedia.org
8003:123145736511488::Thread-101 2020-08-09 18:59:54,051 - The Walt Disney World Resort, also called Walt Disney World and Disney World, is an entertainment complex in Bay Lake and Lake Buena Vista, Florida, in the United States, near the cities of Orlando and Kissimmee.
8003:123145736511488::Thread-101 2020-08-09 18:59:54,058 - Opened on October 1, 1971, the resort is owned and operated by Disney Parks, Experiences and Products, a division of The Walt Disney Company.
8003:123145736511488::Thread-101 2020-08-09 18:59:54,800 - It was first operated by Walt Disney World Company.
8003:123145736511488::Thread-101 2020-08-09 18:59:56,205 - The property covers nearly 25,000 acres (39 sq mi; 101 km2), of which only half has been used.
8003:123145736511488::Thread-101 2020-08-09 18:59:56,249 - The resort comprises four theme parks (consisting of Magic Kingdom, Epcot, Disney's Hollywood Studios, and Disney's Animal Kingdom), two water parks, 27 themed resort hotels, nine non-Disney hotels, several golf courses, a camping resort, and other entertainment venues, including the outdoor shopping center Disney Springs.
8003:123145736511488::Thread-101 2020-08-09 18:59:56,691 - Designed to supplement Disneyland in Anaheim, California, which had opened in 1955, the complex was developed by Walt Disney in the 1960s.
8003:123145736511488::Thread-101 2020-08-09 18:59:56,752 - "The Florida Project", as it was known, was intended to present a distinct vision with its own diverse set of attractions.
8003:123145736511488::Thread-101 2020-08-09 18:59:57,272 - Walt Disney's original plans also called for the inclusion of an "Experimental Prototype Community of Tomorrow" (EPCOT), a planned community intended to serve as a test bed for new city-living innovations.
8003:123145736511488::Thread-101 2020-08-09 18:59:58,947 - Walt Disney died on December 15, 1966, during the initial planning of the complex.
8003:123145736511488::Thread-101 2020-08-09 18:59:59,111 - After his death, the company wrestled with the idea of whether to bring the Disneyworld project to fruition.
8003:123145736511488::Thread-101 2020-08-09 19:00:03,115 - **END**
