8003:123146102484992::Thread-188 2020-08-09 18:59:34,288 - **START**
8003:123146102484992::Thread-188 2020-08-09 18:59:35,030 - Starting new HTTPS connection (1): en.wikipedia.org
8003:123146102484992::Thread-188 2020-08-09 18:59:39,649 - Borobudur, or Barabudur (Indonesian: Candi Borobudur, Javanese: ꦕꦤ꧀ꦣꦶꦧꦫꦧꦸꦣꦸꦂ, romanized: Candhi Barabudhur) is a 9th-century Mahayana Buddhist temple in Magelang Regency, not far from the town of Muntilan, in Central Java, Indonesia.
8003:123146102484992::Thread-188 2020-08-09 18:59:39,894 - It is the world's largest Buddhist temple.
8003:123146102484992::Thread-188 2020-08-09 18:59:41,582 - The temple consists of nine stacked platforms, six square and three circular, topped by a central dome.
8003:123146102484992::Thread-188 2020-08-09 18:59:43,383 - It is decorated with 2,672 relief panels and 504 Buddha statues.
8003:123146102484992::Thread-188 2020-08-09 18:59:43,758 - The central dome is surrounded by 72 Buddha statues, each seated inside a perforated stupa.Built in the 9th century during the reign of the Sailendra Dynasty, the temple design follows Javanese Buddhist architecture, which blends the Indonesian indigenous cult of ancestor worship and the Buddhist concept of attaining Nirvana.
8003:123146102484992::Thread-188 2020-08-09 18:59:45,105 - The temple demonstrates the influences of Gupta art that reflects India's influence on the region, yet there are enough indigenous scenes and elements incorporated to make Borobudur uniquely Indonesian.
8003:123146102484992::Thread-188 2020-08-09 18:59:47,059 - The monument is a shrine to the Lord Buddha and a place for Buddhist pilgrimage.
8003:123146102484992::Thread-188 2020-08-09 18:59:48,449 - The pilgrim journey begins at the base of the monument and follows a path around the monument, ascending to the top through three levels symbolic of Buddhist cosmology: Kāmadhātu (the world of desire), Rūpadhātu (the world of forms) and Arūpadhātu (the world of formlessness).
8003:123146102484992::Thread-188 2020-08-09 18:59:49,559 - The monument guides pilgrims through an extensive system of stairways and corridors with 1,460 narrative relief panels on the walls and the balustrades.
8003:123146102484992::Thread-188 2020-08-09 18:59:51,474 - Borobudur has one of the largest and most complete ensembles of Buddhist reliefs in the world.Evidence suggests that Borobudur was constructed in the 9th century and subsequently abandoned following the 14th-century decline of Hindu kingdoms in Java and the Javanese conversion to Islam.
8003:123146102484992::Thread-188 2020-08-09 18:59:57,482 - **END**
8003:123146102484992::Thread-188 2020-08-09 19:00:03,487 - **START**
8003:123146102484992::Thread-188 2020-08-09 19:00:03,654 - Starting new HTTPS connection (1): en.wikipedia.org
8003:123146102484992::Thread-188 2020-08-09 19:00:04,758 - Mark William Calaway (born March 24, 1965), better known by the ring name The Undertaker, is an American professional wrestler.
8003:123146102484992::Thread-188 2020-08-09 19:00:05,583 - He is currently signed to WWE.
8003:123146102484992::Thread-188 2020-08-09 19:00:06,532 - Widely regarded as one of the greatest professional wrestlers of all time, The Undertaker is a seven-time world heavyweight champion in WWF/E, having held the WWF/E Championship four times and World Heavyweight Championship three times.
8003:123146102484992::Thread-188 2020-08-09 19:00:06,586 - Calaway began his career in 1987, working as various gimmicks for World Class Championship Wrestling (WCCW) and other affiliate promotions, and he became USWA Unified World Heavyweight Champion and WCWA Texas Heavyweight Champion during this time.
8003:123146102484992::Thread-188 2020-08-09 19:00:07,247 - After signing with World Championship Wrestling (WCW) in 1989, he had a brief stint in the mid-card as "Mean Mark" Callous, before joining the World Wrestling Federation (WWF, now WWE) in 1990.
8003:123146102484992::Thread-188 2020-08-09 19:00:08,211 - Calaway was rebranded as "The Undertaker" in the WWF, and gained significant mainstream popularity as a horror-themed, macabre entity who employed scare tactics and held links to the supernatural.
8003:123146102484992::Thread-188 2020-08-09 19:00:08,217 - The longest-tenured wrestler in company history at 30 years, The Undertaker was one of the most prominent figures of the Attitude Era, a boom period in the company's business in the latter 1990s.
8003:123146102484992::Thread-188 2020-08-09 19:00:08,408 - His character transitioned into a biker in the early 2000s, before returning to a refined version of his previous gimmick in 2004.
8003:123146102484992::Thread-188 2020-08-09 19:00:08,548 - The Undertaker is heavily associated with WWE's flagship annual event, WrestleMania, where he became known for The Streak, a series of 21 straight victories, and he headlined the event on five occasions.
8003:123146102484992::Thread-188 2020-08-09 19:00:09,101 - He is also known for his pairing with his in-storyline half-brother Kane, with whom he has alternatively feuded or teamed as The Brothers of Destruction since 1997.
8003:123146102484992::Thread-188 2020-08-09 19:00:09,602 - With Kane, he held the WWF and WCW World Tag Team Championships during The Invasion storyline.
8003:123146102484992::Thread-188 2020-08-09 19:00:10,603 - **END**
