8003:123146207649792::Thread-213 2020-08-09 18:59:36,307 - **START**
8003:123146207649792::Thread-213 2020-08-09 18:59:36,582 - Starting new HTTPS connection (1): en.wikipedia.org
8003:123146207649792::Thread-213 2020-08-09 18:59:39,896 - The Louvre (English:  LOOV(-rə)), or the Louvre Museum (French: Musée du Louvre [myze dy luvʁ] (listen)), is the world's  largest art museum and a historic monument in Paris, France.
8003:123146207649792::Thread-213 2020-08-09 18:59:41,731 - A central landmark of the city, it is located on the Right Bank of the Seine in the city's 1st arrondissement (district or ward).
8003:123146207649792::Thread-213 2020-08-09 18:59:43,003 - Approximately 38,000 objects from prehistory to the 21st century are exhibited over an area of 72,735 square meters (782,910 square feet).
8003:123146207649792::Thread-213 2020-08-09 18:59:43,172 - In 2019, the Louvre received 9.6 million visitors, making it the most visited museum in the world.The museum is housed in the Louvre Palace, originally built as the Louvre castle in the late 12th to 13th century under Philip II.
8003:123146207649792::Thread-213 2020-08-09 18:59:43,437 - Remnants of the fortress are visible in the basement of the museum.
8003:123146207649792::Thread-213 2020-08-09 18:59:44,782 - Due to urban expansion, the fortress eventually lost its defensive function, and in 1546 Francis I converted it into the primary residence of the French Kings.
8003:123146207649792::Thread-213 2020-08-09 18:59:45,306 - The building was extended many times to form the present Louvre Palace.
8003:123146207649792::Thread-213 2020-08-09 18:59:45,882 - In 1682, Louis XIV chose the Palace of Versailles for his household, leaving the Louvre primarily as a place to display the royal collection, including, from 1692, a collection of ancient Greek and Roman sculpture.
8003:123146207649792::Thread-213 2020-08-09 18:59:46,648 - In 1692, the building was occupied by the Académie des Inscriptions et Belles-Lettres and the Académie Royale de Peinture et de Sculpture, which in 1699 held the first of a series of salons.
8003:123146207649792::Thread-213 2020-08-09 18:59:47,081 - The Académie remained at the Louvre for 100 years.
8003:123146207649792::Thread-213 2020-08-09 18:59:48,701 - During the French Revolution, the National Assembly decreed that the Louvre should be used as a museum to display the nation's masterpieces.
8003:123146207649792::Thread-213 2020-08-09 18:59:55,703 - **END**
8003:123146207649792::Thread-213 2020-08-09 19:00:00,705 - **START**
8003:123146207649792::Thread-213 2020-08-09 19:00:00,733 - Starting new HTTPS connection (1): en.wikipedia.org
8003:123146207649792::Thread-213 2020-08-09 19:00:04,823 - Emmanuel "Manny" Dapidran Pacquiao, CLH ( PAK-ee-ow; born December 17, 1978) is a Filipino professional boxer and Senator of the Phillippines.
8003:123146207649792::Thread-213 2020-08-09 19:00:06,426 - Nicknamed "PacMan", he is regarded as one of the greatest professional boxers of all time.
8003:123146207649792::Thread-213 2020-08-09 19:00:08,855 - He was elected as Senator of the Phillippines in 2016 and is serving a 6 year term.
8003:123146207649792::Thread-213 2020-08-09 19:00:09,664 - Manny Pacquiao is the only eight-division world champion in the history of boxing, and has won twelve major world titles.
8003:123146207649792::Thread-213 2020-08-09 19:00:10,265 - He was the first boxer to win the lineal championship in five different weight classes, the first boxer to win major world titles in four of the eight "glamour divisions": flyweight, featherweight, lightweight, and welterweight, and is the only boxer to hold world championships across four decades (1990s, 2000s, 2010s, and 2020s).As of 2015, Pacquiao's fights had generated $1.2 billion in revenue from his 25 pay-per-view bouts.
8003:123146207649792::Thread-213 2020-08-09 19:00:11,396 - According to Forbes, he was the second highest paid athlete in the world in 2015.In July 2019, Pacquiao became the oldest welterweight world champion in history at the age of 40, and the first boxer in history to become a recognized four-time welterweight champion after defeating Keith Thurman to win the WBA (Super) welterweight title.
8003:123146207649792::Thread-213 2020-08-09 19:00:12,626 - Early life and amateur career
Pacquiao was born and raised in Kibawe, Bukidnon, Philippines.
8003:123146207649792::Thread-213 2020-08-09 19:00:14,336 - He is the son of Rosalio Pacquiao and Dionisia Dapidran-Pacquiao.
8003:123146207649792::Thread-213 2020-08-09 19:00:14,475 - His parents separated when he was in sixth grade, after his father had an affair.
8003:123146207649792::Thread-213 2020-08-09 19:00:16,431 - He is the fourth of six siblings, one of whom, Alberto "Bobby" Pacquiao, is also a politician and former professional boxer.
8003:123146207649792::Thread-213 2020-08-09 19:00:24,437 - **END**
