8003:123145664999424::Thread-84 2020-08-09 18:59:29,263 - **START**
8003:123145664999424::Thread-84 2020-08-09 18:59:29,361 - Starting new HTTPS connection (1): en.wikipedia.org
8003:123145664999424::Thread-84 2020-08-09 18:59:31,128 - The Los Angeles Lakers are an American professional basketball team based in Los Angeles.
8003:123145664999424::Thread-84 2020-08-09 18:59:32,103 - The Lakers compete in the National Basketball Association (NBA) as a member of the league's Western Conference Pacific Division.
8003:123145664999424::Thread-84 2020-08-09 18:59:32,239 - The Lakers play their home games at Staples Center, an arena shared with the NBA's Los Angeles Clippers, the Los Angeles Sparks of the Women's National Basketball Association, and the Los Angeles Kings of the National Hockey League.
8003:123145664999424::Thread-84 2020-08-09 18:59:33,011 - The Lakers are one of the most successful teams in the history of the NBA, and have won 16 NBA championships, the second-most behind the Boston Celtics.
8003:123145664999424::Thread-84 2020-08-09 18:59:33,320 - The franchise began with the 1947 purchase of a disbanded team, the Detroit Gems of the National Basketball League (NBL).
8003:123145664999424::Thread-84 2020-08-09 18:59:34,317 - The new team began playing in Minneapolis, calling themselves the Minneapolis Lakers.
8003:123145664999424::Thread-84 2020-08-09 18:59:34,830 - Initially a member of the NBL, the Lakers won the 1948 NBL championship before joining the rival Basketball Association of America, where they would win five of the next six championships, led by star George Mikan.
8003:123145664999424::Thread-84 2020-08-09 18:59:35,560 - After struggling financially in the late 1950s following Mikan's retirement, they relocated to Los Angeles before the 1960–61 season.
8003:123145664999424::Thread-84 2020-08-09 18:59:36,039 - Led by Hall of Famers Elgin Baylor and Jerry West, Los Angeles made the NBA Finals six times in the 1960s, but lost each series to the Celtics, beginning their long and storied rivalry.
8003:123145664999424::Thread-84 2020-08-09 18:59:36,394 - In 1968, the Lakers acquired four-time NBA Most Valuable Player (MVP) Wilt Chamberlain, and won their sixth NBA title—and first in Los Angeles—in 1972, led by new head coach Bill Sharman.
8003:123145664999424::Thread-84 2020-08-09 18:59:42,403 - **END**
8003:123145664999424::Thread-84 2020-08-09 18:59:45,409 - **START**
8003:123145664999424::Thread-84 2020-08-09 18:59:45,415 - Starting new HTTPS connection (1): en.wikipedia.org
8003:123145664999424::Thread-84 2020-08-09 18:59:46,723 - The Guantanamo Bay detention camp is a United States military prison located within Guantanamo Bay Naval Base, also referred to as Guantánamo, GTMO, and Gitmo (), which is on the coast of Guantánamo Bay in Cuba.
8003:123145664999424::Thread-84 2020-08-09 18:59:47,110 - Indefinite detention without trial and torture have led the operations of this camp to be considered a major breach of human rights by Amnesty International and a violation of Due Process Clause of the Fifth and Fourteenth amendments of the United States Constitution.The camp was established by US President George W. Bush's administration in 2002 during the War on Terror.
8003:123145664999424::Thread-84 2020-08-09 18:59:47,548 - His successor, President Barack Obama, promised that he would close it, but met strong bipartisan opposition from the US Congress, which passed laws to prohibit detainees from Guantanamo being imprisoned in the U.S. During Obama's administration, the number of inmates was reduced from about 245 to 41; most former detainees were freed and transferred to other countries.In January 2018, President Donald Trump signed an executive order to keep the detention camp open indefinitely.
8003:123145664999424::Thread-84 2020-08-09 18:59:48,454 - In May 2018, the first prisoner was transferred during Trump's term; this reduced the number of inmates to 40.
8003:123145664999424::Thread-84 2020-08-09 18:59:48,904 - History

At the time of its establishment in January 2002, Secretary of Defense Donald Rumsfeld said the detention camp was established to detain extraordinarily dangerous people, to interrogate detainees in an optimal setting, and to prosecute detainees for war crimes.
8003:123145664999424::Thread-84 2020-08-09 18:59:49,148 - In practice, the site has long been used for enemy combatants.
8003:123145664999424::Thread-84 2020-08-09 18:59:49,867 - The Department of Defense at first kept secret the identity of the individuals held in Guantanamo but, after losing attempts to defy a Freedom of Information Act request from the Associated Press, the U.S. military officially acknowledged holding 779 prisoners in the camp.
8003:123145664999424::Thread-84 2020-08-09 18:59:50,403 - The facility is operated by the Joint Task Force Guantanamo (JTF-GTMO) of the United States government in Guantanamo Bay Naval Base.
8003:123145664999424::Thread-84 2020-08-09 18:59:50,455 - Detention areas consisted of Camp Delta including Camp Echo, Camp Iguana, and Camp X-Ray, which is now closed.After Bush political appointees at the U.S. Office of Legal Counsel, Department of Justice advised the Bush administration that the Guantanamo Bay detention camp could be considered outside U.S. legal jurisdiction, military guards took the first twenty detainees to Camp X-Ray on 11 January 2002.
8003:123145664999424::Thread-84 2020-08-09 18:59:50,671 - The Bush administration asserted that detainees were not entitled to any of the protections of the Geneva Conventions, while also claiming it was treating "all detainees consistently with the principles of the Geneva Convention."
8003:123145664999424::Thread-84 2020-08-09 18:59:50,837 - Ensuing U.S. Supreme Court decisions since 2004 have determined otherwise and that U.S. courts do have jurisdiction: it ruled in Hamdan v.
8003:123145664999424::Thread-84 2020-08-09 18:59:57,864 - **END**
8003:123145664999424::Thread-84 2020-08-09 19:00:02,865 - **START**
8003:123145664999424::Thread-84 2020-08-09 19:00:02,989 - Starting new HTTPS connection (1): en.wikipedia.org
