8003:123145707065344::Thread-94 2020-08-09 18:59:37,261 - **START**
8003:123145707065344::Thread-94 2020-08-09 18:59:37,507 - Starting new HTTPS connection (1): en.wikipedia.org
8003:123145707065344::Thread-94 2020-08-09 18:59:40,882 - Epcot (stylized as EPCOT) is a theme park at the Walt Disney World Resort in Bay Lake, Florida.
8003:123145707065344::Thread-94 2020-08-09 18:59:41,381 - It is owned and operated by The Walt Disney Company through its Parks, Experiences and Products division.
8003:123145707065344::Thread-94 2020-08-09 18:59:41,624 - Inspired by an unrealized concept developed by Walt Disney, the park opened on October 1, 1982, as EPCOT Center, and was the second of four theme parks built at Walt Disney World, after the Magic Kingdom.
8003:123145707065344::Thread-94 2020-08-09 18:59:42,384 - Spanning 305 acres (1.23 km2), more than twice the size of the Magic Kingdom park, Epcot is dedicated to the celebration of human achievement, namely technological innovation and international culture, and is often referred to as a "permanent world's fair".Epcot was originally conceived by Walt Disney during the early development of Walt Disney World, as an experimental planned community that would serve as a center for American enterprise and urban living.
8003:123145707065344::Thread-94 2020-08-09 18:59:43,171 - Known as "EPCOT", the idea included an urban city center, residential areas, industrial areas, schools, and a series of mass transportation systems that would connect the community.
8003:123145707065344::Thread-94 2020-08-09 18:59:43,759 - After Disney's death in 1966, the "EPCOT" concept was abandoned as the company had uncertainty about the feasibility of maintaining an operating city.
8003:123145707065344::Thread-94 2020-08-09 18:59:44,671 - In the 1970s, WED Enterprises began developing a second theme park for the resort to supplement Magic Kingdom, as that park's popularity grew.
8003:123145707065344::Thread-94 2020-08-09 18:59:45,033 - The new park maintained the idea of showcasing modern innovation through avant-garde edutainment attractions, as well as the addition of a world nations exposition.
8003:123145707065344::Thread-94 2020-08-09 18:59:45,314 - The newly-designed park, featuring two sections—Future World and World Showcase—opened as EPCOT Center in 1982.
8003:123145707065344::Thread-94 2020-08-09 18:59:45,779 - In 1994, the park was renamed to "Epcot", dropping the acronym and "Center" from the name.
8003:123145707065344::Thread-94 2020-08-09 18:59:53,782 - **END**
8003:123145707065344::Thread-94 2020-08-09 18:59:57,785 - **START**
8003:123145707065344::Thread-94 2020-08-09 18:59:57,790 - Starting new HTTPS connection (1): en.wikipedia.org
8003:123145707065344::Thread-94 2020-08-09 18:59:59,935 - Stefani Joanne Angelina Germanotta ( STEF-ən-ee JUR-mə-NOT-ə) (born March 28, 1986), known professionally as Lady Gaga, is an American singer, songwriter, record producer, actress, and businesswoman.
8003:123145707065344::Thread-94 2020-08-09 19:00:01,757 - She is known for reinventing herself throughout her career and for her versatility in numerous areas of the entertainment industry.
8003:123145707065344::Thread-94 2020-08-09 19:00:02,517 - Gaga began performing as a teenager, singing at open mic nights and acting in school plays.
8003:123145707065344::Thread-94 2020-08-09 19:00:02,921 - She studied at Collaborative Arts Project 21, through New York University's Tisch School of the Arts, before dropping out to pursue a music career.
8003:123145707065344::Thread-94 2020-08-09 19:00:04,259 - When Def Jam Recordings canceled her contract, she worked as a songwriter for Sony/ATV Music Publishing, where Akon helped her sign a joint deal with Interscope Records and his own label KonLive Distribution in 2007.
8003:123145707065344::Thread-94 2020-08-09 19:00:06,156 - She rose to prominence the following year with her debut album The Fame and its chart-topping singles "Just Dance" and "Poker Face".
8003:123145707065344::Thread-94 2020-08-09 19:00:06,476 - The album was later reissued to include the EP The Fame Monster (2009), which yielded the singles "Bad Romance", "Telephone", and "Alejandro".
8003:123145707065344::Thread-94 2020-08-09 19:00:07,275 - Gaga's five succeeding studio albums have all debuted atop the US Billboard 200.
8003:123145707065344::Thread-94 2020-08-09 19:00:08,474 - Her second full-length album, Born This Way (2011), explored electronic rock and techno-pop and sold more than one million copies in its first week.
8003:123145707065344::Thread-94 2020-08-09 19:00:09,870 - Its title track became the fastest-selling song on the iTunes Store with over a million downloads in less than a week.
8003:123145707065344::Thread-94 2020-08-09 19:00:09,872 - **END**
