8003:123145374744576::Thread-15 2020-08-09 18:59:31,230 - **START**
8003:123145374744576::Thread-15 2020-08-09 18:59:32,723 - Starting new HTTPS connection (1): en.wikipedia.org
8003:123145374744576::Thread-15 2020-08-09 18:59:35,753 - The Delhi Metro is a rapid transit system serving Delhi and its satellite cities of Ghaziabad, Faridabad, Gurgaon, Noida, Bahadurgarh and Ballabhgarh, in the National Capital Region of India.
8003:123145374744576::Thread-15 2020-08-09 18:59:37,916 - It is by far the largest and busiest metro in India, and second oldest after the Kolkata Metro.
8003:123145374744576::Thread-15 2020-08-09 18:59:40,903 - The network consists of Eleven colour-coded regular lines serving 285 stations with a total length of 389 kilometres (242 mi).
8003:123145374744576::Thread-15 2020-08-09 18:59:42,365 - The system has a mix of underground, at-grade, and elevated stations using both broad-gauge and standard-gauge.
8003:123145374744576::Thread-15 2020-08-09 18:59:42,807 - Delhi Metro operates over 2,700 trips daily, starting at around 05:00 and ending at 23:30.Construction started in 1998, and the first elevated section (Shahdara to Tis Hazari) on the Red Line opened in 2002.
8003:123145374744576::Thread-15 2020-08-09 18:59:44,949 - The first underground section (Vishwa Vidyalaya – Kashmere Gate) on the Yellow Line opened in 2004.
8003:123145374744576::Thread-15 2020-08-09 18:59:46,456 - The development of the network was divided into phases.
8003:123145374744576::Thread-15 2020-08-09 18:59:48,431 - Phase I with 3 lines was completed by 2006, and Phase II in 2011.
8003:123145374744576::Thread-15 2020-08-09 18:59:50,650 - As of March 2020, Phase III is in the finishing stage and scheduled to be mostly complete by the end of the year.
8003:123145374744576::Thread-15 2020-08-09 18:59:52,148 - Construction on Phase IV was formally started on 30 December 2019.
8003:123145374744576::Thread-15 2020-08-09 18:59:57,154 - **END**
8003:123145374744576::Thread-15 2020-08-09 19:00:14,156 - **START**
8003:123145374744576::Thread-15 2020-08-09 19:00:14,161 - Starting new HTTPS connection (1): en.wikipedia.org
8003:123145374744576::Thread-15 2020-08-09 19:00:14,721 - Rio de Janeiro (; Portuguese: [ˈʁi.u d(ʒi) ʒɐˈne(j)ɾu] (listen);), or simply Rio, is anchor to the Rio de Janeiro metropolitan area and the second-most populous municipality in Brazil and the sixth-most populous in the Americas.
8003:123145374744576::Thread-15 2020-08-09 19:00:15,114 - Rio de Janeiro is the capital of the state of Rio de Janeiro, Brazil's third-most populous state, after São Paulo and Minas Gerais.
8003:123145374744576::Thread-15 2020-08-09 19:00:15,610 - Part of the city has been designated as a World Heritage Site, named "Rio de Janeiro: Carioca Landscapes between the Mountain and the Sea", by UNESCO on 1 July 2012 as a Cultural Landscape.Founded in 1565 by the Portuguese, the city was initially the seat of the Captaincy of Rio de Janeiro, a domain of the Portuguese Empire.
8003:123145374744576::Thread-15 2020-08-09 19:00:16,127 - Later, in 1763, it became the capital of the State of Brazil, a state of the Portuguese Empire.
8003:123145374744576::Thread-15 2020-08-09 19:00:16,480 - In 1808, when the Portuguese Royal Court transferred itself from Portugal to Brazil, Rio de Janeiro became the chosen seat of the court of Queen Maria I of Portugal, who subsequently, in 1815, under the leadership of her son, the Prince Regent, and future King João VI of Portugal, raised Brazil to the dignity of a kingdom, within the United Kingdom of Portugal, Brazil, and Algarves.
8003:123145374744576::Thread-15 2020-08-09 19:00:16,899 - Rio stayed the capital of the pluricontinental Lusitanian monarchy until 1822, when the War of Brazilian Independence began.
8003:123145374744576::Thread-15 2020-08-09 19:00:17,024 - This is one of the few instances in history that the capital of a colonising country officially shifted to a city in one of its colonies.
8003:123145374744576::Thread-15 2020-08-09 19:00:17,549 - Rio de Janeiro subsequently served as the capital of the independent monarchy, the Empire of Brazil, until 1889, and then the capital of a republican Brazil until 1960 when the capital was transferred to Brasília.
8003:123145374744576::Thread-15 2020-08-09 19:00:18,286 - Rio de Janeiro has the second largest municipal GDP in the country, and 30th largest in the world in 2008, estimated at about R$343 billion (nearly US$201 billion).
8003:123145374744576::Thread-15 2020-08-09 19:00:18,503 - It is headquarters to Brazilian oil, mining, and telecommunications companies, including two of the country's major corporations – Petrobras and Vale – and Latin America's largest telemedia conglomerate, Grupo Globo.
8003:123145374744576::Thread-15 2020-08-09 19:00:24,504 - **END**
