8003:123146350673920::Thread-247 2020-08-09 18:59:31,353 - **START**
8003:123146350673920::Thread-247 2020-08-09 18:59:32,727 - Starting new HTTPS connection (1): en.wikipedia.org
8003:123146350673920::Thread-247 2020-08-09 18:59:36,341 - The Statue of Liberty (Liberty Enlightening the World; French: La Liberté éclairant le monde) is a colossal neoclassical sculpture on Liberty Island in New York Harbor within New York City, in the United States.
8003:123146350673920::Thread-247 2020-08-09 18:59:36,982 - The copper statue, a gift from the people of France to the people of the United States, was designed by French sculptor Frédéric Auguste Bartholdi and its metal framework was built by Gustave Eiffel.
8003:123146350673920::Thread-247 2020-08-09 18:59:37,315 - The statue was dedicated on October 28, 1886.
8003:123146350673920::Thread-247 2020-08-09 18:59:38,548 - The statue is a figure of Libertas, a robed Roman liberty goddess.
8003:123146350673920::Thread-247 2020-08-09 18:59:39,297 - She holds a torch above her head with her right hand, and in her left hand carries a tabula ansata inscribed JULY IV MDCCLXXVI (July 4, 1776 in Roman numerals), the date of the U.S.
8003:123146350673920::Thread-247 2020-08-09 18:59:41,873 - Declaration of Independence.
8003:123146350673920::Thread-247 2020-08-09 18:59:44,300 - A broken shackle and chain lie at her feet as she walks forward, commemorating the recent national abolition of slavery.
8003:123146350673920::Thread-247 2020-08-09 18:59:46,273 - After its dedication, the statue became an icon of freedom and of the United States, seen as a symbol of welcome to immigrants arriving by sea.
8003:123146350673920::Thread-247 2020-08-09 18:59:48,825 - Bartholdi was inspired by a French law professor and politician, Édouard René de Laboulaye, who is said to have commented in 1865 that any monument raised to U.S. independence would properly be a joint project of the French and U.S. peoples.
8003:123146350673920::Thread-247 2020-08-09 18:59:49,956 - The Franco-Prussian War delayed progress until 1875, when Laboulaye proposed that the French finance the statue and the U.S. provide the site and build the pedestal.
8003:123146350673920::Thread-247 2020-08-09 18:59:50,361 - Bartholdi completed the head and the torch-bearing arm before the statue was fully designed, and these pieces were exhibited for publicity at international expositions.
8003:123146350673920::Thread-247 2020-08-09 18:59:59,362 - **END**
8003:123146350673920::Thread-247 2020-08-09 19:00:01,398 - **START**
8003:123146350673920::Thread-247 2020-08-09 19:00:01,508 - Starting new HTTPS connection (1): en.wikipedia.org
8003:123146350673920::Thread-247 2020-08-09 19:00:02,984 - David is a masterpiece of Renaissance sculpture created in marble between 1501 and 1504 by the Italian artist Michelangelo.
8003:123146350673920::Thread-247 2020-08-09 19:00:04,683 - David is a 5.17-metre (17.0 ft) marble statue of the Biblical figure David, a favoured subject in the art of Florence.David was originally commissioned as one of a series of statues of prophets to be positioned along the roofline of the east end of Florence Cathedral, but was instead placed in a public square, outside the Palazzo Vecchio, the seat of civic government in Florence, in the Piazza della Signoria, where it was unveiled on 8 September 1504.
8003:123146350673920::Thread-247 2020-08-09 19:00:05,977 - The statue was moved to the Galleria dell'Accademia, Florence, in 1873, and later replaced at the original location by a replica.
8003:123146350673920::Thread-247 2020-08-09 19:00:08,633 - Because of the nature of the figure it represented, the statue soon came to symbolize the defence of civil liberties embodied in the Republic of Florence, an independent city-state threatened on all sides by more powerful rival states and by the hegemony of the Medici family.
8003:123146350673920::Thread-247 2020-08-09 19:00:09,032 - The eyes of David, with a warning glare, were fixated towards Rome.
8003:123146350673920::Thread-247 2020-08-09 19:00:09,939 - History


Commission
The history of the statue begins before Michelangelo's work on it from 1501 to 1504.
8003:123146350673920::Thread-247 2020-08-09 19:00:11,411 - Prior to Michelangelo's involvement, the Overseers of the Office of Works of Florence Cathedral, consisting mostly of members of the influential woolen cloth guild, the Arte della Lana, had plans to commission a series of twelve large Old Testament sculptures for the buttresses of the cathedral.
8003:123146350673920::Thread-247 2020-08-09 19:00:14,132 - In 1410, Donatello made the first of the statues, a figure of Joshua in terracotta.
8003:123146350673920::Thread-247 2020-08-09 19:00:16,706 - A figure of Hercules, also in terracotta, was commissioned from the Florentine sculptor Agostino di Duccio in 1463 and was made perhaps under Donatello's direction.
8003:123146350673920::Thread-247 2020-08-09 19:00:19,202 - Eager to continue their project, in 1464, the Operai contracted Agostino to create a sculpture of David.
8003:123146350673920::Thread-247 2020-08-09 19:00:27,208 - **END**
