8003:123146161377280::Thread-202 2020-08-09 18:59:36,308 - **START**
8003:123146161377280::Thread-202 2020-08-09 18:59:36,573 - Starting new HTTPS connection (1): en.wikipedia.org
8003:123146161377280::Thread-202 2020-08-09 18:59:39,618 - Stoya is an American pornographic actress, actress, model and writer.
8003:123146161377280::Thread-202 2020-08-09 18:59:40,012 - Early life
Stoya was born to a Scottish father and a Serbian mother.
8003:123146161377280::Thread-202 2020-08-09 18:59:40,707 - As a child, she wanted to become a dancer, starting dance lessons at the age of three.
8003:123146161377280::Thread-202 2020-08-09 18:59:41,210 - She was home-schooled and received her high-school diploma before the age of sixteen.
8003:123146161377280::Thread-202 2020-08-09 18:59:41,860 - Because her father worked in IT, Stoya had access to a lot of electronics and gaming equipment, which she says developed her love for technology.
8003:123146161377280::Thread-202 2020-08-09 18:59:42,807 - "I was three when I was using DOS.
8003:123146161377280::Thread-202 2020-08-09 18:59:43,760 - My mom taught me how to read, and my dad taught me how to navigate DOS", she has said.After relocating to Philadelphia, she attended a summer program at UArts.
8003:123146161377280::Thread-202 2020-08-09 18:59:44,269 - Some of her jobs in Philadelphia included being a secretary, flier distributor, and a go-go dancer.
8003:123146161377280::Thread-202 2020-08-09 18:59:44,274 - Stoya appeared in several music videos for bands that, according to her, "no one will ever hear of."
8003:123146161377280::Thread-202 2020-08-09 18:59:45,137 - In May 2009, Stoya said that she would be moving from Philadelphia and relocating to Los Angeles in the fall of that year.
8003:123146161377280::Thread-202 2020-08-09 18:59:45,905 - Career
Stoya began posing for adult pictures for a friend, which eventually led her to modelling and working for alt-erotic websites.
8003:123146161377280::Thread-202 2020-08-09 18:59:46,304 - She chose her stage name based on a shortened version of her grandmother's Serbian maiden name and trademarked the name in 2009.Stoya was featured in two DVD productions for Razordolls, and she made a non-sex, cameo appearance in two Vivid Alt titles before being contacted by Digital Playground with a proposition to perform in a hardcore lesbian scene with Sophia Santi.
8003:123146161377280::Thread-202 2020-08-09 18:59:51,309 - **END**
8003:123146161377280::Thread-202 2020-08-09 18:59:56,314 - **START**
8003:123146161377280::Thread-202 2020-08-09 18:59:56,333 - Starting new HTTPS connection (1): en.wikipedia.org
8003:123146161377280::Thread-202 2020-08-09 18:59:57,249 - Socrates (; Ancient Greek: Σωκρᾰ́της Sōkrátēs [sɔːkrátɛːs]; c. 470 – 399 BC) was a Greek philosopher from Athens who is credited as one of the founders of Western philosophy, and as being the first moral philosopher of the Western ethical tradition of thought.
8003:123146161377280::Thread-202 2020-08-09 18:59:57,603 - An enigmatic figure, he made no writings, and is known chiefly through the accounts of classical writers writing after his lifetime, particularly his students Plato and Xenophon.
8003:123146161377280::Thread-202 2020-08-09 18:59:59,362 - Other sources include the contemporaneous Antisthenes, Aristippus, and Aeschines of Sphettos.
8003:123146161377280::Thread-202 2020-08-09 19:00:00,204 - Aristophanes, a playwright, is the main contemporary author to have written plays mentioning Socrates during Socrates' lifetime, though a fragment of Ion of Chios' Travel Journal provides important information about Socrates' youth.Plato's dialogues are among the most comprehensive accounts of Socrates to survive from antiquity, from which Socrates has become renowned for his contributions to the fields of ethics and epistemology.
8003:123146161377280::Thread-202 2020-08-09 19:00:01,782 - It is this Platonic Socrates who lends his name to the concepts of Socratic irony and the Socratic method, or elenchus.
8003:123146161377280::Thread-202 2020-08-09 19:00:02,982 - However, questions remain regarding the distinction between the real-life Socrates and Plato's portrayal of Socrates in his dialogues.
8003:123146161377280::Thread-202 2020-08-09 19:00:03,668 - Socrates exerted a strong influence on philosophers in later antiquity and in the modern era.
8003:123146161377280::Thread-202 2020-08-09 19:00:04,448 - Depictions of Socrates in art, literature and popular culture have made him one of the most widely known figures in the Western philosophical tradition.
8003:123146161377280::Thread-202 2020-08-09 19:00:05,970 - Socratic problem

As Socrates did not write down any of his teachings, secondary sources provide the only information on his life and thought.
8003:123146161377280::Thread-202 2020-08-09 19:00:06,514 - The sometimes contradictory nature of these sources is known as the Socratic problem, or the Socratic question.Plato and Xenophon's dialogues provide the main source of information on Socrates's life and thought.
8003:123146161377280::Thread-202 2020-08-09 19:00:10,519 - **END**
