8003:123145505148928::Thread-46 2020-08-09 18:59:30,237 - **START**
8003:123145505148928::Thread-46 2020-08-09 18:59:31,151 - Starting new HTTPS connection (1): en.wikipedia.org
8003:123145505148928::Thread-46 2020-08-09 18:59:33,522 - Manchester City Football Club is an English football club based in Manchester that competes in the Premier League, the top flight of English football.
8003:123145505148928::Thread-46 2020-08-09 18:59:35,749 - Founded in 1880 as St. Mark's (West Gorton), it became Ardwick Association Football Club in 1887 and Manchester City in 1894.
8003:123145505148928::Thread-46 2020-08-09 18:59:36,401 - The club's home ground is the Etihad Stadium in east Manchester, to which it moved in 2003, having played at Maine Road since 1923.
8003:123145505148928::Thread-46 2020-08-09 18:59:39,295 - The club adopted their sky blue home shirts in 1894 in the first season of the club's current iteration, that have been used ever since.Manchester City entered the Football League in 1899, and won their first major honour with the FA Cup in 1904.
8003:123145505148928::Thread-46 2020-08-09 18:59:39,485 - The club had its first major period of success in the late 1960s, winning the League, European Cup Winners Cup, FA Cup and League Cup under the management of Joe Mercer and Malcolm Allison.
8003:123145505148928::Thread-46 2020-08-09 18:59:41,205 - After losing the 1981 FA Cup Final, the club went through a period of decline, culminating in relegation to the third tier of English football for the only time in its history in 1998.
8003:123145505148928::Thread-46 2020-08-09 18:59:41,740 - They since regained promotion to the top tier in 2001–02 and have remained a fixture in the Premier League since 2002–03.
8003:123145505148928::Thread-46 2020-08-09 18:59:41,939 - In 2008, Manchester City was purchased by Abu Dhabi United Group for £210 million and received considerable financial investment in both playing staff and club facilities, including the £150 million Etihad Campus in east Manchester.
8003:123145505148928::Thread-46 2020-08-09 18:59:43,351 - Under the management of Pep Guardiola they won the Premier League in 2018 becoming the only Premier League team to attain 100 points in a single season.
8003:123145505148928::Thread-46 2020-08-09 18:59:50,354 - **END**
8003:123145505148928::Thread-46 2020-08-09 18:59:55,357 - **START**
8003:123145505148928::Thread-46 2020-08-09 18:59:55,364 - Starting new HTTPS connection (1): en.wikipedia.org
8003:123145505148928::Thread-46 2020-08-09 18:59:55,932 - Arrow is an American superhero television series developed by Greg Berlanti, Marc Guggenheim, and Andrew Kreisberg based on the DC Comics character Green Arrow, a costumed crime-fighter created by Mort Weisinger and George Papp, and is set in the Arrowverse with other related television series.
8003:123145505148928::Thread-46 2020-08-09 18:59:56,108 - The series premiered in the United States on The CW on October 10, 2012, and was primarily filmed in Vancouver, British Columbia, Canada.
8003:123145505148928::Thread-46 2020-08-09 18:59:56,223 - In January 2019, The CW renewed the series for a ten-episode eighth season, announcing in March that it would be the final season.
8003:123145505148928::Thread-46 2020-08-09 18:59:56,524 - The season premiered on October 15, 2019 and featured the "Crisis on Infinite Earths" crossover event; the series finale aired on January 28, 2020.
8003:123145505148928::Thread-46 2020-08-09 18:59:56,965 - Arrow follows billionaire playboy Oliver Queen (Stephen Amell), who claimed to have spent five years shipwrecked on Lian Yu, a mysterious island in the North China Sea, before returning home to Starling City (later renamed "Star City") to fight crime and corruption as a secret vigilante whose weapon of choice is a bow and arrow.
8003:123145505148928::Thread-46 2020-08-09 18:59:57,294 - Throughout the series, Oliver is joined by others, among them former soldier John Diggle (David Ramsey), I.T.
8003:123145505148928::Thread-46 2020-08-09 18:59:58,270 - expert and skilled hacker Felicity Smoak (Emily Bett Rickards), former assassin Sara Lance (Caity Lotz), aspiring vigilante Roy Harper (Colton Haynes), Oliver's sister Thea (Willa Holland), and attorney-turned-vigilante Laurel Lance (Katie Cassidy).
8003:123145505148928::Thread-46 2020-08-09 18:59:58,756 - During the first five seasons of the show, characters from Oliver's past appear in a separate story arc based on Oliver's flashbacks.
8003:123145505148928::Thread-46 2020-08-09 18:59:58,913 - Starting with season seven, a series of flash-forwards focus on Oliver's children William and Mia, exploring how present events would affect their future and Green Arrow's legacy.
8003:123145505148928::Thread-46 2020-08-09 18:59:59,619 - The series takes a new look at the Green Arrow character, as well as other characters from the DC Comics universe.
8003:123145505148928::Thread-46 2020-08-09 19:00:00,382 - Although Oliver Queen / Green Arrow had been featured in the television series Smallville from 2006 to 2011, on The CW, the producers decided to start clean and find a new actor to portray the character.
8003:123145505148928::Thread-46 2020-08-09 19:00:07,386 - **END**
