8003:123145635553280::Thread-77 2020-08-09 18:59:27,255 - **START**
8003:123145635553280::Thread-77 2020-08-09 18:59:27,522 - Starting new HTTPS connection (1): en.wikipedia.org
8003:123145635553280::Thread-77 2020-08-09 18:59:28,293 - The Statue of Unity is a colossal statue of Indian statesman and independence activist Sardar Vallabhbhai Patel (1875–1950), who was the first Deputy Prime Minister and Home minister of independent India and adherent of Mahatma Gandhi during the non-violent Indian Independence movement.
8003:123145635553280::Thread-77 2020-08-09 18:59:29,342 - Patel was highly respected for his leadership in uniting 562 princely states of India with a major part of the former British Raj to form the single Union of India.
8003:123145635553280::Thread-77 2020-08-09 18:59:31,342 - The statue is located in the state of Gujarat, India.
8003:123145635553280::Thread-77 2020-08-09 18:59:32,769 - It is the world's tallest statue with a height of 182 metres (597 ft).
8003:123145635553280::Thread-77 2020-08-09 18:59:33,875 - It is located on the Narmada River in the Kevadiya colony, facing the Sardar Sarovar Dam 100 kilometres (62 mi) southeast of the city of Vadodara and 150 kilometres (93 mi) from Surat.
8003:123145635553280::Thread-77 2020-08-09 18:59:34,285 - The project was first announced in 2010 and the construction of the statue started in October 2013 by Larsen & Toubro, with a total construction cost of ₹2,989 crore (₹29.89 billion; US$437 million).
8003:123145635553280::Thread-77 2020-08-09 18:59:35,748 - It was designed by Indian sculptor Ram V. Sutar, and was inaugurated by Indian Prime Minister Narendra Modi on 31 October 2018, the 143rd anniversary of Sardar Patel's birth.
8003:123145635553280::Thread-77 2020-08-09 18:59:36,012 - History
Narendra Modi first announced the project to commemorate Vallabhbhai Patel on 7 October 2013 at a press conference to mark the beginning of his 10th year as The Chief Minister of Gujarat.
8003:123145635553280::Thread-77 2020-08-09 18:59:36,561 - At the time, the project was dubbed, "Gujarat's tribute to the nation".A separate Society named Sardar Vallabhbhai Patel Rashtriya Ekta Trust (SVPRET) was formed under the chairmanship of the Chief minister, Government of Gujarat, to ensure seamless execution of the entire project.An outreach drive named the Statue of Unity Movement was started to support the construction of the statue.
8003:123145635553280::Thread-77 2020-08-09 18:59:37,111 - It helped collect the iron needed for the statue by asking farmers to donate their used farming instruments.
8003:123145635553280::Thread-77 2020-08-09 18:59:38,154 - **END**
8003:123145635553280::Thread-77 2020-08-09 18:59:45,208 - **START**
8003:123145635553280::Thread-77 2020-08-09 18:59:45,219 - Starting new HTTPS connection (1): en.wikipedia.org
8003:123145635553280::Thread-77 2020-08-09 18:59:46,787 - David Robert Joseph Beckham  (UK: ; born 2 May 1975) is an English former professional footballer, the current president & co-owner of Inter Miami CF and co-owner of Salford City.
8003:123145635553280::Thread-77 2020-08-09 18:59:49,272 - He played for Manchester United, Preston North End, Real Madrid, Milan, LA Galaxy, Paris Saint-Germain and the England national team, for which he held the appearance record for an outfield player until 2016.
8003:123145635553280::Thread-77 2020-08-09 18:59:51,326 - He is the first English player to win league titles in four countries: England, Spain, the United States and France.
8003:123145635553280::Thread-77 2020-08-09 18:59:51,351 - He retired in May 2013 after a 20-year career, during which he won 19 major trophies.Beckham's professional club career began with Manchester United, where he made his first-team debut in 1992 at age 17.
8003:123145635553280::Thread-77 2020-08-09 18:59:53,224 - With United, he won the Premier League title six times, the FA Cup twice, and the UEFA Champions League in 1999.
8003:123145635553280::Thread-77 2020-08-09 18:59:55,650 - He then played four seasons with Real Madrid, winning the La Liga championship in his final season with the club.
8003:123145635553280::Thread-77 2020-08-09 18:59:56,803 - In July 2007, Beckham signed a five-year contract with Major League Soccer club LA Galaxy.
8003:123145635553280::Thread-77 2020-08-09 18:59:57,448 - While a Galaxy player, he spent two loan spells in Italy with Milan in 2009 and 2010.
8003:123145635553280::Thread-77 2020-08-09 18:59:59,005 - He was the first British footballer to play 100 UEFA Champions League games.
8003:123145635553280::Thread-77 2020-08-09 18:59:59,133 - In international football, Beckham made his England debut on 1 September 1996 at the age of 21.
8003:123145635553280::Thread-77 2020-08-09 19:00:00,133 - **END**
