8003:123146035179520::Thread-172 2020-08-09 18:59:30,273 - **START**
8003:123146035179520::Thread-172 2020-08-09 18:59:31,135 - Starting new HTTPS connection (1): en.wikipedia.org
8003:123146035179520::Thread-172 2020-08-09 18:59:32,756 - The Buddha (also known as Siddhattha Gotama or Siddhārtha Gautama) was a philosopher, mendicant, meditator, spiritual teacher, and religious leader who lived in Ancient India (c. 5th to 4th century BCE).
8003:123146035179520::Thread-172 2020-08-09 18:59:32,928 - He is revered as the founder of the world religion of Buddhism.
8003:123146035179520::Thread-172 2020-08-09 18:59:33,041 - He taught for around 45 years and built a large following, both monastic and lay.
8003:123146035179520::Thread-172 2020-08-09 18:59:33,995 - His teaching is based on his insight into duḥkha (typically translated as "suffering") and the end of dukkha – the state called Nibbāna or Nirvana.
8003:123146035179520::Thread-172 2020-08-09 18:59:34,317 - The Buddha was born into an aristocratic family, in the Shakya clan but eventually renounced lay life.
8003:123146035179520::Thread-172 2020-08-09 18:59:34,968 - According to Buddhist tradition, after several years of mendicancy, meditation, and asceticism, he awakened to understand the mechanism which keeps people trapped in the cycle of rebirth.
8003:123146035179520::Thread-172 2020-08-09 18:59:35,863 - The Buddha then traveled throughout the Ganges plain teaching and building a religious community.
8003:123146035179520::Thread-172 2020-08-09 18:59:36,039 - The Buddha taught a middle way between sensual indulgence and the severe asceticism found in the Indian śramaṇa movement.
8003:123146035179520::Thread-172 2020-08-09 18:59:37,112 - He taught a spiritual path that included ethical training and meditative practices such as jhana and mindfulness.
8003:123146035179520::Thread-172 2020-08-09 18:59:46,124 - **END**
8003:123146035179520::Thread-172 2020-08-09 18:59:56,130 - **START**
8003:123146035179520::Thread-172 2020-08-09 18:59:56,139 - Starting new HTTPS connection (1): en.wikipedia.org
8003:123146035179520::Thread-172 2020-08-09 18:59:58,782 - The Spice Girls are an English pop girl group formed in 1994.
8003:123146035179520::Thread-172 2020-08-09 19:00:00,560 - The group comprises Melanie Brown, also known as Mel B ("Scary Spice"), Melanie Chisholm, also known as Mel C ("Sporty Spice"), Emma Bunton ("Baby Spice"), Geri Halliwell ("Ginger Spice") and Victoria Beckham ("Posh Spice").
8003:123146035179520::Thread-172 2020-08-09 19:00:00,665 - They were signed to Virgin Records and released their debut single "Wannabe" in 1996; it hit number one in 37 countries and commenced their global success.
8003:123146035179520::Thread-172 2020-08-09 19:00:01,510 - Their debut album Spice sold more than 23 million copies worldwide, becoming the best-selling album by a female group in history.
8003:123146035179520::Thread-172 2020-08-09 19:00:03,558 - Their follow-up album, Spiceworld sold over 13 million copies worldwide.
8003:123146035179520::Thread-172 2020-08-09 19:00:06,405 - The Spice Girls have sold 85 million records worldwide, making them the best-selling girl group of all time, one of the best-selling pop groups of all time, and the biggest British pop success since the Beatles.
8003:123146035179520::Thread-172 2020-08-09 19:00:07,245 - Among the highest-profile acts in 1990s popular culture, Time called them "arguably the most recognizable face" of Cool Britannia, the mid-1990s celebration of youth culture in the UK.Measures of their success include international record sales, a 2007–2008 reunion tour, a 2019 reunion tour, vast merchandising enterprises, iconic symbolism such as Halliwell's Union Jack dress representing "girl power", and a film, Spice World.
8003:123146035179520::Thread-172 2020-08-09 19:00:08,760 - The group became one of the most successful marketing engines ever, earning up to $75 million per year, with their global gross income estimated at $500–800 million by May 1998.
8003:123146035179520::Thread-172 2020-08-09 19:00:10,755 - Under the guidance of their mentor and manager Simon Fuller, the Spice Girls embraced merchandising and became a regular feature of the British and global press.
8003:123146035179520::Thread-172 2020-08-09 19:00:13,160 - In 1996, Top of the Pops magazine gave each member of the group aliases, which were adopted by the group and media.
8003:123146035179520::Thread-172 2020-08-09 19:00:22,162 - **END**
