8003:123145589280768::Thread-66 2020-08-09 18:59:30,254 - **START**
8003:123145589280768::Thread-66 2020-08-09 18:59:31,139 - Starting new HTTPS connection (1): en.wikipedia.org
8003:123145589280768::Thread-66 2020-08-09 18:59:34,318 - Aristotle (; Greek: Ἀριστοτέλης Aristotélēs, pronounced [aristotélɛːs]; 384–322 BC) was a Greek philosopher and polymath during the Classical period in Ancient Greece.
8003:123145589280768::Thread-66 2020-08-09 18:59:35,431 - Taught by Plato, he was the founder of the Lyceum, the Peripatetic school of philosophy, and the Aristotelian tradition.
8003:123145589280768::Thread-66 2020-08-09 18:59:36,938 - His writings cover many subjects including physics, biology, zoology, metaphysics, logic, ethics, aesthetics, poetry, theatre, music, rhetoric, psychology, linguistics, economics, politics, and government.
8003:123145589280768::Thread-66 2020-08-09 18:59:37,436 - Aristotle provided a complex synthesis of the various philosophies existing prior to him.
8003:123145589280768::Thread-66 2020-08-09 18:59:38,533 - It was above all from his teachings that the West inherited its intellectual lexicon, as well as problems and methods of inquiry.
8003:123145589280768::Thread-66 2020-08-09 18:59:41,130 - As a result, his philosophy has exerted a unique influence on almost every form of knowledge in the West and it continues to be a subject of contemporary philosophical discussion.
8003:123145589280768::Thread-66 2020-08-09 18:59:42,840 - Little is known about his life.
8003:123145589280768::Thread-66 2020-08-09 18:59:43,760 - Aristotle was born in the city of Stagira in Northern Greece.
8003:123145589280768::Thread-66 2020-08-09 18:59:45,643 - His father, Nicomachus, died when Aristotle was a child, and he was brought up by a guardian.
8003:123145589280768::Thread-66 2020-08-09 18:59:46,248 - At seventeen or eighteen years of age he joined Plato's Academy in Athens and remained there until the age of thirty-seven (c.
8003:123145589280768::Thread-66 2020-08-09 18:59:49,251 - **END**
8003:123145589280768::Thread-66 2020-08-09 18:59:52,263 - **START**
8003:123145589280768::Thread-66 2020-08-09 18:59:52,286 - Starting new HTTPS connection (1): en.wikipedia.org
8003:123145589280768::Thread-66 2020-08-09 18:59:54,026 - Mia Khalifa (; Arabic: ميا خليفة‎, Lebanese Arabic pronunciation: [ˈmiːa xaˈliːfe]; born February 10, 1993), also known as Mia Callista, is a Lebanese-American social media personality, sports commentator, webcam model, and former pornographic actress.
8003:123145589280768::Thread-66 2020-08-09 18:59:54,698 - Born in Beirut, Lebanon, Khalifa moved to the United States in 2001.
8003:123145589280768::Thread-66 2020-08-09 18:59:54,808 - She began acting in pornography in October 2014, and by December was ranked the most viewed performer on the website Pornhub.
8003:123145589280768::Thread-66 2020-08-09 18:59:55,913 - Her career choice was met with controversy in the Middle East, especially for a video in which she performed sexual acts while wearing the Islamic hijab.
8003:123145589280768::Thread-66 2020-08-09 18:59:57,087 - Khalifa left the pornographic industry to pursue other interests.
8003:123145589280768::Thread-66 2020-08-09 18:59:58,205 - Early life
Mia Khalifa was born on February 10, 1993, in Beirut, Lebanon, and moved with her family to the United States in January 2001, leaving their home in the wake of the South Lebanon conflict.
8003:123145589280768::Thread-66 2020-08-09 18:59:59,368 - Her family is Catholic and she was raised in that religion, in what she describes as a "very conservative" home, although she is no longer practicing.
8003:123145589280768::Thread-66 2020-08-09 19:00:01,317 - Khalifa attended a French private school in Beirut, where she learned to speak English.
8003:123145589280768::Thread-66 2020-08-09 19:00:03,043 - After moving to the United States, she lived in Montgomery County, Maryland, and played lacrosse in high school.
8003:123145589280768::Thread-66 2020-08-09 19:00:04,956 - Khalifa attended Northwest High School.
8003:123145589280768::Thread-66 2020-08-09 19:00:04,956 - **END**
