8003:123145399984128::Thread-21 2020-08-09 18:59:29,232 - **START**
8003:123145399984128::Thread-21 2020-08-09 18:59:29,354 - Starting new HTTPS connection (1): en.wikipedia.org
8003:123145399984128::Thread-21 2020-08-09 18:59:31,647 - The United States Penitentiary, Administrative Maximum Facility (USP Florence ADMAX) is an American federal prison in unincorporated Fremont County near Florence, Colorado.
8003:123145399984128::Thread-21 2020-08-09 18:59:32,683 - It is operated by the Federal Bureau of Prisons, a division of the United States Department of Justice.
8003:123145399984128::Thread-21 2020-08-09 18:59:33,038 - ADX Florence, which opened in 1994, is classed as a supermax or "control unit" prison, thus providing a higher level of custody than a maximum security prison.
8003:123145399984128::Thread-21 2020-08-09 18:59:33,297 - ADX Florence forms part of the Florence Federal Correctional Complex (FCC Florence), which is situated on 49 acres (20 ha) of land and houses different facilities with varying degrees of security, including the United States Penitentiary, Florence High.
8003:123145399984128::Thread-21 2020-08-09 18:59:33,516 - ADX Florence was commissioned as the Federal Bureau of Prisons needed a unit designed specifically for the secure housing of those prisoners most capable of violence toward staff or other inmates.
8003:123145399984128::Thread-21 2020-08-09 18:59:33,804 - As of July 2020, there are 365 prisoners who spend 23 hours per day in single cells with facilities made of poured concrete to deter self-harm, and 24-hour supervision, carried out intensively with high staff-inmate ratios.
8003:123145399984128::Thread-21 2020-08-09 18:59:36,240 - Phones are generally banned and only limited broadcast entertainment is permitted.
8003:123145399984128::Thread-21 2020-08-09 18:59:36,981 - After three years in maximum confinement, some prisoners may be transferred to a less restrictive prison.
8003:123145399984128::Thread-21 2020-08-09 18:59:38,650 - The aim is to encourage "reasonably peaceful behavior" from the most violent "career" prisoners.
8003:123145399984128::Thread-21 2020-08-09 18:59:40,721 - Function
The institution is unofficially known as ADX Florence, or the "Alcatraz of the Rockies".
8003:123145399984128::Thread-21 2020-08-09 18:59:43,760 - **END**
8003:123145399984128::Thread-21 2020-08-09 18:59:43,814 - **START**
8003:123145399984128::Thread-21 2020-08-09 18:59:44,025 - Starting new HTTPS connection (1): en.wikipedia.org
8003:123145399984128::Thread-21 2020-08-09 18:59:44,925 - Finn Wolfhard (born December 23, 2002) is a Canadian actor, musician, screenwriter and director.
8003:123145399984128::Thread-21 2020-08-09 18:59:45,632 - His acting roles include Mike Wheeler in the Netflix series Stranger Things (2016–present), for which he has won Screen Actors Guild Award for Outstanding Performance by an Ensemble in a Drama Series out of three nominations.
8003:123145399984128::Thread-21 2020-08-09 18:59:47,111 - His film roles include Richie Tozier in the film adaptation of Stephen King's horror novel It (2017) and its sequel It: Chapter Two (2019), Boris Pavlivosky in the drama film The Goldfinch (2019), the voice of Pugsley Addams in The Addams Family (2019), and Trevor in the upcoming supernatural film Ghostbusters: Afterlife (2021).
8003:123145399984128::Thread-21 2020-08-09 18:59:48,501 - Wolfhard will make his directorial debut with the comedy short film  Night Shifts (2020).
8003:123145399984128::Thread-21 2020-08-09 18:59:50,272 - As a musician, he was the lead vocalist and guitarist for the rock band Calpurnia, and is currently a member of The Aubreys.
8003:123145399984128::Thread-21 2020-08-09 18:59:50,453 - Early life
Wolfhard was born in Vancouver, British Columbia, Canada, to a family of French, German, and Jewish descent.
8003:123145399984128::Thread-21 2020-08-09 18:59:51,143 - He attends Catholic school.
8003:123145399984128::Thread-21 2020-08-09 18:59:52,004 - His father, Eric Wolfhard, is a researcher on aboriginal land claims.
8003:123145399984128::Thread-21 2020-08-09 18:59:52,171 - He has an older brother, actor Nick Wolfhard.
8003:123145399984128::Thread-21 2020-08-09 18:59:54,058 - Career


Acting
Wolfhard got his first acting job from Craigslist.
8003:123145399984128::Thread-21 2020-08-09 19:00:03,061 - **END**
