8003:123145639759872::Thread-78 2020-08-09 18:59:28,251 - **START**
8003:123145639759872::Thread-78 2020-08-09 18:59:28,588 - Starting new HTTPS connection (1): en.wikipedia.org
8003:123145639759872::Thread-78 2020-08-09 18:59:30,505 - The Pantheon (UK: , US: ; Latin: Pantheum, from Greek Πάνθειον Pantheion, "[temple] of all the gods") is a former Roman temple, now a Catholic church (Basilica di Santa Maria ad Martyres or Basilica of St. Mary and the Martyrs), in Rome, Italy, on the site of an earlier temple commissioned by Marcus Agrippa during the reign of Augustus (27 BC – 14 AD).
8003:123145639759872::Thread-78 2020-08-09 18:59:31,524 - It was rebuilt by the emperor Hadrian and probably dedicated about 126 AD.
8003:123145639759872::Thread-78 2020-08-09 18:59:32,585 - Its date of construction is uncertain, because Hadrian chose not to inscribe the new temple but rather to retain the inscription of Agrippa's older temple, which had burned down.The building is cylindrical with a portico of large granite Corinthian columns (eight in the first rank  and two groups of four behind) under a pediment.
8003:123145639759872::Thread-78 2020-08-09 18:59:34,740 - A rectangular vestibule links the porch to the rotunda, which is under a coffered concrete dome, with a central opening (oculus) to the sky.
8003:123145639759872::Thread-78 2020-08-09 18:59:34,882 - Almost two thousand years after it was built, the Pantheon's dome is still the world's largest unreinforced concrete dome.
8003:123145639759872::Thread-78 2020-08-09 18:59:36,557 - The height to the oculus and the diameter of the interior circle are the same, 43 metres (142 ft).It is one of the best-preserved of all Ancient Roman buildings, in large part because it has been in continuous use throughout its history and, since the 7th century, the Pantheon has been in use as a church dedicated to "St. Mary and the Martyrs" (Latin: Sancta Maria ad Martyres) but informally known as "Santa Maria Rotonda".
8003:123145639759872::Thread-78 2020-08-09 18:59:37,814 - The square in front of the Pantheon is called Piazza della Rotonda.
8003:123145639759872::Thread-78 2020-08-09 18:59:40,660 - The Pantheon is a state property, managed by Italy's Ministry of Cultural Heritage and Activities and Tourism through the Polo Museale del Lazio; in 2013 it was visited by over 6 million people.
8003:123145639759872::Thread-78 2020-08-09 18:59:43,367 - The Pantheon's large circular domed cella, with a conventional temple portico front, was unique in Roman architecture.
8003:123145639759872::Thread-78 2020-08-09 18:59:43,368 - **END**
8003:123145639759872::Thread-78 2020-08-09 18:59:46,370 - **START**
8003:123145639759872::Thread-78 2020-08-09 18:59:46,379 - Starting new HTTPS connection (1): en.wikipedia.org
8003:123145639759872::Thread-78 2020-08-09 18:59:47,784 - Epcot (stylized as EPCOT) is a theme park at the Walt Disney World Resort in Bay Lake, Florida.
8003:123145639759872::Thread-78 2020-08-09 18:59:48,088 - It is owned and operated by The Walt Disney Company through its Parks, Experiences and Products division.
8003:123145639759872::Thread-78 2020-08-09 18:59:48,499 - Inspired by an unrealized concept developed by Walt Disney, the park opened on October 1, 1982, as EPCOT Center, and was the second of four theme parks built at Walt Disney World, after the Magic Kingdom.
8003:123145639759872::Thread-78 2020-08-09 18:59:49,149 - Spanning 305 acres (1.23 km2), more than twice the size of the Magic Kingdom park, Epcot is dedicated to the celebration of human achievement, namely technological innovation and international culture, and is often referred to as a "permanent world's fair".Epcot was originally conceived by Walt Disney during the early development of Walt Disney World, as an experimental planned community that would serve as a center for American enterprise and urban living.
8003:123145639759872::Thread-78 2020-08-09 18:59:50,868 - Known as "EPCOT", the idea included an urban city center, residential areas, industrial areas, schools, and a series of mass transportation systems that would connect the community.
8003:123145639759872::Thread-78 2020-08-09 18:59:51,205 - After Disney's death in 1966, the "EPCOT" concept was abandoned as the company had uncertainty about the feasibility of maintaining an operating city.
8003:123145639759872::Thread-78 2020-08-09 18:59:52,140 - In the 1970s, WED Enterprises began developing a second theme park for the resort to supplement Magic Kingdom, as that park's popularity grew.
8003:123145639759872::Thread-78 2020-08-09 18:59:53,853 - The new park maintained the idea of showcasing modern innovation through avant-garde edutainment attractions, as well as the addition of a world nations exposition.
8003:123145639759872::Thread-78 2020-08-09 18:59:54,050 - The newly-designed park, featuring two sections—Future World and World Showcase—opened as EPCOT Center in 1982.
8003:123145639759872::Thread-78 2020-08-09 18:59:56,024 - In 1994, the park was renamed to "Epcot", dropping the acronym and "Center" from the name.
8003:123145639759872::Thread-78 2020-08-09 19:00:05,026 - **END**
