8003:123146321227776::Thread-240 2020-08-09 18:59:30,516 - **START**
8003:123146321227776::Thread-240 2020-08-09 18:59:31,918 - Starting new HTTPS connection (1): en.wikipedia.org
8003:123146321227776::Thread-240 2020-08-09 18:59:33,689 - Canada is a country in the northern part of North America.
8003:123146321227776::Thread-240 2020-08-09 18:59:35,481 - Its ten provinces and three territories extend from the Atlantic to the Pacific and northward into the Arctic Ocean, covering 9.98 million square kilometres (3.85 million square miles), making it the world's second-largest country by total area.
8003:123146321227776::Thread-240 2020-08-09 18:59:37,413 - Its southern and western border with the United States, stretching 8,891 kilometres (5,525 mi), is the world's longest bi-national land border.
8003:123146321227776::Thread-240 2020-08-09 18:59:38,173 - Canada's capital is Ottawa, and its three largest metropolitan areas are Toronto, Montreal, and Vancouver.
8003:123146321227776::Thread-240 2020-08-09 18:59:39,718 - Various indigenous peoples inhabited what is now Canada for thousands of years before European colonization.
8003:123146321227776::Thread-240 2020-08-09 18:59:39,992 - Beginning in the 16th century, British and French expeditions explored and later settled along the Atlantic coast.
8003:123146321227776::Thread-240 2020-08-09 18:59:41,304 - As a consequence of various armed conflicts, France ceded nearly all of its colonies in North America in 1763.
8003:123146321227776::Thread-240 2020-08-09 18:59:41,642 - In 1867, with the union of three British North American colonies through Confederation, Canada was formed as a federal dominion of four provinces.
8003:123146321227776::Thread-240 2020-08-09 18:59:43,072 - This began an accretion of provinces and territories and a process of increasing autonomy from the United Kingdom.
8003:123146321227776::Thread-240 2020-08-09 18:59:44,178 - This widening autonomy was highlighted by the Statute of Westminster of 1931 and culminated in the Canada Act of 1982, which severed the vestiges of legal dependence on the British parliament.
8003:123146321227776::Thread-240 2020-08-09 18:59:44,178 - **END**
8003:123146321227776::Thread-240 2020-08-09 18:59:52,182 - **START**
8003:123146321227776::Thread-240 2020-08-09 18:59:52,185 - Starting new HTTPS connection (1): en.wikipedia.org
8003:123146321227776::Thread-240 2020-08-09 18:59:53,373 - The Acropolis of Athens is an ancient citadel located on a rocky outcrop above the city of Athens and contains the remains of several ancient buildings of great architectural and historic significance, the most famous being the Parthenon.
8003:123146321227776::Thread-240 2020-08-09 18:59:53,898 - The word  acropolis is from the Greek words ἄκρον (akron, "highest point, extremity") and πόλις (polis, "city").
8003:123146321227776::Thread-240 2020-08-09 18:59:54,875 - Although the term acropolis is generic and there are many other acropoleis in Greece, the significance of the Acropolis of Athens is such that it is commonly known as "The Acropolis" without qualification.
8003:123146321227776::Thread-240 2020-08-09 18:59:55,104 - During ancient times it was known also more properly as Cecropia, after the legendary serpent-man, Cecrops, the supposed first Athenian king.
8003:123146321227776::Thread-240 2020-08-09 18:59:55,228 - While there is evidence that the hill was inhabited as far back as the fourth millennium BC, it was Pericles (c. 495–429 BC) in the fifth century BC who coordinated the construction of the site's most important present remains including the Parthenon, the Propylaea, the Erechtheion and the Temple of Athena Nike.
8003:123146321227776::Thread-240 2020-08-09 18:59:55,305 - The Parthenon and the other buildings were seriously damaged during the 1687 siege by the Venetians during the Morean War when gunpowder being stored in the Parthenon was hit by a cannonball and exploded.
8003:123146321227776::Thread-240 2020-08-09 18:59:56,092 - History


Early settlement
The Acropolis is located on a flattish-topped rock that rises 150 m (490 ft) above sea level in the city of Athens, with a surface area of about 3 hectares (7.4 acres).
8003:123146321227776::Thread-240 2020-08-09 18:59:57,076 - While the earliest artifacts date to the Middle Neolithic era, there have been documented habitations in Attica from the Early Neolithic period (6th millennium BC).
8003:123146321227776::Thread-240 2020-08-09 18:59:58,011 - There is little doubt that a Mycenaean megaron palace stood upon the hill during the late Bronze Age.
8003:123146321227776::Thread-240 2020-08-09 19:00:00,014 - **END**
