8003:123145786990592::Thread-113 2020-08-09 18:59:40,265 - **START**
8003:123145786990592::Thread-113 2020-08-09 18:59:40,900 - Starting new HTTPS connection (1): en.wikipedia.org
8003:123145786990592::Thread-113 2020-08-09 18:59:43,450 - Charlemagne (English: ; French: [ʃaʁləmaɲ]) or Charles the Great (2 April 748 – 28 January 814), numbered Charles I, was the King of the Franks from 768, the King of the Lombards from 774, and the Emperor of the Romans from 800.
8003:123145786990592::Thread-113 2020-08-09 18:59:43,946 - During the Early Middle Ages, he united the majority of western and central Europe.
8003:123145786990592::Thread-113 2020-08-09 18:59:44,196 - He was the first recognised emperor to rule from western Europe since the fall of the Western Roman Empire three centuries earlier.
8003:123145786990592::Thread-113 2020-08-09 18:59:44,425 - The expanded Frankish state that Charlemagne founded is called the Carolingian Empire.
8003:123145786990592::Thread-113 2020-08-09 18:59:45,110 - He was later canonised by Antipope Paschal III.
8003:123145786990592::Thread-113 2020-08-09 18:59:45,410 - Charlemagne was the eldest son of Pepin the Short and Bertrada of Laon, born before their canonical marriage.
8003:123145786990592::Thread-113 2020-08-09 18:59:46,307 - He became king in 768 following his father's death, initially as co-ruler with his brother Carloman I. Carloman's sudden death in December 771 under unexplained circumstances left Charlemagne the sole ruler of the Frankish Kingdom.
8003:123145786990592::Thread-113 2020-08-09 18:59:46,911 - He continued his father's policy towards the papacy and became its protector, removing the Lombards from power in northern Italy and leading an incursion into Muslim Spain.
8003:123145786990592::Thread-113 2020-08-09 18:59:47,168 - He campaigned against the Saxons to his east, Christianising them upon penalty of death and leading to events such as the Massacre of Verden.
8003:123145786990592::Thread-113 2020-08-09 18:59:47,898 - He reached the height of his power in 800 when he was crowned "Emperor of the Romans" by Pope Leo III on Christmas Day at Old St. Peter's Basilica in Rome.
8003:123145786990592::Thread-113 2020-08-09 18:59:50,903 - **END**
8003:123145786990592::Thread-113 2020-08-09 18:59:52,904 - **START**
8003:123145786990592::Thread-113 2020-08-09 18:59:52,913 - Starting new HTTPS connection (1): en.wikipedia.org
8003:123145786990592::Thread-113 2020-08-09 18:59:56,420 - The Forbidden City (Chinese: 故宫; pinyin: Gùgōng) is a palace complex in central Beijing, China.
8003:123145786990592::Thread-113 2020-08-09 18:59:58,772 - It houses the Palace Museum, and was the former Chinese imperial palace and state residence of the Emperor of China from the Ming dynasty (since the Yongle Emperor) to the end of the Qing dynasty, between 1420 and 1924.
8003:123145786990592::Thread-113 2020-08-09 18:59:59,588 - The Forbidden City served as the home of Chinese emperors and their households and was the ceremonial and political center of the Chinese government for almost 500 years.
8003:123145786990592::Thread-113 2020-08-09 19:00:02,106 - Constructed from 1406 to 1420, the complex consists of 980 buildings and covers 72 hectares (over 180 acres).
8003:123145786990592::Thread-113 2020-08-09 19:00:03,455 - The palace exemplifies traditional Chinese palatial architecture, and has influenced cultural and architectural developments in East Asia and elsewhere.
8003:123145786990592::Thread-113 2020-08-09 19:00:04,023 - The Forbidden City was declared a World Heritage Site in 1987, and is listed by UNESCO as the largest collection of preserved ancient wooden structures in the world.
8003:123145786990592::Thread-113 2020-08-09 19:00:06,314 - Since 1925, the Forbidden City has been under the charge of the Palace Museum, whose extensive collection of artwork and artifacts were built upon the imperial collections of the Ming and Qing dynasties.
8003:123145786990592::Thread-113 2020-08-09 19:00:06,643 - Part of the museum's former collection is now in the National Palace Museum in Taipei.
8003:123145786990592::Thread-113 2020-08-09 19:00:08,936 - Both museums descend from the same institution, but were split after the Chinese Civil War.
8003:123145786990592::Thread-113 2020-08-09 19:00:08,990 - Since 2012, the Forbidden City has seen an average of 14 million visitors annually, and received more than 19 million visitors in 2019.
8003:123145786990592::Thread-113 2020-08-09 19:00:09,992 - **END**
