8003:123145934221312::Thread-148 2020-08-09 18:59:30,273 - **START**
8003:123145934221312::Thread-148 2020-08-09 18:59:31,154 - Starting new HTTPS connection (1): en.wikipedia.org
8003:123145934221312::Thread-148 2020-08-09 18:59:33,270 - John Fitzgerald Kennedy (May 29, 1917 – November 22, 1963), often referred to by his initials JFK and Jack, was an American politician who served as the 35th President of the United States from January 1961 until his assassination in November 1963.
8003:123145934221312::Thread-148 2020-08-09 18:59:33,807 - Kennedy served at the height of the Cold War, and the majority of his work as president concerned relations with the Soviet Union and Cuba.
8003:123145934221312::Thread-148 2020-08-09 18:59:34,600 - A Democrat, Kennedy represented Massachusetts in the U.S. House of Representatives and Senate prior to becoming president.
8003:123145934221312::Thread-148 2020-08-09 18:59:35,195 - Kennedy was born into a wealthy, political family in Brookline, Massachusetts.
8003:123145934221312::Thread-148 2020-08-09 18:59:35,294 - He graduated from Harvard University in 1940, before joining the U.S.
8003:123145934221312::Thread-148 2020-08-09 18:59:35,858 - Naval Reserve the following year.
8003:123145934221312::Thread-148 2020-08-09 18:59:36,427 - During World War II, he commanded a series of PT boats in the Pacific theater and earned the Navy and Marine Corps Medal for his service.
8003:123145934221312::Thread-148 2020-08-09 18:59:36,449 - After a brief stint in journalism, Kennedy represented a working-class Boston district in the U.S. House of Representatives from 1947 to 1953.
8003:123145934221312::Thread-148 2020-08-09 18:59:36,698 - He was subsequently elected to the U.S. Senate and served as the junior Senator from Massachusetts from 1953 to 1960.
8003:123145934221312::Thread-148 2020-08-09 18:59:36,852 - While in the Senate, Kennedy published his book, Profiles in Courage, which won a Pulitzer Prize.
8003:123145934221312::Thread-148 2020-08-09 18:59:37,119 - In the 1960 presidential election, he narrowly defeated Republican opponent Richard Nixon, who was the incumbent vice president.
8003:123145934221312::Thread-148 2020-08-09 18:59:43,134 - **END**
8003:123145934221312::Thread-148 2020-08-09 18:59:55,141 - **START**
8003:123145934221312::Thread-148 2020-08-09 18:59:55,145 - Starting new HTTPS connection (1): en.wikipedia.org
8003:123145934221312::Thread-148 2020-08-09 18:59:56,371 - Katheryn Elizabeth Hudson (born October 25, 1984), known professionally as Katy Perry, is an American singer, songwriter, and television judge.
8003:123145934221312::Thread-148 2020-08-09 18:59:56,558 - After singing in church during her childhood, she pursued a career in gospel music as a teenager.
8003:123145934221312::Thread-148 2020-08-09 18:59:56,699 - Perry signed with Red Hill Records and released her debut studio album Katy Hudson under her birth name in 2001, which was commercially unsuccessful.
8003:123145934221312::Thread-148 2020-08-09 18:59:56,919 - She moved to Los Angeles the following year to venture into secular music after Red Hill ceased operations and she subsequently began working with producers Glen Ballard, Dr. Luke, and Max Martin.
8003:123145934221312::Thread-148 2020-08-09 18:59:57,775 - After adopting the stage name Katy Perry and being dropped by The Island Def Jam Music Group and Columbia Records, she signed a recording contract with Capitol Records in April 2007.
8003:123145934221312::Thread-148 2020-08-09 18:59:58,039 - Perry rose to fame in 2008 with her second album, One of the Boys, a pop rock record containing the controversial U.S number one song "I Kissed a Girl" and "Hot n Cold".
8003:123145934221312::Thread-148 2020-08-09 18:59:58,311 - All subsequent albums have topped the U.S.
8003:123145934221312::Thread-148 2020-08-09 18:59:59,149 - Billboard 200.
8003:123145934221312::Thread-148 2020-08-09 18:59:59,186 - The disco-influenced Teenage Dream (2010) spawned five chart topping  U.S.
8003:123145934221312::Thread-148 2020-08-09 18:59:59,232 - Billboard Hot 100 singles–"California Gurls", "Teenage Dream", "Firework", "E.T.
8003:123145934221312::Thread-148 2020-08-09 18:59:59,359 - ", and "Last Friday Night (T.G.I.F.)"
8003:123145934221312::Thread-148 2020-08-09 18:59:59,837 - — a record tying her with Michael Jackson's Bad.
8003:123145934221312::Thread-148 2020-08-09 19:00:00,244 - Its follow-up record Prism (2013) was inspired by her divorce and incorporates pop and dance along with themes of self-reflection, everyday life, and relationships.
8003:123145934221312::Thread-148 2020-08-09 19:00:07,248 - **END**
