8003:123146232889344::Thread-219 2020-08-09 18:59:27,312 - **START**
8003:123146232889344::Thread-219 2020-08-09 18:59:27,615 - Starting new HTTPS connection (1): en.wikipedia.org
8003:123146232889344::Thread-219 2020-08-09 18:59:30,007 - Janine Marie Lindemulder (born November 14, 1968), also known as Janine Marie James, is an American exotic dancer and adult film actress, best known for her work in American pornographic films (typically credited as just Janine) during the mid-1990s and since a 2004 comeback.
8003:123146232889344::Thread-219 2020-08-09 18:59:31,314 - Lindemulder has appeared in several music videos for bands including Blink-182 as well as appearing on the cover of their 1999 album Enema of the State.
8003:123146232889344::Thread-219 2020-08-09 18:59:31,890 - Early career
Janine Lindemulder modeled for Penthouse magazine, making her first appearance in the December 1987 issue, as the Pet of the Month.
8003:123146232889344::Thread-219 2020-08-09 18:59:32,039 - She appeared several more times in Penthouse over the next ten years, and was chosen as Pet of the Year Runner-Up for 1990.Lindemulder's first cinematic role came in the 1988 Italian film Bersaglio sull'autostrada, known as Moving Target in English-speaking countries.
8003:123146232889344::Thread-219 2020-08-09 18:59:33,847 - She was credited as Janine Linde.
8003:123146232889344::Thread-219 2020-08-09 18:59:34,508 - She went on to act in other lower-tier mainstream films, including Spring Break USA and Caged Fury.
8003:123146232889344::Thread-219 2020-08-09 18:59:36,173 - Adult film career
Lindemulder made her adult film debut in the 1992 feature Andrew Blake's Hidden Obsessions.
8003:123146232889344::Thread-219 2020-08-09 18:59:37,876 - She was featured in two more adult movies before joining Vivid Video as an exclusive "contract girl" (who are collectively referred to as the Vivid Girls).
8003:123146232889344::Thread-219 2020-08-09 18:59:39,854 - Her first Vivid release was titled Parlor Games.
8003:123146232889344::Thread-219 2020-08-09 18:59:41,709 - Lindemulder subsequently appeared featured in over fifty other Vivid titles.
8003:123146232889344::Thread-219 2020-08-09 18:59:49,711 - **END**
8003:123146232889344::Thread-219 2020-08-09 18:59:54,715 - **START**
8003:123146232889344::Thread-219 2020-08-09 18:59:54,724 - Starting new HTTPS connection (1): en.wikipedia.org
8003:123146232889344::Thread-219 2020-08-09 18:59:57,139 - Alexis Texas is an American pornographic actress, director, and featured dancer.
8003:123146232889344::Thread-219 2020-08-09 18:59:58,588 - Early life
Prior to entering the adult film industry, Texas attended Texas State University studying respiratory care therapy.
8003:123146232889344::Thread-219 2020-08-09 18:59:59,886 - Career

Texas' first scene was with Jack Venice in Shane's World's College Amateur Tour In Texas, filmed in October 2006, followed by several scenes for Bang Bros in Florida.
8003:123146232889344::Thread-219 2020-08-09 19:00:01,316 - She then moved to Los Angeles and began shooting scenes for the LA Direct modeling agency in March 2007.
8003:123146232889344::Thread-219 2020-08-09 19:00:01,435 - Released in February 2008, Discovering Alexis Texas was directed by the adult performer Belladonna.In 2012, Texas signed an exclusive, one-year contract with the company Adam & Eve.
8003:123146232889344::Thread-219 2020-08-09 19:00:02,288 - In February 2014, it was announced that she had amicably separated from Adam & Eve.Texas currently has a show on Vivid Radio entitled Alexis Texas: Sex ED.
8003:123146232889344::Thread-219 2020-08-09 19:00:03,003 - In June 2015, Elegant Angel signed her to an exclusive directing contract.
8003:123146232889344::Thread-219 2020-08-09 19:00:03,454 - Her directorial debut, Big Booty Tryouts, was released the following month.
8003:123146232889344::Thread-219 2020-08-09 19:00:04,266 - She appeared in all of the film's scenes, which were the first ones she shot after a nearly two-year hiatus from performing.
8003:123146232889344::Thread-219 2020-08-09 19:00:05,410 - She also directed The Real Buttwoman Returns, which featured her first gangbang scene.Texas was featured on the cover of Genesis magazine in April 2009, and Hustler magazine's 35th anniversary edition in June 2009.
8003:123146232889344::Thread-219 2020-08-09 19:00:05,548 - In 2010, she was named by Maxim as one of the 12 top female stars in porn.
8003:123146232889344::Thread-219 2020-08-09 19:00:13,553 - **END**
