8003:123145652379648::Thread-81 2020-08-09 18:59:28,251 - **START**
8003:123145652379648::Thread-81 2020-08-09 18:59:28,455 - Starting new HTTPS connection (1): en.wikipedia.org
8003:123145652379648::Thread-81 2020-08-09 18:59:31,264 - Mark William Calaway (born March 24, 1965), better known by the ring name The Undertaker, is an American professional wrestler.
8003:123145652379648::Thread-81 2020-08-09 18:59:31,452 - He is currently signed to WWE.
8003:123145652379648::Thread-81 2020-08-09 18:59:31,644 - Widely regarded as one of the greatest professional wrestlers of all time, The Undertaker is a seven-time world heavyweight champion in WWF/E, having held the WWF/E Championship four times and World Heavyweight Championship three times.
8003:123145652379648::Thread-81 2020-08-09 18:59:32,192 - Calaway began his career in 1987, working as various gimmicks for World Class Championship Wrestling (WCCW) and other affiliate promotions, and he became USWA Unified World Heavyweight Champion and WCWA Texas Heavyweight Champion during this time.
8003:123145652379648::Thread-81 2020-08-09 18:59:33,197 - After signing with World Championship Wrestling (WCW) in 1989, he had a brief stint in the mid-card as "Mean Mark" Callous, before joining the World Wrestling Federation (WWF, now WWE) in 1990.
8003:123145652379648::Thread-81 2020-08-09 18:59:33,617 - Calaway was rebranded as "The Undertaker" in the WWF, and gained significant mainstream popularity as a horror-themed, macabre entity who employed scare tactics and held links to the supernatural.
8003:123145652379648::Thread-81 2020-08-09 18:59:34,283 - The longest-tenured wrestler in company history at 30 years, The Undertaker was one of the most prominent figures of the Attitude Era, a boom period in the company's business in the latter 1990s.
8003:123145652379648::Thread-81 2020-08-09 18:59:34,476 - His character transitioned into a biker in the early 2000s, before returning to a refined version of his previous gimmick in 2004.
8003:123145652379648::Thread-81 2020-08-09 18:59:34,975 - The Undertaker is heavily associated with WWE's flagship annual event, WrestleMania, where he became known for The Streak, a series of 21 straight victories, and he headlined the event on five occasions.
8003:123145652379648::Thread-81 2020-08-09 18:59:35,209 - He is also known for his pairing with his in-storyline half-brother Kane, with whom he has alternatively feuded or teamed as The Brothers of Destruction since 1997.
8003:123145652379648::Thread-81 2020-08-09 18:59:35,378 - With Kane, he held the WWF and WCW World Tag Team Championships during The Invasion storyline.
8003:123145652379648::Thread-81 2020-08-09 18:59:35,426 - **END**
8003:123145652379648::Thread-81 2020-08-09 18:59:38,466 - **START**
8003:123145652379648::Thread-81 2020-08-09 18:59:40,883 - Starting new HTTPS connection (1): en.wikipedia.org
8003:123145652379648::Thread-81 2020-08-09 18:59:43,983 - Ronaldo de Assis Moreira (born 21 March 1980), commonly known as Ronaldinho Gaúcho (Brazilian Portuguese: [ʁonawˈdʒĩɲu gaˈuʃu]) or simply Ronaldinho, is a Brazilian former professional footballer and ambassador for Barcelona.
8003:123145652379648::Thread-81 2020-08-09 18:59:45,598 - He played mostly as an attacking midfielder, but was also deployed as a forward or a winger.
8003:123145652379648::Thread-81 2020-08-09 18:59:48,094 - Often considered one of the best players of his generation and regarded by many as one of the greatest of all time, Ronaldinho won two FIFA World Player of the Year awards and a Ballon d'Or.
8003:123145652379648::Thread-81 2020-08-09 18:59:50,338 - He was renowned for his technical skills and creativity; due to his agility, pace and
dribbling ability, as well as his use of tricks, feints, overhead kicks, no-look passes and accuracy from free-kicks.
8003:123145652379648::Thread-81 2020-08-09 18:59:52,623 - Ronaldinho made his career debut for Grêmio, in 1998.
8003:123145652379648::Thread-81 2020-08-09 18:59:54,618 - At age 20, he moved to Paris Saint-Germain in France before signing for Barcelona in 2003.
8003:123145652379648::Thread-81 2020-08-09 18:59:56,646 - In his second season with Barcelona, he won his first FIFA World Player of the Year award, as Barcelona won the 2004–05 La Liga title.
8003:123145652379648::Thread-81 2020-08-09 18:59:58,208 - The season that followed is considered one of the best in his career as he was integral in Barcelona winning the UEFA Champions League, their first in fourteen years, as well as another La Liga title, giving Ronaldinho his first career double.
8003:123145652379648::Thread-81 2020-08-09 19:00:00,975 - After scoring two spectacular solo goals in the first 2005-06 El Clásico, Ronaldinho became the second Barcelona player, after Diego Maradona in 1983, to receive a standing ovation from Real Madrid fans at the Santiago Bernabéu.
8003:123145652379648::Thread-81 2020-08-09 19:00:03,304 - Ronaldinho also received his second FIFA World Player of the Year award, as well as the Ballon d'Or.
8003:123145652379648::Thread-81 2020-08-09 19:00:06,309 - **END**
