8003:123146237095936::Thread-220 2020-08-09 18:59:26,313 - **START**
8003:123146237095936::Thread-220 2020-08-09 18:59:26,425 - Starting new HTTPS connection (1): en.wikipedia.org
8003:123146237095936::Thread-220 2020-08-09 18:59:31,391 - Jennifer Lynn Lopez (born July 24, 1969), also known by her nickname J.Lo, is an American actress, singer, dancer, fashion designer, producer, and businesswoman.
8003:123146237095936::Thread-220 2020-08-09 18:59:31,520 - In 1991, Lopez began appearing as a Fly Girl dancer on In Living Color, where she remained a regular until she decided to pursue an acting career in 1993.
8003:123146237095936::Thread-220 2020-08-09 18:59:32,463 - For her first leading role in the 1997 Selena biopic of the same name, Lopez became the first Latin actress to earn over US$1 million for a film.
8003:123146237095936::Thread-220 2020-08-09 18:59:32,775 - She went on to star in Anaconda (1997) and Out of Sight (1998), later establishing herself as the highest-paid Latin actress in Hollywood.Lopez ventured into the music industry with her debut studio album On the 6 (1999), which helped propel the Latin pop movement in American music.
8003:123146237095936::Thread-220 2020-08-09 18:59:33,329 - With the simultaneous release of her second studio album J.Lo and her romantic comedy The Wedding Planner in 2001, Lopez became the first woman to have a number-one album and film in the same week.
8003:123146237095936::Thread-220 2020-08-09 18:59:33,798 - Her 2002 remix album, J to tha L–O!
8003:123146237095936::Thread-220 2020-08-09 18:59:34,587 - The Remixes, became the first in history to debut atop the US Billboard 200.
8003:123146237095936::Thread-220 2020-08-09 18:59:34,762 - Later that year, she released her third studio album This Is Me... Then, and starred in the US box office number-one Maid in Manhattan.
8003:123146237095936::Thread-220 2020-08-09 18:59:35,560 - After starring in Gigli (2003), a critical and commercial failure, Lopez subsequently starred in the successful romantic comedies Shall We Dance?
8003:123146237095936::Thread-220 2020-08-09 18:59:37,633 - **END**
8003:123146237095936::Thread-220 2020-08-09 18:59:42,807 - **START**
8003:123146237095936::Thread-220 2020-08-09 18:59:43,274 - Starting new HTTPS connection (1): en.wikipedia.org
8003:123146237095936::Thread-220 2020-08-09 18:59:44,759 - Billie Eilish Pirate Baird O'Connell ( EYE-lish; born December 18, 2001) is an American singer and songwriter.
8003:123146237095936::Thread-220 2020-08-09 18:59:45,213 - She first gained attention in 2015 when she uploaded the song "Ocean Eyes" to SoundCloud, which was subsequently released by the Interscope Records subsidiary Darkroom.
8003:123146237095936::Thread-220 2020-08-09 18:59:45,239 - The song was written and produced by her brother Finneas, with whom she collaborates on music and live shows.
8003:123146237095936::Thread-220 2020-08-09 18:59:46,026 - Her debut EP, Don't Smile at Me (2017), became a sleeper hit, reaching the top 15 in the US, UK, Canada, and Australia.
8003:123146237095936::Thread-220 2020-08-09 18:59:47,690 - Eilish's debut studio album, When We All Fall Asleep, Where Do We Go?
8003:123146237095936::Thread-220 2020-08-09 18:59:47,741 - (2019), debuted atop the Billboard 200 and became the best-performing album of 2019 in the US.
8003:123146237095936::Thread-220 2020-08-09 18:59:48,775 - It also reached number one in the UK.
8003:123146237095936::Thread-220 2020-08-09 18:59:49,896 - The album contains six Billboard Hot 100 top 40 singles: "When the Party's Over", "Bury a Friend", "Wish You Were Gay", "Xanny", "Everything I Wanted", and "Bad Guy", the last of which became her first number one single in the US.
8003:123146237095936::Thread-220 2020-08-09 18:59:51,144 - In 2020, she performed the theme song "No Time to Die" for the James Bond film of the same name, which became her first to peak at number one in the UK.
8003:123146237095936::Thread-220 2020-08-09 18:59:52,139 - Her accolades include five Grammy Awards, two American Music Awards, two Guinness World Records, three MTV Video Music Awards, and one Brit Award.
8003:123146237095936::Thread-220 2020-08-09 18:59:53,125 - She is the youngest person and second person ever to win the four main Grammy categories – Best New Artist, Record of the Year, Song of the Year and Album of the Year – in the same year.
8003:123146237095936::Thread-220 2020-08-09 18:59:53,837 - In 2019, Time magazine placed her on their inaugural "Time 100 Next" list.
8003:123146237095936::Thread-220 2020-08-09 18:59:55,706 - Additionally, Eilish is the 23rd biggest artist of the digital singles era, according to the Recording Industry Association of America, selling 37.5 million singles in the US alone.
8003:123146237095936::Thread-220 2020-08-09 18:59:56,548 - Early life

O'Connell was born in Los Angeles, California, on December 18, 2001.
8003:123146237095936::Thread-220 2020-08-09 18:59:57,549 - **END**
8003:123146237095936::Thread-220 2020-08-09 18:59:58,552 - **START**
8003:123146237095936::Thread-220 2020-08-09 18:59:58,584 - Starting new HTTPS connection (1): en.wikipedia.org
8003:123146237095936::Thread-220 2020-08-09 19:00:00,898 - Orenthal James Simpson (born July 9, 1947), nicknamed "The Juice", is an American former football running back, broadcaster, actor, advertising spokesman, and convicted felon.
8003:123146237095936::Thread-220 2020-08-09 19:00:02,012 - Once a popular figure with the U.S. public, he is best known for being tried for the murders of his former wife, Nicole Brown Simpson, and her friend, Ron Goldman.
8003:123146237095936::Thread-220 2020-08-09 19:00:02,455 - Simpson was acquitted of the murders in criminal court, but was later found responsible for both deaths in a civil trial.
8003:123146237095936::Thread-220 2020-08-09 19:00:03,371 - Simpson attended the University of Southern California (USC), where he played football for the USC Trojans and won the Heisman Trophy in 1968.
8003:123146237095936::Thread-220 2020-08-09 19:00:04,354 - He played professionally as a running back in the National Football League (NFL) for 11 seasons, primarily with the Buffalo Bills from 1969 to 1977.
8003:123146237095936::Thread-220 2020-08-09 19:00:06,225 - He also played for the San Francisco 49ers from 1978 to 1979.
8003:123146237095936::Thread-220 2020-08-09 19:00:07,489 - In 1973, he became the first NFL player to rush for more than 2,000 yards in a season.
8003:123146237095936::Thread-220 2020-08-09 19:00:08,268 - He holds the record for the single season yards-per-game average, which stands at 143.1.
8003:123146237095936::Thread-220 2020-08-09 19:00:09,448 - He was the only player to ever rush for over 2,000 yards in the 14-game regular season NFL format.
8003:123146237095936::Thread-220 2020-08-09 19:00:10,341 - Simpson was inducted into the College Football Hall of Fame in 1983 and the Pro Football Hall of Fame in 1985.
8003:123146237095936::Thread-220 2020-08-09 19:00:18,342 - **END**
