8003:123145437843456::Thread-30 2020-08-09 18:59:32,246 - **START**
8003:123145437843456::Thread-30 2020-08-09 18:59:33,341 - Starting new HTTPS connection (1): en.wikipedia.org
8003:123145437843456::Thread-30 2020-08-09 18:59:36,376 - Hagia Sophia (; from Koinē Greek: Ἁγία Σοφία, romanized: Hagía Sophía; Latin: Sancta Sophia, lit.
8003:123145437843456::Thread-30 2020-08-09 18:59:38,281 - 'Holy Wisdom'), officially the Hagia Sophia Grand Mosque (Turkish: Ayasofya-i Kebir Cami-i Şerifi) and formerly the Church of Hagia Sophia, is a Late Antique place of worship in Istanbul.
8003:123145437843456::Thread-30 2020-08-09 18:59:38,396 - Built in 537 as the patriarchal cathedral of the imperial capital of Constantinople, it was the largest Christian church of the eastern Roman Empire (the Byzantine Empire) and the Eastern Orthodox Church, except during the Latin Empire from 1204 to 1261, when it became the city's Roman Catholic cathedral.
8003:123145437843456::Thread-30 2020-08-09 18:59:40,401 - In 1453, after the Fall of Constantinople to the Ottoman Empire, it was  converted into a mosque.
8003:123145437843456::Thread-30 2020-08-09 18:59:41,976 - In 1935 the secular Turkish Republic established it as a museum.
8003:123145437843456::Thread-30 2020-08-09 18:59:42,404 - In 2020, it re-opened as a mosque.
8003:123145437843456::Thread-30 2020-08-09 18:59:43,759 - Built by the eastern Roman emperor Justinian I as the Christian cathedral of Constantinople for the state church of the Roman Empire between 532 and 537, the church was then the world's largest interior space and among the first to employ a fully pendentive dome.
8003:123145437843456::Thread-30 2020-08-09 18:59:45,784 - It is considered the epitome of Byzantine architecture and is said to have "changed the history of architecture".
8003:123145437843456::Thread-30 2020-08-09 18:59:47,047 - The building was designed by the Greek geometers Isidore of Miletus and Anthemius of Tralles.
8003:123145437843456::Thread-30 2020-08-09 18:59:48,432 - The present Justinianic building was the third church of the same name to occupy the site, the prior one having been destroyed in the Nika riots.
8003:123145437843456::Thread-30 2020-08-09 18:59:54,434 - **END**
8003:123145437843456::Thread-30 2020-08-09 19:00:03,435 - **START**
8003:123145437843456::Thread-30 2020-08-09 19:00:03,504 - Starting new HTTPS connection (1): en.wikipedia.org
8003:123145437843456::Thread-30 2020-08-09 19:00:05,616 - Juventus Football Club (from Latin: iuventūs, "youth"; Italian pronunciation: [juˈvɛntus]), colloquially known as Juventus and Juve (pronounced [ˈjuːve]), is a professional football club based in Turin, Piedmont, Italy, that competes in the Serie A, the top flight of Italian football.
8003:123145437843456::Thread-30 2020-08-09 19:00:07,271 - Nicknamed I Bianconeri (The Black and Whites) or La Vecchia Signora (The Old Lady), the club was founded in 1897 by a group of students from Turin.
8003:123145437843456::Thread-30 2020-08-09 19:00:08,600 - They have played home matches in grounds around its city, the latest being the 41,507-capacity Juventus Stadium since 2011.
8003:123145437843456::Thread-30 2020-08-09 19:00:10,567 - Juventus has won 36 official league titles, 13 Coppa Italia titles, and eight Supercoppa Italiana titles, being the record holder for all these competitions; two Intercontinental Cups, two European Cups / UEFA Champions Leagues, one European Cup Winners' Cup, a joint national record of three UEFA Cups, two UEFA Super Cups and a joint national record of one UEFA Intertoto Cup.
8003:123145437843456::Thread-30 2020-08-09 19:00:11,924 - Consequently, the side leads the historical Federazione Italiana Giuoco Calcio (FIGC) ranking, whilst on the international stage occupies the 5th position in Europe and the eleventh in the world for most confederation titles won with eleven trophies, having led the UEFA ranking during seven seasons since its inception in 1979, the most for an Italian team and joint second overall.
8003:123145437843456::Thread-30 2020-08-09 19:00:12,477 - Founded with the name of Sport-Club Juventus, initially as an athletics club, it is the second oldest of its kind still active in the country after Genoa's football section (1893) and has competed uninterruptedly in the top flight league (reformulated as Serie A from 1929) since its debut in 1900 after changing its name to Foot-Ball Club Juventus, with the exception of the 2006–07 season, being managed by the industrial Agnelli family almost continuously since 1923.
8003:123145437843456::Thread-30 2020-08-09 19:00:13,899 - The relationship between the club and that dynasty is the oldest and longest in national sports, making Juventus one of the first professional sporting clubs ante litteram in the country, having established itself as a major force in the national stage since the 1930s and at confederation level since the mid-1970s and becoming one of the first ten wealthiest in world football in terms of value, revenue and profit since the mid-1990s, being listed on the Borsa italiana since 2001.Under the management of Giovanni Trapattoni, the club won 13 trophies in the ten years before 1986, including six league titles and five international titles, and became the first to win all three seasonal competitions organised by the Union of European Football Associations: the 1976–77 UEFA Cup (first Southern European side to do so), the 1983–84 Cup Winners' Cup and the 1984–85 European Cup.
8003:123145437843456::Thread-30 2020-08-09 19:00:15,682 - With successive triumphs in the 1984 European Super Cup and 1985 Intercontinental Cup, it became the first and thus far only in the world to complete a clean sweep of all confederation trophies; an achievement that they revalidated with the title won in the 1999 UEFA Intertoto Cup after another successful era led by Marcello Lippi, becoming in addition the only professional Italian club to have won every ongoing honour available to the first team and organised by a national or international football association.
8003:123145437843456::Thread-30 2020-08-09 19:00:16,032 - In December 2000, Juventus was ranked seventh in the FIFA's historic ranking of the best clubs in the world and nine years later was ranked second best club in Europe during the 20th Century based on a statistical study series by the International Federation of Football History & Statistics (IFFHS), the highest for an Italian club in both.The club's fan base is the largest at national level and one of the largest worldwide.
8003:123145437843456::Thread-30 2020-08-09 19:00:16,644 - Unlike most European sporting supporters' groups, which are often concentrated around their own club's city of origin, it is widespread throughout the whole country and the Italian diaspora, making Juventus a symbol of anticampanilismo ("anti-parochialism") and italianità ("Italianness").
8003:123145437843456::Thread-30 2020-08-09 19:00:21,649 - **END**
