8003:123145803816960::Thread-117 2020-08-09 18:59:29,272 - **START**
8003:123145803816960::Thread-117 2020-08-09 18:59:29,424 - Starting new HTTPS connection (1): en.wikipedia.org
8003:123145803816960::Thread-117 2020-08-09 18:59:32,671 - Hong Kong ( (listen); Chinese: 香港, Cantonese: [hœ́ːŋ.kɔ̌ːŋ] (listen)), officially the Hong Kong Special Administrative Region of the People's Republic of China (HKSAR), is a metropolitan area and special administrative region of the People's Republic of China on the eastern Pearl River Delta of the South China Sea.
8003:123145803816960::Thread-117 2020-08-09 18:59:33,490 - With over 7.5 million people of various nationalities in a 1,104-square-kilometre (426 sq mi) territory, Hong Kong is one of the most densely populated places in the world.
8003:123145803816960::Thread-117 2020-08-09 18:59:34,324 - Hong Kong became a colony of the British Empire after the Qing Empire ceded Hong Kong Island at the end of the First Opium War in 1842.
8003:123145803816960::Thread-117 2020-08-09 18:59:34,642 - The colony expanded to the Kowloon Peninsula in 1860 after the Second Opium War and was further extended when Britain obtained a 99-year lease of the New Territories in 1898.
8003:123145803816960::Thread-117 2020-08-09 18:59:34,668 - The whole territory was transferred to China in 1997.
8003:123145803816960::Thread-117 2020-08-09 18:59:36,582 - As a special administrative region, Hong Kong maintains separate governing and economic systems from that of mainland China under a principle of "one country, two systems".Originally a sparsely populated area of farming and fishing villages, the territory has become one of the world's most significant financial centres and commercial ports.
8003:123145803816960::Thread-117 2020-08-09 18:59:38,065 - It is the world's tenth-largest exporter and ninth-largest importer.
8003:123145803816960::Thread-117 2020-08-09 18:59:38,105 - Hong Kong has a major capitalist service economy characterised by low taxation and free trade, and its currency, the Hong Kong dollar, is the eighth most traded currency in the world.
8003:123145803816960::Thread-117 2020-08-09 18:59:39,619 - Hong Kong is home to the second-highest number of billionaires of any city in the world, the highest number of billionaires of any city in Asia, and the largest concentration of ultra high-net-worth individuals of any city in the world.
8003:123145803816960::Thread-117 2020-08-09 18:59:40,981 - Although the city has one of the highest per capita incomes in the world, severe income inequality exists among its residents.Hong Kong is a highly developed territory and ranks fourth on the UN Human Development Index.
8003:123145803816960::Thread-117 2020-08-09 18:59:44,985 - **END**
8003:123145803816960::Thread-117 2020-08-09 19:00:01,990 - **START**
8003:123145803816960::Thread-117 2020-08-09 19:00:02,163 - Starting new HTTPS connection (1): en.wikipedia.org
8003:123145803816960::Thread-117 2020-08-09 19:00:03,333 - The New York Stock Exchange (NYSE, nicknamed "The Big Board") is an American stock exchange located at 11 Wall Street, Lower Manhattan, New York City, New York.
8003:123145803816960::Thread-117 2020-08-09 19:00:04,685 - It is by far the world's largest stock exchange by market capitalization of its listed companies at US$30.1 trillion as of February 2018.
8003:123145803816960::Thread-117 2020-08-09 19:00:06,132 - The average daily trading value was approximately US$169 billion in 2013.
8003:123145803816960::Thread-117 2020-08-09 19:00:06,493 - The NYSE trading floor is located at 11 Wall Street and is composed of 21 rooms used for the facilitation of trading.
8003:123145803816960::Thread-117 2020-08-09 19:00:07,369 - An additional trading room, located at 30 Broad Street, was closed in February 2007.
8003:123145803816960::Thread-117 2020-08-09 19:00:07,474 - The main building and the 11 Wall Street building were designated National Historic Landmarks in 1978.
8003:123145803816960::Thread-117 2020-08-09 19:00:07,750 - The NYSE is owned by Intercontinental Exchange, an American holding company that it also lists (NYSE: ICE).
8003:123145803816960::Thread-117 2020-08-09 19:00:08,708 - Previously, it was part of NYSE Euronext (NYX), which was formed by the NYSE's 2007 merger with Euronext.
8003:123145803816960::Thread-117 2020-08-09 19:00:08,722 - History

The earliest recorded organization of securities trading in New York among brokers directly dealing with each other can be traced to the Buttonwood Agreement.
8003:123145803816960::Thread-117 2020-08-09 19:00:09,060 - Previously, securities exchange had been intermediated by the auctioneers, who also conducted more mundane auctions of commodities such as wheat and tobacco.
8003:123145803816960::Thread-117 2020-08-09 19:00:14,065 - **END**
