8003:123145694445568::Thread-91 2020-08-09 18:59:25,249 - **START**
8003:123145694445568::Thread-91 2020-08-09 18:59:25,256 - Starting new HTTPS connection (1): en.wikipedia.org
8003:123145694445568::Thread-91 2020-08-09 18:59:28,451 - William I (c. 1028 – 9 September 1087), usually known as William the Conqueror and sometimes William the Bastard, was the first Norman King of England, reigning from 1066 until his death in 1087.
8003:123145694445568::Thread-91 2020-08-09 18:59:29,462 - He was a descendant of Rollo and was Duke of Normandy from 1035 onward.
8003:123145694445568::Thread-91 2020-08-09 18:59:30,135 - His hold was secure on Normandy by 1060, following a long struggle to establish his throne, and he launched the Norman conquest of England six years later.
8003:123145694445568::Thread-91 2020-08-09 18:59:30,219 - The rest of his life was marked by struggles to consolidate his hold over England and his continental lands and by difficulties with his eldest son, Robert Curthose.
8003:123145694445568::Thread-91 2020-08-09 18:59:30,745 - William was the son of the unmarried Robert I, Duke of Normandy, by his mistress Herleva.
8003:123145694445568::Thread-91 2020-08-09 18:59:31,681 - His illegitimate status and his youth caused some difficulties for him after he succeeded his father, as did the anarchy which plagued the first years of his rule.
8003:123145694445568::Thread-91 2020-08-09 18:59:31,922 - During his childhood and adolescence, members of the Norman aristocracy battled each other, both for control of the child duke and for their own ends.
8003:123145694445568::Thread-91 2020-08-09 18:59:32,668 - In 1047, William was able to quash a rebellion and begin to establish his authority over the duchy, a process that was not complete until about 1060.
8003:123145694445568::Thread-91 2020-08-09 18:59:33,234 - His marriage in the 1050s to Matilda of Flanders provided him with a powerful ally in the neighbouring county of Flanders.
8003:123145694445568::Thread-91 2020-08-09 18:59:35,237 - **END**
8003:123145694445568::Thread-91 2020-08-09 18:59:49,262 - **START**
8003:123145694445568::Thread-91 2020-08-09 18:59:49,265 - Starting new HTTPS connection (1): en.wikipedia.org
8003:123145694445568::Thread-91 2020-08-09 18:59:50,619 - Charles Milles Manson (né Maddox, November 12, 1934 – November 19, 2017) was an American criminal and cult leader.
8003:123145694445568::Thread-91 2020-08-09 18:59:51,844 - In mid-1967, he formed what became known as the "Manson Family", a quasi-commune based in California.
8003:123145694445568::Thread-91 2020-08-09 18:59:53,635 - His followers committed a series of nine murders at four locations in July and August 1969.
8003:123145694445568::Thread-91 2020-08-09 18:59:55,333 - Although the motive for the murders was disputed by Manson, the Los Angeles County district attorney believed that Manson intended to start a race war.
8003:123145694445568::Thread-91 2020-08-09 18:59:56,815 - In 1971, he was convicted of first-degree murder and conspiracy to commit murder for the deaths of seven people, including the film actress Sharon Tate.
8003:123145694445568::Thread-91 2020-08-09 18:59:58,703 - The prosecution conceded that Manson never literally ordered the murders, but they contended that his ideology constituted an overt act of conspiracy.
8003:123145694445568::Thread-91 2020-08-09 18:59:59,694 - Manson was also convicted of first-degree murder for the deaths of Gary Hinman and Donald Shea.
8003:123145694445568::Thread-91 2020-08-09 19:00:00,425 - Before the murders, Manson had spent more than half of his life in correctional institutions.
8003:123145694445568::Thread-91 2020-08-09 19:00:02,082 - When he began gathering his cult following, he was a singer-songwriter on the fringe of the Los Angeles music industry, chiefly through a chance association with Dennis Wilson of the Beach Boys, who introduced Manson to record producer Terry Melcher.
8003:123145694445568::Thread-91 2020-08-09 19:00:03,049 - In 1968, the Beach Boys recorded Manson's song "Cease to Exist", re-titled "Never Learn Not to Love" as the B-side on one of their singles, but without a credit to Manson.
8003:123145694445568::Thread-91 2020-08-09 19:00:11,050 - **END**
