8003:123145951047680::Thread-152 2020-08-09 18:59:29,277 - **START**
8003:123145951047680::Thread-152 2020-08-09 18:59:29,387 - Starting new HTTPS connection (1): en.wikipedia.org
8003:123145951047680::Thread-152 2020-08-09 18:59:32,181 - Alistair Cees Overeem (born 17 May 1980) is a Dutch mixed martial artist and former kickboxer.
8003:123145951047680::Thread-152 2020-08-09 18:59:33,155 - He is a former Strikeforce Heavyweight Champion, DREAM Heavyweight Champion, K-1 World Grand Prix Champion, and one of only two fighters to hold world titles in both MMA and K-1 kickboxing at the same time.
8003:123145951047680::Thread-152 2020-08-09 18:59:33,996 - He holds dual victories over Fabrício Werdum, Mark Hunt and Vitor Belfort, and has also beaten former UFC champions Andrei Arlovski, Junior dos Santos, Frank Mir and Brock Lesnar.
8003:123145951047680::Thread-152 2020-08-09 18:59:34,318 - As of June 23, 2020, he is #7 in the UFC heavyweight rankings.
8003:123145951047680::Thread-152 2020-08-09 18:59:35,157 - Biography
Overeem was born in Hounslow, England to a Jamaican father and a Dutch mother whose family tree connects him to King William III of the Netherlands.
8003:123145951047680::Thread-152 2020-08-09 18:59:35,789 - When he was six years old, his parents divorced and he moved with his mother and older brother to the Netherlands.
8003:123145951047680::Thread-152 2020-08-09 18:59:35,997 - As a child, Overeem competed in judo, track and field and basketball.
8003:123145951047680::Thread-152 2020-08-09 18:59:36,574 - At the age of 15, Overeem's older brother Valentijn took him to Chris Dolman's MMA gym to learn to defend himself.
8003:123145951047680::Thread-152 2020-08-09 18:59:37,111 - Alistair initially did not like the sport, but he dedicated fully to it after meeting Bas Rutten and Joop Kasteel.
8003:123145951047680::Thread-152 2020-08-09 18:59:38,147 - Mixed martial arts career
Overeem had his first MMA professional fight at 19 years old, defeating Ricardo Fyeet by submission on 24 October 1999 (1999-10-24) at It's Showtime, the first event of the eponymously named promotion.
8003:123145951047680::Thread-152 2020-08-09 18:59:38,148 - **END**
8003:123145951047680::Thread-152 2020-08-09 18:59:46,162 - **START**
8003:123145951047680::Thread-152 2020-08-09 18:59:46,165 - Starting new HTTPS connection (1): en.wikipedia.org
8003:123145951047680::Thread-152 2020-08-09 18:59:46,701 - Asia Carrera Lemmon (born Jessica Steinhauser, August 6, 1973) is an American former pornographic actress.
8003:123145951047680::Thread-152 2020-08-09 18:59:46,735 - Early life
Asia Carrera was born Jessica Steinhauser in New York City to a German mother and Japanese father, the oldest of four siblings.
8003:123145951047680::Thread-152 2020-08-09 18:59:46,742 - She was raised on Lippincott Road in Little Silver, New Jersey, attending Red Bank Regional High School.
8003:123145951047680::Thread-152 2020-08-09 18:59:47,353 - At the age of 16, she taught English at Tsuruga College in Tsuruga, Fukui, Japan.Carrera won a National Merit Scholarship and scored over 1440 on the SAT, as well as a Garden State Scholarship for her grades.
8003:123145951047680::Thread-152 2020-08-09 18:59:48,058 - She attended Rutgers University on full academic scholarship, where she majored in Japanese and business, but did not graduate.
8003:123145951047680::Thread-152 2020-08-09 18:59:48,852 - Carrera is a member of Mensa, with an IQ of 156.
8003:123145951047680::Thread-152 2020-08-09 18:59:49,414 - Career


Adult film career
Carrera's adult film career started in 1993.
8003:123145951047680::Thread-152 2020-08-09 18:59:49,434 - In 1995 she became the first Asian performer ever to win the AVN Female Performer of the Year Award.
8003:123145951047680::Thread-152 2020-08-09 18:59:49,679 - Carrera retired from the film industry in 2003, following her marriage to Don Lemmon.Carrera lent her voice to several erotic hentai OVAs for publisher Pink Pineapple, such as Inmu (2001) and Shusaku (1999).
8003:123145951047680::Thread-152 2020-08-09 18:59:50,680 - In October 2001, Carrera attended the Big Apple Anime Fest in New York City for her voice roles and along with Kobe Tai was an Opening Night Guest of Honor at the fest's Midnight Anime Concourse.Carrera was also in the 2012 documentary After Porn Ends, which is about life after being a porn actor.
8003:123145951047680::Thread-152 2020-08-09 18:59:53,682 - **END**
8003:123145951047680::Thread-152 2020-08-09 18:59:59,684 - **START**
8003:123145951047680::Thread-152 2020-08-09 18:59:59,771 - Starting new HTTPS connection (1): en.wikipedia.org
8003:123145951047680::Thread-152 2020-08-09 19:00:01,925 - Darth Vader is a fictional character in the Star Wars franchise.
8003:123145951047680::Thread-152 2020-08-09 19:00:02,670 - Born Anakin Skywalker, the character is a primary antagonist in the original trilogy and a primary protagonist in the prequel trilogy.
8003:123145951047680::Thread-152 2020-08-09 19:00:03,607 - Star Wars creator George Lucas has collectively referred to the first six episodic films of the franchise as "the tragedy of Darth Vader".Originally a slave on Tatooine, Anakin Skywalker is a Jedi prophesied to bring balance to the Force.
8003:123145951047680::Thread-152 2020-08-09 19:00:04,358 - He is lured to the dark side of the Force by Palpatine and becomes a Sith Lord.
8003:123145951047680::Thread-152 2020-08-09 19:00:04,830 - After a lightsaber battle with his former mentor Obi-Wan Kenobi, in which he is severely burnt and dismembered, Vader is transformed into a cyborg.
8003:123145951047680::Thread-152 2020-08-09 19:00:05,429 - He then serves the Galactic Empire as its chief enforcer until he ultimately redeems himself by saving his son, Luke Skywalker, and killing Palpatine, sacrificing his own life in the process.
8003:123145951047680::Thread-152 2020-08-09 19:00:06,229 - He is also the secret husband of Padmé Amidala, father of Princess Leia, and grandfather of Kylo Ren.
8003:123145951047680::Thread-152 2020-08-09 19:00:07,094 - The character has been portrayed by numerous actors: David Prowse physically portrayed Vader while James Earl Jones voiced him in the original trilogy, and Sebastian Shaw portrayed the unmasked Anakin in Return of the Jedi, as well as the character's spirit in the original release of that film.
8003:123145951047680::Thread-152 2020-08-09 19:00:07,405 - Jake Lloyd and Hayden Christensen played the character in the prequel trilogy in the first and next two films, respectively, with Christensen also replacing Shaw as Anakin's spirit with the 2004 re-release of Return of the Jedi.
8003:123145951047680::Thread-152 2020-08-09 19:00:07,564 - His cinematic appearances span the first six Star Wars films, as well as Rogue One.
8003:123145951047680::Thread-152 2020-08-09 19:00:13,567 - **END**
