8003:123146026766336::Thread-170 2020-08-09 18:59:37,293 - **START**
8003:123146026766336::Thread-170 2020-08-09 18:59:37,505 - Starting new HTTPS connection (1): en.wikipedia.org
8003:123146026766336::Thread-170 2020-08-09 18:59:41,617 - Mia Khalifa (; Arabic: ميا خليفة‎, Lebanese Arabic pronunciation: [ˈmiːa xaˈliːfe]; born February 10, 1993), also known as Mia Callista, is a Lebanese-American social media personality, sports commentator, webcam model, and former pornographic actress.
8003:123146026766336::Thread-170 2020-08-09 18:59:44,313 - Born in Beirut, Lebanon, Khalifa moved to the United States in 2001.
8003:123146026766336::Thread-170 2020-08-09 18:59:46,831 - She began acting in pornography in October 2014, and by December was ranked the most viewed performer on the website Pornhub.
8003:123146026766336::Thread-170 2020-08-09 18:59:46,922 - Her career choice was met with controversy in the Middle East, especially for a video in which she performed sexual acts while wearing the Islamic hijab.
8003:123146026766336::Thread-170 2020-08-09 18:59:48,674 - Khalifa left the pornographic industry to pursue other interests.
8003:123146026766336::Thread-170 2020-08-09 18:59:49,520 - Early life
Mia Khalifa was born on February 10, 1993, in Beirut, Lebanon, and moved with her family to the United States in January 2001, leaving their home in the wake of the South Lebanon conflict.
8003:123146026766336::Thread-170 2020-08-09 18:59:49,828 - Her family is Catholic and she was raised in that religion, in what she describes as a "very conservative" home, although she is no longer practicing.
8003:123146026766336::Thread-170 2020-08-09 18:59:50,864 - Khalifa attended a French private school in Beirut, where she learned to speak English.
8003:123146026766336::Thread-170 2020-08-09 18:59:51,267 - After moving to the United States, she lived in Montgomery County, Maryland, and played lacrosse in high school.
8003:123146026766336::Thread-170 2020-08-09 18:59:53,203 - Khalifa attended Northwest High School.
8003:123146026766336::Thread-170 2020-08-09 18:59:59,205 - **END**
8003:123146026766336::Thread-170 2020-08-09 19:00:05,209 - **START**
8003:123146026766336::Thread-170 2020-08-09 19:00:05,217 - Starting new HTTPS connection (1): en.wikipedia.org
8003:123146026766336::Thread-170 2020-08-09 19:00:06,077 - DC, D.C., Dc, or dc may refer to:


Arts and entertainment


Music
Da capo, a musical term
DC Recordings, owned by Jonathan Saul Kane
Destiny's Child, an American R&B group
Drum Connection, a German pop group
DC Talk, a Christian rap and rock trio.
8003:123146026766336::Thread-170 2020-08-09 19:00:07,799 - Video games
Da Capo (visual novel)
Desert Combat, a Battlefield 1942 mod
Digital Chaos, a professional Dota 2 eSports team
Dino Crisis, a survival horror game series
Dreamcast, a video game console


Other media
D.C. (TV series)
DC (Detective Comics)  Comics, an American comic book publisher
DC Inside, a South Korean internet forum


Businesses and products
DC Recordings
DC Shoes, an American sports footwear company
Deloitte Consulting, a US management consulting firm
Dick Clark Productions
Diet Coke, a soft drink
Disney Channel
Doritos chips
Douglas Commercial, a series of aircraft by the Douglas Aircraft Company (and later McDonnell Douglas)
Delta Clipper, a proposed rocketship series by McDonnell Douglas
Dyson vacuum cleaners, which use product code prefix DC
Golden Air, an airline (IATA code DC)
Drawception, an online game where a person comes up with something to draw, someone else draws it, someone else interprets that drawing, then someone tries to draw that interpretation, and so on


Government, law, and military
Christian Democracy (Italy), a political party
Christian Democracy (Brazil), a political party
Detective constable, a rank in the British and several other police forces
Development control in the United Kingdom, a land regulation process
District collector, an Indian Administrative Service officer in charge of revenue collection and administration of a district
District Commissioner, a rank in the British former Colonial Service
District Court
The District of Columbia, federal capital of the United States
Dossier criminal, in Indian policing


People
DC author abbreviation of Swiss botanist Augustin Pyramus de Candolle (1778–1841)
Dalton Castle (wrestler) (born 1986)
Daniel Cormier (born 1979) Olympic wrestler and heavyweight mixed martial artist
David Coulthard (born 1971) British racing driver, known as DC
DC Drake (born 1957), American addictions counselor, and retired professional wrestler
D. C. Fontana (Dorothy Catherine Fontana) (1939–2019), American screenwriter known primarily for work on Star Trek
Donald L. Cox (1936–2011), American leader of the Black Panther Party, known as Field Marshal DC


Places
Washington, D.C., the capital, and the federal territory of the United States of America
Bogotá, Distrito Capital, the capital city of Colombia.
8003:123146026766336::Thread-170 2020-08-09 19:00:12,800 - **END**
