8003:123145782784000::Thread-112 2020-08-09 18:59:29,265 - **START**
8003:123145782784000::Thread-112 2020-08-09 18:59:29,381 - Starting new HTTPS connection (1): en.wikipedia.org
8003:123145782784000::Thread-112 2020-08-09 18:59:33,217 - Hampi or Hampe, also referred to as the Group of Monuments at Hampi, is a UNESCO World Heritage Site located in east-central Karnataka, India.
8003:123145782784000::Thread-112 2020-08-09 18:59:35,243 - It became the pilgrimage centre of the Hindu religion.
8003:123145782784000::Thread-112 2020-08-09 18:59:37,606 - It was the capital of the Vijayanagara Empire  in the 14th century.
8003:123145782784000::Thread-112 2020-08-09 18:59:40,431 - Chronicles left by Persian and European travellers, particularly the Portuguese, say that the Hampi state was a prosperous, wealthy and grand city near the Tungabhadra River, with numerous temples, farms and trading markets.
8003:123145782784000::Thread-112 2020-08-09 18:59:41,131 - By 1500 CE, Hampi-Vijayanagara was the world's second-largest medieval-era city after Beijing, and probably India's richest at that time, attracting traders from Persia and Portugal.
8003:123145782784000::Thread-112 2020-08-09 18:59:41,994 - The Vijayanagara Empire was defeated by a coalition of Muslim sultanates; its capital was conquered, pillaged and destroyed by sultanate armies in 1565, after which Hampi remained in ruins.Located in Karnataka near the modern-era city of Hosapete, Hampi's ruins are spread over 4,100 hectares (16 sq mi) and it has been described by UNESCO as an "austere, grandiose site" of more than 1,600 surviving remains of the last great Hindu kingdom in South India that includes "forts, riverside features, royal and sacred complexes, temples, shrines, pillared halls, mandapas, memorial structures, water structures and others".
8003:123145782784000::Thread-112 2020-08-09 18:59:42,490 - Hampi predates the Vijayanagara Empire; there is evidence of Ashokan epigraphy, and it is mentioned in the Ramayana and the Puranas of Hinduism as Pampaa Devi Tirtha Kshetra.
8003:123145782784000::Thread-112 2020-08-09 18:59:42,805 - Hampi continues to be an important religious centre, housing the Virupaksha Temple, an active Adi Shankara-linked monastery and various monuments belonging to the old city.
8003:123145782784000::Thread-112 2020-08-09 18:59:45,251 - Origin
Hampi or Hampe is from Old Kannada word Pampaa which means big or great.
8003:123145782784000::Thread-112 2020-08-09 18:59:46,481 - Location

Hampi is situated on the banks of the Tungabhadra River in the eastern part of central Karnataka near the state border with Andhra Pradesh.
8003:123145782784000::Thread-112 2020-08-09 18:59:53,483 - **END**
8003:123145782784000::Thread-112 2020-08-09 19:00:06,484 - **START**
8003:123145782784000::Thread-112 2020-08-09 19:00:06,518 - Starting new HTTPS connection (1): en.wikipedia.org
8003:123145782784000::Thread-112 2020-08-09 19:00:07,105 - Asia Carrera Lemmon (born Jessica Steinhauser, August 6, 1973) is an American former pornographic actress.
8003:123145782784000::Thread-112 2020-08-09 19:00:07,950 - Early life
Asia Carrera was born Jessica Steinhauser in New York City to a German mother and Japanese father, the oldest of four siblings.
8003:123145782784000::Thread-112 2020-08-09 19:00:08,616 - She was raised on Lippincott Road in Little Silver, New Jersey, attending Red Bank Regional High School.
8003:123145782784000::Thread-112 2020-08-09 19:00:08,834 - At the age of 16, she taught English at Tsuruga College in Tsuruga, Fukui, Japan.Carrera won a National Merit Scholarship and scored over 1440 on the SAT, as well as a Garden State Scholarship for her grades.
8003:123145782784000::Thread-112 2020-08-09 19:00:09,081 - She attended Rutgers University on full academic scholarship, where she majored in Japanese and business, but did not graduate.
8003:123145782784000::Thread-112 2020-08-09 19:00:09,257 - Carrera is a member of Mensa, with an IQ of 156.
8003:123145782784000::Thread-112 2020-08-09 19:00:09,897 - Career


Adult film career
Carrera's adult film career started in 1993.
8003:123145782784000::Thread-112 2020-08-09 19:00:10,194 - In 1995 she became the first Asian performer ever to win the AVN Female Performer of the Year Award.
8003:123145782784000::Thread-112 2020-08-09 19:00:10,389 - Carrera retired from the film industry in 2003, following her marriage to Don Lemmon.Carrera lent her voice to several erotic hentai OVAs for publisher Pink Pineapple, such as Inmu (2001) and Shusaku (1999).
8003:123145782784000::Thread-112 2020-08-09 19:00:10,759 - In October 2001, Carrera attended the Big Apple Anime Fest in New York City for her voice roles and along with Kobe Tai was an Opening Night Guest of Honor at the fest's Midnight Anime Concourse.Carrera was also in the 2012 documentary After Porn Ends, which is about life after being a porn actor.
8003:123145782784000::Thread-112 2020-08-09 19:00:19,763 - **END**
