8003:123145967874048::Thread-156 2020-08-09 18:59:29,271 - **START**
8003:123145967874048::Thread-156 2020-08-09 18:59:29,380 - Starting new HTTPS connection (1): en.wikipedia.org
8003:123145967874048::Thread-156 2020-08-09 18:59:31,892 - Ashley Mathews, better known as Riley Reid, is an American pornographic actress.
8003:123145967874048::Thread-156 2020-08-09 18:59:32,672 - She briefly worked as a stripper before entering the adult film industry in 2010, at the age of 19.
8003:123145967874048::Thread-156 2020-08-09 18:59:35,382 - She has since won numerous awards, including the 2016 AVN Award for Female Performer of the Year.
8003:123145967874048::Thread-156 2020-08-09 18:59:35,772 - Career
Reid began her adult film career in 2011 at the age of 19 and initially used the stage name Paige Riley.
8003:123145967874048::Thread-156 2020-08-09 18:59:37,855 - In 2013, LA Weekly ranked her eighth on their list of "10 Porn Stars Who Could Be the Next Jenna Jameson".
8003:123145967874048::Thread-156 2020-08-09 18:59:39,172 - She was also placed on CNBC's list of "The Dirty Dozen: Porn's Most Popular Stars" in 2014, 2015, and 2016.
8003:123145967874048::Thread-156 2020-08-09 18:59:40,908 - Reid won the XBIZ Awards for Best New Starlet in 2013 and Female Performer of the Year in 2014, making her the first performer to ever win both awards in consecutive years.
8003:123145967874048::Thread-156 2020-08-09 18:59:41,353 - She also won every single XBIZ Award she was nominated for in 2014.
8003:123145967874048::Thread-156 2020-08-09 18:59:43,165 - In 2014, Reid did her first interracial sex scene in Mandingo Massacre 6, for which she won an AVN Award.Reid is a Fleshlight Girl and has her own line of product with the company.
8003:123145967874048::Thread-156 2020-08-09 18:59:44,173 - Personal life
Reid was born Ashley Mathews in Florida.
8003:123145967874048::Thread-156 2020-08-09 18:59:47,177 - **END**
8003:123145967874048::Thread-156 2020-08-09 18:59:51,181 - **START**
8003:123145967874048::Thread-156 2020-08-09 18:59:51,187 - Starting new HTTPS connection (1): en.wikipedia.org
8003:123145967874048::Thread-156 2020-08-09 18:59:52,490 - Natalie Portman (born Neta-Lee Hershlag; June 9, 1981) is an actress and filmmaker with dual Israeli and American citizenship.
8003:123145967874048::Thread-156 2020-08-09 18:59:53,073 - Prolific in film since a teenager, she has starred in blockbusters and also played psychologically troubled women in independent films, for which she has received various accolades, including an Academy Award and two Golden Globe Awards.
8003:123145967874048::Thread-156 2020-08-09 18:59:53,765 - Portman began her acting career at age 12 by starring as the young protégée of a hitman in the action drama film Léon: The Professional (1994).
8003:123145967874048::Thread-156 2020-08-09 18:59:54,672 - While in high school, she made her Broadway theatre debut in a 1998 production of The Diary of a Young Girl and gained international recognition for starring as Padmé Amidala in Star Wars: Episode I – The Phantom Menace (1999).
8003:123145967874048::Thread-156 2020-08-09 18:59:55,292 - From 1999 to 2003, Portman attended Harvard University for a bachelor's degree in psychology, while continuing to act in the Star Wars prequel trilogy (2002, 2005) and in The Public Theater's 2001 revival of Anton Chekhov's play The Seagull.
8003:123145967874048::Thread-156 2020-08-09 18:59:55,532 - In 2004, Portman was nominated for an Academy Award for Best Supporting Actress and won a Golden Globe Award for playing a mysterious stripper in the romantic drama Closer.
8003:123145967874048::Thread-156 2020-08-09 18:59:55,826 - Portman's career progressed with her starring roles as Evey Hammond in V for Vendetta (2006), Anne Boleyn in The Other Boleyn Girl (2008), and a troubled ballerina in the psychological horror film Black Swan (2010), for which she won the Academy Award for Best Actress.
8003:123145967874048::Thread-156 2020-08-09 18:59:56,565 - She went on to star in the romantic comedy No Strings Attached (2011) and featured as Jane Foster in the Marvel Cinematic Universe superhero films Thor (2011), and Thor: The Dark World (2013), which established her among the best-paid actresses in the world.
8003:123145967874048::Thread-156 2020-08-09 18:59:57,008 - She has since portrayed Jacqueline Kennedy in the biopic Jackie (2016), gaining her third Academy Award nomination, and a biologist in the science fiction film Annihilation (2018).
8003:123145967874048::Thread-156 2020-08-09 18:59:57,591 - Portman's directorial ventures include the short film Eve (2008) and the biographical drama A Tale of Love and Darkness (2015).
8003:123145967874048::Thread-156 2020-08-09 18:59:57,592 - **END**
8003:123145967874048::Thread-156 2020-08-09 19:00:13,599 - **START**
8003:123145967874048::Thread-156 2020-08-09 19:00:13,603 - Starting new HTTPS connection (1): en.wikipedia.org
8003:123145967874048::Thread-156 2020-08-09 19:00:15,763 - Richard Milhous Nixon (January 9, 1913 – April 22, 1994) was the 37th president of the United States, serving from 1969 until 1974.
8003:123145967874048::Thread-156 2020-08-09 19:00:17,207 - A member of the Republican Party, Nixon previously served as the 36th vice president from 1953 to 1961, having risen to national prominence as a representative and senator from California.
8003:123145967874048::Thread-156 2020-08-09 19:00:17,507 - After five years in the White House that saw the conclusion to the U.S. involvement in the Vietnam War, détente with the Soviet Union and China, and the establishment of the Environmental Protection Agency, he became the only president to resign from the office.
8003:123145967874048::Thread-156 2020-08-09 19:00:17,600 - Nixon was born into a poor family in a small town in Southern California.
8003:123145967874048::Thread-156 2020-08-09 19:00:19,478 - He graduated from Duke University School of Law in 1937 and returned to California to practice law.
8003:123145967874048::Thread-156 2020-08-09 19:00:20,719 - He and his wife Pat moved to Washington in 1942 to work for the federal government.
8003:123145967874048::Thread-156 2020-08-09 19:00:21,305 - He served on active duty in the Navy Reserve during World War II.
8003:123145967874048::Thread-156 2020-08-09 19:00:23,144 - He was elected to the House of Representatives in 1946.
8003:123145967874048::Thread-156 2020-08-09 19:00:24,374 - His pursuit of the Hiss Case established his reputation as a leading anti-Communist which elevated him to national prominence.
8003:123145967874048::Thread-156 2020-08-09 19:00:26,374 - In 1950, he was elected to the Senate.
8003:123145967874048::Thread-156 2020-08-09 19:00:26,379 - He was the running mate of Dwight D. Eisenhower, the Republican Party's presidential nominee in the 1952 election, subsequently serving for eight years in as the vice president.
8003:123145967874048::Thread-156 2020-08-09 19:00:30,382 - **END**
