8003:123145366331392::Thread-13 2020-08-09 18:59:30,217 - **START**
8003:123145366331392::Thread-13 2020-08-09 18:59:31,156 - Starting new HTTPS connection (1): en.wikipedia.org
8003:123145366331392::Thread-13 2020-08-09 18:59:34,492 - Canada is a country in the northern part of North America.
8003:123145366331392::Thread-13 2020-08-09 18:59:35,523 - Its ten provinces and three territories extend from the Atlantic to the Pacific and northward into the Arctic Ocean, covering 9.98 million square kilometres (3.85 million square miles), making it the world's second-largest country by total area.
8003:123145366331392::Thread-13 2020-08-09 18:59:36,850 - Its southern and western border with the United States, stretching 8,891 kilometres (5,525 mi), is the world's longest bi-national land border.
8003:123145366331392::Thread-13 2020-08-09 18:59:37,406 - Canada's capital is Ottawa, and its three largest metropolitan areas are Toronto, Montreal, and Vancouver.
8003:123145366331392::Thread-13 2020-08-09 18:59:38,522 - Various indigenous peoples inhabited what is now Canada for thousands of years before European colonization.
8003:123145366331392::Thread-13 2020-08-09 18:59:38,850 - Beginning in the 16th century, British and French expeditions explored and later settled along the Atlantic coast.
8003:123145366331392::Thread-13 2020-08-09 18:59:39,348 - As a consequence of various armed conflicts, France ceded nearly all of its colonies in North America in 1763.
8003:123145366331392::Thread-13 2020-08-09 18:59:39,747 - In 1867, with the union of three British North American colonies through Confederation, Canada was formed as a federal dominion of four provinces.
8003:123145366331392::Thread-13 2020-08-09 18:59:39,820 - This began an accretion of provinces and territories and a process of increasing autonomy from the United Kingdom.
8003:123145366331392::Thread-13 2020-08-09 18:59:41,507 - This widening autonomy was highlighted by the Statute of Westminster of 1931 and culminated in the Canada Act of 1982, which severed the vestiges of legal dependence on the British parliament.
8003:123145366331392::Thread-13 2020-08-09 18:59:44,548 - **END**
8003:123145366331392::Thread-13 2020-08-09 18:59:58,550 - **START**
8003:123145366331392::Thread-13 2020-08-09 18:59:58,586 - Starting new HTTPS connection (1): en.wikipedia.org
8003:123145366331392::Thread-13 2020-08-09 19:00:00,843 - Loud is the fifth studio album by the Barbadian singer Rihanna.
8003:123145366331392::Thread-13 2020-08-09 19:00:03,238 - It was released on November 12, 2010, by Def Jam Recordings and SRP Records.
8003:123145366331392::Thread-13 2020-08-09 19:00:05,305 - The album was recorded between February and August 2010, during the singer's Last Girl on Earth tour and the filming of her first feature film Battleship (2012).
8003:123145366331392::Thread-13 2020-08-09 19:00:07,183 - Rihanna and L.A. Reid were the executive producers of Loud and worked with various record producers, including Stargate, Sandy Vee, The Runners, Tricky Stewart and Alex da Kid.
8003:123145366331392::Thread-13 2020-08-09 19:00:08,557 - The album features several guest vocalists, including rappers Drake, Nicki Minaj and Eminem, who is featured on the sequel to "Love the Way You Lie", titled "Love the Way You Lie (Part II)".
8003:123145366331392::Thread-13 2020-08-09 19:00:10,667 - The album differs from Rihanna's 2009 record, Rated R, which incorporates a prominently foreboding and angry tone and dark themes.
8003:123145366331392::Thread-13 2020-08-09 19:00:13,214 - Loud features up-tempo and pop genres, ranging from R&B and dance-pop to electro music, and marks the return to dancehall; a genre prominent on her first two albums Music of the Sun (2005) and A Girl like Me (2006).
8003:123145366331392::Thread-13 2020-08-09 19:00:13,826 - It also uses rock in "California King Bed" and reggae in the Caribbean-inspired "Man Down".
8003:123145366331392::Thread-13 2020-08-09 19:00:16,795 - Loud received generally positive reviews from music critics, who complimented its upbeat material and Rihanna's vocal performances, while others stated that although the songs were solid, they were unfocused to each other.
8003:123145366331392::Thread-13 2020-08-09 19:00:19,063 - The album was a commercial success; it debuted at number three on the US Billboard 200 chart, with sales of 207,000 copies, the highest first-week sales of her career at the time.
8003:123145366331392::Thread-13 2020-08-09 19:00:21,067 - **END**
