8003:123146342260736::Thread-245 2020-08-09 18:59:33,352 - **START**
8003:123146342260736::Thread-245 2020-08-09 18:59:34,108 - Starting new HTTPS connection (1): en.wikipedia.org
8003:123146342260736::Thread-245 2020-08-09 18:59:37,111 - Ashlynn Brooke is a former American pornographic actress, feature dancer, and model.
8003:123146342260736::Thread-245 2020-08-09 18:59:37,470 - Early life
Ashley Brooke was born in Choctaw, Oklahoma.
8003:123146342260736::Thread-245 2020-08-09 18:59:37,836 - She was a cheerleader for nine years, and graduated from high school in May 2003.
8003:123146342260736::Thread-245 2020-08-09 18:59:38,012 - Before becoming an adult film actress in 2006, she worked at a used car dealership for over three years.Brooke was previously married to an unknown male at the age of 19 and the couple were later divorced.
8003:123146342260736::Thread-245 2020-08-09 18:59:38,284 - Career
Brooke's first foray into adult entertainment was a photoshoot for an Oklahoma-based magazine.
8003:123146342260736::Thread-245 2020-08-09 18:59:38,329 - She soon after worked briefly as a stripper.
8003:123146342260736::Thread-245 2020-08-09 18:59:38,347 - She became an exclusive contract performer with New Sensations / Digital Sin in 2007, and in 2009 made her directing debut with Ashlynn Brooke’s Lesbian Fantasies.
8003:123146342260736::Thread-245 2020-08-09 18:59:39,253 - She has cameos in Buckcherry's "Too Drunk..." music video and the horror film Piranha 3D.In 2010, Brooke retired as a pornstar after giving birth to her child.
8003:123146342260736::Thread-245 2020-08-09 18:59:39,847 - She posted on her Twitter profile and blog, introducing herself as "Ashley.
8003:123146342260736::Thread-245 2020-08-09 18:59:40,179 - Formerly known as Ashlynn Brooke" and stating that she had retired from the pornographic industry and that her former website would no longer be updated.Brooke stated that she then briefly became involved with starring in and producing female-only pornography, but that being the girl who "tries to direct all-girl features, but isn’t a 'real' lesbian" wasn't working.
8003:123146342260736::Thread-245 2020-08-09 18:59:46,184 - **END**
8003:123146342260736::Thread-245 2020-08-09 18:59:55,191 - **START**
8003:123146342260736::Thread-245 2020-08-09 18:59:55,199 - Starting new HTTPS connection (1): en.wikipedia.org
8003:123146342260736::Thread-245 2020-08-09 18:59:56,129 - Dubai ( doo-BY; Arabic: دبي‎, romanized: Dubayy [dʊˈbajj], Gulf Arabic pronunciation: [dəˈbaj]) is the most populous city in the United Arab Emirates (UAE) and the capital of the Emirate of Dubai.Located in the eastern part of the Arabian Peninsula on the coast of the Persian Gulf, Dubai aims to be the business hub of Western Asia.
8003:123146342260736::Thread-245 2020-08-09 18:59:56,465 - It is also a major global transport hub for passengers and cargo.
8003:123146342260736::Thread-245 2020-08-09 18:59:57,210 - Oil revenue helped accelerate the development of the city, which was already a major mercantile hub.
8003:123146342260736::Thread-245 2020-08-09 18:59:58,101 - Dubai's oil output made up 2.1 percent of the Persian Gulf emirate's economy in 2008.
8003:123146342260736::Thread-245 2020-08-09 18:59:58,578 - A centre for regional and international trade since the early 20th century, Dubai's economy relies on revenues from trade, tourism, aviation, real estate, and financial services.
8003:123146342260736::Thread-245 2020-08-09 18:59:58,732 - According to government data, the population of Dubai is estimated at around 3.39 million as of January 2020.
8003:123146342260736::Thread-245 2020-08-09 18:59:58,796 - Etymology
Many theories have been proposed as to origin of the word "Dubai".
8003:123146342260736::Thread-245 2020-08-09 18:59:59,602 - One theory suggests the word used to be the souqin Ba.
8003:123146342260736::Thread-245 2020-08-09 19:00:00,332 - An Arabic proverb says "Daba Dubai" (Arabic: دبا دبي‎), meaning "They came with a lot of money."
8003:123146342260736::Thread-245 2020-08-09 19:00:00,837 - According to Fedel Handhal, a scholar on the UAE's history and culture, the word Dubai may have come from the word daba (Arabic: دبا‎) (a past tense derivative of yadub (Arabic: يدب‎), which means "to creep"), referring to the slow flow of Dubai Creek inland.
8003:123146342260736::Thread-245 2020-08-09 19:00:01,249 - The poet and scholar Ahmad Mohammad Obaid traces it to the same word, but to its alternative meaning of "baby locust" (Arabic: جراد‎) due to the abundance of locusts in the area before settlement.
8003:123146342260736::Thread-245 2020-08-09 19:00:02,254 - **END**
