8003:123145648173056::Thread-80 2020-08-09 18:59:32,251 - **START**
8003:123145648173056::Thread-80 2020-08-09 18:59:33,842 - Starting new HTTPS connection (1): en.wikipedia.org
8003:123145648173056::Thread-80 2020-08-09 18:59:36,089 - The Spain national football team (Spanish: Selección Española de Fútbol) has represented Spain in international men's football competition since 1920.
8003:123145648173056::Thread-80 2020-08-09 18:59:36,556 - It is governed by the Royal Spanish Football Federation, the governing body for football in Spain.
8003:123145648173056::Thread-80 2020-08-09 18:59:37,296 - Spain are one of the eight national teams to have been crowned worldwide champions, having participated in a total of 15 of 21 FIFA World Cups and qualifying consistently since 1978.
8003:123145648173056::Thread-80 2020-08-09 18:59:37,633 - Spain has also won three continental titles, having appeared at 10 of 15 UEFA European Championships.
8003:123145648173056::Thread-80 2020-08-09 18:59:39,141 - Spain became the first European team to win a FIFA World Cup outside of Europe, having won the 2010 tournament in South Africa, as well as having won back-to-back European titles in Euro 2008 and Euro 2012, defeating Germany and Italy in the respective finals, making them the only national team with three consecutive major titles.
8003:123145648173056::Thread-80 2020-08-09 18:59:40,732 - Because of this, from 2008 to 2013, the national team won the FIFA Team of the Year, the second-most of any nation, behind only Brazil.
8003:123145648173056::Thread-80 2020-08-09 18:59:41,537 - Also between February 2007 and June 2009, Spain went undefeated for a record-equalling 35 consecutive matches, a record shared with Brazil.
8003:123145648173056::Thread-80 2020-08-09 18:59:42,317 - Their achievements have led many experts and commentators to consider the 2008–2012 Spanish squads, among the best ever international sides in world football.
8003:123145648173056::Thread-80 2020-08-09 18:59:43,915 - History

Spain has been a member of FIFA since FIFA's foundation in 1904, even though the Spanish Football Federation was first established in 1909.
8003:123145648173056::Thread-80 2020-08-09 18:59:44,848 - The first Spain national football team was constituted in 1920, with the main objective of finding a team that would represent Spain at the Summer Olympics held in Belgium in that same year.
8003:123145648173056::Thread-80 2020-08-09 18:59:47,850 - **END**
8003:123145648173056::Thread-80 2020-08-09 18:59:47,850 - **START**
8003:123145648173056::Thread-80 2020-08-09 18:59:47,855 - Starting new HTTPS connection (1): en.wikipedia.org
8003:123145648173056::Thread-80 2020-08-09 18:59:49,466 - World War II (WWII or WW2), also known as the Second World War, was a global war that lasted from 1939 to 1945.
8003:123145648173056::Thread-80 2020-08-09 18:59:51,154 - It involved the vast majority of the world's countries—including all the great powers—forming two opposing military alliances: the Allies and the Axis.
8003:123145648173056::Thread-80 2020-08-09 18:59:52,098 - In a state of total war, directly involving more than 100 million people from more than 30 countries, the major participants threw their entire economic, industrial, and scientific capabilities behind the war effort, blurring the distinction between civilian and military resources.
8003:123145648173056::Thread-80 2020-08-09 18:59:53,448 - World War II was the deadliest conflict in human history, marked by 70 to 85 million fatalities.
8003:123145648173056::Thread-80 2020-08-09 18:59:54,978 - Tens of millions of people died due to genocides (including the Holocaust), premeditated death from starvation, massacres, and disease.
8003:123145648173056::Thread-80 2020-08-09 18:59:55,519 - Aircraft played a major role in the conflict, including in the use of strategic bombing of population centres, and the only uses of nuclear weapons in war.
8003:123145648173056::Thread-80 2020-08-09 18:59:56,600 - World War II is generally considered to have begun on 1 September 1939, with the invasion of Poland by Germany and subsequent declarations of war on Germany by France and the United Kingdom.
8003:123145648173056::Thread-80 2020-08-09 18:59:57,534 - From late 1939 to early 1941, in a series of campaigns and treaties, Germany conquered or controlled much of continental Europe, and formed the Axis alliance with Italy and Japan.
8003:123145648173056::Thread-80 2020-08-09 18:59:57,707 - Under the Molotov–Ribbentrop Pact of August 1939, Germany and the Soviet Union partitioned and annexed territories of their European neighbours: Poland, Finland, Romania and the Baltic states.
8003:123145648173056::Thread-80 2020-08-09 18:59:59,512 - Following the onset of campaigns in North Africa and East Africa, and the Fall of France in mid-1940, the war continued primarily between the European Axis powers and the British Empire, with war in the Balkans, the aerial Battle of Britain, the Blitz, and the Battle of the Atlantic.
8003:123145648173056::Thread-80 2020-08-09 19:00:08,517 - **END**
