8003:123146186616832::Thread-208 2020-08-09 18:59:30,313 - **START**
8003:123146186616832::Thread-208 2020-08-09 18:59:31,156 - Starting new HTTPS connection (1): en.wikipedia.org
8003:123146186616832::Thread-208 2020-08-09 18:59:33,245 - Norway (Bokmål: Norge; Nynorsk: Noreg; Northern Sami: Norga; Lule Sami: Vuodna; Southern Sami: Nöörje), officially the Kingdom of Norway, is a Nordic country in Northern Europe whose mainland territory comprises the western and northernmost portion of the Scandinavian Peninsula; Mainland Norway and the remote island of Jan Mayen as well as the archipelago of Svalbard form Metropolitan Norway.
8003:123146186616832::Thread-208 2020-08-09 18:59:33,501 - The subantarctic Bouvet Island is a dependent territory of the Kingdom of Norway.
8003:123146186616832::Thread-208 2020-08-09 18:59:33,648 - Norway also lays claim to the Antarctic territories of Queen Maud Land and Peter I Island.
8003:123146186616832::Thread-208 2020-08-09 18:59:34,317 - Norway has a total area of 385,207 square kilometres (148,729 sq mi) and a population of 5,312,300 (as of August 2018).
8003:123146186616832::Thread-208 2020-08-09 18:59:35,188 - The country shares a long eastern border with Sweden (1,619 km or 1,006 mi long).
8003:123146186616832::Thread-208 2020-08-09 18:59:35,904 - Norway is bordered by Finland and Russia to the north-east, and the Skagerrak strait to the south, with Denmark on the other side.
8003:123146186616832::Thread-208 2020-08-09 18:59:36,852 - Norway has an extensive coastline, facing the North Atlantic Ocean and the Barents Sea.
8003:123146186616832::Thread-208 2020-08-09 18:59:37,418 - The maritime influence also dominates Norway's climate with mild lowland temperatures on the sea coasts, whereas the interior, while colder, is also a lot milder than areas elsewhere in the world on such northerly latitudes.
8003:123146186616832::Thread-208 2020-08-09 18:59:37,437 - Even during polar night in the north, temperatures above freezing are commonplace on the coastline.
8003:123146186616832::Thread-208 2020-08-09 18:59:37,861 - The maritime influence brings high rainfall and snowfall to some areas of the country.
8003:123146186616832::Thread-208 2020-08-09 18:59:43,863 - **END**
8003:123146186616832::Thread-208 2020-08-09 18:59:56,864 - **START**
8003:123146186616832::Thread-208 2020-08-09 18:59:56,868 - Starting new HTTPS connection (1): en.wikipedia.org
8003:123146186616832::Thread-208 2020-08-09 18:59:58,255 - Newcastle United Football Club is an English professional football club based in Newcastle upon Tyne, Tyne and Wear, that plays in the Premier League, the top flight of English football.
8003:123146186616832::Thread-208 2020-08-09 18:59:59,039 - Founded in 1892 by the merger of Newcastle East End and Newcastle West End.
8003:123146186616832::Thread-208 2020-08-09 19:00:00,839 - The team plays its home matches at St. James' Park.
8003:123146186616832::Thread-208 2020-08-09 19:00:01,062 - Per the  Taylor Report's requirement that all Premier League clubs have an all-seater stadium, the ground was adjusted in the mid-1990s and now has a capacity of 52,305.
8003:123146186616832::Thread-208 2020-08-09 19:00:02,548 - The club has been a member of the Premier League for all but three years of the competition's history, spending 88 seasons in the top flight as of July 2020, and have never dropped below English football's second tier since joining the Football League in 1893.
8003:123146186616832::Thread-208 2020-08-09 19:00:02,998 - Newcastle have won 4 League titles, 6 FA Cups and a Charity Shield, as well as the 1969 Inter-Cities Fairs Cup and the 2006 UEFA Intertoto Cup, the ninth highest total of trophies won by an English club.
8003:123146186616832::Thread-208 2020-08-09 19:00:04,558 - The club's most successful period was between 1904 and 1910, when they won an FA Cup and three of their League titles.
8003:123146186616832::Thread-208 2020-08-09 19:00:06,528 - Newcastle were relegated in 2009, and again in 2016.
8003:123146186616832::Thread-208 2020-08-09 19:00:07,081 - The club won promotion at the first time of asking each time, returning to the Premier League, as Championship winners, in 2010 and 2017.
8003:123146186616832::Thread-208 2020-08-09 19:00:10,083 - **END**
