8003:123145946841088::Thread-151 2020-08-09 18:59:29,273 - **START**
8003:123145946841088::Thread-151 2020-08-09 18:59:29,423 - Starting new HTTPS connection (1): en.wikipedia.org
8003:123145946841088::Thread-151 2020-08-09 18:59:33,874 - Bryan Matthew Sevilla (born February 7, 1986), known professionally by the stage name James Deen, is an American pornographic actor and director.He entered the porn industry in 2004 at the age of 18.
8003:123145946841088::Thread-151 2020-08-09 18:59:34,521 - He gained attention due to his relatively slender build, lack of tattoos, and everyman appeal, bucking the stereotypical image of hypermasculine male actors in the pornography industry.
8003:123145946841088::Thread-151 2020-08-09 18:59:34,842 - In late 2015, multiple women came forward with allegations of sexual misconduct including rape against Deen, with the most notable being his former girlfriend Joanna Angel.
8003:123145946841088::Thread-151 2020-08-09 18:59:36,209 - Early life
Deen was born in to a Jewish family in Los Angeles County, California and raised in Pasadena.
8003:123145946841088::Thread-151 2020-08-09 18:59:37,637 - His father is a mechanical engineer and his mother is a computer electronic engineer, and one of them worked at the Jet Propulsion Laboratory.
8003:123145946841088::Thread-151 2020-08-09 18:59:38,109 - Sevilla graduated from La Cañada High School in 2004.
8003:123145946841088::Thread-151 2020-08-09 18:59:38,154 - At 17, Deen moved in with his father.
8003:123145946841088::Thread-151 2020-08-09 18:59:38,250 - He worked at a Starbucks for two years and took classes at Pasadena City College.
8003:123145946841088::Thread-151 2020-08-09 18:59:39,065 - Career

According to Deen, performing in pornographic films was his ambition since he was in kindergarten.
8003:123145946841088::Thread-151 2020-08-09 18:59:40,170 - After entering the pornography industry in 2004, he initially worked with older female performers.
8003:123145946841088::Thread-151 2020-08-09 18:59:42,205 - **END**
8003:123145946841088::Thread-151 2020-08-09 18:59:53,207 - **START**
8003:123145946841088::Thread-151 2020-08-09 18:59:53,214 - Starting new HTTPS connection (1): en.wikipedia.org
8003:123145946841088::Thread-151 2020-08-09 18:59:54,913 - Cindy Taylor (born July 16, 1980) is an American retired pornographic actress and model best known by her stage name Jesse Jane.
8003:123145946841088::Thread-151 2020-08-09 18:59:56,448 - She is the recipient of numerous awards and nominations over her career in the adult industry including induction into the AVN and XRCO Hall of Fame.
8003:123145946841088::Thread-151 2020-08-09 18:59:57,473 - Jane is also the Australian Penthouse magazine Pet of the Month for November 2010.
8003:123145946841088::Thread-151 2020-08-09 18:59:58,442 - She was an exclusive contract performer for Digital Playground between 2002 and 2014.
8003:123145946841088::Thread-151 2020-08-09 18:59:59,838 - In January 2015, she signed an exclusive, two-year performing contract with Jules Jordan Video.
8003:123145946841088::Thread-151 2020-08-09 19:00:01,465 - Early life
Jane was a military brat who grew up on various military bases in the Midwestern United States.
8003:123145946841088::Thread-151 2020-08-09 19:00:01,878 - She did extensive dance training and was a varsity cheerleader at her high school in Rose Hill, Kansas.
8003:123145946841088::Thread-151 2020-08-09 19:00:01,990 - She graduated from Moore High School in Moore, Oklahoma in 1998.
8003:123145946841088::Thread-151 2020-08-09 19:00:03,151 - Career

Jane read an article on Tera Patrick that said that Patrick worked for adult-film production company Digital Playground.
8003:123145946841088::Thread-151 2020-08-09 19:00:04,463 - She contacted them and was quickly signed to a contract.
8003:123145946841088::Thread-151 2020-08-09 19:00:12,467 - **END**
