8003:123145740718080::Thread-102 2020-08-09 18:59:36,263 - **START**
8003:123145740718080::Thread-102 2020-08-09 18:59:36,545 - Starting new HTTPS connection (1): en.wikipedia.org
8003:123145740718080::Thread-102 2020-08-09 18:59:39,642 - Hadrian's Wall (Latin: Vallum Aelium), also known as the Roman Wall, Picts' Wall, or Vallum Hadriani in Latin, is a former defensive fortification of the Roman province of Britannia, begun in AD 122 in the reign of the emperor Hadrian.
8003:123145740718080::Thread-102 2020-08-09 18:59:39,855 - It ran from the banks of the River Tyne near the North Sea to the Solway Firth on the Irish Sea, and was the northern limit of the Roman Empire, immediately north of which were the lands of the northern Ancient Britons, including the Picts.
8003:123145740718080::Thread-102 2020-08-09 18:59:40,472 - It had a stone base and a stone wall.
8003:123145740718080::Thread-102 2020-08-09 18:59:41,389 - There were milecastles with two turrets in between.
8003:123145740718080::Thread-102 2020-08-09 18:59:41,862 - There was a fort about every five Roman miles.
8003:123145740718080::Thread-102 2020-08-09 18:59:41,973 - From north to south, the wall comprised a ditch, wall, military way and vallum, another ditch with adjoining mounds.
8003:123145740718080::Thread-102 2020-08-09 18:59:42,481 - It is thought the milecastles were staffed with static garrisons, whereas the forts had fighting garrisons of infantry and cavalry.
8003:123145740718080::Thread-102 2020-08-09 18:59:42,853 - In addition to the wall's defensive military role, its gates may have been customs posts.A significant portion of the wall still stands and can be followed on foot along the adjoining Hadrian's Wall Path.
8003:123145740718080::Thread-102 2020-08-09 18:59:42,927 - The largest Roman archaeological feature in Britain, it runs a total of 73 miles (117.5 kilometres)  in northern England.
8003:123145740718080::Thread-102 2020-08-09 18:59:43,249 - Regarded as a British cultural icon, Hadrian's Wall is one of Britain's major ancient tourist attractions.
8003:123145740718080::Thread-102 2020-08-09 18:59:43,249 - **END**
8003:123145740718080::Thread-102 2020-08-09 18:59:52,263 - **START**
8003:123145740718080::Thread-102 2020-08-09 18:59:52,278 - Starting new HTTPS connection (1): en.wikipedia.org
8003:123145740718080::Thread-102 2020-08-09 18:59:53,591 - The British Museum, in the Bloomsbury area of London, United Kingdom, is a public institution dedicated to human history, art and culture.
8003:123145740718080::Thread-102 2020-08-09 18:59:55,564 - Its permanent collection of some eight million works is among the largest and most comprehensive in existence, having been widely sourced during the era of the British Empire.
8003:123145740718080::Thread-102 2020-08-09 18:59:55,699 - It documents the story of human culture from its beginnings to the present.
8003:123145740718080::Thread-102 2020-08-09 18:59:57,636 - It was the first public national museum in the world.The British Museum was established in 1753, largely based on the collections of the Irish physician and scientist Sir Hans Sloane.
8003:123145740718080::Thread-102 2020-08-09 18:59:58,060 - It first opened to the public in 1759, in Montagu House, on the site of the current building.
8003:123145740718080::Thread-102 2020-08-09 18:59:59,111 - Its expansion over the following 250 years was largely a result of expanding British colonisation and has resulted in the creation of several branch institutions, the first being the Natural History Museum in 1881.
8003:123145740718080::Thread-102 2020-08-09 18:59:59,682 - In 1973, the British Library Act 1972 detached the library department from the British Museum, but it continued to host the now separated British Library in the same Reading Room and building as the museum until 1997.
8003:123145740718080::Thread-102 2020-08-09 19:00:01,189 - The museum is a non-departmental public body sponsored by the Department for Digital, Culture, Media and Sport, and as with all national museums in the UK it charges no admission fee, except for loan exhibitions.Its ownership of some of its most famous objects originating in other countries is disputed and remains the subject of international controversy, most notably in the case of the Elgin Marbles of Greece and the Rosetta Stone of Egypt.
8003:123145740718080::Thread-102 2020-08-09 19:00:03,152 - History


Sir Hans Sloane

Although today principally a museum of cultural art objects and antiquities, the British Museum was founded as a "universal museum".
8003:123145740718080::Thread-102 2020-08-09 19:00:04,619 - Its foundations lie in the will of the Irish physician and naturalist Sir Hans Sloane (1660–1753), a London-based doctor and scientist from Ulster.
8003:123145740718080::Thread-102 2020-08-09 19:00:11,625 - **END**
