8003:123145749131264::Thread-104 2020-08-09 18:59:32,267 - **START**
8003:123145749131264::Thread-104 2020-08-09 18:59:33,568 - Starting new HTTPS connection (1): en.wikipedia.org
8003:123145749131264::Thread-104 2020-08-09 18:59:36,202 - Stonehenge is a prehistoric monument in Wiltshire, England, two miles (3 km) west of Amesbury.
8003:123145749131264::Thread-104 2020-08-09 18:59:38,198 - It consists of a ring of standing stones, each around 13 feet (4.0 m) high, seven feet (2.1 m) wide, and weighing around 25 tons.
8003:123145749131264::Thread-104 2020-08-09 18:59:39,636 - The stones are set within earthworks in the middle of the most dense complex of Neolithic and Bronze Age monuments in England, including several hundred tumuli (burial mounds).Archaeologists believe it was constructed from 3000 BC to 2000 BC.
8003:123145749131264::Thread-104 2020-08-09 18:59:40,623 - The surrounding circular earth bank and ditch, which constitute the earliest phase of the monument, have been dated to about 3100 BC.
8003:123145749131264::Thread-104 2020-08-09 18:59:40,686 - Radiocarbon dating suggests that the first bluestones were raised between 2400 and 2200 BC, although they may have been at the site as early as 3000 BC.One of the most famous landmarks in the United Kingdom, Stonehenge is regarded as a British cultural icon.
8003:123145749131264::Thread-104 2020-08-09 18:59:40,758 - It has been a legally protected Scheduled Ancient Monument since 1882, when legislation to protect historic monuments was first successfully introduced in Britain.
8003:123145749131264::Thread-104 2020-08-09 18:59:41,368 - The site and its surroundings were added to UNESCO's list of World Heritage Sites in 1986.
8003:123145749131264::Thread-104 2020-08-09 18:59:42,214 - Stonehenge is owned by the Crown and managed by English Heritage; the surrounding land is owned by the National Trust.Stonehenge could have been a burial ground from its earliest beginnings.
8003:123145749131264::Thread-104 2020-08-09 18:59:42,368 - Deposits containing human bone date from as early as 3000 BC, when the ditch and bank were first dug, and continued for at least another 500 years.
8003:123145749131264::Thread-104 2020-08-09 18:59:43,509 - Etymology
The Oxford English Dictionary cites Ælfric's tenth-century glossary, in which henge-cliff is given the meaning "precipice", or stone; thus, the stanenges or Stanheng "not far from Salisbury" recorded by eleventh-century writers are "stones supported in the air".
8003:123145749131264::Thread-104 2020-08-09 18:59:45,064 - In 1740 William Stukeley notes, "Pendulous rocks are now called henges in Yorkshire...I doubt not, Stonehenge in Saxon signifies the hanging stones."
8003:123145749131264::Thread-104 2020-08-09 18:59:45,527 - Christopher Chippindale's Stonehenge Complete gives the derivation of the name Stonehenge as coming from the Old English words stān meaning "stone", and either hencg meaning "hinge" (because the stone lintels hinge on the upright stones) or hen(c)en meaning "to hang" or "gallows" or "instrument of torture" (though elsewhere in his book, Chippindale cites the "suspended stones" etymology).The "henge" portion has given its name to a class of monuments known as henges.
8003:123145749131264::Thread-104 2020-08-09 18:59:47,333 - Archaeologists define henges as earthworks consisting of a circular banked enclosure with an internal ditch.
8003:123145749131264::Thread-104 2020-08-09 18:59:51,335 - **END**
8003:123145749131264::Thread-104 2020-08-09 19:00:07,336 - **START**
8003:123145749131264::Thread-104 2020-08-09 19:00:07,346 - Starting new HTTPS connection (1): en.wikipedia.org
8003:123145749131264::Thread-104 2020-08-09 19:00:09,757 - Pablo Emilio Escobar Gaviria (; 1 December 1949 – 2 December 1993) was a Colombian drug lord and narcoterrorist who was the founder and sole leader of the Medellín Cartel.
8003:123145749131264::Thread-104 2020-08-09 19:00:11,294 - Dubbed "The King of Cocaine," Escobar is the wealthiest criminal in history, having amassed an estimated net worth of US$30 billion by the time of his death—equivalent to $59 billion as of 2019—while his drug cartel monopolized the cocaine trade into the United States in the 1980s and 1990s.Born in Rionegro and raised in Medellín, Escobar studied briefly at Universidad Autónoma Latinoamericana of Medellín, but left without graduating; he instead began engaging in criminal activity, selling illegal cigarettes and fake lottery tickets, as well as participating in motor vehicle theft.
8003:123145749131264::Thread-104 2020-08-09 19:00:13,514 - In the early 1970s, he began to work for various drug smugglers, often kidnapping and holding people for ransom.
8003:123145749131264::Thread-104 2020-08-09 19:00:13,949 - In 1976, Escobar founded the Medellín Cartel, which distributed powder cocaine, and established the first smuggling routes into the U.S. Escobar's infiltration into the U.S. created exponential demand for cocaine, and by the 1980s, it was estimated Escobar led monthly shipments of 70 to 80 tons of cocaine into the country from Colombia.
8003:123145749131264::Thread-104 2020-08-09 19:00:15,959 - As a result, he quickly became one of the richest people in the world, but consistently battled rival cartels domestically and abroad, leading to massacres and the murders of police officers, judges, locals, and prominent politicians, making Colombia the murder capital of the world.In the 1982 parliamentary election, Escobar was elected as an alternate member of the Chamber of Representatives as part of the Liberal Alternative movement.
8003:123145749131264::Thread-104 2020-08-09 19:00:18,141 - Through this, he was responsible for community projects, such as the construction of houses and football fields, which gained him popularity among the locals of the towns that he frequented.
8003:123145749131264::Thread-104 2020-08-09 19:00:19,604 - However, Escobar was vilified by the Colombian and U.S. governments, who routinely stifled his political ambitions and pushed for his arrest, with Escobar widely believed to have orchestrated the DAS Building and Avianca Flight 203 bombings in retaliation.
8003:123145749131264::Thread-104 2020-08-09 19:00:22,258 - In 1991, Escobar surrendered to authorities, and was sentenced to five years' imprisonment on a host of charges, but struck a deal of no extradition with Colombian President Cesar Gaviria, with the ability of being housed in his own, self-built prison, La Catedral.
8003:123145749131264::Thread-104 2020-08-09 19:00:24,145 - In 1992, Escobar escaped and went into hiding when authorities attempted to move him to a more standard holding facility, leading to a nation-wide manhunt.
8003:123145749131264::Thread-104 2020-08-09 19:00:24,208 - As a result, the Medellín Cartel crumbled, and in 1993, Escobar was killed in his hometown by Colombian National Police, a day after his 44th birthday.Escobar's legacy remains controversial; while many denounce the heinous nature of his crimes, he was seen as a "Robin Hood-like" figure for many in Colombia, as he provided many amenities to the poor, while his killing was mourned and his funeral attended by over 25,000 people.
8003:123145749131264::Thread-104 2020-08-09 19:00:26,211 - **END**
