8003:123145509355520::Thread-47 2020-08-09 18:59:25,224 - **START**
8003:123145509355520::Thread-47 2020-08-09 18:59:25,231 - Starting new HTTPS connection (1): en.wikipedia.org
8003:123145509355520::Thread-47 2020-08-09 18:59:27,748 - Spain (Spanish: España, [esˈpaɲa] (listen)), officially the Kingdom of Spain (Spanish: Reino de España), is a country in Southwestern Europe with some pockets of territory across the Strait of Gibraltar and the Atlantic Ocean.
8003:123145509355520::Thread-47 2020-08-09 18:59:27,919 - Its continental European territory is situated on the Iberian Peninsula.
8003:123145509355520::Thread-47 2020-08-09 18:59:28,435 - Its territory also includes two archipelagos: the Canary Islands off the coast of North Africa, and the Balearic Islands in the Mediterranean Sea.
8003:123145509355520::Thread-47 2020-08-09 18:59:29,176 - The African enclaves of Ceuta, Melilla, and Peñón de Vélez de la Gomera, makes Spain the only European country to have a physical border with an African country (Morocco).
8003:123145509355520::Thread-47 2020-08-09 18:59:30,503 - Several small islands in the Alboran Sea are also part of Spanish territory.
8003:123145509355520::Thread-47 2020-08-09 18:59:31,527 - The country's mainland is bordered to the south and east by the Mediterranean Sea except for a small land boundary with Gibraltar; to the north and northeast by France, Andorra, and the Bay of Biscay; and to the west and northwest by Portugal and the Atlantic Ocean respectively.
8003:123145509355520::Thread-47 2020-08-09 18:59:32,689 - With an area of 505,990 km2 (195,360 sq mi), Spain is the largest country in Southern Europe, the second-largest country in Western Europe and the European Union, and the fourth-largest country by area on the European continent.
8003:123145509355520::Thread-47 2020-08-09 18:59:34,556 - With a population exceeding 47.3 million, Spain is the sixth-most populous country in Europe, and the fourth-most populous country in the European Union.
8003:123145509355520::Thread-47 2020-08-09 18:59:35,384 - Spain's capital and largest city is Madrid; other major urban areas include Barcelona, Valencia, Seville, Zaragoza, Málaga, and Bilbao.
8003:123145509355520::Thread-47 2020-08-09 18:59:35,747 - Modern humans first arrived in the Iberian Peninsula around 35,000 years ago.
8003:123145509355520::Thread-47 2020-08-09 18:59:35,750 - **END**
8003:123145509355520::Thread-47 2020-08-09 18:59:36,762 - **START**
8003:123145509355520::Thread-47 2020-08-09 18:59:37,491 - Starting new HTTPS connection (1): en.wikipedia.org
8003:123145509355520::Thread-47 2020-08-09 18:59:40,793 - India, officially the Republic of India (Hindi: Bhārat Gaṇarājya), is a country in South Asia.
8003:123145509355520::Thread-47 2020-08-09 18:59:41,519 - It is the second-most populous country, the seventh-largest country by area, and the most populous democracy in the world.
8003:123145509355520::Thread-47 2020-08-09 18:59:41,757 - Bounded by the Indian Ocean on the south, the Arabian Sea on the southwest, and the Bay of Bengal on the southeast, it shares land borders with Pakistan to the west; China, Nepal, and Bhutan to the north; and Bangladesh and Myanmar to the east.
8003:123145509355520::Thread-47 2020-08-09 18:59:42,048 - In the Indian Ocean, India is in the vicinity of Sri Lanka and the Maldives; its Andaman and Nicobar Islands share a maritime border with Thailand and Indonesia.
8003:123145509355520::Thread-47 2020-08-09 18:59:42,850 - Modern humans arrived on the Indian subcontinent from Africa no later than 55,000 years ago.
8003:123145509355520::Thread-47 2020-08-09 18:59:43,759 - Their long occupation, initially in varying forms of isolation as hunter-gatherers, has made the region highly diverse, second only to Africa in human genetic diversity.
8003:123145509355520::Thread-47 2020-08-09 18:59:44,436 - Settled life emerged on the subcontinent in the western margins of the Indus river basin 9,000 years ago, evolving gradually into the Indus Valley Civilisation of the third millennium BCE.
8003:123145509355520::Thread-47 2020-08-09 18:59:45,272 - By 1200 BCE, an archaic form of Sanskrit, an Indo-European language, had diffused into India from the northwest, unfolding as the language of the Rigveda, and recording the dawning of Hinduism in India.
8003:123145509355520::Thread-47 2020-08-09 18:59:45,571 - The Dravidian languages of India were supplanted in the northern regions.
8003:123145509355520::Thread-47 2020-08-09 18:59:45,682 - By 400 BCE, stratification and exclusion by caste had emerged within Hinduism,
and Buddhism and Jainism had arisen, proclaiming social orders unlinked to heredity.
8003:123145509355520::Thread-47 2020-08-09 18:59:46,281 - Early political consolidations gave rise to the loose-knit Maurya and Gupta Empires based in the Ganges Basin.
8003:123145509355520::Thread-47 2020-08-09 18:59:53,285 - **END**
8003:123145509355520::Thread-47 2020-08-09 18:59:56,286 - **START**
8003:123145509355520::Thread-47 2020-08-09 18:59:56,300 - Starting new HTTPS connection (1): en.wikipedia.org
8003:123145509355520::Thread-47 2020-08-09 18:59:57,351 - The Italy national football team (Italian: Nazionale di calcio dell'Italia) has officially represented Italy in international football since their first match in 1910.
8003:123145509355520::Thread-47 2020-08-09 18:59:57,807 - The squad is under the global jurisdiction of FIFA and is governed in Europe by UEFA—the latter of which was co-founded by the Italian team's supervising body, the Italian Football Federation (FIGC).
8003:123145509355520::Thread-47 2020-08-09 18:59:58,427 - Italy's home matches are played at various stadiums throughout Italy, and their primary training ground, Centro Tecnico Federale di Coverciano, is located at the FIGC technical headquarters in Coverciano, Florence.
8003:123145509355520::Thread-47 2020-08-09 18:59:58,975 - Italy is one of the most successful national teams in the history of the World Cup, having won four titles (1934, 1938, 1982, 2006) and appearing in two other finals (1970, 1994), reaching a third place (1990) and a fourth place (1978).
8003:123145509355520::Thread-47 2020-08-09 18:59:59,560 - In 1938, they became the first team to defend their World Cup title, and due to the outbreak of World War II, retained the title for a further 12 years.
8003:123145509355520::Thread-47 2020-08-09 19:00:00,542 - Italy had also previously won two Central European International Cups (1927–30, 1933–35).
8003:123145509355520::Thread-47 2020-08-09 19:00:01,262 - Between its first two World Cup victories, Italy won the Olympic football tournament (1936).
8003:123145509355520::Thread-47 2020-08-09 19:00:02,135 - After the majority of the team was killed in a plane crash in 1949, the team did not advance past the group stage of the following two World Cup tournaments, and also failed to qualify for the 1958 edition—failure to qualify for the World Cup would not happen again until the 2018 edition.
8003:123145509355520::Thread-47 2020-08-09 19:00:02,303 - Italy returned to form by 1968, winning a European Championship (1968), and after a period of alternating unsuccessful qualification rounds in Europe, later appeared in two other finals (2000, 2012).
8003:123145509355520::Thread-47 2020-08-09 19:00:02,455 - Italy's highest finish at the FIFA Confederations Cup was in 2013, where the squad achieved a third-place finish.
8003:123145509355520::Thread-47 2020-08-09 19:00:11,458 - **END**
