8003:123146262335488::Thread-226 2020-08-09 18:59:39,308 - **START**
8003:123146262335488::Thread-226 2020-08-09 18:59:40,892 - Starting new HTTPS connection (1): en.wikipedia.org
8003:123146262335488::Thread-226 2020-08-09 18:59:42,807 - The Spice Girls are an English pop girl group formed in 1994.
8003:123146262335488::Thread-226 2020-08-09 18:59:42,945 - The group comprises Melanie Brown, also known as Mel B ("Scary Spice"), Melanie Chisholm, also known as Mel C ("Sporty Spice"), Emma Bunton ("Baby Spice"), Geri Halliwell ("Ginger Spice") and Victoria Beckham ("Posh Spice").
8003:123146262335488::Thread-226 2020-08-09 18:59:43,916 - They were signed to Virgin Records and released their debut single "Wannabe" in 1996; it hit number one in 37 countries and commenced their global success.
8003:123146262335488::Thread-226 2020-08-09 18:59:44,334 - Their debut album Spice sold more than 23 million copies worldwide, becoming the best-selling album by a female group in history.
8003:123146262335488::Thread-226 2020-08-09 18:59:45,322 - Their follow-up album, Spiceworld sold over 13 million copies worldwide.
8003:123146262335488::Thread-226 2020-08-09 18:59:45,957 - The Spice Girls have sold 85 million records worldwide, making them the best-selling girl group of all time, one of the best-selling pop groups of all time, and the biggest British pop success since the Beatles.
8003:123146262335488::Thread-226 2020-08-09 18:59:46,802 - Among the highest-profile acts in 1990s popular culture, Time called them "arguably the most recognizable face" of Cool Britannia, the mid-1990s celebration of youth culture in the UK.Measures of their success include international record sales, a 2007–2008 reunion tour, a 2019 reunion tour, vast merchandising enterprises, iconic symbolism such as Halliwell's Union Jack dress representing "girl power", and a film, Spice World.
8003:123146262335488::Thread-226 2020-08-09 18:59:46,953 - The group became one of the most successful marketing engines ever, earning up to $75 million per year, with their global gross income estimated at $500–800 million by May 1998.
8003:123146262335488::Thread-226 2020-08-09 18:59:47,842 - Under the guidance of their mentor and manager Simon Fuller, the Spice Girls embraced merchandising and became a regular feature of the British and global press.
8003:123146262335488::Thread-226 2020-08-09 18:59:48,434 - In 1996, Top of the Pops magazine gave each member of the group aliases, which were adopted by the group and media.
8003:123146262335488::Thread-226 2020-08-09 18:59:52,436 - **END**
8003:123146262335488::Thread-226 2020-08-09 19:00:06,437 - **START**
8003:123146262335488::Thread-226 2020-08-09 19:00:06,442 - Starting new HTTPS connection (1): en.wikipedia.org
8003:123146262335488::Thread-226 2020-08-09 19:00:08,139 - Chelsea Football Club are an English professional football club based in Fulham, London.
8003:123146262335488::Thread-226 2020-08-09 19:00:08,617 - Founded in 1905, the club competes in the Premier League, the top division of English football.
8003:123146262335488::Thread-226 2020-08-09 19:00:09,622 - Chelsea are among England's most successful clubs, having won over thirty competitive honours, including six league titles and six European trophies.
8003:123146262335488::Thread-226 2020-08-09 19:00:10,370 - Their home ground is Stamford Bridge.Chelsea won their first major honour, the League Championship, in 1955.
8003:123146262335488::Thread-226 2020-08-09 19:00:10,762 - The club won the FA Cup for the first time in 1970 and their first European honour, the UEFA Cup Winners' Cup, in 1971.
8003:123146262335488::Thread-226 2020-08-09 19:00:11,192 - After a period of decline in the late 1970s and 1980s, the club enjoyed a revival in the 1990s and had more success in cup competitions.
8003:123146262335488::Thread-226 2020-08-09 19:00:11,627 - The past two decades have been the most successful in Chelsea's history: they won five of its six league titles and the UEFA Champions League during this period.
8003:123146262335488::Thread-226 2020-08-09 19:00:13,478 - Chelsea are one of five clubs to have won all three of UEFA's main club competitions, and the only London club to have won the Champions League.
8003:123146262335488::Thread-226 2020-08-09 19:00:13,991 - Chelsea's home kit colours are royal blue shirts and shorts with white socks.
8003:123146262335488::Thread-226 2020-08-09 19:00:15,108 - The club's crest features a ceremonial lion rampant regardant holding a staff.
8003:123146262335488::Thread-226 2020-08-09 19:00:17,109 - **END**
