8003:123145643966464::Thread-79 2020-08-09 18:59:33,247 - **START**
8003:123145643966464::Thread-79 2020-08-09 18:59:34,099 - Starting new HTTPS connection (1): en.wikipedia.org
8003:123145643966464::Thread-79 2020-08-09 18:59:39,163 - Angkor Wat (; Khmer: អង្គរវត្ត, "City/Capital of Temples") is a temple complex in Cambodia and the largest religious monument in the world, on a site measuring 162.6 hectares (1,626,000 m2; 402 acres).
8003:123145643966464::Thread-79 2020-08-09 18:59:40,184 - Originally constructed as a Hindu temple dedicated to the god Vishnu for the Khmer Empire, it was gradually transformed into a Buddhist temple towards the end of the 12th century as such it is also described as a "Hindu-Buddhist" temple.
8003:123145643966464::Thread-79 2020-08-09 18:59:40,463 - It was built by the Khmer King Suryavarman II in the early 12th century in Yaśodharapura (Khmer: យសោធរបុរៈ, present-day Angkor), the capital of the Khmer Empire, as his state temple and eventual mausoleum.
8003:123145643966464::Thread-79 2020-08-09 18:59:41,749 - Breaking from the Shaiva tradition of previous kings, Angkor Wat was instead dedicated to Vishnu.
8003:123145643966464::Thread-79 2020-08-09 18:59:43,010 - As the best-preserved temple at the site, it is the only one to have remained a significant religious centre since its foundation.
8003:123145643966464::Thread-79 2020-08-09 18:59:45,784 - The temple is at the top of the high classical style of Khmer architecture.
8003:123145643966464::Thread-79 2020-08-09 18:59:47,938 - It has become a symbol of Cambodia, appearing on its national flag, and it is the country's prime attraction for visitors.Angkor Wat combines two basic plans of Khmer temple architecture: the temple-mountain and the later galleried temple.
8003:123145643966464::Thread-79 2020-08-09 18:59:48,818 - It is designed to represent Mount Meru, home of the devas in Hindu mythology: within a moat more than 5 kilometres (3 mi) long and an outer wall 3.6 kilometres (2.2 mi) long are three rectangular galleries, each raised above the next.
8003:123145643966464::Thread-79 2020-08-09 18:59:50,642 - At the centre of the temple stands a quincunx of towers.
8003:123145643966464::Thread-79 2020-08-09 18:59:51,845 - Unlike most Angkorian temples, Angkor Wat is oriented to the west; scholars are divided as to the significance of this.
8003:123145643966464::Thread-79 2020-08-09 18:59:56,860 - **END**
8003:123145643966464::Thread-79 2020-08-09 19:00:13,864 - **START**
8003:123145643966464::Thread-79 2020-08-09 19:00:13,868 - Starting new HTTPS connection (1): en.wikipedia.org
8003:123145643966464::Thread-79 2020-08-09 19:00:15,192 - The England national football team represents England in  men's international football and is governed by The Football Association, the governing body for football in England.
8003:123145643966464::Thread-79 2020-08-09 19:00:16,088 - It competes in the three major international tournaments; the FIFA World Cup, the UEFA European Championship and the UEFA Nations League.
8003:123145643966464::Thread-79 2020-08-09 19:00:16,802 - England, as a country of the United Kingdom, is not a member of the International Olympic Committee and therefore the national team does not compete at the Olympic Games.
8003:123145643966464::Thread-79 2020-08-09 19:00:17,339 - England is the oldest national team in football.
8003:123145643966464::Thread-79 2020-08-09 19:00:18,160 - They played in the world's first international football match in 1872, against Scotland.
8003:123145643966464::Thread-79 2020-08-09 19:00:18,930 - England's home ground is Wembley Stadium, London, and their headquarters is at St George's Park, Burton upon Trent.
8003:123145643966464::Thread-79 2020-08-09 19:00:19,589 - The team's manager is Gareth Southgate.
8003:123145643966464::Thread-79 2020-08-09 19:00:19,883 - Since first entering the tournament in 1950, England has qualified for the FIFA World Cup 15 times.
8003:123145643966464::Thread-79 2020-08-09 19:00:20,144 - They won the 1966 World Cup, when they hosted the finals, and finished fourth in 1990 and 2018.
8003:123145643966464::Thread-79 2020-08-09 19:00:20,360 - Since first entering in 1964, England have never won the UEFA European Championship, with their best performances being third-place finishes in 1968 and 1996, the latter as hosts.
8003:123145643966464::Thread-79 2020-08-09 19:00:27,362 - **END**
