8003:123145841676288::Thread-126 2020-08-09 18:59:36,268 - **START**
8003:123145841676288::Thread-126 2020-08-09 18:59:36,581 - Starting new HTTPS connection (1): en.wikipedia.org
8003:123145841676288::Thread-126 2020-08-09 18:59:42,154 - Julia Ann Tavella (born October 8, 1969) is an American pornographic actress and feature dancer.
8003:123145841676288::Thread-126 2020-08-09 18:59:44,858 - She is a member of the AVN Hall of Fame and the XRCO Hall of Fame.
8003:123145841676288::Thread-126 2020-08-09 18:59:44,874 - Career
By age 18 Julia Ann started modeling, then became a professional mud wrestler in Hollywood before becoming one half of the popular touring strip club feature act Blondage, with Janine Lindemulder, in the early 1990s.
8003:123145841676288::Thread-126 2020-08-09 18:59:45,781 - Their success led to offers to join the adult film industry.Julia Ann debuted in adult films in 1993 in Andrew Blake's Hidden Obsessions, in a lesbian sex scene with Lindemulder.
8003:123145841676288::Thread-126 2020-08-09 18:59:46,712 - She was under contract to Wicked Pictures in 2006, but in May 2007 she posted on the members section of her website that she had not renewed her contract with Wicked.She has worked as a make-up artist.She has referred to fellow pornographic actress Christy Canyon as one of her "idols" in the business.
8003:123145841676288::Thread-126 2020-08-09 18:59:48,170 - Appearances
Julia Ann has also made appearances as herself on television shows, series, and documentaries such as Rated A for Adult, Night Calls, Give Me Your Soul..., Dreamwagon: Inside the Adult Industry, VS., The Man Show, and How They Make Adult Movies.In 1989, Julia Ann appeared in the film American Angels: Baptism of Blood.
8003:123145841676288::Thread-126 2020-08-09 18:59:50,104 - Awards


AVN awards
1994 Best All-Girl Sex Scene – Film for Hidden Obsessions
2000 Best All-Girl Sex Scene – Film for Seven Deadly Sins
2004 Best Actress – Video for Beautiful
2004 Hall of Fame
2010 Best Makeup for The 8th Day
2010 MILF/Cougar Performer of the Year
2011 MILF/Cougar Performer of the Year
2013 MILF/Cougar Performer of the Year
2015 Hottest MILF (Fan Award)


XRCO awards
1994 Best Girl-Girl Scene for Hidden Obsessions
2009 MILF of the Year
2011 MILF of the Year
2012 Hall of Fame
2017 Mainstream Adult Media Favorite


XBIZ awards
2014 MILF Performer of the Year


NightMoves awards
2013 Best MILF Performer (Fan's Choice)
2015 Hall of Fame


Personal life
Ann grew up around animals and developed a love for horses; she also took piano lessons and learned to swim "like a fish."
8003:123145841676288::Thread-126 2020-08-09 18:59:50,359 - At age 12 she moved to Idyllwild, California, where she attended a college-prep school before moving back to Los Angeles to live with her grandmother at age 17.Ann married adult film director Michael Raven on June 21, 2003, divorcing in 2007.
8003:123145841676288::Thread-126 2020-08-09 18:59:50,707 - Besides breast enlargement, Julia Ann also had labiaplasty and a nose job to remove the after-effects of a broken nose suffered when a horse kicked her in the face.
8003:123145841676288::Thread-126 2020-08-09 18:59:58,710 - **END**
8003:123145841676288::Thread-126 2020-08-09 19:00:06,711 - **START**
8003:123145841676288::Thread-126 2020-08-09 19:00:06,717 - Starting new HTTPS connection (1): en.wikipedia.org
8003:123145841676288::Thread-126 2020-08-09 19:00:07,714 - Toronto is the capital city of the Canadian province of Ontario.
8003:123145841676288::Thread-126 2020-08-09 19:00:08,460 - With a recorded population of 2,731,571 in 2016, it is the most populous city in Canada and the fourth most populous city in North America.
8003:123145841676288::Thread-126 2020-08-09 19:00:08,605 - The city is the anchor of the Golden Horseshoe, an urban agglomeration of 9,245,438 people (as of 2016) surrounding the western end of Lake Ontario, while the Greater Toronto Area (GTA) proper had a 2016 population of 6,417,516.
8003:123145841676288::Thread-126 2020-08-09 19:00:09,214 - Toronto is an international centre of business, finance, arts, and culture, and is recognized as one of the most multicultural and cosmopolitan cities in the world.People have travelled through and inhabited the Toronto area, located on a broad sloping plateau interspersed with rivers, deep ravines, and urban forest, for more than 10,000 years.
8003:123145841676288::Thread-126 2020-08-09 19:00:09,790 - After the broadly disputed Toronto Purchase, when the Mississauga surrendered the area to the British Crown, the British established the town of York in 1793 and later designated it as the capital of Upper Canada.
8003:123145841676288::Thread-126 2020-08-09 19:00:10,409 - During the War of 1812, the town was the site of the Battle of York and suffered heavy damage by American troops.
8003:123145841676288::Thread-126 2020-08-09 19:00:10,493 - York was renamed and incorporated in 1834 as the city of Toronto.
8003:123145841676288::Thread-126 2020-08-09 19:00:11,443 - It was designated as the capital of the province of Ontario in 1867 during Canadian Confederation.
8003:123145841676288::Thread-126 2020-08-09 19:00:12,395 - The city proper has since expanded past its original borders through both annexation and amalgamation to its current area of 630.2 km2 (243.3 sq mi).
8003:123145841676288::Thread-126 2020-08-09 19:00:12,843 - The diverse population of Toronto reflects its current and historical role as an important destination for immigrants to Canada.
8003:123145841676288::Thread-126 2020-08-09 19:00:14,844 - **END**
