8003:123145425223680::Thread-27 2020-08-09 18:59:31,225 - **START**
8003:123145425223680::Thread-27 2020-08-09 18:59:31,909 - Starting new HTTPS connection (1): en.wikipedia.org
8003:123145425223680::Thread-27 2020-08-09 18:59:34,942 - Sasha Grey (born Marina Ann Hantzis, March 14, 1988) is an American actress, musician, model, and writer.
8003:123145425223680::Thread-27 2020-08-09 18:59:35,748 - Grey began her acting career in the pornographic film industry, winning 15 awards for her work between 2007 and 2010, including the AVN Award for Female Performer of the Year in 2008.Grey has been featured in music videos, documentaries, advertising campaigns, artworks, and magazines.
8003:123145425223680::Thread-27 2020-08-09 18:59:37,608 - After her 2009 feature film debut as the lead in Steven Soderbergh's The Girlfriend Experience, she starred in independent films including Open Windows, the Canadian black comedy horror film Smash Cut and the horror film Would You Rather.
8003:123145425223680::Thread-27 2020-08-09 18:59:39,118 - In 2011, she played a fictionalized version of herself in the HBO comedy-drama series Entourage.
8003:123145425223680::Thread-27 2020-08-09 18:59:40,031 - Grey was a co-founder, singer, and writer of aTelecine, an industrial music band.
8003:123145425223680::Thread-27 2020-08-09 18:59:41,875 - She is the author of The Juliette Society trilogy of novels and also writes, directs, and co-produces films and music videos.
8003:123145425223680::Thread-27 2020-08-09 18:59:43,762 - Early life
Grey, whose original name is Marina Ann Hantzis, was born in North Highlands, California into a working-class family.
8003:123145425223680::Thread-27 2020-08-09 18:59:44,198 - Her father was a Greek-American who worked as a mechanic and died in June 2015.
8003:123145425223680::Thread-27 2020-08-09 18:59:45,998 - Her mother is of English, Irish, and Polish descent.
8003:123145425223680::Thread-27 2020-08-09 18:59:47,259 - Grey's parents divorced before she started middle school and she was subsequently raised by her mother, who remarried in 2000.
8003:123145425223680::Thread-27 2020-08-09 18:59:55,269 - **END**
8003:123145425223680::Thread-27 2020-08-09 19:00:05,273 - **START**
8003:123145425223680::Thread-27 2020-08-09 19:00:05,286 - Starting new HTTPS connection (1): en.wikipedia.org
8003:123145425223680::Thread-27 2020-08-09 19:00:05,955 - Mackenzie Christine Foy (born November 10, 2000) is an American actress and model.
8003:123145425223680::Thread-27 2020-08-09 19:00:06,687 - She is known for portraying Renesmee Cullen in the 2012 film The Twilight Saga: Breaking Dawn – Part 2, which earned her a Young Artist Award nomination as Best Supporting Young Actress in a Feature Film; as the young Murphy in the 2014 space epic Interstellar, for which she received a Saturn Award for Best Performance by a Younger Actor among other awards nominations; and as Clara in Disney's The Nutcracker and the Four Realms.
8003:123145425223680::Thread-27 2020-08-09 19:00:08,522 - Early life
Foy was born on November 10, 2000.
8003:123145425223680::Thread-27 2020-08-09 19:00:09,934 - She was born and raised in Los Angeles.
8003:123145425223680::Thread-27 2020-08-09 19:00:10,573 - Her father, a truck driver, and mother, a homemaker, had no connections to the film industry.
8003:123145425223680::Thread-27 2020-08-09 19:00:12,432 - Foy began modeling at age 3, and started acting at age 9.
8003:123145425223680::Thread-27 2020-08-09 19:00:14,059 - Career
Foy began modeling in print ads in 2004, working for Garnet Hill, Polo Ralph Lauren and Guess.
8003:123145425223680::Thread-27 2020-08-09 19:00:15,627 - From there, she modeled for companies such as The Walt Disney Company, Mattel and Gap.Foy's acting career began when she was nine years old, when she guest-starred in television shows such as 'Til Death, FlashForward and Hawaii Five-0.
8003:123145425223680::Thread-27 2020-08-09 19:00:17,238 - In 2010, she was cast as Renesmee Cullen in the film adaptation of Stephenie Meyer's book Breaking Dawn, the fourth and final novel in the Twilight saga series.
8003:123145425223680::Thread-27 2020-08-09 19:00:17,595 - The first movie, The Twilight Saga: Breaking Dawn – Part 1, in which Renesmee is shown only in a flash forward, was released on November 18, 2011, while the second, The Twilight Saga: Breaking Dawn – Part 2, on November 16, 2012.
8003:123145425223680::Thread-27 2020-08-09 19:00:17,596 - **END**
