8003:123145467289600::Thread-37 2020-08-09 18:59:35,235 - **START**
8003:123145467289600::Thread-37 2020-08-09 18:59:36,579 - Starting new HTTPS connection (1): en.wikipedia.org
8003:123145467289600::Thread-37 2020-08-09 18:59:39,072 - Mark Elliot Zuckerberg (; born May 14, 1984) is an American media magnate, internet entrepreneur, and philanthropist.
8003:123145467289600::Thread-37 2020-08-09 18:59:39,647 - He is known for co-founding Facebook, Inc. and serves as its chairman, chief executive officer, and controlling shareholder.
8003:123145467289600::Thread-37 2020-08-09 18:59:40,932 - He also is a co-founder of the solar sail spacecraft development project Breakthrough Starshot and serves as one of its board members.Born in White Plains, New York, Zuckerberg attended Harvard University, where he launched the Facebook social networking service from his dormitory room on February 4, 2004, with college roommates Eduardo Saverin, Andrew McCollum, Dustin Moskovitz, and Chris Hughes.
8003:123145467289600::Thread-37 2020-08-09 18:59:41,522 - Originally launched to select college campuses, the site expanded rapidly and eventually beyond colleges, reaching one billion users by 2012.
8003:123145467289600::Thread-37 2020-08-09 18:59:42,281 - Zuckerberg took the company public in May 2012 with majority shares.
8003:123145467289600::Thread-37 2020-08-09 18:59:42,851 - In 2007, at age 23, he became the world's youngest self-made billionaire.
8003:123145467289600::Thread-37 2020-08-09 18:59:44,269 - As of August 8th, 2020, Zuckerberg’s net worth was estimated at $98.6 billion and he is listed by Forbes as the 4th-richest person in the world.
8003:123145467289600::Thread-37 2020-08-09 18:59:44,770 - As of 2019, he is the only person under 50 in the Forbes ten richest people list, and the only one under 40 in the Top 20 Billionaires list.Since 2010, Time magazine has named Zuckerberg among the 100 wealthiest and most influential people in the world as a part of its Person of the Year award.
8003:123145467289600::Thread-37 2020-08-09 18:59:46,185 - In December 2016, Zuckerberg was ranked 10th on Forbes list of The World's Most Powerful People.
8003:123145467289600::Thread-37 2020-08-09 18:59:51,189 - **END**
8003:123145467289600::Thread-37 2020-08-09 19:00:06,212 - **START**
8003:123145467289600::Thread-37 2020-08-09 19:00:06,267 - Starting new HTTPS connection (1): en.wikipedia.org
8003:123145467289600::Thread-37 2020-08-09 19:00:07,742 - Confucius ( kən-FEW-shəs; (Chinese: 孔夫子; pinyin: Kǒng Fūzǐ, English: Master Kǒng) 551 BC–479 BC) was a Chinese philosopher and politician of the Spring and Autumn period.
8003:123145467289600::Thread-37 2020-08-09 19:00:08,308 - The philosophy of Confucius, also known as Confucianism, emphasized personal and governmental morality, correctness of social relationships, justice, kindness, and sincerity.
8003:123145467289600::Thread-37 2020-08-09 19:00:09,305 - His followers competed successfully with many other schools during the Hundred Schools of Thought era only to be suppressed in favor of the Legalists during the Qin dynasty.
8003:123145467289600::Thread-37 2020-08-09 19:00:10,231 - Following the victory of Han over Chu after the collapse of Qin, Confucius's thoughts received official sanction in the new government and were further developed into a system known in the West as Neo-Confucianism, and later New Confucianism (Modern Neo-Confucianism).
8003:123145467289600::Thread-37 2020-08-09 19:00:10,314 - Confucius is traditionally credited with having authored or edited many of the Chinese classic texts including all of the Five Classics, but modern scholars are cautious of attributing specific assertions to Confucius himself.
8003:123145467289600::Thread-37 2020-08-09 19:00:10,745 - Aphorisms concerning his teachings were compiled in the Analects, but only many years after his death.
8003:123145467289600::Thread-37 2020-08-09 19:00:11,274 - Confucius's principles have commonality with Chinese tradition and belief.
8003:123145467289600::Thread-37 2020-08-09 19:00:11,559 - He championed strong family loyalty, ancestor veneration, and respect of elders by their children and of husbands by their wives, recommending family as a basis for ideal government.
8003:123145467289600::Thread-37 2020-08-09 19:00:12,114 - He espoused the well-known principle "Do not do unto others what you do not want done to yourself", the Golden Rule.
8003:123145467289600::Thread-37 2020-08-09 19:00:13,070 - He is also a traditional deity in Daoism.
8003:123145467289600::Thread-37 2020-08-09 19:00:14,071 - **END**
