8003:123146043592704::Thread-174 2020-08-09 18:59:30,276 - **START**
8003:123146043592704::Thread-174 2020-08-09 18:59:31,175 - Starting new HTTPS connection (1): en.wikipedia.org
8003:123146043592704::Thread-174 2020-08-09 18:59:34,319 - Muhammad Ali (; born Cassius Marcellus Clay Jr.; January 17, 1942 – June 3, 2016) was an American professional boxer, activist, and philanthropist.
8003:123146043592704::Thread-174 2020-08-09 18:59:34,492 - Nicknamed "The Greatest", he is widely regarded as one of the most significant and celebrated sports figures of the 20th century and as one of the greatest boxers of all time.
8003:123146043592704::Thread-174 2020-08-09 18:59:34,620 - Ali was born and raised in Louisville, Kentucky, and began training as an amateur boxer at age 12.
8003:123146043592704::Thread-174 2020-08-09 18:59:35,766 - At 18, he won a gold medal in the light heavyweight division at the 1960 Summer Olympics, and turned professional later that year.
8003:123146043592704::Thread-174 2020-08-09 18:59:36,852 - He converted to Islam and became a Muslim after 1961, and eventually took the name Muhammad Ali.
8003:123146043592704::Thread-174 2020-08-09 18:59:39,109 - He won the world heavyweight championship from Sonny Liston in a major upset at age 22 in 1964.
8003:123146043592704::Thread-174 2020-08-09 18:59:40,972 - In 1966, Ali refused to be drafted into the military, citing his religious beliefs and opposition to the Vietnam War.
8003:123146043592704::Thread-174 2020-08-09 18:59:43,917 - He was arrested, found guilty of draft evasion, and stripped of his boxing titles.
8003:123146043592704::Thread-174 2020-08-09 18:59:44,703 - He appealed the decision to the Supreme Court, which overturned his conviction in 1971, but he had not fought for nearly four years and lost a period of peak performance as an athlete.
8003:123146043592704::Thread-174 2020-08-09 18:59:45,277 - His actions as a conscientious objector to the war made him an icon for the larger counterculture generation, and he was a high-profile figure of racial pride for African Americans during the civil rights movement.
8003:123146043592704::Thread-174 2020-08-09 18:59:53,285 - **END**
8003:123146043592704::Thread-174 2020-08-09 18:59:58,286 - **START**
8003:123146043592704::Thread-174 2020-08-09 18:59:58,317 - Starting new HTTPS connection (1): en.wikipedia.org
8003:123146043592704::Thread-174 2020-08-09 18:59:59,532 - Green Day is an American rock band formed in the East Bay of California in 1987 by lead vocalist and guitarist Billie Joe Armstrong and bassist and backing vocalist Mike Dirnt.
8003:123146043592704::Thread-174 2020-08-09 19:00:00,258 - For much of the band's career, they have been a trio with a drummer Tré Cool, who replaced John Kiffmeyer in 1990 before the recording of the band's second studio album, Kerplunk (1991).
8003:123146043592704::Thread-174 2020-08-09 19:00:01,825 - Touring guitarist Jason White became a full-time member in 2012, but returned to his role as a touring member in 2016.
8003:123146043592704::Thread-174 2020-08-09 19:00:01,957 - Green Day was originally part of the late-'80s/early-'90s punk scene at the DIY 924 Gilman Street club in Berkeley, California.
8003:123146043592704::Thread-174 2020-08-09 19:00:03,553 - The band's early releases were with the independent record label Lookout!
8003:123146043592704::Thread-174 2020-08-09 19:00:04,601 - Records.
8003:123146043592704::Thread-174 2020-08-09 19:00:07,299 - In 1994, their major-label debut Dookie, released through Reprise Records, became a breakout success and eventually shipped over 10 million copies in the U.S. Green Day is credited alongside fellow California punk bands NOFX, Sublime, Bad Religion, the Offspring, Rancid, and Jawbreaker with popularizing mainstream interest in punk rock in the U.S.
8003:123146043592704::Thread-174 2020-08-09 19:00:10,082 - Though the albums Insomniac (1995), Nimrod (1997), and Warning (2000) did not match the success of Dookie, they were still successful with the former two reaching double platinum status while the latter achieved gold.
8003:123146043592704::Thread-174 2020-08-09 19:00:12,909 - Green Day's seventh album, a rock opera called American Idiot (2004), found popularity with a younger generation, selling six million copies in the U.S. Their next album, 21st Century Breakdown, was released in 2009 and achieved the band's best chart performance.
8003:123146043592704::Thread-174 2020-08-09 19:00:13,566 - It was followed by a trilogy of albums, ¡Uno!, ¡Dos!, and ¡Tré!, released in September, November, and December 2012, respectively.
8003:123146043592704::Thread-174 2020-08-09 19:00:14,686 - The trilogy did not perform as well as expected commercially in comparison to their previous albums largely due to lack of promotion and Armstrong entering rehab.
8003:123146043592704::Thread-174 2020-08-09 19:00:18,688 - **END**
