8003:123145454669824::Thread-34 2020-08-09 18:59:34,284 - **START**
8003:123145454669824::Thread-34 2020-08-09 18:59:35,022 - Starting new HTTPS connection (1): en.wikipedia.org
8003:123145454669824::Thread-34 2020-08-09 18:59:38,306 - Caligula (; Gaius Caesar Augustus Germanicus; 31 August 12 – 24 January 41) was the third Roman emperor, ruling from AD 37 to 41.
8003:123145454669824::Thread-34 2020-08-09 18:59:39,051 - The son of the popular Roman general Germanicus and Augustus's granddaughter Agrippina the Elder, Caligula was born into the first ruling family of the Roman Empire, conventionally known as the Julio-Claudian dynasty.
8003:123145454669824::Thread-34 2020-08-09 18:59:39,222 - Caligula's uncle and adoptive father, Tiberius, succeeded Augustus as emperor of Rome in AD14.
8003:123145454669824::Thread-34 2020-08-09 18:59:39,575 - Although he was named Gaius Julius Caesar, after Julius Caesar, he acquired the nickname "Caligula" (meaning "little [soldier's] boot") from his father's soldiers during their campaign in Germania.
8003:123145454669824::Thread-34 2020-08-09 18:59:40,081 - When Germanicus died at Antioch in 19, Agrippina returned with her six children to Rome, where she became entangled in a bitter feud with Tiberius.
8003:123145454669824::Thread-34 2020-08-09 18:59:40,947 - The conflict eventually led to the destruction of her family, with Caligula as the sole male survivor.
8003:123145454669824::Thread-34 2020-08-09 18:59:41,530 - Untouched by the deadly intrigues, Caligula accepted an invitation in 31 to join the emperor on the island of Capri, where Tiberius had withdrawn five years earlier.
8003:123145454669824::Thread-34 2020-08-09 18:59:42,316 - Following the death of Tiberius, Caligula succeeded his adoptive grandfather as emperor in 37.
8003:123145454669824::Thread-34 2020-08-09 18:59:42,843 - There are few surviving sources about the reign of Caligula, although he is described as a noble and moderate emperor during the first six months of his rule.
8003:123145454669824::Thread-34 2020-08-09 18:59:43,026 - After this, the sources focus upon his cruelty, sadism, extravagance, and sexual perversion, presenting him as an insane tyrant.
8003:123145454669824::Thread-34 2020-08-09 18:59:45,031 - **END**
8003:123145454669824::Thread-34 2020-08-09 18:59:55,034 - **START**
8003:123145454669824::Thread-34 2020-08-09 18:59:55,038 - Starting new HTTPS connection (1): en.wikipedia.org
8003:123145454669824::Thread-34 2020-08-09 18:59:56,436 - Tokyo (; Japanese: 東京, Tōkyō [toːkʲoː] (listen)), officially Tokyo Metropolis (東京都, Tōkyō-to), is the capital and most populous prefecture of Japan.
8003:123145454669824::Thread-34 2020-08-09 18:59:57,224 - Located at the head of Tokyo Bay, the prefecture forms part of the Kantō region on the central Pacific coast of Japan's main island, Honshu.
8003:123145454669824::Thread-34 2020-08-09 18:59:58,253 - Tokyo is the political and economic center of the country, as well as the seat of the Emperor of Japan and the national government.
8003:123145454669824::Thread-34 2020-08-09 18:59:58,520 - In 2019, the prefecture had an estimated population of 	13,929,280.
8003:123145454669824::Thread-34 2020-08-09 18:59:59,215 - The Greater Tokyo Area is the most populous metropolitan area in the world, with more than 37.393 million residents as of 2020.Originally a fishing village named Edo, the city became a prominent political center in 1603, when it became the seat of the Tokugawa shogunate.
8003:123145454669824::Thread-34 2020-08-09 18:59:59,542 - By the mid-18th century, Edo was one of the most populous cities in the world, with a population numbering more than one million.
8003:123145454669824::Thread-34 2020-08-09 18:59:59,843 - Following the end of the shogunate in 1868, the imperial capital in Kyoto was moved to the city, which was renamed Tokyo (literally "eastern capital").
8003:123145454669824::Thread-34 2020-08-09 19:00:00,562 - Tokyo was devastated by the 1923 Great Kantō earthquake, and again by Allied bombing raids during World War II.
8003:123145454669824::Thread-34 2020-08-09 19:00:01,074 - Beginning in the 1950s, the city underwent rapid reconstruction and expansion, going on to lead Japan's post-war economic recovery.
8003:123145454669824::Thread-34 2020-08-09 19:00:02,026 - Since 1943, the Tokyo Metropolitan Government has administered the prefecture's 23 special wards (formerly Tokyo City), various bed towns in the western area, and two outlying island chains.
8003:123145454669824::Thread-34 2020-08-09 19:00:02,064 - Tokyo is the largest urban economy in the world by gross domestic product, and is categorized as an Alpha+ city by the Globalization and World Cities Research Network.
8003:123145454669824::Thread-34 2020-08-09 19:00:06,065 - **END**
