8003:123145711271936::Thread-95 2020-08-09 18:59:30,262 - **START**
8003:123145711271936::Thread-95 2020-08-09 18:59:31,148 - Starting new HTTPS connection (1): en.wikipedia.org
8003:123145711271936::Thread-95 2020-08-09 18:59:33,277 - 7 World Trade Center (7 WTC) refers to two buildings that have existed at the same location within the World Trade Center site in Lower Manhattan, New York City.
8003:123145711271936::Thread-95 2020-08-09 18:59:34,286 - The original structure, part of the original World Trade Center, was completed in 1987 and was destroyed in the September 11 attacks in 2001.
8003:123145711271936::Thread-95 2020-08-09 18:59:35,451 - The current structure opened in May 2006.
8003:123145711271936::Thread-95 2020-08-09 18:59:36,158 - Both buildings were developed by Larry Silverstein, who holds a ground lease for the site from the Port Authority of New York and New Jersey.
8003:123145711271936::Thread-95 2020-08-09 18:59:36,899 - The original 7 World Trade Center was 47 stories tall, clad in red granite masonry, and occupied a trapezoidal footprint.
8003:123145711271936::Thread-95 2020-08-09 18:59:37,110 - An elevated walkway spanning Vesey Street connected the building to the World Trade Center plaza.
8003:123145711271936::Thread-95 2020-08-09 18:59:37,961 - The building was situated above a Consolidated Edison power substation, which imposed unique structural design constraints.
8003:123145711271936::Thread-95 2020-08-09 18:59:38,271 - When the building opened in 1987, Silverstein had difficulties attracting tenants.
8003:123145711271936::Thread-95 2020-08-09 18:59:39,052 - Salomon Brothers signed a long-term lease in 1988 and became the main tenant of 7 WTC.
8003:123145711271936::Thread-95 2020-08-09 18:59:39,670 - On September 11, 2001, the structure was substantially damaged by debris when the nearby North Tower of the World Trade Center collapsed.
8003:123145711271936::Thread-95 2020-08-09 18:59:40,254 - The debris ignited fires on multiple lower floors of the building, which continued to burn uncontrolled throughout the afternoon.
8003:123145711271936::Thread-95 2020-08-09 18:59:43,257 - **END**
8003:123145711271936::Thread-95 2020-08-09 18:59:46,260 - **START**
8003:123145711271936::Thread-95 2020-08-09 18:59:46,269 - Starting new HTTPS connection (1): en.wikipedia.org
8003:123145711271936::Thread-95 2020-08-09 18:59:49,682 - The Jonas Brothers are an American pop rock band.
8003:123145711271936::Thread-95 2020-08-09 18:59:51,019 - Formed in 2005, they gained popularity from their appearances on the Disney Channel television network.
8003:123145711271936::Thread-95 2020-08-09 18:59:53,140 - They consist of three brothers: Kevin Jonas, Joe Jonas, and Nick Jonas.
8003:123145711271936::Thread-95 2020-08-09 18:59:54,708 - Raised in Wyckoff, New Jersey, the Jonas Brothers moved to Little Falls, New Jersey, in 2005, where they wrote their first record that made its Hollywood Records release.
8003:123145711271936::Thread-95 2020-08-09 18:59:55,798 - In the summer of 2008, they starred in the Disney Channel Original Movie Camp Rock and its sequel, Camp Rock 2: The Final Jam.
8003:123145711271936::Thread-95 2020-08-09 18:59:58,604 - They also starred as Kevin, Joe, and Nick Lucas from the band, JONAS, in their own Disney Channel series Jonas, which was rebranded as Jonas L.A. after the first season and cancelled after the second.
8003:123145711271936::Thread-95 2020-08-09 19:00:00,098 - The band have released five albums: It's About Time (2006), Jonas Brothers (2007), A Little Bit Longer (2008), Lines, Vines and Trying Times (2009), and Happiness Begins (2019).
8003:123145711271936::Thread-95 2020-08-09 19:00:00,485 - In 2008, the group was nominated for the Best New Artist award at the 51st Grammy Awards and won the award for Breakthrough Artist at the American Music Awards.
8003:123145711271936::Thread-95 2020-08-09 19:00:02,098 - As of May 2009, before the release of Lines, Vines and Trying Times, they had sold over eight million albums worldwide.
8003:123145711271936::Thread-95 2020-08-09 19:00:05,092 - After a hiatus during 2010 and 2011 to pursue solo-projects, the group reconciled in 2012 to record a new album, which was cancelled following their break-up on October 29, 2013.
8003:123145711271936::Thread-95 2020-08-09 19:00:10,097 - **END**
