8003:123145837469696::Thread-125 2020-08-09 18:59:32,273 - **START**
8003:123145837469696::Thread-125 2020-08-09 18:59:33,842 - Starting new HTTPS connection (1): en.wikipedia.org
8003:123145837469696::Thread-125 2020-08-09 18:59:35,760 - MetLife Stadium is an American sports stadium located at the Meadowlands Sports Complex in East Rutherford, New Jersey, 5 mi (8 km) west of New York City.
8003:123145837469696::Thread-125 2020-08-09 18:59:36,370 - It is the home stadium of two National Football League (NFL) franchises, the New York Giants and the New York Jets.
8003:123145837469696::Thread-125 2020-08-09 18:59:36,435 - Originally known as New Meadowlands Stadium upon opening in 2010, its naming rights were acquired in 2011 by New York City-based insurance company MetLife.
8003:123145837469696::Thread-125 2020-08-09 18:59:37,114 - The stadium is owned by the MetLife Stadium Company, a joint venture of the Giants and Jets, which privately financed the construction of the venue on land belonging to the New Jersey Sports and Exposition Authority.
8003:123145837469696::Thread-125 2020-08-09 18:59:37,422 - At an approximate cost of $1.6 billion, it was the most expensive stadium ever built at the time.
8003:123145837469696::Thread-125 2020-08-09 18:59:37,857 - History
As Giants Stadium approached 30 years of age, it was becoming one of the older stadiums in the NFL.
8003:123145837469696::Thread-125 2020-08-09 18:59:38,353 - The Jets, who had been the tenants at the stadium, sought to have their own stadium built in Manhattan proper, the proposed West Side Stadium.
8003:123145837469696::Thread-125 2020-08-09 18:59:38,911 - Originally intended to be the 85,000-seat main stadium for New York's bid for the 2012 Summer Olympics, it was designed to be downsized to 75,000 seats for the Jets.
8003:123145837469696::Thread-125 2020-08-09 18:59:39,745 - However, the West Side Stadium would have required significant public funding; progress halted in 2005 due to opposition from a number of sources, including Cablevision.
8003:123145837469696::Thread-125 2020-08-09 18:59:39,796 - The Jets then entered into a joint venture with the Giants to build a new stadium in which the two teams would be equal partners.
8003:123145837469696::Thread-125 2020-08-09 18:59:40,465 - MetLife Stadium is one of only two NFL stadiums shared by two clubs.
8003:123145837469696::Thread-125 2020-08-09 18:59:42,466 - **END**
8003:123145837469696::Thread-125 2020-08-09 18:59:45,467 - **START**
8003:123145837469696::Thread-125 2020-08-09 18:59:45,471 - Starting new HTTPS connection (1): en.wikipedia.org
8003:123145837469696::Thread-125 2020-08-09 18:59:46,532 - Jenna Haze (born February 22, 1982) is an American director, model, and former pornographic actress.Haze has won numerous pornographic industry awards, including the 2003 AVN Award for Best New Starlet and the 2009 AVN Award for Female Performer of the Year, making her the second performer in history to ever win both awards in the course of her career, after Missy.
8003:123145837469696::Thread-125 2020-08-09 18:59:47,202 - In 2012, she was inducted into both the AVN and XRCO Halls of Fame.
8003:123145837469696::Thread-125 2020-08-09 18:59:47,322 - Career
Haze entered the adult film industry on July 18, 2001.
8003:123145837469696::Thread-125 2020-08-09 18:59:48,125 - Between 2002 and 2005, she was a contract girl for the film company Jill Kelly Productions.
8003:123145837469696::Thread-125 2020-08-09 18:59:48,232 - During most of her time at the company, she performed exclusively with women, out of loyalty to her then boyfriend, an industry cameraman.
8003:123145837469696::Thread-125 2020-08-09 18:59:48,888 - She returned to working with men in the 2006 multi-award-winning release Jenna Haze Darkside, produced by Jules Jordan.Her first scene was for The Oral Adventures of Craven Moorehead 8 with her agent Slim Shady (Dez) and his best friend, Moorehead.
8003:123145837469696::Thread-125 2020-08-09 18:59:49,191 - It was intended to only be an oral scene, but in the heat of the moment she had intercourse with both.
8003:123145837469696::Thread-125 2020-08-09 18:59:49,336 - The next day she shot a scene with Miles Long in Joey Silvera's Service Animals 4.
8003:123145837469696::Thread-125 2020-08-09 18:59:49,357 - A few months later, she realized that she did not need an agent and started to represent herself.In February 2002, Haze appeared in a scene for Jill Kelly Productions (JKP), directed by Jill Kelly herself.
8003:123145837469696::Thread-125 2020-08-09 18:59:50,053 - Kelly was impressed by her performance and JKP offered Haze an exclusive performing contract.
8003:123145837469696::Thread-125 2020-08-09 18:59:53,054 - **END**
8003:123145837469696::Thread-125 2020-08-09 18:59:56,055 - **START**
8003:123145837469696::Thread-125 2020-08-09 18:59:56,068 - Starting new HTTPS connection (1): en.wikipedia.org
8003:123145837469696::Thread-125 2020-08-09 18:59:58,498 - Thomas Edward Patrick Brady Jr. (born August 3, 1977) is an American football quarterback for the Tampa Bay Buccaneers of the National Football League (NFL).
8003:123145837469696::Thread-125 2020-08-09 19:00:00,382 - He spent the first 20 seasons of his career with the New England Patriots, playing in nine Super Bowls and winning six of them (XXXVI, XXXVIII, XXXIX, XLIX, LI, and LIII), both of which are the most of any player in NFL history.
8003:123145837469696::Thread-125 2020-08-09 19:00:01,411 - He has won a record four Super Bowl MVP awards (XXXVI, XXXVIII, XLIX, and LI) as well as three NFL MVP awards (2007, 2010, 2017).
8003:123145837469696::Thread-125 2020-08-09 19:00:01,723 - Because of his numerous records and accolades, many sports writers, commentators, and players consider Brady to be the greatest quarterback of all time.After playing college football for the University of Michigan, Brady was drafted 199th overall by the Patriots in the sixth round of the 2000 NFL Draft.
8003:123145837469696::Thread-125 2020-08-09 19:00:02,699 - Due to his late selection, Brady is considered the biggest "steal" in the history of the NFL Draft.
8003:123145837469696::Thread-125 2020-08-09 19:00:02,752 - He went on to become the team's starting quarterback in his second season after an injury to Drew Bledsoe and played for the Patriots for 20 seasons, the NFL record for seasons as quarterback for one team.
8003:123145837469696::Thread-125 2020-08-09 19:00:03,105 - Following the 2019 season, Brady left New England and signed a two-year deal with the Buccaneers.
8003:123145837469696::Thread-125 2020-08-09 19:00:03,314 - Brady is one of only two quarterbacks to win a Super Bowl in their first season as a starter.
8003:123145837469696::Thread-125 2020-08-09 19:00:04,945 - He is also the only quarterback to reach 200 regular-season wins, Brady has never had a losing season as a starting quarterback.
8003:123145837469696::Thread-125 2020-08-09 19:00:06,948 - **END**
