8003:123145513562112::Thread-48 2020-08-09 18:59:29,283 - **START**
8003:123145513562112::Thread-48 2020-08-09 18:59:29,378 - Starting new HTTPS connection (1): en.wikipedia.org
8003:123145513562112::Thread-48 2020-08-09 18:59:33,882 - Thomas Edward Patrick Brady Jr. (born August 3, 1977) is an American football quarterback for the Tampa Bay Buccaneers of the National Football League (NFL).
8003:123145513562112::Thread-48 2020-08-09 18:59:35,857 - He spent the first 20 seasons of his career with the New England Patriots, playing in nine Super Bowls and winning six of them (XXXVI, XXXVIII, XXXIX, XLIX, LI, and LIII), both of which are the most of any player in NFL history.
8003:123145513562112::Thread-48 2020-08-09 18:59:37,299 - He has won a record four Super Bowl MVP awards (XXXVI, XXXVIII, XLIX, and LI) as well as three NFL MVP awards (2007, 2010, 2017).
8003:123145513562112::Thread-48 2020-08-09 18:59:40,092 - Because of his numerous records and accolades, many sports writers, commentators, and players consider Brady to be the greatest quarterback of all time.After playing college football for the University of Michigan, Brady was drafted 199th overall by the Patriots in the sixth round of the 2000 NFL Draft.
8003:123145513562112::Thread-48 2020-08-09 18:59:40,334 - Due to his late selection, Brady is considered the biggest "steal" in the history of the NFL Draft.
8003:123145513562112::Thread-48 2020-08-09 18:59:43,264 - He went on to become the team's starting quarterback in his second season after an injury to Drew Bledsoe and played for the Patriots for 20 seasons, the NFL record for seasons as quarterback for one team.
8003:123145513562112::Thread-48 2020-08-09 18:59:44,950 - Following the 2019 season, Brady left New England and signed a two-year deal with the Buccaneers.
8003:123145513562112::Thread-48 2020-08-09 18:59:45,521 - Brady is one of only two quarterbacks to win a Super Bowl in their first season as a starter.
8003:123145513562112::Thread-48 2020-08-09 18:59:48,393 - He is also the only quarterback to reach 200 regular-season wins, Brady has never had a losing season as a starting quarterback.
8003:123145513562112::Thread-48 2020-08-09 18:59:51,399 - **END**
8003:123145513562112::Thread-48 2020-08-09 19:00:08,401 - **START**
8003:123145513562112::Thread-48 2020-08-09 19:00:08,459 - Starting new HTTPS connection (1): en.wikipedia.org
8003:123145513562112::Thread-48 2020-08-09 19:00:10,857 - Rafael "Rafa" Nadal Parera (Catalan: [rəf(ə)ˈɛl nəˈðal pəˈɾeɾə], Spanish: [rafaˈel naˈðal paˈɾeɾa]; born 3 June 1986) is a Spanish professional tennis player currently ranked world No.
8003:123145513562112::Thread-48 2020-08-09 19:00:13,342 - 2 in men's singles tennis by the Association of Tennis Professionals (ATP).Nadal has won 19 Grand Slam singles titles, the second-most in history for a male player, as well as a record 35 ATP Tour Masters 1000 titles, 21 ATP Tour 500 titles and the 2008 Olympic gold medal in singles.
8003:123145513562112::Thread-48 2020-08-09 19:00:14,760 - In addition, Nadal has held the world No.
8003:123145513562112::Thread-48 2020-08-09 19:00:17,275 - 1 ranking for a total of 209 weeks, including being the year-end No.
8003:123145513562112::Thread-48 2020-08-09 19:00:18,915 - 1 five times.
8003:123145513562112::Thread-48 2020-08-09 19:00:20,931 - In majors, Nadal has won a record twelve French Open titles, four US Open titles, two Wimbledon titles and one Australian Open title, and won at least one Grand Slam every year for a record ten consecutive years (2005–2014).
8003:123145513562112::Thread-48 2020-08-09 19:00:23,640 - Nadal has won 85 career titles overall, including the most outdoor titles in the Open Era (83) and a record 59 titles on clay.
8003:123145513562112::Thread-48 2020-08-09 19:00:23,895 - With 81 consecutive wins on clay, Nadal holds the record for the longest single-surface win streak in the Open Era.
8003:123145513562112::Thread-48 2020-08-09 19:00:25,718 - Nadal has been involved in five Davis Cup titles with Spain, and currently has a 29-win streak and 29–1 record in singles matches at the event.
8003:123145513562112::Thread-48 2020-08-09 19:00:28,312 - In 2010, at the age of 24, he became the seventh male player and the youngest of five in the Open Era to achieve the singles Career Grand Slam.
8003:123145513562112::Thread-48 2020-08-09 19:00:33,314 - **END**
