8003:123146022559744::Thread-169 2020-08-09 18:59:37,294 - **START**
8003:123146022559744::Thread-169 2020-08-09 18:59:37,509 - Starting new HTTPS connection (1): en.wikipedia.org
8003:123146022559744::Thread-169 2020-08-09 18:59:41,103 - DC, D.C., Dc, or dc may refer to:


Arts and entertainment


Music
Da capo, a musical term
DC Recordings, owned by Jonathan Saul Kane
Destiny's Child, an American R&B group
Drum Connection, a German pop group
DC Talk, a Christian rap and rock trio.
8003:123146022559744::Thread-169 2020-08-09 18:59:43,507 - Video games
Da Capo (visual novel)
Desert Combat, a Battlefield 1942 mod
Digital Chaos, a professional Dota 2 eSports team
Dino Crisis, a survival horror game series
Dreamcast, a video game console


Other media
D.C. (TV series)
DC (Detective Comics)  Comics, an American comic book publisher
DC Inside, a South Korean internet forum


Businesses and products
DC Recordings
DC Shoes, an American sports footwear company
Deloitte Consulting, a US management consulting firm
Dick Clark Productions
Diet Coke, a soft drink
Disney Channel
Doritos chips
Douglas Commercial, a series of aircraft by the Douglas Aircraft Company (and later McDonnell Douglas)
Delta Clipper, a proposed rocketship series by McDonnell Douglas
Dyson vacuum cleaners, which use product code prefix DC
Golden Air, an airline (IATA code DC)
Drawception, an online game where a person comes up with something to draw, someone else draws it, someone else interprets that drawing, then someone tries to draw that interpretation, and so on


Government, law, and military
Christian Democracy (Italy), a political party
Christian Democracy (Brazil), a political party
Detective constable, a rank in the British and several other police forces
Development control in the United Kingdom, a land regulation process
District collector, an Indian Administrative Service officer in charge of revenue collection and administration of a district
District Commissioner, a rank in the British former Colonial Service
District Court
The District of Columbia, federal capital of the United States
Dossier criminal, in Indian policing


People
DC author abbreviation of Swiss botanist Augustin Pyramus de Candolle (1778–1841)
Dalton Castle (wrestler) (born 1986)
Daniel Cormier (born 1979) Olympic wrestler and heavyweight mixed martial artist
David Coulthard (born 1971) British racing driver, known as DC
DC Drake (born 1957), American addictions counselor, and retired professional wrestler
D. C. Fontana (Dorothy Catherine Fontana) (1939–2019), American screenwriter known primarily for work on Star Trek
Donald L. Cox (1936–2011), American leader of the Black Panther Party, known as Field Marshal DC


Places
Washington, D.C., the capital, and the federal territory of the United States of America
Bogotá, Distrito Capital, the capital city of Colombia.
8003:123146022559744::Thread-169 2020-08-09 18:59:52,510 - **END**
8003:123146022559744::Thread-169 2020-08-09 19:00:00,512 - **START**
8003:123146022559744::Thread-169 2020-08-09 19:00:00,534 - Starting new HTTPS connection (1): en.wikipedia.org
8003:123146022559744::Thread-169 2020-08-09 19:00:02,262 - Isabela Moner (born July 10, 2001), also known as Isabela Merced, is an American actress and singer.
8003:123146022559744::Thread-169 2020-08-09 19:00:02,700 - She played the lead role of CJ Martin on the Nickelodeon television series 100 Things to Do Before High School.
8003:123146022559744::Thread-169 2020-08-09 19:00:02,755 - In film, she played Izabella in Transformers: The Last Knight (2017), Lizzy in Instant Family (2018), and Isabel in Sicario: Day of the Soldado (2018).
8003:123146022559744::Thread-169 2020-08-09 19:00:02,942 - In 2019, Moner starred as the titular character of Dora in the film Dora and the Lost City of Gold.
8003:123146022559744::Thread-169 2020-08-09 19:00:03,874 - From 2014 to 2017, she provided the voice of Kate in Nickelodeon's animated television spinoff series Dora and Friends: Into the City!.
8003:123146022559744::Thread-169 2020-08-09 19:00:04,621 - Early life and education
Isabela Moner was born in Cleveland, Ohio.
8003:123146022559744::Thread-169 2020-08-09 19:00:05,282 - She is the daughter of Katherine, who was born in Lima, Peru, and Patrick Moner, who was born in Louisiana.
8003:123146022559744::Thread-169 2020-08-09 19:00:05,351 - Moner has stated that Spanish was her first language, and she struggled with English when she first started grade school, adding that she considers herself more Peruvian than American.
8003:123146022559744::Thread-169 2020-08-09 19:00:06,182 - At age 15, Moner was accepted into college.
8003:123146022559744::Thread-169 2020-08-09 19:00:06,550 - Career
Moner has said that she wanted to be an actress from a very young age, inspired by movies featuring Shirley Temple and Judy Garland and starting in local community theatre at age 6.
8003:123146022559744::Thread-169 2020-08-09 19:00:13,553 - **END**
