8003:123145993113600::Thread-162 2020-08-09 18:59:34,288 - **START**
8003:123145993113600::Thread-162 2020-08-09 18:59:35,031 - Starting new HTTPS connection (1): en.wikipedia.org
8003:123145993113600::Thread-162 2020-08-09 18:59:38,822 - Princess Margaret, Countess of Snowdon,  (Margaret Rose; 21 August 1930 – 9 February 2002) was the younger daughter of King George VI and Queen Elizabeth, and the only sibling of Queen Elizabeth II.
8003:123145993113600::Thread-162 2020-08-09 18:59:39,489 - Margaret spent much of her childhood with her parents and sister.
8003:123145993113600::Thread-162 2020-08-09 18:59:40,425 - Her life changed dramatically at the age of six, when her paternal uncle, King Edward VIII, abdicated to marry divorcée Wallis Simpson.
8003:123145993113600::Thread-162 2020-08-09 18:59:42,022 - Margaret's father became king, and her sister became heir presumptive, with Margaret second in line to the throne.
8003:123145993113600::Thread-162 2020-08-09 18:59:42,517 - During the Second World War, the two sisters stayed at Windsor Castle despite suggestions to evacuate them to Canada.
8003:123145993113600::Thread-162 2020-08-09 18:59:45,316 - During the war years, Margaret was considered too young to perform any official duties and instead continued her education.
8003:123145993113600::Thread-162 2020-08-09 18:59:46,534 - After the war, Margaret fell in love with Group Captain Peter Townsend.
8003:123145993113600::Thread-162 2020-08-09 18:59:48,975 - In 1952, her father died, her sister became queen, and Townsend divorced his wife, Rosemary.
8003:123145993113600::Thread-162 2020-08-09 18:59:49,012 - He proposed to Margaret early the following year.
8003:123145993113600::Thread-162 2020-08-09 18:59:49,287 - Many in the government believed that he would be an unsuitable husband for the Queen's 22-year-old sister, and the Church of England refused to countenance marriage to a divorced man.
8003:123145993113600::Thread-162 2020-08-09 18:59:52,214 - Margaret eventually abandoned her plans with Townsend and married photographer Antony Armstrong-Jones in 1960; the Queen made him Earl of Snowdon.
8003:123145993113600::Thread-162 2020-08-09 18:59:54,219 - **END**
8003:123145993113600::Thread-162 2020-08-09 19:00:03,222 - **START**
8003:123145993113600::Thread-162 2020-08-09 19:00:03,247 - Starting new HTTPS connection (1): en.wikipedia.org
8003:123145993113600::Thread-162 2020-08-09 19:00:06,448 - Asa Akira (born January 3, 1986) is an American pornographic actress and adult film director.
8003:123145993113600::Thread-162 2020-08-09 19:00:06,597 - Akira has appeared in over 505 adult films as of May 2016.
8003:123145993113600::Thread-162 2020-08-09 19:00:08,112 - In 2013, she became the third Asian performer (after Asia Carrera and Stephanie Swift) to win the AVN Female Performer of the Year Award.
8003:123145993113600::Thread-162 2020-08-09 19:00:10,704 - Akira is a two-time Pornhub Awards host, she hosted the 1st and 2nd ceremonies.
8003:123145993113600::Thread-162 2020-08-09 19:00:11,658 - Early life
Akira was born in Manhattan, New York, the only child of Japanese immigrant parents.
8003:123145993113600::Thread-162 2020-08-09 19:00:13,798 - She lived in SoHo and moved to Tokyo at age nine when her father, a portrait photographer, was relocated there for work.
8003:123145993113600::Thread-162 2020-08-09 19:00:16,405 - She returned to the United States at age 13 and moved to Downtown Brooklyn and later Clinton Hill.
8003:123145993113600::Thread-162 2020-08-09 19:00:17,043 - In a 2014 interview, she described her childhood as being "perfectly normal".
8003:123145993113600::Thread-162 2020-08-09 19:00:17,751 - Her family spoke Japanese at home and were "health nuts" who avoided junk food.
8003:123145993113600::Thread-162 2020-08-09 19:00:19,557 - As a teenager, Akira worked at the children's bookstore, Books of Wonder, as a cashier.Akira was able to secure a scholarship to attend United Nations International School in Manhattan because her grandfather was a Japanese diplomat for 45 years.
8003:123145993113600::Thread-162 2020-08-09 19:00:28,562 - **END**
