8003:123146312814592::Thread-238 2020-08-09 18:59:33,351 - **START**
8003:123146312814592::Thread-238 2020-08-09 18:59:34,089 - Starting new HTTPS connection (1): en.wikipedia.org
8003:123146312814592::Thread-238 2020-08-09 18:59:36,119 - George Walker Bush (born July 6, 1946) is an American politician and businessman who served as the 43rd president of the United States from 2001 to 2009.
8003:123146312814592::Thread-238 2020-08-09 18:59:36,325 - A member of the Republican Party, he had previously served as the 46th governor of Texas from 1995 to 2000.
8003:123146312814592::Thread-238 2020-08-09 18:59:36,852 - Born into the Bush family, his father, George H. W. Bush, served as the 41st president of the United States from 1989 to 1993.
8003:123146312814592::Thread-238 2020-08-09 18:59:36,928 - Bush is the eldest son of Barbara and George H. W. Bush, and the second son to become the American president after his father, the first being John Quincy Adams.
8003:123146312814592::Thread-238 2020-08-09 18:59:36,956 - After graduating from Yale University in 1968 and Harvard Business School in 1975, he worked in the oil industry.
8003:123146312814592::Thread-238 2020-08-09 18:59:36,960 - Bush married Laura Welch in 1977 and unsuccessfully ran for the U.S. House of Representatives shortly thereafter.
8003:123146312814592::Thread-238 2020-08-09 18:59:37,373 - He later co-owned the Texas Rangers baseball team before defeating Ann Richards in the 1994 Texas gubernatorial election.
8003:123146312814592::Thread-238 2020-08-09 18:59:38,321 - Bush was elected president of the United States in 2000 when he defeated Democratic incumbent Vice President Al Gore after a narrow and contested win that involved a Supreme Court decision to stop a recount in Florida.
8003:123146312814592::Thread-238 2020-08-09 18:59:38,341 - He became the fourth person to be elected president without a popular vote victory.
8003:123146312814592::Thread-238 2020-08-09 18:59:38,772 - In response to the September 11 terrorist attacks, Bush created the United States Department of Homeland Security and launched a "War on Terror" that began with the war in Afghanistan in 2001.
8003:123146312814592::Thread-238 2020-08-09 18:59:38,773 - **END**
8003:123146312814592::Thread-238 2020-08-09 18:59:48,775 - **START**
8003:123146312814592::Thread-238 2020-08-09 18:59:48,814 - Starting new HTTPS connection (1): en.wikipedia.org
8003:123146312814592::Thread-238 2020-08-09 18:59:50,103 - Italy (Italian: Italia [iˈtaːlja] (listen)), officially the Italian Republic (Italian: Repubblica Italiana [reˈpubblika itaˈljaːna]),  is a sovereign country consisting of a peninsula delimited by the Alps and surrounded by several islands.
8003:123146312814592::Thread-238 2020-08-09 18:59:50,970 - Italy is located in south-central Europe, and is considered part of western Europe.
8003:123146312814592::Thread-238 2020-08-09 18:59:51,845 - A unitary parliamentary republic with Rome as its capital, the country covers a total area of 301,340 km2 (116,350 sq mi) and shares land borders with France, Switzerland, Austria, Slovenia, and the enclaved microstates of Vatican City and San Marino.
8003:123146312814592::Thread-238 2020-08-09 18:59:52,587 - Italy has a territorial exclave in Switzerland (Campione) and a maritime exclave in Tunisian waters (Lampedusa).
8003:123146312814592::Thread-238 2020-08-09 18:59:53,573 - With around 60 million inhabitants, Italy is the third-most populous member state of the European Union.
8003:123146312814592::Thread-238 2020-08-09 18:59:54,291 - Due to its central geographic location in Southern Europe and the Mediterranean, Italy has historically been home to myriad peoples and cultures.
8003:123146312814592::Thread-238 2020-08-09 18:59:54,770 - In addition to the various ancient peoples dispersed throughout what is now modern-day Italy, the most predominant being the Indo-European Italic peoples who gave the peninsula its name, beginning from the classical era, Phoenicians and Carthaginians founded colonies mostly in insular Italy, Greeks established settlements in the so-called Magna Graecia of Southern Italy, while Etruscans and Celts inhabited central and northern Italy respectively.
8003:123146312814592::Thread-238 2020-08-09 18:59:55,540 - An Italic tribe known as the Latins formed the Roman Kingdom in the 8th century BC, which eventually became a republic with a government of the Senate and the People.
8003:123146312814592::Thread-238 2020-08-09 18:59:56,098 - The Roman Republic initially conquered and assimilated its neighbours on the Italian peninsula, eventually expanding and conquering parts of Europe, North Africa and  Asia.
8003:123146312814592::Thread-238 2020-08-09 18:59:56,599 - By the first century BC, the Roman Empire emerged as the dominant power in the Mediterranean Basin and became a leading cultural, political and religious centre, inaugurating the Pax Romana, a period of more than 200 years during which Italy's law, technology, economy, art, and literature developed.
8003:123146312814592::Thread-238 2020-08-09 19:00:00,621 - **END**
