8003:123146195030016::Thread-210 2020-08-09 18:59:27,308 - **START**
8003:123146195030016::Thread-210 2020-08-09 18:59:27,518 - Starting new HTTPS connection (1): en.wikipedia.org
8003:123146195030016::Thread-210 2020-08-09 18:59:28,593 - Moses (), also known as Moshe Rabbenu (Hebrew: מֹשֶׁה רַבֵּנוּ‎, lit.
8003:123146195030016::Thread-210 2020-08-09 18:59:29,481 - 'Moses our Teacher'), is the most important prophet in Judaism, and an important prophet in Christianity, Islam, the Bahá'í Faith, and a number of other Abrahamic religions.
8003:123146195030016::Thread-210 2020-08-09 18:59:30,201 - In the biblical narrative he was the leader of the Israelites and lawgiver, to whom the authorship of the first five books of the bible, the Torah, or "acquisition of the Torah from heaven," is attributed.
8003:123146195030016::Thread-210 2020-08-09 18:59:30,747 - Rabbinical Judaism calculated a lifespan of Moses corresponding to 1391–1271 BCE; Jerome suggested 1592 BCE, and James Ussher suggested 1571 BCE as his birth year.
8003:123146195030016::Thread-210 2020-08-09 18:59:31,543 - Scholarly consensus sees Moses as a legendary figure, while retaining the possibility that a Moses-like figure existed.According to the Book of Exodus, Moses was born in a time when his people, the Israelites, an enslaved minority, were increasing in population and, as a result, the Egyptian Pharaoh worried that they might ally themselves with Egypt's enemies.
8003:123146195030016::Thread-210 2020-08-09 18:59:32,513 - Moses' Hebrew mother, Jochebed, secretly hid him when the Pharaoh ordered all newborn Hebrew boys to be killed in order to reduce the population of the Israelites.
8003:123146195030016::Thread-210 2020-08-09 18:59:32,910 - Through the Pharaoh's daughter (identified as Queen Bithia in the Midrash), the child was adopted as a foundling from the Nile river and grew up with the Egyptian royal family.
8003:123146195030016::Thread-210 2020-08-09 18:59:33,831 - After killing an Egyptian slave-master who was beating a Hebrew, Moses fled across the Red Sea to Midian, where he encountered the Angel of the Lord, speaking to him from within a burning bush on Mount Horeb, which he regarded as the Mountain of God.
8003:123146195030016::Thread-210 2020-08-09 18:59:34,600 - God sent Moses back to Egypt to demand the release of the Israelites from slavery.
8003:123146195030016::Thread-210 2020-08-09 18:59:34,755 - Moses said that he could not speak eloquently, so God allowed Aaron, his elder brother, to become his spokesperson.
8003:123146195030016::Thread-210 2020-08-09 18:59:34,756 - **END**
8003:123146195030016::Thread-210 2020-08-09 18:59:39,757 - **START**
8003:123146195030016::Thread-210 2020-08-09 18:59:40,882 - Starting new HTTPS connection (1): en.wikipedia.org
8003:123146195030016::Thread-210 2020-08-09 18:59:44,990 - Kanye Omari West (; born June 8, 1977) is an American rapper, producer, and fashion designer.Born in Atlanta and raised in Chicago, West was first known as a producer for Roc-A-Fella Records in the early 2000s, producing singles for several mainstream artists.
8003:123146195030016::Thread-210 2020-08-09 18:59:45,155 - Intent on pursuing a solo career as a rapper, West released his debut album The College Dropout in 2004 to critical and commercial success, and founded the record label GOOD Music.
8003:123146195030016::Thread-210 2020-08-09 18:59:45,462 - He experimented with a variety of musical genres on subsequent acclaimed studio albums, including Late Registration (2005), Graduation (2007), and 808s & Heartbreak (2008).
8003:123146195030016::Thread-210 2020-08-09 18:59:46,622 - Drawing inspiration from maximalism and minimalism, respectively, West's fifth album My Beautiful Dark Twisted Fantasy (2010) and sixth album Yeezus (2013) were also critical successes.
8003:123146195030016::Thread-210 2020-08-09 18:59:48,455 - He went on to release The Life of Pablo (2016), Ye (2018), and Jesus Is King (2019).
8003:123146195030016::Thread-210 2020-08-09 18:59:49,485 - West's discography also includes the full-length collaborations Watch the Throne (2011) and Kids See Ghosts (2018) with Jay-Z and Kid Cudi, respectively.
8003:123146195030016::Thread-210 2020-08-09 18:59:50,732 - West's outspoken views and life outside of music have received significant media attention.
8003:123146195030016::Thread-210 2020-08-09 18:59:52,324 - He has been a frequent source of controversy for his conduct at award shows, on social media, and in other public settings, as well as for his comments on the music and fashion industries, U.S. politics, and race.
8003:123146195030016::Thread-210 2020-08-09 18:59:52,549 - His Christian faith, as well as his marriage to television personality Kim Kardashian, have also been a source of media attention.
8003:123146195030016::Thread-210 2020-08-09 18:59:54,356 - As a fashion designer, he has collaborated with Nike, Louis Vuitton, and A.P.C.
8003:123146195030016::Thread-210 2020-08-09 18:59:54,578 - on both clothing and footwear, and have most prominently resulted in the Yeezy collaboration with Adidas beginning in 2013.
8003:123146195030016::Thread-210 2020-08-09 18:59:54,580 - **END**
8003:123146195030016::Thread-210 2020-08-09 18:59:56,582 - **START**
8003:123146195030016::Thread-210 2020-08-09 18:59:56,588 - Starting new HTTPS connection (1): en.wikipedia.org
8003:123146195030016::Thread-210 2020-08-09 18:59:59,407 - Keanu Charles Reeves ( kee-AH-noo; born September 2, 1964) is a Canadian actor, author, director and musician.
8003:123146195030016::Thread-210 2020-08-09 19:00:01,357 - Born in Beirut, Lebanon, Reeves grew up in Toronto.
8003:123146195030016::Thread-210 2020-08-09 19:00:02,795 - He began acting in theatre productions, and in television films before making his mainstream film debut in Youngblood (1986).
8003:123146195030016::Thread-210 2020-08-09 19:00:03,056 - Reeves gained recognition in his breakthrough role as Ted "Theodore" Logan in the science fiction comedy Bill & Ted's Excellent Adventure (1989).
8003:123146195030016::Thread-210 2020-08-09 19:00:04,504 - This was followed by a supporting role in Ron Howard's comedy Parenthood, 1991's Point Break, a sequel, Bill & Ted's Bogus Journey, and the independent drama My Own Private Idaho where playing a street hustler received critical praise for his performance.
8003:123146195030016::Thread-210 2020-08-09 19:00:07,349 - He had a supporting role in Bram Stoker's Dracula (1992), which was nominated for four Academy Awards.
8003:123146195030016::Thread-210 2020-08-09 19:00:07,514 - The action thriller Speed (1994), in which Reeves was cast as a police officer, garnered critical and commercial success, and helped Reeves gain further recognition.
8003:123146195030016::Thread-210 2020-08-09 19:00:08,963 - He followed this with a series of films box office failures, including: Johnny Mnemonic (1995), Chain Reaction (1996), and The Last Time I Committed Suicide (1997).
8003:123146195030016::Thread-210 2020-08-09 19:00:10,850 - However, his performance in the supernatural horror The Devil's Advocate (1997) was well received.
8003:123146195030016::Thread-210 2020-08-09 19:00:10,982 - Global stardom followed soon after with his lead role as computer hacker Neo in the science fiction thriller The Matrix (1999).
8003:123146195030016::Thread-210 2020-08-09 19:00:13,985 - **END**
