8003:123145576660992::Thread-63 2020-08-09 18:59:34,286 - **START**
8003:123145576660992::Thread-63 2020-08-09 18:59:35,024 - Starting new HTTPS connection (1): en.wikipedia.org
8003:123145576660992::Thread-63 2020-08-09 18:59:38,226 - South Africa, officially the Republic of South Africa (RSA), is the southernmost country in Africa.
8003:123145576660992::Thread-63 2020-08-09 18:59:38,913 - With over 59 million people, it is the world's 24th-most populous nation and covers an area of 1,221,037 square kilometres (471,445 sq mi).
8003:123145576660992::Thread-63 2020-08-09 18:59:40,329 - South Africa has three capital cities: executive Pretoria, judicial Bloemfontein and legislative Cape Town.
8003:123145576660992::Thread-63 2020-08-09 18:59:41,207 - The largest city is Johannesburg.
8003:123145576660992::Thread-63 2020-08-09 18:59:42,840 - About 80% of South Africans are of Black African ancestry, divided among a variety of ethnic groups speaking different African languages.
8003:123145576660992::Thread-63 2020-08-09 18:59:43,009 - The remaining population consists of Africa's largest communities of European, Asian, and multiracial ancestry.
8003:123145576660992::Thread-63 2020-08-09 18:59:43,449 - It is bounded to the south by 2,798 kilometres (1,739 mi) of coastline of Southern Africa stretching along the South Atlantic and Indian Oceans; to the north by the neighbouring countries of Namibia, Botswana, and Zimbabwe; and to the east and northeast by Mozambique and Eswatini (former Swaziland); and it surrounds the enclaved country of Lesotho.
8003:123145576660992::Thread-63 2020-08-09 18:59:43,760 - It is the southernmost country on the mainland of the Old World or the Eastern Hemisphere, and the most populous country located entirely south of the equator.
8003:123145576660992::Thread-63 2020-08-09 18:59:44,261 - South Africa is a multiethnic society encompassing a wide variety of cultures, languages, and religions.
8003:123145576660992::Thread-63 2020-08-09 18:59:44,666 - Its pluralistic makeup is reflected in the constitution's recognition of 11 official languages, the fourth-highest number in the world.
8003:123145576660992::Thread-63 2020-08-09 18:59:47,668 - **END**
8003:123145576660992::Thread-63 2020-08-09 18:59:52,672 - **START**
8003:123145576660992::Thread-63 2020-08-09 18:59:52,676 - Starting new HTTPS connection (1): en.wikipedia.org
8003:123145576660992::Thread-63 2020-08-09 18:59:54,032 - Lady Louise Alice Elizabeth Mary Mountbatten-Windsor (born 8 November 2003) is the elder child and only daughter of Prince Edward, Earl of Wessex, and Sophie, Countess of Wessex.
8003:123145576660992::Thread-63 2020-08-09 18:59:55,511 - She is the youngest granddaughter of Queen Elizabeth II and Prince Philip, Duke of Edinburgh.
8003:123145576660992::Thread-63 2020-08-09 18:59:57,292 - She is 13th in the line of succession to the British throne.
8003:123145576660992::Thread-63 2020-08-09 18:59:59,285 - Birth and baptism
Louise was born prematurely on 8 November 2003 at 23:32 GMT at Frimley Park Hospital in Frimley, Surrey, after her mother was rushed there by ambulance from the Wessex home at Bagshot Park, Surrey.
8003:123145576660992::Thread-63 2020-08-09 19:00:00,489 - Prince Edward was not present for the birth because he was in Mauritius and because it occurred so suddenly.
8003:123145576660992::Thread-63 2020-08-09 19:00:01,408 - Louise was delivered by emergency Caesarean section due to placental abruption, which caused severe blood loss to both child and mother.
8003:123145576660992::Thread-63 2020-08-09 19:00:01,470 - Louise was transferred to a neo-natal unit in St George's Hospital, Tooting, London, as a precaution.
8003:123145576660992::Thread-63 2020-08-09 19:00:02,314 - Meanwhile, her mother remained at Frimley Park until she was well enough to be discharged, on 23 November 2003.
8003:123145576660992::Thread-63 2020-08-09 19:00:02,904 - Louise's name was announced on 27 November.She was baptised in the Private Chapel of Windsor Castle on 24 April 2004 by David Conner, the Dean of Windsor; her godparents were Lady Sarah Chatto, Lord Ivar Mountbatten, Lady Alexandra Etherington, Francesca Schwarzenbach and Rupert Elliott.
8003:123145576660992::Thread-63 2020-08-09 19:00:04,748 - Louise was the last child to wear the original royal christening gown.Born with esotropia, Louise underwent an operation in an unsuccessful attempt to correct the problem in January 2006.
8003:123145576660992::Thread-63 2020-08-09 19:00:08,750 - **END**
