8003:123145698652160::Thread-92 2020-08-09 18:59:35,260 - **START**
8003:123145698652160::Thread-92 2020-08-09 18:59:36,581 - Starting new HTTPS connection (1): en.wikipedia.org
8003:123145698652160::Thread-92 2020-08-09 18:59:40,841 - Selena Marie Gomez (born July 22, 1992) is an American singer, songwriter, actress, and television producer.
8003:123145698652160::Thread-92 2020-08-09 18:59:42,806 - Born and raised in Texas, Gomez began her career by appearing on the children's television series Barney & Friends (2002–2004).
8003:123145698652160::Thread-92 2020-08-09 18:59:43,842 - In her teens, she gained wider recognition for her role as Alex Russo on the Emmy Award-winning Disney Channel television series Wizards of Waverly Place (2007–2012).
8003:123145698652160::Thread-92 2020-08-09 18:59:45,502 - Alongside her television career, Gomez has starred in the films Another Cinderella Story (2008), Princess Protection Program (2009), Wizards of Waverly Place: The Movie (2009), Ramona and Beezus (2010), Monte Carlo (2011), Spring Breakers (2012), Getaway (2013), The Fundamentals of Caring (2016), The Dead Don't Die (2019), and A Rainy Day in New York (2019).
8003:123145698652160::Thread-92 2020-08-09 18:59:47,050 - She also voices the character of Mavis in the Hotel Transylvania film franchise (2012–present), and executive produced the Netflix television series 13 Reasons Why (2017–2020) and Living Undocumented (2019).
8003:123145698652160::Thread-92 2020-08-09 18:59:47,631 - Gomez released three albums with her former band, Selena Gomez & the Scene: Kiss & Tell (2009), A Year Without Rain (2010), and When the Sun Goes Down (2011), all of which peaked within the top ten on the US Billboard 200 and attained gold certifications.
8003:123145698652160::Thread-92 2020-08-09 18:59:48,168 - Additionally, Gomez has released three albums as a solo artist: Stars Dance (2013), Revival (2015), and Rare (2020), all of which debuted atop the Billboard 200.
8003:123145698652160::Thread-92 2020-08-09 18:59:48,759 - She has earned eight top-ten singles on the Billboard Hot 100: "Come & Get It", "The Heart Wants What It Wants", "Good for You", "Same Old Love", "Hands to Myself", "We Don't Talk Anymore" with Charlie Puth, "It Ain't Me" with Kygo, and "Lose You to Love Me", the latter being her first number-one single on the chart.
8003:123145698652160::Thread-92 2020-08-09 18:59:49,905 - In 2017, Billboard reported that Gomez has sold over 7 million albums and 22 million singles worldwide.
8003:123145698652160::Thread-92 2020-08-09 18:59:50,975 - Gomez has received various accolades and was honored as the Billboard Woman of the Year in 2017.
8003:123145698652160::Thread-92 2020-08-09 18:59:51,978 - **END**
8003:123145698652160::Thread-92 2020-08-09 19:00:00,982 - **START**
8003:123145698652160::Thread-92 2020-08-09 19:00:00,990 - Starting new HTTPS connection (1): en.wikipedia.org
8003:123145698652160::Thread-92 2020-08-09 19:00:04,989 - Jenna Haze (born February 22, 1982) is an American director, model, and former pornographic actress.Haze has won numerous pornographic industry awards, including the 2003 AVN Award for Best New Starlet and the 2009 AVN Award for Female Performer of the Year, making her the second performer in history to ever win both awards in the course of her career, after Missy.
8003:123145698652160::Thread-92 2020-08-09 19:00:05,552 - In 2012, she was inducted into both the AVN and XRCO Halls of Fame.
8003:123145698652160::Thread-92 2020-08-09 19:00:07,004 - Career
Haze entered the adult film industry on July 18, 2001.
8003:123145698652160::Thread-92 2020-08-09 19:00:07,114 - Between 2002 and 2005, she was a contract girl for the film company Jill Kelly Productions.
8003:123145698652160::Thread-92 2020-08-09 19:00:09,563 - During most of her time at the company, she performed exclusively with women, out of loyalty to her then boyfriend, an industry cameraman.
8003:123145698652160::Thread-92 2020-08-09 19:00:09,999 - She returned to working with men in the 2006 multi-award-winning release Jenna Haze Darkside, produced by Jules Jordan.Her first scene was for The Oral Adventures of Craven Moorehead 8 with her agent Slim Shady (Dez) and his best friend, Moorehead.
8003:123145698652160::Thread-92 2020-08-09 19:00:12,001 - It was intended to only be an oral scene, but in the heat of the moment she had intercourse with both.
8003:123145698652160::Thread-92 2020-08-09 19:00:12,752 - The next day she shot a scene with Miles Long in Joey Silvera's Service Animals 4.
8003:123145698652160::Thread-92 2020-08-09 19:00:15,414 - A few months later, she realized that she did not need an agent and started to represent herself.In February 2002, Haze appeared in a scene for Jill Kelly Productions (JKP), directed by Jill Kelly herself.
8003:123145698652160::Thread-92 2020-08-09 19:00:16,352 - Kelly was impressed by her performance and JKP offered Haze an exclusive performing contract.
8003:123145698652160::Thread-92 2020-08-09 19:00:23,357 - **END**
