8003:123146152964096::Thread-200 2020-08-09 18:59:38,310 - **START**
8003:123146152964096::Thread-200 2020-08-09 18:59:40,894 - Starting new HTTPS connection (1): en.wikipedia.org
8003:123146152964096::Thread-200 2020-08-09 18:59:44,707 - The Argentina national football team (Spanish: Selección de fútbol de Argentina) represents Argentina in men's international football and is administered by the Argentine Football Association, the governing body for football in Argentina.
8003:123146152964096::Thread-200 2020-08-09 18:59:46,883 - Argentina's home stadium is Estadio Monumental Antonio Vespucio Liberti in Buenos Aires.
8003:123146152964096::Thread-200 2020-08-09 18:59:47,024 - La Selección (national team), also known as the La Albiceleste, has appeared in five World Cup finals, including the first final in 1930, which they lost 4–2 to Uruguay.
8003:123146152964096::Thread-200 2020-08-09 18:59:48,549 - Argentina won in their next final appearance in 1978, beating the Netherlands at extra time, 3–1.
8003:123146152964096::Thread-200 2020-08-09 18:59:48,572 - Argentina won again in 1986, through a 3–2 victory over West Germany, and a tournament campaign led by Diego Maradona.
8003:123146152964096::Thread-200 2020-08-09 18:59:49,293 - They made the World Cup finals once more in 1990, and lost 1–0 to West Germany following a controversial penalty call in the 87th minute.
8003:123146152964096::Thread-200 2020-08-09 18:59:50,470 - Argentina, led by Lionel Messi, made their fifth appearance in a World Cup final in 2014, again losing to Germany, 1–0 during extra-time.
8003:123146152964096::Thread-200 2020-08-09 18:59:50,848 - Argentina's World Cup winning managers are César Luis Menotti in 1978 and Carlos Bilardo in 1986.
8003:123146152964096::Thread-200 2020-08-09 18:59:52,525 - Argentina has also been very successful in the Copa América, winning it 14 times, second only to Uruguay.
8003:123146152964096::Thread-200 2020-08-09 18:59:53,798 - The team also won the 1992 FIFA Confederations Cup and the 1993 Artemio Franchi Trophy.
8003:123146152964096::Thread-200 2020-08-09 18:59:58,800 - **END**
8003:123146152964096::Thread-200 2020-08-09 19:00:04,803 - **START**
8003:123146152964096::Thread-200 2020-08-09 19:00:04,807 - Starting new HTTPS connection (1): en.wikipedia.org
8003:123146152964096::Thread-200 2020-08-09 19:00:06,795 - The Brazil national football team (Portuguese: Seleção Brasileira de Futebol) represents Brazil in men's international football and is administered by the Brazilian Football Confederation (CBF), the governing body for football in Brazil.
8003:123146152964096::Thread-200 2020-08-09 19:00:09,369 - They have been a member of FIFA since 1923 and a member of CONMEBOL since 1916.
8003:123146152964096::Thread-200 2020-08-09 19:00:11,271 - Brazil is the most successful national team in the FIFA World Cup, being crowned winner five times: 1958, 1962, 1970, 1994 and 2002.
8003:123146152964096::Thread-200 2020-08-09 19:00:12,956 - Brazil also has the best overall performance in the World Cup, both in proportional and absolute terms, with a record of 73 victories in 109 matches played, 124 goal difference, 237 points, and 18 losses.
8003:123146152964096::Thread-200 2020-08-09 19:00:14,364 - Brazil is the only national team to have played in all World Cup editions without any absence nor need for playoffs.In relation to ranking standings Brazil fare well, having the all-time highest average football Elo rating system since 1970, and the fourth all-time peak football Elo Rating established in 1962.
8003:123146152964096::Thread-200 2020-08-09 19:00:15,720 - In FIFA's own ranking, Brazil holds the record for most Team of the Year wins with 12.
8003:123146152964096::Thread-200 2020-08-09 19:00:18,476 - Many commentators, experts and former players have considered the Brazil team of 1970 to be the greatest football team ever.
8003:123146152964096::Thread-200 2020-08-09 19:00:19,174 - Other Brazilian teams are also highly estimated and regularly appear listed among the best teams of all time, such as the Brazil teams of 1958–62, with honorary mentions for the gifted 1982 side.Brazil is the only national team to have won the World Cup on four different continents: once in Europe (1958 Sweden), once in South America (1962 Chile), twice in North America (1970 Mexico and 1994 United States) and once in Asia (2002 Korea/Japan).
8003:123146152964096::Thread-200 2020-08-09 19:00:19,679 - They share with France and Argentina the feat to have won the three most important men's football titles recognized by FIFA: the World Cup, the Confederations Cup, and the Olympic tournament.
8003:123146152964096::Thread-200 2020-08-09 19:00:20,005 - They also share with Spain a record of 35 consecutive matches undefeated.Brazil has many rivals due to its successes, with notable rivalries with Argentina—known as the Superclássico das Américas in Portuguese, Italy—known as the Clásico Mundial in Spanish or the World Derby in English, Uruguay due to the traumatic Maracanazo, France (due to the fact that they usually have difficulties against France in World Cups), and Netherlands, due to the several important meetings between the two teams at World Cups, and the style of play of the two teams being considered similar.
8003:123146152964096::Thread-200 2020-08-09 19:00:24,007 - **END**
