8003:123145517768704::Thread-49 2020-08-09 18:59:31,248 - **START**
8003:123145517768704::Thread-49 2020-08-09 18:59:32,486 - Starting new HTTPS connection (1): en.wikipedia.org
8003:123145517768704::Thread-49 2020-08-09 18:59:34,694 - Cristiano Ronaldo dos Santos Aveiro GOIH ComM (European Portuguese: [kɾiʃˈtjɐnu ʁɔˈnaɫdu]; born 5 February 1985) is a Portuguese professional footballer who plays as a forward for Serie A club Juventus and captains the Portugal national team.
8003:123145517768704::Thread-49 2020-08-09 18:59:35,314 - Often considered the best player in the world and  widely regarded as one of the greatest players of all time, Ronaldo has won five Ballons d'Or and four European Golden Shoes, both of which are records for a European player.
8003:123145517768704::Thread-49 2020-08-09 18:59:36,004 - He has won 30 major trophies in his career, including seven league titles, five UEFA Champions Leagues, one UEFA European Championship, and one UEFA Nations League title.
8003:123145517768704::Thread-49 2020-08-09 18:59:36,852 - Ronaldo holds the records for the most goals (130) and assists (40) in the history of the UEFA Champions League.
8003:123145517768704::Thread-49 2020-08-09 18:59:37,993 - He is one of the few recorded players to have made over 1,000 professional career appearances and has scored over 700 senior career goals for club and country.Born and raised in Madeira, Ronaldo began his senior club career playing for Sporting CP, before signing with Manchester United in 2003, aged 18.
8003:123145517768704::Thread-49 2020-08-09 18:59:38,832 - After winning the FA Cup in his first season, he helped United win three successive Premier League titles, the UEFA Champions League, and the FIFA Club World Cup; at age 23, he won his first Ballon d'Or.
8003:123145517768704::Thread-49 2020-08-09 18:59:39,678 - In 2009, Ronaldo was the subject of the then-most expensive association football transfer when signed for Real Madrid in a transfer worth €94 million (£80 million).
8003:123145517768704::Thread-49 2020-08-09 18:59:40,468 - There, Ronaldo won 15 trophies, including two La Liga titles, two Copas del Rey, and four UEFA Champions League titles, and became the club's all-time top goalscorer.
8003:123145517768704::Thread-49 2020-08-09 18:59:41,931 - After joining Madrid, Ronaldo finished runner-up for the Ballon d'Or three times, behind Lionel Messi—his perceived career rival—before winning back-to-back Ballons d'Or from 2013–2014 and again from 2016–2017.
8003:123145517768704::Thread-49 2020-08-09 18:59:42,851 - After winning a third consecutive Champions League title in 2018, Ronaldo became the first player to win the trophy five times.
8003:123145517768704::Thread-49 2020-08-09 18:59:48,910 - **END**
8003:123145517768704::Thread-49 2020-08-09 18:59:56,911 - **START**
8003:123145517768704::Thread-49 2020-08-09 18:59:56,916 - Starting new HTTPS connection (1): en.wikipedia.org
8003:123145517768704::Thread-49 2020-08-09 18:59:57,967 - Robin McLaurin Williams (July 21, 1951 – August 11, 2014) was an American actor and comedian.
8003:123145517768704::Thread-49 2020-08-09 18:59:58,714 - He is often regarded by critics as one of the best comedians of all time.
8003:123145517768704::Thread-49 2020-08-09 18:59:59,753 - He was known for his improvisation skills, and the wide variety of memorable voices he created.
8003:123145517768704::Thread-49 2020-08-09 19:00:02,732 - He began performing stand-up comedy in San Francisco and Los Angeles during the mid-1970s, and rose to fame for playing the alien Mork in the sitcom Mork & Mindy (1978–1982).After his first starring film role in Popeye (1980), Williams starred in several critically and commercially successful films including The World According to Garp (1982), Moscow on the Hudson (1984), Good Morning, Vietnam (1987), Dead Poets Society (1989), Awakenings (1990), The Fisher King (1991), Patch Adams (1998), One Hour Photo (2002), and World's Greatest Dad (2009).
8003:123145517768704::Thread-49 2020-08-09 19:00:04,157 - He also starred in box office hits such as Hook (1991), Aladdin (1992), Mrs. Doubtfire (1993), Jumanji (1995), The Birdcage (1996), Good Will Hunting (1997), and the Night at the Museum trilogy (2006–2014).
8003:123145517768704::Thread-49 2020-08-09 19:00:05,961 - He was nominated for four Academy Awards, winning Best Supporting Actor for Good Will Hunting.
8003:123145517768704::Thread-49 2020-08-09 19:00:06,603 - He also received two Primetime Emmy Awards, six Golden Globe Awards, two Screen Actors Guild Awards, and five Grammy Awards.
8003:123145517768704::Thread-49 2020-08-09 19:00:08,738 - In August 2014, at age 63, Williams committed suicide by hanging at his home in Paradise Cay, California.
8003:123145517768704::Thread-49 2020-08-09 19:00:08,937 - His widow, Susan Schneider Williams—as well as medical experts and the autopsy—attributed his suicide to his struggle with Lewy body disease.
8003:123145517768704::Thread-49 2020-08-09 19:00:12,938 - **END**
