8003:123145669206016::Thread-85 2020-08-09 18:59:36,260 - **START**
8003:123145669206016::Thread-85 2020-08-09 18:59:36,593 - Starting new HTTPS connection (1): en.wikipedia.org
8003:123145669206016::Thread-85 2020-08-09 18:59:40,706 - Edward Thomas Hardy  (born 15 September 1977) is an English actor and producer.
8003:123145669206016::Thread-85 2020-08-09 18:59:40,957 - After studying acting at the Drama Centre London, he made his film debut in Ridley Scott's Black Hawk Down (2001) and has since appeared in such films as Star Trek: Nemesis (2002), RocknRolla (2008), Bronson (2008), Warrior (2011), Tinker Tailor Soldier Spy (2011), Lawless (2012), Locke (2013), The Drop (2014), and The Revenant (2015), for which he received a nomination for the Academy Award for Best Supporting Actor.
8003:123145669206016::Thread-85 2020-08-09 18:59:42,405 - In 2015, Hardy portrayed "Mad" Max Rockatansky in Mad Max: Fury Road and both Kray twins in Legend.
8003:123145669206016::Thread-85 2020-08-09 18:59:42,807 - He has appeared in three Christopher Nolan films: Inception (2010), The Dark Knight Rises (2012) as Bane, and Dunkirk (2017) as an RAF fighter-pilot.
8003:123145669206016::Thread-85 2020-08-09 18:59:43,759 - He starred as Eddie Brock / Venom in the 2018 anti-hero film Venom.
8003:123145669206016::Thread-85 2020-08-09 18:59:45,062 - Hardy's television roles include the HBO war drama mini-series Band of Brothers (2001), the BBC historical drama mini-series The Virgin Queen (2005), Bill Sikes in the BBC's mini-series Oliver Twist (2007), ITV's Wuthering Heights (2009), the Sky 1 drama series The Take (2009), and his highly praised role as Alfie Solomons in the BBC historical crime drama series Peaky Blinders (2013–Present).
8003:123145669206016::Thread-85 2020-08-09 18:59:46,448 - He created, co-produced, and took the lead in the eight-part historical fiction series Taboo (2017) on BBC One and FX.Hardy has performed on both British and American stages.
8003:123145669206016::Thread-85 2020-08-09 18:59:48,348 - He was nominated for the Laurence Olivier Award for Most Promising Newcomer for his role as Skank in the production of In Arabia We'd All Be Kings (2003), and was awarded the 2003 Evening Standard Theatre Award for Outstanding Newcomer for his performances in both In Arabia We'd All Be Kings and for his role as Luca in Blood.
8003:123145669206016::Thread-85 2020-08-09 18:59:49,198 - He starred in the production of The Man of Mode (2007) and received positive reviews for his role in the play The Long Red Road (2010).
8003:123145669206016::Thread-85 2020-08-09 18:59:49,762 - Hardy is active in charity work and is an ambassador for the Prince's Trust.
8003:123145669206016::Thread-85 2020-08-09 18:59:54,767 - **END**
8003:123145669206016::Thread-85 2020-08-09 18:59:58,770 - **START**
8003:123145669206016::Thread-85 2020-08-09 18:59:58,788 - Starting new HTTPS connection (1): en.wikipedia.org
8003:123145669206016::Thread-85 2020-08-09 19:00:00,314 - Karenjit Kaur Vohra (born May 13, 1981), known by her stage name Sunny Leone (), is a model and an actress in the Indian film industry and a former pornographic actress.
8003:123145669206016::Thread-85 2020-08-09 19:00:01,309 - She has Canadian and American citizenship.
8003:123145669206016::Thread-85 2020-08-09 19:00:02,175 - She has also used the stage name Karen Malhotra.
8003:123145669206016::Thread-85 2020-08-09 19:00:02,344 - She was named Penthouse Pet of the Year in 2003, was a contract performer for Vivid Entertainment, and was named by Maxim as one of the 12 top porn stars in 2010.
8003:123145669206016::Thread-85 2020-08-09 19:00:02,817 - She has played roles in independent mainstream events, films, and television series.
8003:123145669206016::Thread-85 2020-08-09 19:00:03,046 - Her first mainstream appearance was in 2005, when she worked as a red carpet reporter for the MTV Video Music Awards on MTV India.
8003:123145669206016::Thread-85 2020-08-09 19:00:04,038 - In 2011, she participated in the Indian reality television series Bigg Boss.
8003:123145669206016::Thread-85 2020-08-09 19:00:04,258 - She also has hosted the Indian reality show Splitsvilla.
8003:123145669206016::Thread-85 2020-08-09 19:00:04,686 - In 2012, she made her Bollywood debut in Pooja Bhatt's erotic thriller Jism 2 (2012) and shifted her focus to mainstream acting which was followed up with Jackpot (2013), Ragini MMS 2 (2014), Ek Paheli Leela (2015), Tera Intezaar (2017), and the Malayalam film Madhura Raja in 2019.
8003:123145669206016::Thread-85 2020-08-09 19:00:05,253 - Apart from her acting career she has been part of activism campaigns including the Rock 'n' Roll Los Angeles Half-Marathon to raise money for the American Cancer Society and has also posed for a People for the Ethical Treatment of Animals (PETA) ad campaign with a rescued dog, encouraging pet owners to have their cats and dogs spayed and neutered.
8003:123145669206016::Thread-85 2020-08-09 19:00:14,255 - **END**
