8003:123145963667456::Thread-155 2020-08-09 18:59:27,278 - **START**
8003:123145963667456::Thread-155 2020-08-09 18:59:27,611 - Starting new HTTPS connection (1): en.wikipedia.org
8003:123145963667456::Thread-155 2020-08-09 18:59:29,873 - Cloud Gate is a public sculpture by Indian-born British artist Sir Anish Kapoor, that is the centerpiece of AT&T Plaza at Millennium Park in the Loop community area of Chicago, Illinois.
8003:123145963667456::Thread-155 2020-08-09 18:59:30,245 - The sculpture and AT&T Plaza are located on top of Park Grill, between the Chase Promenade and McCormick Tribune Plaza & Ice Rink.
8003:123145963667456::Thread-155 2020-08-09 18:59:30,998 - Constructed between 2004 and 2006, the sculpture is nicknamed The Bean because of its shape, a name Kapoor initially disliked, but later grew fond of.
8003:123145963667456::Thread-155 2020-08-09 18:59:31,630 - Made up of 168 stainless steel plates welded together, its highly polished exterior has no visible seams.
8003:123145963667456::Thread-155 2020-08-09 18:59:32,407 - It measures 33 by 66 by 42 feet (10 by 20 by 13 m), and weighs 110 short tons (100 t; 98 long tons).
8003:123145963667456::Thread-155 2020-08-09 18:59:32,505 - Kapoor's design was inspired by liquid mercury and the sculpture's surface reflects and distorts the city's skyline.
8003:123145963667456::Thread-155 2020-08-09 18:59:33,079 - Visitors are able to walk around and under Cloud Gate's 12-foot (3.7 m) high arch.
8003:123145963667456::Thread-155 2020-08-09 18:59:33,595 - On the underside is the "omphalos" (Greek for "navel"), a concave chamber that warps and multiplies reflections.
8003:123145963667456::Thread-155 2020-08-09 18:59:33,699 - The sculpture builds upon many of Kapoor's artistic themes, and it is popular with tourists as a photo-taking opportunity for its unique reflective properties.
8003:123145963667456::Thread-155 2020-08-09 18:59:34,463 - The sculpture was the result of a design competition.
8003:123145963667456::Thread-155 2020-08-09 18:59:41,539 - **END**
8003:123145963667456::Thread-155 2020-08-09 18:59:56,563 - **START**
8003:123145963667456::Thread-155 2020-08-09 18:59:56,567 - Starting new HTTPS connection (1): en.wikipedia.org
8003:123145963667456::Thread-155 2020-08-09 18:59:57,382 - Daft Punk are a French electronic music duo formed in Paris in 1993 by Guy-Manuel de Homem-Christo and Thomas Bangalter.
8003:123145963667456::Thread-155 2020-08-09 18:59:58,832 - They achieved popularity in the late 1990s as part of the French house movement; they also had success in the years following, combining elements of house music with funk, techno, disco, rock and synthpop.
8003:123145963667456::Thread-155 2020-08-09 18:59:59,110 - They have worn ornate helmets and gloves to assume robot personas in most public appearances since 1999 and rarely grant interviews or appear on television.
8003:123145963667456::Thread-155 2020-08-09 19:00:00,228 - The duo were managed from 1996 to 2008 by Pedro Winter (also known as Busy P), the head of Ed Banger Records.
8003:123145963667456::Thread-155 2020-08-09 19:00:00,543 - After Bangalter and Homem-Christo's indie rock band Darlin' disbanded, they began experimenting with drum machines and synthesisers.
8003:123145963667456::Thread-155 2020-08-09 19:00:01,119 - Their debut studio album Homework was released by Virgin Records in 1997 to positive reviews, backed by singles "Around the World" and "Da Funk".
8003:123145963667456::Thread-155 2020-08-09 19:00:01,643 - Their second album, Discovery, had further success, supported by hit singles "One More Time", "Digital Love" and "Harder, Better, Faster, Stronger".
8003:123145963667456::Thread-155 2020-08-09 19:00:03,287 - In March 2005, Daft Punk released their third album, Human After All, to mixed reviews, though the singles "Robot Rock" and "Technologic" achieved success in the United Kingdom.
8003:123145963667456::Thread-155 2020-08-09 19:00:04,999 - Daft Punk toured throughout 2006 and 2007 and released the live album Alive 2007, which won a Grammy Award for Best Electronic/Dance Album.
8003:123145963667456::Thread-155 2020-08-09 19:00:05,720 - They composed the score for the film Tron: Legacy, which was released in 2010 alongside its soundtrack album.
8003:123145963667456::Thread-155 2020-08-09 19:00:09,721 - **END**
