8003:123146106691584::Thread-189 2020-08-09 18:59:36,282 - **START**
8003:123146106691584::Thread-189 2020-08-09 18:59:36,590 - Starting new HTTPS connection (1): en.wikipedia.org
8003:123146106691584::Thread-189 2020-08-09 18:59:40,076 - Recovery is the seventh studio album by American rapper Eminem.
8003:123146106691584::Thread-189 2020-08-09 18:59:41,948 - It was released on June 18, 2010, by Aftermath Entertainment, Shady Records, and Interscope Records.
8003:123146106691584::Thread-189 2020-08-09 18:59:43,003 - It serves as the follow-up to Eminem's sixth studio album Relapse (2009).
8003:123146106691584::Thread-189 2020-08-09 18:59:43,283 - Originally planned to be released as Relapse 2, the album was renamed to Recovery when Eminem found the album to be musically different from its predecessor.
8003:123146106691584::Thread-189 2020-08-09 18:59:45,167 - Production of the album took place during 2009 to 2010 at several recording studios and was handled by various record producers, including Alex da Kid, Just Blaze, Boi-1da, Jim Jonsin, DJ Khalil, Mr. Porter, and Dr. Dre.
8003:123146106691584::Thread-189 2020-08-09 18:59:45,737 - Eminem also collaborated with artists such as Pink, Lil Wayne, Slaughterhouse and Rihanna for the album.
8003:123146106691584::Thread-189 2020-08-09 18:59:47,100 - Recovery featured more introspective and emotional content than its predecessor and the theme of the album revolved around his positive changes, anxiety, and emotional drives.
8003:123146106691584::Thread-189 2020-08-09 18:59:48,105 - Recovery debuted at number one on the Billboard 200, with first week sales of 741,000 copies.
8003:123146106691584::Thread-189 2020-08-09 18:59:48,106 - **END**
8003:123146106691584::Thread-189 2020-08-09 19:00:00,108 - **START**
8003:123146106691584::Thread-189 2020-08-09 19:00:00,200 - Starting new HTTPS connection (1): en.wikipedia.org
8003:123146106691584::Thread-189 2020-08-09 19:00:04,675 - Stonehenge is a prehistoric monument in Wiltshire, England, two miles (3 km) west of Amesbury.
8003:123146106691584::Thread-189 2020-08-09 19:00:06,846 - It consists of a ring of standing stones, each around 13 feet (4.0 m) high, seven feet (2.1 m) wide, and weighing around 25 tons.
8003:123146106691584::Thread-189 2020-08-09 19:00:08,975 - The stones are set within earthworks in the middle of the most dense complex of Neolithic and Bronze Age monuments in England, including several hundred tumuli (burial mounds).Archaeologists believe it was constructed from 3000 BC to 2000 BC.
8003:123146106691584::Thread-189 2020-08-09 19:00:10,720 - The surrounding circular earth bank and ditch, which constitute the earliest phase of the monument, have been dated to about 3100 BC.
8003:123146106691584::Thread-189 2020-08-09 19:00:10,888 - Radiocarbon dating suggests that the first bluestones were raised between 2400 and 2200 BC, although they may have been at the site as early as 3000 BC.One of the most famous landmarks in the United Kingdom, Stonehenge is regarded as a British cultural icon.
8003:123146106691584::Thread-189 2020-08-09 19:00:12,579 - It has been a legally protected Scheduled Ancient Monument since 1882, when legislation to protect historic monuments was first successfully introduced in Britain.
8003:123146106691584::Thread-189 2020-08-09 19:00:13,090 - The site and its surroundings were added to UNESCO's list of World Heritage Sites in 1986.
8003:123146106691584::Thread-189 2020-08-09 19:00:13,644 - Stonehenge is owned by the Crown and managed by English Heritage; the surrounding land is owned by the National Trust.Stonehenge could have been a burial ground from its earliest beginnings.
8003:123146106691584::Thread-189 2020-08-09 19:00:16,613 - Deposits containing human bone date from as early as 3000 BC, when the ditch and bank were first dug, and continued for at least another 500 years.
8003:123146106691584::Thread-189 2020-08-09 19:00:16,903 - Etymology
The Oxford English Dictionary cites Ælfric's tenth-century glossary, in which henge-cliff is given the meaning "precipice", or stone; thus, the stanenges or Stanheng "not far from Salisbury" recorded by eleventh-century writers are "stones supported in the air".
8003:123146106691584::Thread-189 2020-08-09 19:00:18,665 - In 1740 William Stukeley notes, "Pendulous rocks are now called henges in Yorkshire...I doubt not, Stonehenge in Saxon signifies the hanging stones."
8003:123146106691584::Thread-189 2020-08-09 19:00:21,066 - Christopher Chippindale's Stonehenge Complete gives the derivation of the name Stonehenge as coming from the Old English words stān meaning "stone", and either hencg meaning "hinge" (because the stone lintels hinge on the upright stones) or hen(c)en meaning "to hang" or "gallows" or "instrument of torture" (though elsewhere in his book, Chippindale cites the "suspended stones" etymology).The "henge" portion has given its name to a class of monuments known as henges.
8003:123146106691584::Thread-189 2020-08-09 19:00:23,124 - Archaeologists define henges as earthworks consisting of a circular banked enclosure with an internal ditch.
8003:123146106691584::Thread-189 2020-08-09 19:00:24,130 - **END**
