8003:123146085658624::Thread-184 2020-08-09 18:59:35,279 - **START**
8003:123146085658624::Thread-184 2020-08-09 18:59:36,584 - Starting new HTTPS connection (1): en.wikipedia.org
8003:123146085658624::Thread-184 2020-08-09 18:59:39,722 - The Erie Canal is a canal in New York, United States that is part of the east–west, cross-state route of the New York State Canal System (formerly known as the New York State Barge Canal).
8003:123146085658624::Thread-184 2020-08-09 18:59:41,587 - Originally, it ran 363 miles (584 km) from the Hudson River in Albany to Lake Erie in Buffalo.
8003:123146085658624::Thread-184 2020-08-09 18:59:42,851 - It was built to create a navigable water route from New York City and the Atlantic Ocean to the Great Lakes.
8003:123146085658624::Thread-184 2020-08-09 18:59:44,048 - When completed in 1825, it was the second longest canal in the world (after the Grand Canal in China) and greatly enhanced the development and economy of New York, New York City, and the United States.The canal was first proposed in the 1780s, then re-proposed in 1807.
8003:123146085658624::Thread-184 2020-08-09 18:59:44,916 - A survey was authorized, funded, and executed in 1808.
8003:123146085658624::Thread-184 2020-08-09 18:59:46,864 - Proponents of the project gradually wore down opponents; its construction began in 1817.
8003:123146085658624::Thread-184 2020-08-09 18:59:47,987 - The canal has 34 numbered locks starting with Black Rock Lock and ending downstream with the Troy Federal Lock.
8003:123146085658624::Thread-184 2020-08-09 18:59:48,273 - Both are owned by the federal government.
8003:123146085658624::Thread-184 2020-08-09 18:59:48,815 - It has an elevation difference of about 565 feet (172 m).
8003:123146085658624::Thread-184 2020-08-09 18:59:48,870 - It opened on October 26, 1825.In a time when bulk goods were limited to pack animals (a 250-pound (113 kg) maximum), and there were no railways, water was the most cost-effective way to ship bulk goods.
8003:123146085658624::Thread-184 2020-08-09 18:59:57,875 - **END**
8003:123146085658624::Thread-184 2020-08-09 19:00:06,884 - **START**
8003:123146085658624::Thread-184 2020-08-09 19:00:06,908 - Starting new HTTPS connection (1): en.wikipedia.org
8003:123146085658624::Thread-184 2020-08-09 19:00:08,780 - Emma Charlotte Duerre Watson (born 15 April 1990) is an English actress, model, and activist.
8003:123146085658624::Thread-184 2020-08-09 19:00:08,848 - Born in Paris and brought up in Oxfordshire, Watson attended the Dragon School and trained as an actress at the Oxford branch of Stagecoach Theatre Arts.
8003:123146085658624::Thread-184 2020-08-09 19:00:10,158 - As a child, she rose to prominence with her first professional acting role as Hermione Granger in the Harry Potter film series, having acted only in school plays previously.
8003:123146085658624::Thread-184 2020-08-09 19:00:11,949 - Watson also appeared in the 2007 television adaptation of the novel Ballet Shoes and lent her voice to The Tale of Despereaux (2008).
8003:123146085658624::Thread-184 2020-08-09 19:00:13,725 - After the last Harry Potter film, she took on starring and supporting roles in My Week with Marilyn (2011), The Perks of Being a Wallflower (2012) and The Bling Ring (2013), made an appearance as an exaggerated version of herself in This Is the End (2013), and played the title character's adopted daughter in Noah (2014).
8003:123146085658624::Thread-184 2020-08-09 19:00:14,610 - She went on to star as Belle in the musical romantic fantasy Beauty and the Beast (2017) and Meg March in the coming-of-age film Little Women (2019), the latter of which was nominated for the Academy Award for Best Picture.
8003:123146085658624::Thread-184 2020-08-09 19:00:15,917 - Her other film roles include Regression (2015), Colonia (2015), and The Circle (2017).
8003:123146085658624::Thread-184 2020-08-09 19:00:16,641 - From 2011 to 2014, Watson split her time between working on films and continuing her education, graduating from Brown University with a bachelor's degree in English literature in May 2014.
8003:123146085658624::Thread-184 2020-08-09 19:00:16,947 - Her modelling work has included campaigns for Burberry and Lancôme.
8003:123146085658624::Thread-184 2020-08-09 19:00:17,300 - She also lent her name to a line of clothing for People Tree.
8003:123146085658624::Thread-184 2020-08-09 19:00:26,302 - **END**
