8003:123145917394944::Thread-144 2020-08-09 18:59:33,271 - **START**
8003:123145917394944::Thread-144 2020-08-09 18:59:34,112 - Starting new HTTPS connection (1): en.wikipedia.org
8003:123145917394944::Thread-144 2020-08-09 18:59:36,690 - Hadrian's Wall (Latin: Vallum Aelium), also known as the Roman Wall, Picts' Wall, or Vallum Hadriani in Latin, is a former defensive fortification of the Roman province of Britannia, begun in AD 122 in the reign of the emperor Hadrian.
8003:123145917394944::Thread-144 2020-08-09 18:59:36,939 - It ran from the banks of the River Tyne near the North Sea to the Solway Firth on the Irish Sea, and was the northern limit of the Roman Empire, immediately north of which were the lands of the northern Ancient Britons, including the Picts.
8003:123145917394944::Thread-144 2020-08-09 18:59:37,414 - It had a stone base and a stone wall.
8003:123145917394944::Thread-144 2020-08-09 18:59:38,586 - There were milecastles with two turrets in between.
8003:123145917394944::Thread-144 2020-08-09 18:59:39,077 - There was a fort about every five Roman miles.
8003:123145917394944::Thread-144 2020-08-09 18:59:39,249 - From north to south, the wall comprised a ditch, wall, military way and vallum, another ditch with adjoining mounds.
8003:123145917394944::Thread-144 2020-08-09 18:59:39,724 - It is thought the milecastles were staffed with static garrisons, whereas the forts had fighting garrisons of infantry and cavalry.
8003:123145917394944::Thread-144 2020-08-09 18:59:40,842 - In addition to the wall's defensive military role, its gates may have been customs posts.A significant portion of the wall still stands and can be followed on foot along the adjoining Hadrian's Wall Path.
8003:123145917394944::Thread-144 2020-08-09 18:59:41,274 - The largest Roman archaeological feature in Britain, it runs a total of 73 miles (117.5 kilometres)  in northern England.
8003:123145917394944::Thread-144 2020-08-09 18:59:42,212 - Regarded as a British cultural icon, Hadrian's Wall is one of Britain's major ancient tourist attractions.
8003:123145917394944::Thread-144 2020-08-09 18:59:49,213 - **END**
8003:123145917394944::Thread-144 2020-08-09 18:59:53,215 - **START**
8003:123145917394944::Thread-144 2020-08-09 18:59:53,219 - Starting new HTTPS connection (1): en.wikipedia.org
8003:123145917394944::Thread-144 2020-08-09 18:59:54,609 - LaGuardia Airport (IATA: LGA, ICAO: KLGA, FAA LID: LGA)  is an airport in Queens, New York.
8003:123145917394944::Thread-144 2020-08-09 18:59:55,583 - The airport is the third busiest airport serving New York City, and the twentieth busiest in the United States.
8003:123145917394944::Thread-144 2020-08-09 18:59:55,967 - LaGuardia Airport covers 680 acres (280 ha).In 2016, LaGuardia Airport had a strong growth in passenger traffic; about 29.8 million passengers used the airport, a 14.2 percent increase from the previous year.
8003:123145917394944::Thread-144 2020-08-09 18:59:56,373 - LGA is a hub for American Airlines and Delta Air Lines.
8003:123145917394944::Thread-144 2020-08-09 18:59:56,751 - A perimeter rule prohibits nonstop flights to or from points beyond 1,500 miles (2,400 km), but exceptions to the perimeter rule are flights on Saturdays and flights to Denver.
8003:123145917394944::Thread-144 2020-08-09 18:59:57,366 - International flights without border preclearance must use the nearby JFK or Newark airports, as there is no border control facility at the airport.Glenn H. Curtiss Airport (named after aviation pioneer Glenn Hammond Curtiss), later renamed North Beach Airport, was the earlier airport at this location.
8003:123145917394944::Thread-144 2020-08-09 18:59:58,040 - The name was changed after New York City's takeover and reconstruction to New York Municipal Airport–LaGuardia Field, and in 1953 became "LaGuardia Airport", named for Fiorello La Guardia, the mayor of New York City when the airport was built.
8003:123145917394944::Thread-144 2020-08-09 18:59:58,765 - LaGuardia has been extensively criticized for its outdated facilities, lack of cleanliness, cramped building design, and poor customer service, among other problems.
8003:123145917394944::Thread-144 2020-08-09 18:59:59,456 - The airport has been ranked in numerous customer surveys as the worst in the United States.
8003:123145917394944::Thread-144 2020-08-09 18:59:59,820 - Among pilots, it is referred to as "USS LaGuardia", because the runways are short and surrounded by water, thus giving the feel of landing on an aircraft carrier.
8003:123145917394944::Thread-144 2020-08-09 19:00:03,821 - **END**
