8003:123145854296064::Thread-129 2020-08-09 18:59:30,269 - **START**
8003:123145854296064::Thread-129 2020-08-09 18:59:31,157 - Starting new HTTPS connection (1): en.wikipedia.org
8003:123145854296064::Thread-129 2020-08-09 18:59:35,750 - Rowan Blanchard (born October 14, 2001) is an American actress.
8003:123145854296064::Thread-129 2020-08-09 18:59:36,875 - She is known for her role as Riley Matthews on the Disney Channel series Girl Meets World that aired from 2014 until 2017.
8003:123145854296064::Thread-129 2020-08-09 18:59:39,432 - From 2017 until 2018, she made recurred on The Goldbergs as Jackie Geary.
8003:123145854296064::Thread-129 2020-08-09 18:59:41,620 - Life and career


Early life
Blanchard was born in Los Angeles, California, to Elizabeth and Mark Blanchard-Boulbol, who are yoga instructors.
8003:123145854296064::Thread-129 2020-08-09 18:59:41,885 - Her paternal grandfather was an immigrant from the Middle East, who had paternal Syrian ancestry and maternal Armenian ancestry, and her paternal grandmother's ancestors are from England, Denmark, and Sweden.
8003:123145854296064::Thread-129 2020-08-09 18:59:43,917 - Her paternal great grandparents had met in Aleppo, present-day Syria.
8003:123145854296064::Thread-129 2020-08-09 18:59:46,214 - She was named after a character in Anne Rice's The Witching Hour.
8003:123145854296064::Thread-129 2020-08-09 18:59:46,321 - Rowan has two younger siblings, Carmen and Shane.
8003:123145854296064::Thread-129 2020-08-09 18:59:47,637 - Career

Blanchard began acting in 2010 at the age of five, first being cast as Mona's daughter in The Back-up Plan and was in the main cast of the Disney Junior Original Series Dance-a-Lot Robot as Caitlin.
8003:123145854296064::Thread-129 2020-08-09 18:59:50,091 - In 2011, she was cast as Rebecca Wilson in Spy Kids: All the Time in the World, and as Raquel Pacheco in Little in Common.
8003:123145854296064::Thread-129 2020-08-09 18:59:51,094 - **END**
8003:123145854296064::Thread-129 2020-08-09 18:59:59,112 - **START**
8003:123145854296064::Thread-129 2020-08-09 18:59:59,257 - Starting new HTTPS connection (1): en.wikipedia.org
8003:123145854296064::Thread-129 2020-08-09 19:00:00,899 - Sasha Grey (born Marina Ann Hantzis, March 14, 1988) is an American actress, musician, model, and writer.
8003:123145854296064::Thread-129 2020-08-09 19:00:01,525 - Grey began her acting career in the pornographic film industry, winning 15 awards for her work between 2007 and 2010, including the AVN Award for Female Performer of the Year in 2008.Grey has been featured in music videos, documentaries, advertising campaigns, artworks, and magazines.
8003:123145854296064::Thread-129 2020-08-09 19:00:02,484 - After her 2009 feature film debut as the lead in Steven Soderbergh's The Girlfriend Experience, she starred in independent films including Open Windows, the Canadian black comedy horror film Smash Cut and the horror film Would You Rather.
8003:123145854296064::Thread-129 2020-08-09 19:00:02,698 - In 2011, she played a fictionalized version of herself in the HBO comedy-drama series Entourage.
8003:123145854296064::Thread-129 2020-08-09 19:00:03,145 - Grey was a co-founder, singer, and writer of aTelecine, an industrial music band.
8003:123145854296064::Thread-129 2020-08-09 19:00:04,019 - She is the author of The Juliette Society trilogy of novels and also writes, directs, and co-produces films and music videos.
8003:123145854296064::Thread-129 2020-08-09 19:00:04,273 - Early life
Grey, whose original name is Marina Ann Hantzis, was born in North Highlands, California into a working-class family.
8003:123145854296064::Thread-129 2020-08-09 19:00:05,212 - Her father was a Greek-American who worked as a mechanic and died in June 2015.
8003:123145854296064::Thread-129 2020-08-09 19:00:06,214 - Her mother is of English, Irish, and Polish descent.
8003:123145854296064::Thread-129 2020-08-09 19:00:06,597 - Grey's parents divorced before she started middle school and she was subsequently raised by her mother, who remarried in 2000.
8003:123145854296064::Thread-129 2020-08-09 19:00:08,601 - **END**
