8003:123145442050048::Thread-31 2020-08-09 18:59:27,246 - **START**
8003:123145442050048::Thread-31 2020-08-09 18:59:27,530 - Starting new HTTPS connection (1): en.wikipedia.org
8003:123145442050048::Thread-31 2020-08-09 18:59:31,728 - China (Chinese: 中国; pinyin: Zhōngguó; lit.
8003:123145442050048::Thread-31 2020-08-09 18:59:33,194 - : 'Central State; Middle Kingdom'), officially the People's Republic of China (PRC; Chinese: 中华人民共和国; pinyin: Zhōnghuá Rénmín Gònghéguó), is a country in East Asia.
8003:123145442050048::Thread-31 2020-08-09 18:59:35,764 - It is the world's most populous country, with a population of around 1.4 billion in 2019.
8003:123145442050048::Thread-31 2020-08-09 18:59:36,279 - Covering approximately 9.6 million square kilometres (3.7 million mi2), it is the world's third or fourth-largest country by area.
8003:123145442050048::Thread-31 2020-08-09 18:59:37,171 - Governed solely by the Chinese Communist Party (CCP), the state exercises jurisdiction over 22 provinces, five autonomous regions, four direct-controlled municipalities (Beijing, Tianjin, Shanghai, and Chongqing), and the special administrative regions of Hong Kong and Macau.
8003:123145442050048::Thread-31 2020-08-09 18:59:39,296 - China emerged as one of the world's first civilizations, in the fertile basin of the Yellow River in the North China Plain.
8003:123145442050048::Thread-31 2020-08-09 18:59:39,763 - For millennia, China's political system was based on absolute and hereditary monarchies, or dynasties, beginning with the semi-mythical Xia dynasty in 21st century BCE.
8003:123145442050048::Thread-31 2020-08-09 18:59:42,503 - Since then, China has expanded, fractured, and re-unified numerous times.
8003:123145442050048::Thread-31 2020-08-09 18:59:43,760 - In the 3rd century BCE, the Qin reunited core China and established the first Chinese empire.
8003:123145442050048::Thread-31 2020-08-09 18:59:44,968 - The succeeding Han dynasty, which ruled from 206 BCE until 220 CE, saw some of the most advanced technology at that time, including papermaking and the compass, along with agricultural and medical improvements.
8003:123145442050048::Thread-31 2020-08-09 18:59:46,457 - The invention of gunpowder and movable type in the Tang dynasty (618–907) and Northern Song (960–1127) completed the Four Great Inventions.
8003:123145442050048::Thread-31 2020-08-09 18:59:49,381 - Tang culture spread widely in Asia, as the new Silk Route brought traders to as far as Mesopotamia and the Horn of Africa.
8003:123145442050048::Thread-31 2020-08-09 18:59:50,383 - **END**
8003:123145442050048::Thread-31 2020-08-09 19:00:06,389 - **START**
8003:123145442050048::Thread-31 2020-08-09 19:00:06,399 - Starting new HTTPS connection (1): en.wikipedia.org
8003:123145442050048::Thread-31 2020-08-09 19:00:07,132 - Backstreet Boys  (often abbreviated as BSB) is an American vocal group, formed in Orlando, Florida in 1993.
8003:123145442050048::Thread-31 2020-08-09 19:00:08,973 - The group consists of AJ McLean, Howie Dorough, Nick Carter, Kevin Richardson, and Brian Littrell.
8003:123145442050048::Thread-31 2020-08-09 19:00:10,184 - The group rose to fame with their debut international album, Backstreet Boys (1996).
8003:123145442050048::Thread-31 2020-08-09 19:00:10,532 - In the following year, they released their second international album Backstreet's Back (1997) along with their self-titled U.S. debut album, which continued the group's success worldwide.
8003:123145442050048::Thread-31 2020-08-09 19:00:11,090 - They rose to superstardom with their third studio album Millennium (1999) and its follow-up album, Black & Blue (2000).
8003:123145442050048::Thread-31 2020-08-09 19:00:12,028 - After a two-year hiatus, they regrouped and released a comeback album Never Gone (2005).
8003:123145442050048::Thread-31 2020-08-09 19:00:12,920 - After the conclusion of the Never Gone Tour in 2006, Richardson left the group to pursue other interests.
8003:123145442050048::Thread-31 2020-08-09 19:00:14,137 - The group then released two albums as a quartet: Unbreakable (2007) and This Is Us (2009).
8003:123145442050048::Thread-31 2020-08-09 19:00:14,926 - In 2012, the group announced that Richardson had rejoined them permanently.
8003:123145442050048::Thread-31 2020-08-09 19:00:15,245 - In the following year, they celebrated their 20th anniversary and released their first independent album, In a World Like This (2013).
8003:123145442050048::Thread-31 2020-08-09 19:00:22,249 - **END**
