8003:123145866915840::Thread-132 2020-08-09 18:59:28,271 - **START**
8003:123145866915840::Thread-132 2020-08-09 18:59:28,456 - Starting new HTTPS connection (1): en.wikipedia.org
8003:123145866915840::Thread-132 2020-08-09 18:59:33,043 - The Empire State Building is a 102-story Art Deco skyscraper in Midtown Manhattan in New York City.
8003:123145866915840::Thread-132 2020-08-09 18:59:33,243 - It was designed by Shreve, Lamb & Harmon and built from 1930 to 1931.
8003:123145866915840::Thread-132 2020-08-09 18:59:35,199 - Its name is derived from "Empire State", the nickname of the state of New York.
8003:123145866915840::Thread-132 2020-08-09 18:59:37,198 - The building has a roof height of 1,250 feet (380 m) and stands a total of 1,454 feet (443.2 m) tall, including its antenna.
8003:123145866915840::Thread-132 2020-08-09 18:59:39,264 - The Empire State Building stood as the world's tallest building until the construction of the World Trade Center in 1970; following its collapse in the September 11, 2001 attacks, the Empire State Building was again the city's tallest skyscraper until 2012.
8003:123145866915840::Thread-132 2020-08-09 18:59:42,248 - As of 2020, the building is the seventh-tallest building in New York City, the ninth-tallest completed skyscraper in the United States, the 48th-tallest in the world, and the fifth-tallest freestanding structure in the Americas.
8003:123145866915840::Thread-132 2020-08-09 18:59:43,386 - The site of the Empire State Building, located in Midtown South on the west side of Fifth Avenue between West 33rd and 34th Streets, was originally part of an early 18th-century farm.
8003:123145866915840::Thread-132 2020-08-09 18:59:44,132 - It was developed in 1893 as the site of the Waldorf–Astoria Hotel.
8003:123145866915840::Thread-132 2020-08-09 18:59:45,786 - In 1929, Empire State Inc. acquired the site and devised plans for a skyscraper there.
8003:123145866915840::Thread-132 2020-08-09 18:59:48,817 - **END**
8003:123145866915840::Thread-132 2020-08-09 18:59:58,818 - **START**
8003:123145866915840::Thread-132 2020-08-09 18:59:58,838 - Starting new HTTPS connection (1): en.wikipedia.org
8003:123145866915840::Thread-132 2020-08-09 19:00:01,410 - Singapore ( (listen)), officially the Republic of Singapore, is a sovereign island city-state in maritime Southeast Asia.
8003:123145866915840::Thread-132 2020-08-09 19:00:02,910 - It lies about one degree of latitude (137 kilometres or 85 miles) north of the equator, off the southern tip of the Malay Peninsula, bordering the Straits of Malacca to the west, the Riau Islands to the south, and the South China Sea to the east.
8003:123145866915840::Thread-132 2020-08-09 19:00:04,984 - The country's territory is composed of one main island, 63 satellite islands and islets, and one outlying islet, the combined area of which has increased by 25% since the country's independence as a result of extensive land reclamation projects.
8003:123145866915840::Thread-132 2020-08-09 19:00:05,708 - The country is home to 5.7 million residents, 61% (3.4 million) of whom are Singaporean citizens.
8003:123145866915840::Thread-132 2020-08-09 19:00:06,732 - There are four official languages of Singapore: English, Malay, Chinese, and Tamil; with English being the lingua franca.
8003:123145866915840::Thread-132 2020-08-09 19:00:08,248 - This reflects in its rich cultural diversity and extensive ethnic cuisine and major festivals.
8003:123145866915840::Thread-132 2020-08-09 19:00:11,238 - Multiracialism is enshrined in the constitution, and continues to shape national policies in education, housing, and politics.
8003:123145866915840::Thread-132 2020-08-09 19:00:12,882 - Although its history stretches back millennia, modern Singapore was founded in 1819 by Sir Stamford Raffles as a trading post of the British Empire.
8003:123145866915840::Thread-132 2020-08-09 19:00:13,482 - In 1867, the colonies in East Asia were reorganised and Singapore came under the direct control of Britain as part of the Straits Settlements.
8003:123145866915840::Thread-132 2020-08-09 19:00:13,590 - During the Second World War, Singapore was occupied by Japan in 1942 but returned to British control as a separate crown colony following Japan's surrender in 1945.
8003:123145866915840::Thread-132 2020-08-09 19:00:20,593 - **END**
