8003:123145997320192::Thread-163 2020-08-09 18:59:33,271 - **START**
8003:123145997320192::Thread-163 2020-08-09 18:59:34,096 - Starting new HTTPS connection (1): en.wikipedia.org
8003:123145997320192::Thread-163 2020-08-09 18:59:36,391 - Red is the fourth studio album by American singer-songwriter Taylor Swift.
8003:123145997320192::Thread-163 2020-08-09 18:59:36,955 - It was released on October 22, 2012, by Big Machine Records.
8003:123145997320192::Thread-163 2020-08-09 18:59:37,111 - Inspired by past romantic relationships evoking intense, tumultuous "red" emotions that Swift was experiencing during the conception of the project, Red touches on the themes of romance and heartbreak, but represents a mature perspective, while exploring the pressure of being in the public eye.
8003:123145997320192::Thread-163 2020-08-09 18:59:37,664 - Red is a country, pop and rock record with influences from arena rock, alternative rock, dance, dubstep, electronic, folk and heartland rock; many commentators described it as a pop album, while others deemed it as a country album that sees Swift transitioning from her roots to mainstream pop, which they found to be subsequently complete with its follow-up 1989 (2014).
8003:123145997320192::Thread-163 2020-08-09 18:59:37,945 - Red contains collaborations with Gary Lightbody and Ed Sheeran.
8003:123145997320192::Thread-163 2020-08-09 18:59:38,248 - Preceded by two singles, the album was supported by seven singles in total, four of which peaked in the top 10 of the Billboard Hot 100: the lead single "We Are Never Ever Getting Back Together" topped the chart for three weeks, "Begin Again" and "I Knew You Were Trouble" peaked at numbers seven and two respectively, and the title track at number six.
8003:123145997320192::Thread-163 2020-08-09 18:59:38,462 - Upon release, Red received generally positive reviews from music critics, who praised Swift's songwriting craftsmanship, but were divided on the incorporation of various genres—Swift's emerging versatility was praised but met criticism for being inconsistent.
8003:123145997320192::Thread-163 2020-08-09 18:59:39,241 - Red was included on several year-end and decade-end lists by numerous publications, with Rolling Stone, Chorus.fm and Insider placing it at number one; Red is one of the fifteen most frequent albums on decade-end best-albums lists by publications, according to Metacritic.
8003:123145997320192::Thread-163 2020-08-09 18:59:39,402 - It received nominations for Album of the Year and Best Country Album at the 56th Annual Grammy Awards, and for Album of the Year at the 2013 Country Music Association Awards.
8003:123145997320192::Thread-163 2020-08-09 18:59:39,910 - Red debuted at number-one on the Billboard 200 with first-week sales of 1.2 million copies, giving Swift her third consecutive chart-topper in the US, making her the first female artist to have two million-selling album openings; it went on to spend seven weeks atop the chart.
8003:123145997320192::Thread-163 2020-08-09 18:59:43,916 - **END**
8003:123145997320192::Thread-163 2020-08-09 18:59:50,924 - **START**
8003:123145997320192::Thread-163 2020-08-09 18:59:50,929 - Starting new HTTPS connection (1): en.wikipedia.org
8003:123145997320192::Thread-163 2020-08-09 18:59:53,098 - Ronald Jeremy Hyatt (born March 12, 1953) is an American pornographic actor, filmmaker, actor, and stand-up comedian.Nicknamed "The Hedgehog", Jeremy was ranked by AVN at No.
8003:123145997320192::Thread-163 2020-08-09 18:59:53,649 - 1 in their "50 Top Porn Stars of All Time" list.
8003:123145997320192::Thread-163 2020-08-09 18:59:53,971 - Jeremy has also made a number of non-pornographic media appearances, and director Scott J. Gill filmed a documentary about him and his legacy, Porn Star: The Legend of Ron Jeremy, which was released in 2001.
8003:123145997320192::Thread-163 2020-08-09 18:59:55,082 - More than a dozen women have publicly accused Jeremy of sexual assault.
8003:123145997320192::Thread-163 2020-08-09 18:59:56,384 - Several of the allegations relate to his appearances at fan conventions, alleging that he would grope and insert his fingers into attendees without their consent.
8003:123145997320192::Thread-163 2020-08-09 18:59:58,254 - In June 2020, Jeremy was charged with sexual assault.
8003:123145997320192::Thread-163 2020-08-09 18:59:59,695 - Early life
Ronald Jeremy Hyatt was born in Queens, New York, to a middle-class Jewish family from Russia and Poland.
8003:123145997320192::Thread-163 2020-08-09 19:00:01,001 - His father, Arnold (born 1918) was a physicist, and his mother a book editor who served in the O.S.S.
8003:123145997320192::Thread-163 2020-08-09 19:00:02,241 - during World War II, as she spoke fluent German and French.He graduated from Benjamin N. Cardozo High School.
8003:123145997320192::Thread-163 2020-08-09 19:00:02,752 - Pornographic film career

Jeremy left the teaching profession (he called it his "ace in the hole") to pursue a legitimate acting career on Broadway.
8003:123145997320192::Thread-163 2020-08-09 19:00:04,498 - He has said that he learned then what it was like to be broke, making no money as an actor who "starved Off-Broadway" Jeremy soon found work posing for Playgirl after his then-girlfriend submitted his photo to the magazine.
8003:123145997320192::Thread-163 2020-08-09 19:00:04,499 - **END**
