8003:123146060419072::Thread-178 2020-08-09 18:59:37,296 - **START**
8003:123146060419072::Thread-178 2020-08-09 18:59:37,502 - Starting new HTTPS connection (1): en.wikipedia.org
8003:123146060419072::Thread-178 2020-08-09 18:59:40,435 - Demetria Devonne  Lovato ( lə-VAH-toh; born August 20, 1992) is an American singer, songwriter, actress, and television personality.
8003:123146060419072::Thread-178 2020-08-09 18:59:41,048 - After appearing on the children's television series Barney & Friends (2002–2004), she rose to prominence for her role as Mitchie Torres in the Disney Channel musical television film Camp Rock (2008) and its sequel Camp Rock 2: The Final Jam (2010).
8003:123146060419072::Thread-178 2020-08-09 18:59:41,307 - The former film's soundtrack included "This Is Me", Lovato's duet with Joe Jonas, which peaked in the top ten of the Billboard Hot 100.
8003:123146060419072::Thread-178 2020-08-09 18:59:41,345 - After signing with Hollywood Records, Lovato released her pop rock debut album, Don't Forget (2008), which debuted at number two on the Billboard 200.
8003:123146060419072::Thread-178 2020-08-09 18:59:42,206 - Its follow up, Here We Go Again (2009), debuted at number one in the US, while its title track peaked in the top 15 of the country.
8003:123146060419072::Thread-178 2020-08-09 18:59:42,919 - Lovato's third studio album, Unbroken (2011), experimented with pop and R&B.
8003:123146060419072::Thread-178 2020-08-09 18:59:43,171 - It spawned two singles: "Skyscraper", which peaked in the top ten of the US, and "Give Your Heart a Break".
8003:123146060419072::Thread-178 2020-08-09 18:59:43,410 - Lovato's fourth studio album, Demi (2013), debuted with US sales of 110,000 copies, her highest first-week sales in the country.
8003:123146060419072::Thread-178 2020-08-09 18:59:43,760 - Its lead single, "Heart Attack", peaked in the top ten of the US while also becoming her first top-three single on the UK Singles Chart.
8003:123146060419072::Thread-178 2020-08-09 18:59:44,667 - For her fifth and sixth studio albums, Confident (2015) and Tell Me You Love Me (2017), Lovato infused soul and focused on more mature content as opposed to her previous work.
8003:123146060419072::Thread-178 2020-08-09 18:59:45,339 - The latter became her first album to be certified Platinum by the RIAA, and its lead single, "Sorry Not Sorry", became her highest peaking single in the US, reaching number six, and her first single to be certified 5x Platinum in the US.
8003:123146060419072::Thread-178 2020-08-09 18:59:45,491 - In 2020, Lovato released the singles "Anyone", "I Love Me", and "I'm Ready" with Sam Smith, which reached the top 40 in twenty-two countries, and the first two became Lovato's first number-one singles on Billboard's Digital Songs chart.
8003:123146060419072::Thread-178 2020-08-09 18:59:49,494 - **END**
8003:123146060419072::Thread-178 2020-08-09 19:00:01,498 - **START**
8003:123146060419072::Thread-178 2020-08-09 19:00:01,522 - Starting new HTTPS connection (1): en.wikipedia.org
8003:123146060419072::Thread-178 2020-08-09 19:00:02,999 - Sylvester Enzio Stallone (; born Michael Sylvester Gardenzio Stallone, July 6, 1946) is an American actor, director, screenwriter, producer and artist.After his beginnings as a struggling actor for a number of years upon arriving to New York City in 1969 and later Hollywood in 1974, he won his first critical acclaim as an actor for his co-starring role as Stanley Rosiello in The Lords of Flatbush.Stallone mostly only found gradual work as an extra or side character in films with a sizeable budget until he achieved his greatest critical and commercial success as an actor, starting in 1976 with his self-created role as the boxer Rocky Balboa, in the first film of the successful Rocky series (1976–2018).
8003:123146060419072::Thread-178 2020-08-09 19:00:05,341 - In the films, Rocky is portrayed as an underdog boxer that fights numerous brutal opponents, and wins the world heavyweight championship twice.
8003:123146060419072::Thread-178 2020-08-09 19:00:07,939 - The last two entries in the series are  Creed and Creed II, that serve as spin-off films focusing on Adonis "Donnie" Creed, the son of the ill-fated boxer Apollo Creed, to whom the long retired Rocky is a mentor.
8003:123146060419072::Thread-178 2020-08-09 19:00:09,366 - Reprising the role during the 2010s brought Stallone praise, and his first Golden Globe award for the first Creed, as well as a third Oscar nomination, having been first nominated for the same role 40 years prior.Stallone had similar box-office success portraying the PTSD-plagued soldier John Rambo in the five Rambo films (1982–2019), and as mercenary Barney Ross in the three The Expendables films (2010–2014).
8003:123146060419072::Thread-178 2020-08-09 19:00:11,641 - He wrote or co-wrote most of the films in his three biggest franchises, and directed many of them.
8003:123146060419072::Thread-178 2020-08-09 19:00:12,264 - Stallone's film Rocky was inducted into the National Film Registry, and had its props placed in the Smithsonian Museum.
8003:123146060419072::Thread-178 2020-08-09 19:00:14,274 - His use of the front entrance to the Philadelphia Museum of Art in the Rocky series led the area to be nicknamed the Rocky Steps, and Philadelphia has a statue of his Rocky character placed permanently near the museum.
8003:123146060419072::Thread-178 2020-08-09 19:00:14,471 - It was announced on December 7, 2010 that he was voted into the International Boxing Hall of Fame in the non-participant category.In 1977, Stallone was nominated for two Academy Awards for Rocky, for Best Original Screenplay and Best Actor.
8003:123146060419072::Thread-178 2020-08-09 19:00:14,899 - He became the third man in history to receive these two nominations for the same film, after Charlie Chaplin and Orson Welles.
8003:123146060419072::Thread-178 2020-08-09 19:00:16,914 - Early life
Michael Sylvester Gardenzio Stallone was born in the Hell's Kitchen neighborhood of Manhattan, New York, on July 6, 1946, the elder son of Francesco "Frank" Stallone Sr., a hairdresser and beautician, and Jacqueline "Jackie" Stallone (née Labofish; born 1921), an astrologer, dancer, and promoter of women's wrestling.
8003:123146060419072::Thread-178 2020-08-09 19:00:23,919 - **END**
