8003:123146115104768::Thread-191 2020-08-09 18:59:38,283 - **START**
8003:123146115104768::Thread-191 2020-08-09 18:59:40,900 - Starting new HTTPS connection (1): en.wikipedia.org
8003:123146115104768::Thread-191 2020-08-09 18:59:44,175 - The Rigveda (Sanskrit: ऋग्वेदः ṛgvedaḥ, from ṛc "praise" and veda "knowledge") is an ancient Indian collection of Vedic Sanskrit hymns.
8003:123146115104768::Thread-191 2020-08-09 18:59:44,571 - It is one of the four sacred canonical texts (śruti) of Hinduism known as the Vedas.The Rigveda is the oldest known Vedic Sanskrit text.
8003:123146115104768::Thread-191 2020-08-09 18:59:44,726 - Its early layers are one of the oldest extant texts in any Indo-European language.
8003:123146115104768::Thread-191 2020-08-09 18:59:44,757 - The sounds and texts of Rigveda have been orally transmitted since the 2nd millennium BCE.
8003:123146115104768::Thread-191 2020-08-09 18:59:44,925 - The Philological and linguistic evidence indicates that the bulk of the Rigveda Samhita was composed in the northwestern region (Punjab) of the Indian subcontinent, most likely between c. 1500 and 1200 BC, although a wider approximation of c. 1700–1100 BC has also been given.The text is layered consisting of the Samhita, Brahmanas, Aranyakas and Upanishads.
8003:123146115104768::Thread-191 2020-08-09 18:59:45,914 - The Rigveda Samhita is the core text, and is a collection of 10 books (maṇḍalas) with 1,028 hymns (sūktas) in about 10,600 verses (called ṛc, eponymous of the name Rigveda).
8003:123146115104768::Thread-191 2020-08-09 18:59:46,552 - In the eight books – Books 2 through 9 – that were composed the earliest, the hymns predominantly discuss cosmology and praise deities.
8003:123146115104768::Thread-191 2020-08-09 18:59:47,031 - The younger books (Books 1 and 10) in part also deal with philosophical or speculative questions, virtues such as dāna (charity) in society, questions about the origin of the universe and the nature of god, and other metaphysical issues in their hymns.Some of its verses continue to be recited during Hindu rites of passage celebrations (such as weddings) and prayers, making it probably the world's oldest religious text in continued use.
8003:123146115104768::Thread-191 2020-08-09 18:59:47,046 - Dating & Timeline

According to Jamison and Brereton, in their 2014 translation of the Rigveda, the dating of this text "has been and is likely to remain a matter of contention and reconsideration".
8003:123146115104768::Thread-191 2020-08-09 18:59:56,048 - **END**
8003:123146115104768::Thread-191 2020-08-09 19:00:13,050 - **START**
8003:123146115104768::Thread-191 2020-08-09 19:00:13,054 - Starting new HTTPS connection (1): en.wikipedia.org
8003:123146115104768::Thread-191 2020-08-09 19:00:16,533 - Abraham (originally Abram) is the common patriarch of the Abrahamic religions, including Judaism, Christianity and Islam.
8003:123146115104768::Thread-191 2020-08-09 19:00:19,205 - In Judaism, he is the founding father of the covenant of the pieces, the special relationship between the Hebrews and God; in Christianity, he is the prototype of all believers, Jewish or Gentile; and in Islam he is seen as a link in the chain of prophets that begins with Adam and culminates in Muhammad.The narrative in the Book of Genesis revolves around the themes of posterity and land.
8003:123146115104768::Thread-191 2020-08-09 19:00:21,083 - Abraham is called by God to leave the house of his father Terah and settle in the land originally given to Canaan but which God now promises to Abraham and his progeny.
8003:123146115104768::Thread-191 2020-08-09 19:00:22,034 - Various candidates are put forward who might inherit the land after Abraham; and, while promises are made to Ishmael about founding a great nation, Isaac, Abraham's son by his half-sister Sarah, inherits God's promises to Abraham.
8003:123146115104768::Thread-191 2020-08-09 19:00:22,267 - Abraham purchases a tomb (the Cave of the Patriarchs) at Hebron to be Sarah's grave, thus establishing his right to the land; and, in the second generation, his heir Isaac is married to a woman from his own kin, thus ruling the Canaanites out of any inheritance.
8003:123146115104768::Thread-191 2020-08-09 19:00:24,999 - Abraham later marries Keturah and has six more sons; but, on his death, when he is buried beside Sarah, it is Isaac who receives "all Abraham's goods", while the other sons receive only "gifts" (Genesis 25:5–8).The Abraham story cannot be definitively related to any specific time, and it is widely agreed that the patriarchal age, along with the exodus and the period of the judges, is a late literary construct that does not relate to any period in actual history.
8003:123146115104768::Thread-191 2020-08-09 19:00:25,118 - A common hypothesis among scholars is that it was composed in the early Persian period (late 6th century BCE) as a result of tensions between Jewish landowners who had stayed in Judah during the Babylonian captivity and traced their right to the land through their "father Abraham", and the returning exiles who based their counter-claim on Moses and the Exodus tradition.
8003:123146115104768::Thread-191 2020-08-09 19:00:26,449 - Biblical account


Origins and calling
Terah, the ninth in descent from Noah, was the father of three sons: Abram, Nahor, and Haran.
8003:123146115104768::Thread-191 2020-08-09 19:00:28,324 - The entire family, including grandchildren, lived in Ur of the Chaldees.
8003:123146115104768::Thread-191 2020-08-09 19:00:29,705 - According to a midrash, Abram worked in Terah's idol shop in his youth.
8003:123146115104768::Thread-191 2020-08-09 19:00:34,709 - **END**
