8003:123145913188352::Thread-143 2020-08-09 18:59:28,274 - **START**
8003:123145913188352::Thread-143 2020-08-09 18:59:28,581 - Starting new HTTPS connection (1): en.wikipedia.org
8003:123145913188352::Thread-143 2020-08-09 18:59:31,202 - Ernesto "Che" Guevara (Spanish: [ˈtʃe ɣeˈβaɾa]; 14 June 1928 – 9 October 1967) was an Argentine Marxist revolutionary, physician, author, guerrilla leader, diplomat, and military theorist.
8003:123145913188352::Thread-143 2020-08-09 18:59:32,079 - A major figure of the Cuban Revolution, his stylized visage has become a ubiquitous countercultural symbol of rebellion and global insignia in popular culture.As a young medical student, Guevara traveled throughout South America and was radicalized by the poverty, hunger, and disease he witnessed.
8003:123145913188352::Thread-143 2020-08-09 18:59:32,731 - His burgeoning desire to help overturn what he saw as the capitalist exploitation of Latin America by the United States prompted his involvement in Guatemala's social reforms under President Jacobo Árbenz, whose eventual CIA-assisted overthrow at the behest of the United Fruit Company solidified Guevara's political ideology.
8003:123145913188352::Thread-143 2020-08-09 18:59:33,786 - Later in Mexico City, Guevara met Raúl and Fidel Castro, joined their 26th of July Movement, and sailed to Cuba aboard the yacht Granma with the intention of overthrowing U.S.-backed Cuban dictator Fulgencio Batista.
8003:123145913188352::Thread-143 2020-08-09 18:59:35,749 - Guevara soon rose to prominence among the insurgents, was promoted to second in command and played a pivotal role in the victorious two-year guerrilla campaign that deposed the Batista regime.Following the Cuban Revolution, Guevara performed a number of key roles in the new government.
8003:123145913188352::Thread-143 2020-08-09 18:59:36,348 - These included reviewing the appeals and firing squads for those convicted as war criminals during the revolutionary tribunals, instituting agrarian land reform as minister of industries, helping spearhead a successful nationwide literacy campaign, serving as both national bank president and instructional director for Cuba's armed forces, and traversing the globe as a diplomat on behalf of Cuban socialism.
8003:123145913188352::Thread-143 2020-08-09 18:59:36,852 - Such positions also allowed him to play a central role in training the militia forces who repelled the Bay of Pigs Invasion, and bringing Soviet nuclear-armed ballistic missiles to Cuba, which preceded the 1962 Cuban Missile Crisis.
8003:123145913188352::Thread-143 2020-08-09 18:59:37,006 - Additionally, Guevara was a prolific writer and diarist, composing a seminal guerrilla warfare manual, along with a best-selling memoir about his youthful continental motorcycle journey.
8003:123145913188352::Thread-143 2020-08-09 18:59:37,847 - His experiences and studying of Marxism–Leninism led him to posit that the Third World's underdevelopment and dependence was an intrinsic result of imperialism, neocolonialism and monopoly capitalism, with the only remedy being proletarian internationalism and world revolution.
8003:123145913188352::Thread-143 2020-08-09 18:59:39,313 - Guevara left Cuba in 1965 to foment revolution abroad, first unsuccessfully in Congo-Kinshasa and later in Bolivia, where he was captured by CIA-assisted Bolivian forces and summarily executed.Guevara remains both a revered and reviled historical figure, polarized in the collective imagination in a multitude of biographies, memoirs, essays, documentaries, songs, and films.
8003:123145913188352::Thread-143 2020-08-09 18:59:42,322 - **END**
8003:123145913188352::Thread-143 2020-08-09 18:59:46,323 - **START**
8003:123145913188352::Thread-143 2020-08-09 18:59:46,328 - Starting new HTTPS connection (1): en.wikipedia.org
8003:123145913188352::Thread-143 2020-08-09 18:59:47,984 - Chyna (born Joan Marie Laurer; December 27, 1969 – April 17, 2016) was an American professional wrestler, glamour model, actress, author, bodybuilder and adult film actress.
8003:123145913188352::Thread-143 2020-08-09 18:59:49,583 - She first rose to prominence in the World Wrestling Federation (WWF, now WWE) in 1997, where she was billed as the "Ninth Wonder of the World" (André the Giant was already billed as the eighth).
8003:123145913188352::Thread-143 2020-08-09 18:59:50,574 - A founding member of the stable D-Generation X as the promotion's first female enforcer, she held the WWF Intercontinental Championship (the only female performer to do so) twice and the WWF Women's Championship once.
8003:123145913188352::Thread-143 2020-08-09 18:59:52,021 - She was also the first woman to participate in the Royal Rumble match and King of the Ring tournament, as well as to become number one contender to the WWF Championship.
8003:123145913188352::Thread-143 2020-08-09 18:59:52,683 - With singles victories over several prominent male wrestlers – including multiple-time world champions Triple H, Kurt Angle, Chris Jericho, and Jeff Jarrett – Chyna left what WWE called "a lasting legacy as the most dominant female competitor of all time".
8003:123145913188352::Thread-143 2020-08-09 18:59:52,987 - After leaving the WWF in 2001, Chyna wrestled sporadically, with New Japan Pro Wrestling (NJPW) in 2002 and Total Nonstop Action Wrestling (TNA) in 2011.
8003:123145913188352::Thread-143 2020-08-09 18:59:54,712 - The latter was her final appearance in a wrestling ring.
8003:123145913188352::Thread-143 2020-08-09 18:59:54,917 - Outside of wrestling, Chyna appeared in Playboy magazine twice, as well as numerous television shows and films.
8003:123145913188352::Thread-143 2020-08-09 18:59:55,536 - She was considered to be a sex symbol.
8003:123145913188352::Thread-143 2020-08-09 18:59:55,653 - In 2005, she was a cast member on VH1's The Surreal Life, which led to several other celebrity reality appearances on the network, including The Surreal Life: Fame Games in 2007 and Celebrity Rehab with Dr.
8003:123145913188352::Thread-143 2020-08-09 19:00:02,655 - **END**
