8003:123145744924672::Thread-103 2020-08-09 18:59:29,268 - **START**
8003:123145744924672::Thread-103 2020-08-09 18:59:29,349 - Starting new HTTPS connection (1): en.wikipedia.org
8003:123145744924672::Thread-103 2020-08-09 18:59:32,469 - Karenjit Kaur Vohra (born May 13, 1981), known by her stage name Sunny Leone (), is a model and an actress in the Indian film industry and a former pornographic actress.
8003:123145744924672::Thread-103 2020-08-09 18:59:32,964 - She has Canadian and American citizenship.
8003:123145744924672::Thread-103 2020-08-09 18:59:33,891 - She has also used the stage name Karen Malhotra.
8003:123145744924672::Thread-103 2020-08-09 18:59:34,063 - She was named Penthouse Pet of the Year in 2003, was a contract performer for Vivid Entertainment, and was named by Maxim as one of the 12 top porn stars in 2010.
8003:123145744924672::Thread-103 2020-08-09 18:59:34,284 - She has played roles in independent mainstream events, films, and television series.
8003:123145744924672::Thread-103 2020-08-09 18:59:34,822 - Her first mainstream appearance was in 2005, when she worked as a red carpet reporter for the MTV Video Music Awards on MTV India.
8003:123145744924672::Thread-103 2020-08-09 18:59:35,148 - In 2011, she participated in the Indian reality television series Bigg Boss.
8003:123145744924672::Thread-103 2020-08-09 18:59:35,811 - She also has hosted the Indian reality show Splitsvilla.
8003:123145744924672::Thread-103 2020-08-09 18:59:36,050 - In 2012, she made her Bollywood debut in Pooja Bhatt's erotic thriller Jism 2 (2012) and shifted her focus to mainstream acting which was followed up with Jackpot (2013), Ragini MMS 2 (2014), Ek Paheli Leela (2015), Tera Intezaar (2017), and the Malayalam film Madhura Raja in 2019.
8003:123145744924672::Thread-103 2020-08-09 18:59:36,754 - Apart from her acting career she has been part of activism campaigns including the Rock 'n' Roll Los Angeles Half-Marathon to raise money for the American Cancer Society and has also posed for a People for the Ethical Treatment of Animals (PETA) ad campaign with a rescued dog, encouraging pet owners to have their cats and dogs spayed and neutered.
8003:123145744924672::Thread-103 2020-08-09 18:59:40,763 - **END**
8003:123145744924672::Thread-103 2020-08-09 18:59:44,774 - **START**
8003:123145744924672::Thread-103 2020-08-09 18:59:44,777 - Starting new HTTPS connection (1): en.wikipedia.org
8003:123145744924672::Thread-103 2020-08-09 18:59:47,750 - The White House is the official residence and workplace of the president of the United States.
8003:123145744924672::Thread-103 2020-08-09 18:59:48,841 - It is located at 1600 Pennsylvania Avenue NW in Washington, D.C., and has been the residence of every U.S. president since John Adams in 1800.
8003:123145744924672::Thread-103 2020-08-09 18:59:50,666 - The term "White House" is often used as a metonym for the president and his advisers.
8003:123145744924672::Thread-103 2020-08-09 18:59:51,606 - The residence was designed by Irish-born architect James Hoban in the neoclassical style.
8003:123145744924672::Thread-103 2020-08-09 18:59:52,127 - Hoban modelled the building on Leinster House in Dublin, a building which today houses the Oireachtas, the Irish legislature.
8003:123145744924672::Thread-103 2020-08-09 18:59:53,943 - Construction took place between 1792 and 1800 using Aquia Creek sandstone painted white.
8003:123145744924672::Thread-103 2020-08-09 18:59:54,063 - When Thomas Jefferson moved into the house in 1801, he (with architect Benjamin Henry Latrobe) added low colonnades on each wing that concealed stables and storage.
8003:123145744924672::Thread-103 2020-08-09 18:59:55,451 - In 1814, during the War of 1812, the mansion was set ablaze by the British Army in the Burning of Washington, destroying the interior and charring much of the exterior.
8003:123145744924672::Thread-103 2020-08-09 18:59:55,670 - Reconstruction began almost immediately, and President James Monroe moved into the partially reconstructed Executive Residence in October 1817.
8003:123145744924672::Thread-103 2020-08-09 18:59:57,300 - Exterior construction continued with the addition of the semi-circular South portico in 1824 and the North portico in 1829.
8003:123145744924672::Thread-103 2020-08-09 18:59:58,301 - **END**
8003:123145744924672::Thread-103 2020-08-09 19:00:10,305 - **START**
8003:123145744924672::Thread-103 2020-08-09 19:00:10,309 - Starting new HTTPS connection (1): en.wikipedia.org
8003:123145744924672::Thread-103 2020-08-09 19:00:12,149 - The London Eye, or the Millennium Wheel, is a cantilevered observation wheel on the South Bank of the River Thames in London.
8003:123145744924672::Thread-103 2020-08-09 19:00:12,799 - It is Europe's tallest cantilevered observation wheel, and is the most popular paid tourist attraction in the United Kingdom with over 3 million visitors annually, and has made many appearances in popular culture.
8003:123145744924672::Thread-103 2020-08-09 19:00:13,500 - The structure is 135 metres (443 ft) tall and the wheel has a diameter of 120 metres (394 ft).
8003:123145744924672::Thread-103 2020-08-09 19:00:14,476 - When it opened to the public in 2000 it was the world's tallest Ferris wheel.
8003:123145744924672::Thread-103 2020-08-09 19:00:15,632 - Its height was surpassed by the 160-metre (525 ft) Star of Nanchang in 2006, the 165-metre (541 ft) Singapore Flyer in 2008, and the 167-metre-tall (547.9 ft) High Roller (Las Vegas) in 2014.
8003:123145744924672::Thread-103 2020-08-09 19:00:16,888 - Supported by an A-frame on one side only, unlike the taller Nanchang and Singapore wheels, the Eye is described by its operators as "the world's tallest cantilevered observation wheel".The London Eye used to offer the highest public viewing point in London until it was superseded by the 245-metre-high (804 ft) observation deck on the 72nd floor of The Shard, which opened to the public on 1 February 2013.The London Eye adjoins the western end of Jubilee Gardens (previously the site of the former Dome of Discovery), on the South Bank of the River Thames between Westminster Bridge and Hungerford Bridge beside County Hall, in the London Borough of Lambeth.
8003:123145744924672::Thread-103 2020-08-09 19:00:17,274 - In March 2020 the London Eye celebrated its 20th birthday by turning its pods into experiences in partnership with its sponsor lastminute.com.
8003:123145744924672::Thread-103 2020-08-09 19:00:18,731 - The special experiences included a pub in a capsule, a west end theatre pod and a garden party with flower arrangements to represent the eight London Royal parks.
8003:123145744924672::Thread-103 2020-08-09 19:00:20,200 - History


Design and construction

The London Eye was designed by the husband-and-wife team of Julia Barfield and David Marks of Marks Barfield Architects.Mace was responsible for construction management, with Hollandia as the main steelwork contractor and Tilbury Douglas as the civil contractor.
8003:123145744924672::Thread-103 2020-08-09 19:00:20,477 - Consulting engineers Tony Gee & Partners designed the foundation works while Beckett Rankine designed the marine works.Nathaniel Lichfield and Partners assisted The Tussauds Group in obtaining planning and listed building consent to alter the wall on the South Bank of the Thames.
8003:123145744924672::Thread-103 2020-08-09 19:00:20,477 - **END**
