8003:123146064625664::Thread-179 2020-08-09 18:59:37,296 - **START**
8003:123146064625664::Thread-179 2020-08-09 18:59:37,496 - Starting new HTTPS connection (1): en.wikipedia.org
8003:123146064625664::Thread-179 2020-08-09 18:59:43,105 - The Führerbunker (German pronunciation: [ˈfyːʁɐˌbʊŋkɐ]) was an air raid shelter located near the Reich Chancellery in Berlin, Germany.
8003:123146064625664::Thread-179 2020-08-09 18:59:43,251 - It was part of a subterranean bunker complex constructed in two phases in 1936 and 1944.
8003:123146064625664::Thread-179 2020-08-09 18:59:43,794 - It was the last of the Führer Headquarters (Führerhauptquartiere) used by Adolf Hitler during World War II.
8003:123146064625664::Thread-179 2020-08-09 18:59:43,866 - Hitler took up residence in the Führerbunker on 16 January 1945, and it became the centre of the Nazi regime until the last week of World War II in Europe.
8003:123146064625664::Thread-179 2020-08-09 18:59:44,283 - Hitler married Eva Braun there on 29 April 1945, less than 40 hours before they committed suicide.
8003:123146064625664::Thread-179 2020-08-09 18:59:44,469 - After the war, both the old and new Chancellery buildings were levelled by the Soviets.
8003:123146064625664::Thread-179 2020-08-09 18:59:46,590 - The underground complex remained largely undisturbed until 1988–89, despite some attempts at demolition.
8003:123146064625664::Thread-179 2020-08-09 18:59:48,041 - The excavated sections of the old bunker complex were mostly destroyed during reconstruction of that area of Berlin.
8003:123146064625664::Thread-179 2020-08-09 18:59:50,941 - The site remained unmarked until 2006, when a small plaque was installed with a schematic diagram.
8003:123146064625664::Thread-179 2020-08-09 18:59:52,048 - Some corridors of the bunker still exist but are sealed off from the public.
8003:123146064625664::Thread-179 2020-08-09 18:59:52,262 - Construction
The Reich Chancellery bunker was initially constructed as a temporary air-raid shelter for Hitler, who actually spent very little time in the capital during most of the war.
8003:123146064625664::Thread-179 2020-08-09 18:59:56,263 - **END**
8003:123146064625664::Thread-179 2020-08-09 19:00:02,265 - **START**
8003:123146064625664::Thread-179 2020-08-09 19:00:02,643 - Starting new HTTPS connection (1): en.wikipedia.org
8003:123146064625664::Thread-179 2020-08-09 19:00:04,236 - Marco Polo ( (listen), Venetian: [ˈmaɾko ˈpolo], Italian: [ˈmarko ˈpɔːlo]; 1254 – January 8–9, 1324) was  a Venetian merchant, explorer, and writer who travelled through Asia along the Silk Road between 1271 and 1295.
8003:123146064625664::Thread-179 2020-08-09 19:00:04,406 - His travels are recorded in The Travels of Marco Polo (also known as Book of the Marvels of the World  and Il Milione, c. 1300), a book that described to Europeans the then mysterious culture and inner workings of the Eastern world, including the wealth and great size of the Mongol Empire and China in the Yuan Dynasty, giving their first comprehensive look into China, Persia, India, Japan and other Asian cities and countries.Born in Venice, Marco learned the mercantile trade from his father and his uncle, Niccolò and Maffeo, who travelled through Asia and met Kublai Khan.
8003:123146064625664::Thread-179 2020-08-09 19:00:05,001 - In 1269, they returned to Venice to meet Marco for the first time.
8003:123146064625664::Thread-179 2020-08-09 19:00:05,641 - The three of them embarked on an epic journey to Asia, exploring many places along the Silk Road until they reached Cathay (China).
8003:123146064625664::Thread-179 2020-08-09 19:00:06,308 - They were received by the royal court of Kublai Khan, who was impressed by Marco's intelligence and humility.
8003:123146064625664::Thread-179 2020-08-09 19:00:07,111 - Marco was appointed to serve as Khan's foreign emissary, and he was sent on many diplomatic missions throughout the empire and Southeast Asia, such as in present-day Burma, India, Indonesia, Sri Lanka and Vietnam.
8003:123146064625664::Thread-179 2020-08-09 19:00:08,075 - As part of this appointment, Marco also traveled extensively inside China, living in the emperor's lands for 17 years and seeing many things that had previously been unknown to Europeans.
8003:123146064625664::Thread-179 2020-08-09 19:00:08,232 - Around 1291, the Polos also offered to accompany the Mongol princess Kököchin to Persia; they arrived around 1293.
8003:123146064625664::Thread-179 2020-08-09 19:00:08,636 - After leaving the princess, they travelled overland to Constantinople and then to Venice, returning home after 24 years.
8003:123146064625664::Thread-179 2020-08-09 19:00:15,643 - **END**
