8003:123146119311360::Thread-192 2020-08-09 18:59:39,308 - **START**
8003:123146119311360::Thread-192 2020-08-09 18:59:40,844 - Starting new HTTPS connection (1): en.wikipedia.org
8003:123146119311360::Thread-192 2020-08-09 18:59:43,833 - DC, D.C., Dc, or dc may refer to:


Arts and entertainment


Music
Da capo, a musical term
DC Recordings, owned by Jonathan Saul Kane
Destiny's Child, an American R&B group
Drum Connection, a German pop group
DC Talk, a Christian rap and rock trio.
8003:123146119311360::Thread-192 2020-08-09 18:59:45,441 - Video games
Da Capo (visual novel)
Desert Combat, a Battlefield 1942 mod
Digital Chaos, a professional Dota 2 eSports team
Dino Crisis, a survival horror game series
Dreamcast, a video game console


Other media
D.C. (TV series)
DC (Detective Comics)  Comics, an American comic book publisher
DC Inside, a South Korean internet forum


Businesses and products
DC Recordings
DC Shoes, an American sports footwear company
Deloitte Consulting, a US management consulting firm
Dick Clark Productions
Diet Coke, a soft drink
Disney Channel
Doritos chips
Douglas Commercial, a series of aircraft by the Douglas Aircraft Company (and later McDonnell Douglas)
Delta Clipper, a proposed rocketship series by McDonnell Douglas
Dyson vacuum cleaners, which use product code prefix DC
Golden Air, an airline (IATA code DC)
Drawception, an online game where a person comes up with something to draw, someone else draws it, someone else interprets that drawing, then someone tries to draw that interpretation, and so on


Government, law, and military
Christian Democracy (Italy), a political party
Christian Democracy (Brazil), a political party
Detective constable, a rank in the British and several other police forces
Development control in the United Kingdom, a land regulation process
District collector, an Indian Administrative Service officer in charge of revenue collection and administration of a district
District Commissioner, a rank in the British former Colonial Service
District Court
The District of Columbia, federal capital of the United States
Dossier criminal, in Indian policing


People
DC author abbreviation of Swiss botanist Augustin Pyramus de Candolle (1778–1841)
Dalton Castle (wrestler) (born 1986)
Daniel Cormier (born 1979) Olympic wrestler and heavyweight mixed martial artist
David Coulthard (born 1971) British racing driver, known as DC
DC Drake (born 1957), American addictions counselor, and retired professional wrestler
D. C. Fontana (Dorothy Catherine Fontana) (1939–2019), American screenwriter known primarily for work on Star Trek
Donald L. Cox (1936–2011), American leader of the Black Panther Party, known as Field Marshal DC


Places
Washington, D.C., the capital, and the federal territory of the United States of America
Bogotá, Distrito Capital, the capital city of Colombia.
8003:123146119311360::Thread-192 2020-08-09 18:59:53,443 - **END**
8003:123146119311360::Thread-192 2020-08-09 19:00:10,449 - **START**
8003:123146119311360::Thread-192 2020-08-09 19:00:10,452 - Starting new HTTPS connection (1): en.wikipedia.org
8003:123146119311360::Thread-192 2020-08-09 19:00:12,403 - Lexi Belle is an American pornographic actress.
8003:123146119311360::Thread-192 2020-08-09 19:00:13,329 - Career
In 2011, Belle was named by CNBC as one of the 12 most popular stars in porn.
8003:123146119311360::Thread-192 2020-08-09 19:00:16,059 - CNBC noted her multiple awards and nominations from AVN and XBIZ as well as the popularity of her website, one of the largest in the porn industry.
8003:123146119311360::Thread-192 2020-08-09 19:00:16,627 - She was the Penthouse Pet of the Month for May 2013 and the Pet of the Year for 2014.In 2015, Belle made her mainstream acting debut as Hera in the action thriller Samurai Cop 2: Deadly Vengeance, along with fellow porn actress Kayden Kross and Tommy Wiseau.
8003:123146119311360::Thread-192 2020-08-09 19:00:18,111 - Personal life
Belle is an animal welfare advocate.
8003:123146119311360::Thread-192 2020-08-09 19:00:19,112 - **END**
