8003:123146295988224::Thread-234 2020-08-09 18:59:30,491 - **START**
8003:123146295988224::Thread-234 2020-08-09 18:59:31,141 - Starting new HTTPS connection (1): en.wikipedia.org
8003:123146295988224::Thread-234 2020-08-09 18:59:33,780 - Jacqueline Marie Evancho ( ee-VANG-koh; born April 9, 2000) is an American classical crossover singer who gained wide recognition at an early age.
8003:123146295988224::Thread-234 2020-08-09 18:59:33,821 - Since 2009, she has issued a platinum-selling EP and eight albums, including three Billboard 200 top 10 debuts.
8003:123146295988224::Thread-234 2020-08-09 18:59:34,493 - She has also been the subject of three solo PBS concert specials.
8003:123146295988224::Thread-234 2020-08-09 18:59:34,647 - Between 2008 and 2010, Evancho entered talent competitions, sang the US national anthem at a Pittsburgh Pirates baseball game, issued her first album, Prelude to a Dream, and attracted interest on YouTube.
8003:123146295988224::Thread-234 2020-08-09 18:59:35,237 - In 2010, at the age of ten, she gained wide notice with her 2nd-place finish in the fifth season of America's Got Talent.
8003:123146295988224::Thread-234 2020-08-09 18:59:35,749 - With the 2010 holiday release of her O Holy Night EP, Evancho became the best-selling debut artist of 2010, the youngest top-10 debut artist in US history and the youngest solo artist ever to go platinum in the US.
8003:123146295988224::Thread-234 2020-08-09 18:59:36,723 - In 2011, her first full-length album, Dream with Me debuted at No.
8003:123146295988224::Thread-234 2020-08-09 18:59:37,114 - 2 on the Billboard 200 chart, and she became the youngest top-5 debut artist in UK history.
8003:123146295988224::Thread-234 2020-08-09 18:59:38,102 - Billboard ranked Evancho the top Classical Albums Artist for 2011.
8003:123146295988224::Thread-234 2020-08-09 18:59:38,204 - Later that year, Evancho released a full-length holiday album, Heavenly Christmas, and became the youngest person ever to give a solo concert at Lincoln Center in New York City as part of her first concert tour.
8003:123146295988224::Thread-234 2020-08-09 18:59:38,830 - In 2012, Evancho released Songs from the Silver Screen, her third top-10 album debut.
8003:123146295988224::Thread-234 2020-08-09 18:59:47,835 - **END**
8003:123146295988224::Thread-234 2020-08-09 18:59:51,844 - **START**
8003:123146295988224::Thread-234 2020-08-09 18:59:51,864 - Starting new HTTPS connection (1): en.wikipedia.org
8003:123146295988224::Thread-234 2020-08-09 18:59:53,417 - The Temple of Artemis or Artemision (Greek: Ἀρτεμίσιον; Turkish: Artemis Tapınağı), also known less precisely as the Temple of Diana, was a Greek temple dedicated to an ancient, local form of the goddess Artemis (associated with Diana, a Roman goddess).
8003:123146295988224::Thread-234 2020-08-09 18:59:55,370 - It was located in Ephesus (near the modern town of Selçuk in present-day Turkey).
8003:123146295988224::Thread-234 2020-08-09 18:59:56,098 - It was completely rebuilt twice, once after a devastating flood and three hundred years later after an act of arson, and in its final form was one of the Seven Wonders of the Ancient World.
8003:123146295988224::Thread-234 2020-08-09 18:59:58,960 - By 401 AD it had been ruined or destroyed.
8003:123146295988224::Thread-234 2020-08-09 18:59:59,724 - Only foundations and fragments of the last temple remain at the site.
8003:123146295988224::Thread-234 2020-08-09 19:00:00,674 - The earliest version of the temple (a temenos) antedated the Ionic immigration by many years, and dates to the Bronze Age.
8003:123146295988224::Thread-234 2020-08-09 19:00:01,813 - Callimachus, in his Hymn to Artemis, attributed it to the Amazons.
8003:123146295988224::Thread-234 2020-08-09 19:00:04,756 - In the 7th century BC, it was destroyed by a flood.
8003:123146295988224::Thread-234 2020-08-09 19:00:07,393 - Its reconstruction, in more grandiose form, began around 550 BC, under Chersiphron, the Cretan architect, and his son Metagenes.
8003:123146295988224::Thread-234 2020-08-09 19:00:07,695 - The project was funded by Croesus of Lydia, and took 10 years to complete.
8003:123146295988224::Thread-234 2020-08-09 19:00:08,698 - **END**
