8003:123146224476160::Thread-217 2020-08-09 18:59:31,314 - **START**
8003:123146224476160::Thread-217 2020-08-09 18:59:32,490 - Starting new HTTPS connection (1): en.wikipedia.org
8003:123146224476160::Thread-217 2020-08-09 18:59:35,199 - Elvis Aaron Presley (January 8, 1935 – August 16, 1977), also known simply as Elvis, was an American singer and actor.
8003:123146224476160::Thread-217 2020-08-09 18:59:36,123 - He is regarded as one of the most significant cultural icons of the 20th century and is often referred to as the "King of Rock and Roll" or simply "the King".
8003:123146224476160::Thread-217 2020-08-09 18:59:36,609 - His energized interpretations of songs and sexually provocative performance style, combined with a singularly potent mix of influences across color lines during a transformative era in race relations, led him to great success—and initial controversy.
8003:123146224476160::Thread-217 2020-08-09 18:59:37,680 - Presley was born in Tupelo, Mississippi, and relocated to Memphis, Tennessee, with his family when he was 13 years old.
8003:123146224476160::Thread-217 2020-08-09 18:59:38,555 - His music career began there in 1954, recording at Sun Records with producer Sam Phillips, who wanted to bring the sound of African-American music to a wider audience.
8003:123146224476160::Thread-217 2020-08-09 18:59:39,357 - Presley, on rhythm acoustic guitar, and accompanied by lead guitarist Scotty Moore and bassist Bill Black, was a pioneer of rockabilly, an uptempo, backbeat-driven fusion of country music and rhythm and blues.
8003:123146224476160::Thread-217 2020-08-09 18:59:40,047 - In 1955, drummer D. J. Fontana joined to complete the lineup of Presley's classic quartet and RCA Victor acquired his contract in a deal arranged by Colonel Tom Parker, who would manage him for more than two decades.
8003:123146224476160::Thread-217 2020-08-09 18:59:40,777 - Presley's first RCA single, "Heartbreak Hotel", was released in January 1956 and became a number-one hit in the United States.
8003:123146224476160::Thread-217 2020-08-09 18:59:40,816 - With a series of successful network television appearances and chart-topping records, he became the leading figure of the newly popular sound of rock and roll.
8003:123146224476160::Thread-217 2020-08-09 18:59:40,977 - In November 1956, Presley made his film debut in Love Me Tender.
8003:123146224476160::Thread-217 2020-08-09 18:59:46,981 - **END**
8003:123146224476160::Thread-217 2020-08-09 18:59:48,986 - **START**
8003:123146224476160::Thread-217 2020-08-09 18:59:48,991 - Starting new HTTPS connection (1): en.wikipedia.org
8003:123146224476160::Thread-217 2020-08-09 18:59:49,509 - The Bible (from Koine Greek τὰ βιβλία, tà biblía, "the books") is a collection of religious texts or scriptures sacred to Christians, Jews, Samaritans, Rastafari and others.
8003:123146224476160::Thread-217 2020-08-09 18:59:49,856 - They generally consider the Bible to be a product of divine inspiration and a record of the relationship between God and humans.
8003:123146224476160::Thread-217 2020-08-09 18:59:49,950 - The Bible appears in the form of an anthology, a compilation of texts of a variety of forms that are all linked by the belief that they collectively contain the word of God.
8003:123146224476160::Thread-217 2020-08-09 18:59:50,373 - These texts include theologically-focused historical accounts, hymns, parables, didactic letters, erotica, sermons, poetry, and prophecies.
8003:123146224476160::Thread-217 2020-08-09 18:59:51,073 - Those books included in the Bible by a tradition or group are called canonical, indicating that the tradition/group views the collection as the true representation of God's word and will.
8003:123146224476160::Thread-217 2020-08-09 18:59:51,624 - A number of Biblical canons have evolved, with overlapping and diverging contents from denomination to denomination.
8003:123146224476160::Thread-217 2020-08-09 18:59:52,279 - The Hebrew Bible overlaps with the Greek Septuagint and the Christian Old Testament.
8003:123146224476160::Thread-217 2020-08-09 18:59:52,735 - The Christian New Testament is a collection of writings by early Christians, believed to be mostly Jewish disciples of Christ, written in first-century Koine Greek.
8003:123146224476160::Thread-217 2020-08-09 18:59:52,835 - Among Christian denominations there is some disagreement about what should be included in the canon, primarily about the biblical apocrypha, a list of works that are regarded with varying levels of respect.
8003:123146224476160::Thread-217 2020-08-09 18:59:53,185 - Attitudes towards the Bible also differ among Christian groups.
8003:123146224476160::Thread-217 2020-08-09 19:00:01,196 - **END**
