8003:123146014146560::Thread-167 2020-08-09 18:59:40,274 - **START**
8003:123146014146560::Thread-167 2020-08-09 18:59:40,893 - Starting new HTTPS connection (1): en.wikipedia.org
8003:123146014146560::Thread-167 2020-08-09 18:59:43,099 - Sir Winston Leonard Spencer Churchill  (30 November 1874 – 24 January 1965) was a British statesman, army officer, and writer.
8003:123146014146560::Thread-167 2020-08-09 18:59:43,485 - He was Prime Minister of the United Kingdom from 1940 to 1945, when he led the country to victory in the Second World War, and again from 1951 to 1955.
8003:123146014146560::Thread-167 2020-08-09 18:59:43,917 - Apart from two years between 1922 and 1924, Churchill was a Member of Parliament (MP) from 1900 to 1964 and represented a total of five constituencies.
8003:123146014146560::Thread-167 2020-08-09 18:59:44,269 - Ideologically an economic liberal and imperialist, he was for most of his career a member of the Conservative Party, as leader from 1940 to 1955.
8003:123146014146560::Thread-167 2020-08-09 18:59:44,510 - He was a member of the Liberal Party from 1904 to 1924.
8003:123146014146560::Thread-167 2020-08-09 18:59:44,515 - Of mixed English and American parentage, Churchill was born in Oxfordshire to a wealthy, aristocratic family.
8003:123146014146560::Thread-167 2020-08-09 18:59:45,490 - He joined the British Army in 1895 and saw action in British India, the Anglo-Sudan War, and the Second Boer War, gaining fame as a war correspondent and writing books about his campaigns.
8003:123146014146560::Thread-167 2020-08-09 18:59:45,648 - Elected a Conservative MP in 1900, he defected to the Liberals in 1904.
8003:123146014146560::Thread-167 2020-08-09 18:59:46,283 - In H. H. Asquith's Liberal government, Churchill served as President of the Board of Trade and Home Secretary, championing prison reform and workers' social security.
8003:123146014146560::Thread-167 2020-08-09 18:59:47,207 - As First Lord of the Admiralty during the First World War, he oversaw the Gallipoli Campaign but, after it proved a disaster, he was demoted to Chancellor of the Duchy of Lancaster.
8003:123146014146560::Thread-167 2020-08-09 18:59:54,211 - **END**
8003:123146014146560::Thread-167 2020-08-09 19:00:00,213 - **START**
8003:123146014146560::Thread-167 2020-08-09 19:00:00,273 - Starting new HTTPS connection (1): en.wikipedia.org
8003:123146014146560::Thread-167 2020-08-09 19:00:02,754 - Cloud Gate is a public sculpture by Indian-born British artist Sir Anish Kapoor, that is the centerpiece of AT&T Plaza at Millennium Park in the Loop community area of Chicago, Illinois.
8003:123146014146560::Thread-167 2020-08-09 19:00:03,676 - The sculpture and AT&T Plaza are located on top of Park Grill, between the Chase Promenade and McCormick Tribune Plaza & Ice Rink.
8003:123146014146560::Thread-167 2020-08-09 19:00:06,262 - Constructed between 2004 and 2006, the sculpture is nicknamed The Bean because of its shape, a name Kapoor initially disliked, but later grew fond of.
8003:123146014146560::Thread-167 2020-08-09 19:00:08,213 - Made up of 168 stainless steel plates welded together, its highly polished exterior has no visible seams.
8003:123146014146560::Thread-167 2020-08-09 19:00:08,506 - It measures 33 by 66 by 42 feet (10 by 20 by 13 m), and weighs 110 short tons (100 t; 98 long tons).
8003:123146014146560::Thread-167 2020-08-09 19:00:11,416 - Kapoor's design was inspired by liquid mercury and the sculpture's surface reflects and distorts the city's skyline.
8003:123146014146560::Thread-167 2020-08-09 19:00:12,824 - Visitors are able to walk around and under Cloud Gate's 12-foot (3.7 m) high arch.
8003:123146014146560::Thread-167 2020-08-09 19:00:13,965 - On the underside is the "omphalos" (Greek for "navel"), a concave chamber that warps and multiplies reflections.
8003:123146014146560::Thread-167 2020-08-09 19:00:14,469 - The sculpture builds upon many of Kapoor's artistic themes, and it is popular with tourists as a photo-taking opportunity for its unique reflective properties.
8003:123146014146560::Thread-167 2020-08-09 19:00:16,523 - The sculpture was the result of a design competition.
8003:123146014146560::Thread-167 2020-08-09 19:00:16,530 - **END**
