8003:123145824849920::Thread-122 2020-08-09 18:59:30,269 - **START**
8003:123145824849920::Thread-122 2020-08-09 18:59:31,140 - Starting new HTTPS connection (1): en.wikipedia.org
8003:123145824849920::Thread-122 2020-08-09 18:59:33,412 - Antilia is a private home in the Mumbai City district (South Mumbai) of Mumbai, India.
8003:123145824849920::Thread-122 2020-08-09 18:59:35,138 - It is the residence of Indian billionaire Mukesh Ambani and his family, who moved into it in 2012; at 27-storeys, 173 metres (567.585 feet) tall, over 400,000 square feet (37,161 square meters), and with amenities such as three helipads, a 168-car garage, a ballroom, 80-seat theater, terrace gardens, spa, and a temple, the skyscraper-mansion is one of world's largest and most elaborate private homes.As of May 2020, it is valued at $2.2 billion, deemed to be the world's second most valuable residential property, after British crown property Buckingham Palace, and the world's most valuable private residence.
8003:123145824849920::Thread-122 2020-08-09 18:59:35,944 - Its controversial design and ostentatious use by a single family has made it infamous in India and beyond, including severe criticism in the architectural press and mockery in popular media.It is located on Altamount Road, Cumballa Hill in Mumbai.
8003:123145824849920::Thread-122 2020-08-09 18:59:37,374 - Naming
The building is named after the mythical island Antillia.
8003:123145824849920::Thread-122 2020-08-09 18:59:38,200 - Construction

Antilia started building in 2006 and was built in consultation with US architecture firms Perkins and Will & Hirsch Bedner Associates, with the Australian-based construction company Leighton Contractors initially taking charge of its construction.
8003:123145824849920::Thread-122 2020-08-09 18:59:38,362 - The construction was completed by B.E.Billimoria & Company Ltd.
8003:123145824849920::Thread-122 2020-08-09 18:59:39,639 - The home has 27 floors with extra-high ceilings.
8003:123145824849920::Thread-122 2020-08-09 18:59:41,207 - (Other buildings of equivalent height may have as many as 60 floors.)
8003:123145824849920::Thread-122 2020-08-09 18:59:42,216 - The home was also designed to survive an earthquake rated 8 on the Richter scale.
8003:123145824849920::Thread-122 2020-08-09 18:59:42,490 - It is considered by some to be the tallest single-family house in the world, but others disqualify the Antilia because it includes space for a staff of 600.
8003:123145824849920::Thread-122 2020-08-09 18:59:43,148 - Controversies
The 4,532-square-metre (1.120-acre) land on which Antilla was built housed an orphanage called Currimbhoy Ebrahim Khoja Yateemkhana with 60 orphans, and belonged to a charity run by the Wakf board.
8003:123145824849920::Thread-122 2020-08-09 18:59:49,150 - **END**
8003:123145824849920::Thread-122 2020-08-09 19:00:05,152 - **START**
8003:123145824849920::Thread-122 2020-08-09 19:00:05,158 - Starting new HTTPS connection (1): en.wikipedia.org
8003:123145824849920::Thread-122 2020-08-09 19:00:06,063 - Dwayne Michael Carter Jr. (born September 27, 1982), better known by his stage name Lil Wayne, is an American rapper, singer, songwriter, record executive, entrepreneur, and actor.
8003:123145824849920::Thread-122 2020-08-09 19:00:06,086 - He is regarded by many contemporaries as one of the most influential hip hop artists of his generation, and often cited as one of the greatest rappers of all time.
8003:123145824849920::Thread-122 2020-08-09 19:00:06,783 - His career began in 1995, at the age of 12, when he was signed by rapper Birdman, joining Cash Money Records as the youngest member of the label.
8003:123145824849920::Thread-122 2020-08-09 19:00:07,412 - He was put in a duo with label-mate B.G., at  that time known as Lil Doogie, and they recorded an album, True Story, released that year, although Wayne (who was at that time known as Baby D) only appeared on three tracks.
8003:123145824849920::Thread-122 2020-08-09 19:00:07,847 - His mother and stepfather later disallowed him from continuing to record with Cash Money as his grades in school were falling and they worried that Birdman and his associates were bad influences, but he eventually persuaded them to let him return and he was again doing so by 1997; by this time he was recording as Lil Wayne.
8003:123145824849920::Thread-122 2020-08-09 19:00:08,739 - He joined the southern hip hop group Hot Boys, with Cash Money label-mates Juvenile and Turk,  as well as Lil Doogie, who had also by this time changed his stage name, to B.G., in 1997; they released their debut album Get It How U Live!
8003:123145824849920::Thread-122 2020-08-09 19:00:09,060 - in October that year.
8003:123145824849920::Thread-122 2020-08-09 19:00:09,419 - Wayne first gained wide attention for appearing with Juvenile on the latter's 1998 song "Back That Azz Up", also known by the censored version title "Back That Thang Up", where he appeared on the song's outro.
8003:123145824849920::Thread-122 2020-08-09 19:00:09,816 - The Hot Boys became popular following the release of the album Guerrilla Warfare (1999) and the song "Bling Bling".
8003:123145824849920::Thread-122 2020-08-09 19:00:12,818 - **END**
