8003:123145879535616::Thread-135 2020-08-09 18:59:36,268 - **START**
8003:123145879535616::Thread-135 2020-08-09 18:59:36,593 - Starting new HTTPS connection (1): en.wikipedia.org
8003:123145879535616::Thread-135 2020-08-09 18:59:40,510 - Human penises vary in size on a number of measures, including length and circumference when flaccid and erect.
8003:123145879535616::Thread-135 2020-08-09 18:59:42,088 - Besides the natural variability of human penises in general, there are factors that lead to minor variations in a particular male, such as the level of arousal, time of day, room temperature, and frequency of sexual activity.
8003:123145879535616::Thread-135 2020-08-09 18:59:43,759 - Compared to other primates, including large examples such as the gorilla, the human penis is thickest, both in absolute terms and relative to the rest of the body.
8003:123145879535616::Thread-135 2020-08-09 18:59:44,808 - Measurements vary, with studies that rely on self-measurement reporting a significantly higher average than those with a health professional measuring.
8003:123145879535616::Thread-135 2020-08-09 18:59:45,478 - As of 2015, a systematic review of 15,521 men, and the best research to date on the topic, as the subjects were measured by health professionals, rather than self-measured, has concluded that the average length of an erect human penis is 13.12 cm (5.17 inches) long, while the average circumference of an erect human penis is 11.66 cm (4.59 inches).
8003:123145879535616::Thread-135 2020-08-09 18:59:46,558 - Flaccid penis length can sometimes be a poor predictor of erect length.
8003:123145879535616::Thread-135 2020-08-09 18:59:47,952 - Most human penis growth occurs between infancy and the age of five, and between about one year after the onset of puberty and, at latest, approximately 17 years of age.A statistically significant correlation between penis size and the size of other body parts has not been found in research.
8003:123145879535616::Thread-135 2020-08-09 18:59:48,206 - Some environmental factors in addition to genetics, such as the presence of endocrine disruptors, can affect penis growth.
8003:123145879535616::Thread-135 2020-08-09 18:59:49,947 - An adult penis with an erect length of less than 7 cm (2.8 in), but otherwise formed normally, is referred to in medicine as a micropenis.
8003:123145879535616::Thread-135 2020-08-09 18:59:49,982 - Studies

While results vary slightly across reputable studies, the consensus is that the mean human penis, when erect, is in the range 12.9–15 cm (5.1–5.9 in) in length.A 2015 systematic review published by Veale et al.
8003:123145879535616::Thread-135 2020-08-09 18:59:54,987 - **END**
8003:123145879535616::Thread-135 2020-08-09 19:00:00,991 - **START**
8003:123145879535616::Thread-135 2020-08-09 19:00:01,011 - Starting new HTTPS connection (1): en.wikipedia.org
8003:123145879535616::Thread-135 2020-08-09 19:00:02,459 - Germany (German: Deutschland, German pronunciation: [ˈdɔʏtʃlant]), officially the Federal Republic of Germany (German: Bundesrepublik Deutschland, listen), is a country in Central and Western Europe.
8003:123145879535616::Thread-135 2020-08-09 19:00:02,987 - Covering an area of 357,022 square kilometres (137,847 sq mi), it lies between the Baltic and North seas to the north, and the Alps to the south.
8003:123145879535616::Thread-135 2020-08-09 19:00:04,905 - It borders Denmark to the north, Poland and the Czech Republic to the east, Austria and Switzerland to the south, and France, Luxembourg, Belgium, and the Netherlands to the west.
8003:123145879535616::Thread-135 2020-08-09 19:00:06,138 - Various Germanic tribes have inhabited the northern parts of modern Germany since classical antiquity.
8003:123145879535616::Thread-135 2020-08-09 19:00:08,123 - A region named Germania was documented before AD 100.
8003:123145879535616::Thread-135 2020-08-09 19:00:08,992 - Beginning in the 10th century, German territories formed a central part of the Holy Roman Empire.
8003:123145879535616::Thread-135 2020-08-09 19:00:09,125 - During the 16th century, northern German regions became the centre of the Protestant Reformation.
8003:123145879535616::Thread-135 2020-08-09 19:00:10,736 - Following the Napoleonic Wars and the dissolution of the Holy Roman Empire in 1806, the German Confederation was formed in 1815.
8003:123145879535616::Thread-135 2020-08-09 19:00:10,999 - In 1871, Germany became a nation state when most of the German states unified into the Prussian-dominated German Empire.
8003:123145879535616::Thread-135 2020-08-09 19:00:12,191 - After World War I and the German Revolution of 1918–1919, the Empire was replaced by the semi-presidential Weimar Republic.
8003:123145879535616::Thread-135 2020-08-09 19:00:19,194 - **END**
