8003:123145938427904::Thread-149 2020-08-09 18:59:30,272 - **START**
8003:123145938427904::Thread-149 2020-08-09 18:59:31,138 - Starting new HTTPS connection (1): en.wikipedia.org
8003:123145938427904::Thread-149 2020-08-09 18:59:34,414 - Janine Marie Lindemulder (born November 14, 1968), also known as Janine Marie James, is an American exotic dancer and adult film actress, best known for her work in American pornographic films (typically credited as just Janine) during the mid-1990s and since a 2004 comeback.
8003:123145938427904::Thread-149 2020-08-09 18:59:36,049 - Lindemulder has appeared in several music videos for bands including Blink-182 as well as appearing on the cover of their 1999 album Enema of the State.
8003:123145938427904::Thread-149 2020-08-09 18:59:37,293 - Early career
Janine Lindemulder modeled for Penthouse magazine, making her first appearance in the December 1987 issue, as the Pet of the Month.
8003:123145938427904::Thread-149 2020-08-09 18:59:38,554 - She appeared several more times in Penthouse over the next ten years, and was chosen as Pet of the Year Runner-Up for 1990.Lindemulder's first cinematic role came in the 1988 Italian film Bersaglio sull'autostrada, known as Moving Target in English-speaking countries.
8003:123145938427904::Thread-149 2020-08-09 18:59:40,329 - She was credited as Janine Linde.
8003:123145938427904::Thread-149 2020-08-09 18:59:41,496 - She went on to act in other lower-tier mainstream films, including Spring Break USA and Caged Fury.
8003:123145938427904::Thread-149 2020-08-09 18:59:42,933 - Adult film career
Lindemulder made her adult film debut in the 1992 feature Andrew Blake's Hidden Obsessions.
8003:123145938427904::Thread-149 2020-08-09 18:59:44,898 - She was featured in two more adult movies before joining Vivid Video as an exclusive "contract girl" (who are collectively referred to as the Vivid Girls).
8003:123145938427904::Thread-149 2020-08-09 18:59:45,139 - Her first Vivid release was titled Parlor Games.
8003:123145938427904::Thread-149 2020-08-09 18:59:45,392 - Lindemulder subsequently appeared featured in over fifty other Vivid titles.
8003:123145938427904::Thread-149 2020-08-09 18:59:47,400 - **END**
8003:123145938427904::Thread-149 2020-08-09 18:59:55,403 - **START**
8003:123145938427904::Thread-149 2020-08-09 18:59:55,412 - Starting new HTTPS connection (1): en.wikipedia.org
8003:123145938427904::Thread-149 2020-08-09 18:59:56,391 - World War I (often abbreviated as WWI or WW1), also known as the First World War or the Great War, was a global war that lasted from 28 July 1914 to 11 November 1918.
8003:123145938427904::Thread-149 2020-08-09 18:59:57,223 - Contemporaneously described as "the war to end all wars", it led to the mobilisation of more than 70 million military personnel, including 60 million Europeans, making it one of the largest wars in history.
8003:123145938427904::Thread-149 2020-08-09 18:59:57,827 - It is also one of the deadliest conflicts in history, with an estimated nine million combatant deaths and 13 million civilian deaths as a direct result of the war, while resulting genocides and the related 1918 influenza pandemic caused another 17–100 million deaths worldwide.On 28 June 1914, Gavrilo Princip, a Bosnian Serb Yugoslav nationalist, assassinated the Austro-Hungarian heir Archduke Franz Ferdinand in Sarajevo, leading to the July Crisis.
8003:123145938427904::Thread-149 2020-08-09 18:59:58,119 - In response, Austria-Hungary issued an ultimatum to Serbia on 23 July.
8003:123145938427904::Thread-149 2020-08-09 18:59:59,112 - Serbia's reply failed to satisfy the Austrians, and the two moved to a war footing.
8003:123145938427904::Thread-149 2020-08-09 18:59:59,394 - A network of interlocking alliances enlarged the crisis from a bilateral issue in the Balkans to one involving most of Europe.
8003:123145938427904::Thread-149 2020-08-09 19:00:00,389 - By July 1914, the great powers of Europe were divided into two coalitions: the Triple Entente, consisting of France, Russia, and Britain; and the Triple Alliance of Germany, Austria-Hungary, and Italy.
8003:123145938427904::Thread-149 2020-08-09 19:00:01,151 - The Triple Alliance was only defensive in nature, allowing Italy to stay out of the war until April 1915, when it joined the Allied Powers after its relations with Austria-Hungary deteriorated.
8003:123145938427904::Thread-149 2020-08-09 19:00:01,636 - Russia felt it necessary to back Serbia, and approved partial mobilisation after Austria-Hungary shelled the Serbian capital of Belgrade on 28 July.
8003:123145938427904::Thread-149 2020-08-09 19:00:01,806 - Full Russian mobilisation was announced on the evening of 30 July; the following day, Austria-Hungary and Germany did the same, while Germany demanded Russia demobilise within twelve hours.
8003:123145938427904::Thread-149 2020-08-09 19:00:06,807 - **END**
