8003:123145349505024::Thread-9 2020-08-09 18:59:27,217 - **START**
8003:123145349505024::Thread-9 2020-08-09 18:59:27,221 - Starting new HTTPS connection (1): en.wikipedia.org
8003:123145349505024::Thread-9 2020-08-09 18:59:28,142 - The Gateway of India is an arch-monument built in the early twentieth century in the city of Mumbai, in the Indian state of Maharashtra.
8003:123145349505024::Thread-9 2020-08-09 18:59:29,442 - It was erected to commemorate the landing in December 1911 at Apollo Bunder, Mumbai (then Bombay) of King-Emperor George V and Queen-Empress Mary, the first British monarch to visit India.
8003:123145349505024::Thread-9 2020-08-09 18:59:30,534 - At the time of the royal visit, the gateway was not yet built, and a cardboard structure greeted the monarch.
8003:123145349505024::Thread-9 2020-08-09 18:59:31,637 - The foundation stone was laid in March 1913 for a monument built in the Indo-Saracenic style, incorporating elements of 16th-century Marathi architecture.
8003:123145349505024::Thread-9 2020-08-09 18:59:33,214 - The final design of the monument by architect George Wittet was sanctioned only in 1914, and construction was completed in 1924.
8003:123145349505024::Thread-9 2020-08-09 18:59:35,834 - The structure is a triumphal arch made of basalt, which is 26 metres (85 feet) high.
8003:123145349505024::Thread-9 2020-08-09 18:59:38,648 - After its construction the gateway was used as a symbolic ceremonial entrance to British India for important colonial personnel.
8003:123145349505024::Thread-9 2020-08-09 18:59:39,193 - It has been called a symbol of "conquest and colonisation" commemorating British colonial legacy.
8003:123145349505024::Thread-9 2020-08-09 18:59:39,637 - The gateway is also the monument from where the last British troops left India in 1948, following Indian independence.
8003:123145349505024::Thread-9 2020-08-09 18:59:42,805 - It is located on the waterfront at an angle, opposite the Taj Mahal Palace and Tower Hotel and overlooks the Arabian Sea.
8003:123145349505024::Thread-9 2020-08-09 18:59:48,866 - **END**
8003:123145349505024::Thread-9 2020-08-09 18:59:55,869 - **START**
8003:123145349505024::Thread-9 2020-08-09 18:59:55,887 - Starting new HTTPS connection (1): en.wikipedia.org
8003:123145349505024::Thread-9 2020-08-09 18:59:56,980 - Disneyland Park, originally Disneyland, is the first of two theme parks built at the Disneyland Resort in Anaheim, California, opened on July 17, 1955.
8003:123145349505024::Thread-9 2020-08-09 18:59:57,593 - It is the only theme park designed and built to completion under the direct supervision of Walt Disney.
8003:123145349505024::Thread-9 2020-08-09 18:59:58,066 - It was originally the only attraction on the property; its official name was changed to Disneyland Park to distinguish it from the expanding complex in the 1990s.
8003:123145349505024::Thread-9 2020-08-09 18:59:58,982 - It was the first Disney theme park.
8003:123145349505024::Thread-9 2020-08-09 18:59:59,663 - Walt Disney came up with the concept of Disneyland after visiting various amusement parks with his daughters in the 1930s and 1940s.
8003:123145349505024::Thread-9 2020-08-09 19:00:00,638 - He initially envisioned building a tourist attraction adjacent to his studios in Burbank to entertain fans who wished to visit; however, he soon realized that the proposed site was too small.
8003:123145349505024::Thread-9 2020-08-09 19:00:00,968 - After hiring a consultant to help him determine an appropriate site for his project, Disney bought a 160-acre (65 ha) site near Anaheim in 1953.
8003:123145349505024::Thread-9 2020-08-09 19:00:01,871 - Construction began in 1954 and the park was unveiled during a special televised press event on the ABC Television Network on July 17, 1955.
8003:123145349505024::Thread-9 2020-08-09 19:00:02,619 - Since its opening, Disneyland has undergone expansions and major renovations, including the addition of New Orleans Square in 1966, Bear Country (now Critter Country) in 1972,  Mickey's Toontown in 1993, and Star Wars: Galaxy's Edge in 2019.
8003:123145349505024::Thread-9 2020-08-09 19:00:03,250 - Opened in 2001, Disney California Adventure Park was built on the site of Disneyland's original parking lot.
8003:123145349505024::Thread-9 2020-08-09 19:00:10,251 - **END**
