8003:123145778577408::Thread-111 2020-08-09 18:59:36,265 - **START**
8003:123145778577408::Thread-111 2020-08-09 18:59:36,581 - Starting new HTTPS connection (1): en.wikipedia.org
8003:123145778577408::Thread-111 2020-08-09 18:59:39,953 - Mexico (Spanish: México [ˈmexiko] (listen); Nahuan languages: Mēxihco), officially the United Mexican States (Spanish: Estados Unidos Mexicanos; EUM  [esˈtaðos uˈniðoz mexiˈkanos] (listen)), is a country in the southern portion of North America.
8003:123145778577408::Thread-111 2020-08-09 18:59:40,505 - It is bordered to the north by the United States; to the south and west by the Pacific Ocean; to the southeast by Guatemala, Belize, and the Caribbean Sea; and to the east by the Gulf of Mexico.
8003:123145778577408::Thread-111 2020-08-09 18:59:40,531 - Mexico covers 1,972,550 square kilometers (761,610 sq mi) and has approximately 128,649,565 inhabitants, making it the world's 13th-largest country by area, 10th-most populous country, and most populous Spanish-speaking nation.
8003:123145778577408::Thread-111 2020-08-09 18:59:40,734 - It is a federation comprising 31 states and Mexico City, its capital city and largest metropolis.
8003:123145778577408::Thread-111 2020-08-09 18:59:41,348 - Other major urban areas include Guadalajara, Monterrey, Puebla, Toluca, Tijuana, Ciudad Juárez, and León.Pre-Columbian Mexico traces its origins to 8,000 BC and is identified as one of six cradles of civilization; it was home to many advanced Mesoamerican civilizations, most well-known among them the Maya and the Aztecs.
8003:123145778577408::Thread-111 2020-08-09 18:59:41,915 - In 1521, the Spanish Empire conquered and colonized the territory from its base in Mexico City, which then became known as New Spain.
8003:123145778577408::Thread-111 2020-08-09 18:59:41,998 - The Catholic Church played an important role as millions of indigenous inhabitants converted.
8003:123145778577408::Thread-111 2020-08-09 18:59:42,843 - These populations were heavily exploited to mine rich deposits of precious material, which became a major source of wealth for the Spanish.
8003:123145778577408::Thread-111 2020-08-09 18:59:43,175 - Mexico became an independent nation state after the successful Mexican War of Independence against Spain in 1821.The War of Texas Independence in 1836 and the Mexican–American War led to huge territorial losses in Mexico's sparsely populated north, contiguous to the United States.
8003:123145778577408::Thread-111 2020-08-09 18:59:43,199 - The newly instituted reforms that granted protection to indigenous communities, and curtailed the power of the military and the church, were enshrined in the Constitution of 1857.
8003:123145778577408::Thread-111 2020-08-09 18:59:50,201 - **END**
8003:123145778577408::Thread-111 2020-08-09 19:00:08,203 - **START**
8003:123145778577408::Thread-111 2020-08-09 19:00:08,209 - Starting new HTTPS connection (1): en.wikipedia.org
8003:123145778577408::Thread-111 2020-08-09 19:00:11,652 - Marshall Bruce Mathers III (born October 17, 1972), known professionally as Eminem (; often stylized as EMINƎM), is an American rapper, songwriter, and record producer.
8003:123145778577408::Thread-111 2020-08-09 19:00:12,559 - Credited with popularizing hip hop in Middle America, Eminem's global success and acclaimed works are widely regarded as having broken racial barriers for the acceptance of white rappers in popular music.
8003:123145778577408::Thread-111 2020-08-09 19:00:14,241 - While much of his transgressive work during the early 2000s made him hugely controversial, he came to be a representation of popular angst and the American underclass.
8003:123145778577408::Thread-111 2020-08-09 19:00:16,661 - He has been influential for many artists of various genres and is often cited as one of the greatest rappers of all time.After his debut album Infinite (1996) and the extended play Slim Shady EP (1997), Eminem signed with Dr. Dre's Aftermath Entertainment and subsequently achieved mainstream popularity in 1999 with The Slim Shady LP.
8003:123145778577408::Thread-111 2020-08-09 19:00:17,321 - His next two releases The Marshall Mathers LP (2000) and The Eminem Show (2002) were worldwide successes and were both nominated for the Grammy Award for Album of the Year.
8003:123145778577408::Thread-111 2020-08-09 19:00:19,907 - After the release of what was considered to be his final album, Encore (2004), Eminem went on hiatus in 2005 partly due to a prescription drug addiction.
8003:123145778577408::Thread-111 2020-08-09 19:00:22,167 - He returned to the music industry four years later with the release of Relapse (2009), and Recovery was released the following year.
8003:123145778577408::Thread-111 2020-08-09 19:00:23,371 - Recovery was the best-selling album worldwide of 2010, making it Eminem's second album, after The Eminem Show in 2002, to be the best-selling album of the year worldwide.
8003:123145778577408::Thread-111 2020-08-09 19:00:24,270 - In the following years, he released the US number one albums The Marshall Mathers LP 2, Revival, Kamikaze and Music to Be Murdered By.
8003:123145778577408::Thread-111 2020-08-09 19:00:26,032 - Eminem made his debut in the motion picture industry with the musical drama film 8 Mile (2002), playing a fictionalized version of himself, which won the Academy Award for Best Original Song for "Lose Yourself", making him the first hip hop artist to ever win the award.
8003:123145778577408::Thread-111 2020-08-09 19:00:32,034 - **END**
