8003:123145492529152::Thread-43 2020-08-09 18:59:34,286 - **START**
8003:123145492529152::Thread-43 2020-08-09 18:59:35,013 - Starting new HTTPS connection (1): en.wikipedia.org
8003:123145492529152::Thread-43 2020-08-09 18:59:39,295 - AMGTV is an American family-oriented television network featuring television programming consisting of drama, sports, movies, entertainment, how-to, hunting and fishing, children's shows, and other features, much of it repackaged from off-network and first-run syndication.
8003:123145492529152::Thread-43 2020-08-09 18:59:40,648 - The network is owned by the American company Access Media Group.
8003:123145492529152::Thread-43 2020-08-09 18:59:41,012 - AMGTV provides programming to television stations in the United States.
8003:123145492529152::Thread-43 2020-08-09 18:59:42,087 - AMGTV also syndicates several movie packages and music specials to stations outside their affiliate base.
8003:123145492529152::Thread-43 2020-08-09 18:59:43,760 - The president of AMGTV is Terry Elaqua.
8003:123145492529152::Thread-43 2020-08-09 18:59:44,643 - Programming


Scripted programming
Leverage
Sanctuary


Entertainment
Animal Rescue
Celebrity Page
Forensic Files
Judge Faith
The Balancing Act
The Hollywood News Report
Pawn Stars
Impractical Jokers
Cheaters
TAKE A LOOK


Former


Sports
On October 10, 2010 the American Indoor Football Association (AIFA) announced that AMGTV has agreed to air games from the upcoming 2011 AIFA West season.
8003:123145492529152::Thread-43 2020-08-09 18:59:46,332 - They had previously carried the 2010 season, prior to when the league split.
8003:123145492529152::Thread-43 2020-08-09 18:59:47,948 - The AIFA West ceased operations January 2011; neither the league nor the network have indicated whether the deal is valid for the 2012 revival of the league.
8003:123145492529152::Thread-43 2020-08-09 18:59:47,965 - AIFA's successor, American Indoor Football, folded in 2017.
8003:123145492529152::Thread-43 2020-08-09 18:59:53,966 - **END**
8003:123145492529152::Thread-43 2020-08-09 19:00:01,969 - **START**
8003:123145492529152::Thread-43 2020-08-09 19:00:02,168 - Starting new HTTPS connection (1): en.wikipedia.org
8003:123145492529152::Thread-43 2020-08-09 19:00:03,977 - The Quran (, kor-AHN; Arabic: القرآن‎, romanized: al-Qurʼān, lit.
8003:123145492529152::Thread-43 2020-08-09 19:00:04,147 - 'the recitation', Arabic pronunciation: [alqur'ʔaːn]), also romanized Qur'an or Koran, is the central religious text of Islam, believed by Muslims to be a revelation from God (Allah).
8003:123145492529152::Thread-43 2020-08-09 19:00:04,395 - It is widely regarded as the finest work in classical Arabic literature.
8003:123145492529152::Thread-43 2020-08-09 19:00:04,530 - Slightly shorter than the New Testament, it is organized in 114 chapters, or sur  (سور‎; singular: سورة‎, sūrah)—not according to chronology or subject matter, but according to length of surahs (with some exceptions).
8003:123145492529152::Thread-43 2020-08-09 19:00:04,967 - Surah are subdivided into verses, or āyāt (آيات‎; singular: آية‎, āyah).
8003:123145492529152::Thread-43 2020-08-09 19:00:04,985 - Muslims believe that the Quran was orally revealed by God to the final prophet, Muhammad, through the archangel Gabriel (Jibril), incrementally over a period of some 23 years, beginning on 22 December 609 CE, when Muhammad was 40; and concluding in 632, the year of his death.
8003:123145492529152::Thread-43 2020-08-09 19:00:05,952 - Muslims regard the Quran as Muhammad's most important miracle; a proof of his prophethood; and the culmination of a series of divine messages starting with those revealed to Adam, including the Tawrah (Torah), the Zabur ("Psalms") and the Injil ("Gospel").
8003:123145492529152::Thread-43 2020-08-09 19:00:06,632 - The word Quran occurs some 70 times in the text itself, and other names and words are also said to refer to the Quran.The Quran is thought by Muslims to be not simply divinely inspired, but the literal word of God.
8003:123145492529152::Thread-43 2020-08-09 19:00:07,160 - Muhammad did not write it as he didn't know how to write.
8003:123145492529152::Thread-43 2020-08-09 19:00:07,659 - According to tradition, several of Muhammad's companions served as scribes, recording the revelations.
8003:123145492529152::Thread-43 2020-08-09 19:00:08,661 - **END**
