8003:123146363293696::Thread-250 2020-08-09 18:59:28,431 - **START**
8003:123146363293696::Thread-250 2020-08-09 18:59:28,903 - Starting new HTTPS connection (1): en.wikipedia.org
8003:123146363293696::Thread-250 2020-08-09 18:59:32,117 - Al-Aqsa Mosque (Arabic: ٱلْمَسْجِد ٱلْأَقْصَىٰ‎, romanized: al-Masjid al-ʾAqṣā, IPA: [ʔælˈmæsdʒɪd ælˈʔɑqsˤɑ] (listen), "the Farthest Mosque"), located in the Old City of Jerusalem, is the third holiest site in Islam.
8003:123146363293696::Thread-250 2020-08-09 18:59:33,790 - The mosque was built on top of the Temple Mount, known as the Al Aqsa Compound or Haram esh-Sharif in Islam.
8003:123146363293696::Thread-250 2020-08-09 18:59:35,322 - Muslims believe that Muhammad was transported from the Great Mosque of Mecca to al-Aqsa during the Night Journey.
8003:123146363293696::Thread-250 2020-08-09 18:59:35,572 - Islamic tradition holds that Muhammad led prayers towards this site until the 17th month after his migration from Mecca to Medina, when Allah directed him to turn towards the Kaaba in Mecca.
8003:123146363293696::Thread-250 2020-08-09 18:59:35,587 - The covered mosque building was originally a small prayer house erected by Umar, the second caliph of the Rashidun Caliphate, but was rebuilt and expanded by the Umayyad caliph Abd al-Malik and finished by his son al-Walid in 705 CE.
8003:123146363293696::Thread-250 2020-08-09 18:59:36,264 - The mosque was completely destroyed by an earthquake in 746 and rebuilt by the Abbasid caliph al-Mansur in 754.
8003:123146363293696::Thread-250 2020-08-09 18:59:37,473 - It was rebuilt again in 780.
8003:123146363293696::Thread-250 2020-08-09 18:59:38,789 - Another earthquake destroyed most of al-Aqsa in 1033, but two years later the Fatimid caliph Ali az-Zahir built another mosque whose outline is preserved in the current structure.
8003:123146363293696::Thread-250 2020-08-09 18:59:39,853 - The mosaics on the arch at the qibla end of the nave also go back to his time.
8003:123146363293696::Thread-250 2020-08-09 18:59:40,616 - During the periodic renovations undertaken, the various ruling dynasties of the Islamic Caliphate constructed additions to the mosque and its precincts, such as its dome, facade, its minbar, minarets and the interior structure.
8003:123146363293696::Thread-250 2020-08-09 18:59:41,748 - When the Crusaders captured Jerusalem in 1099, they used the mosque as a palace and the Dome of the Rock as a church, but its function as a mosque was restored after its recapture by Saladin in 1187.
8003:123146363293696::Thread-250 2020-08-09 18:59:46,749 - **END**
8003:123146363293696::Thread-250 2020-08-09 18:59:55,750 - **START**
8003:123146363293696::Thread-250 2020-08-09 18:59:55,755 - Starting new HTTPS connection (1): en.wikipedia.org
8003:123146363293696::Thread-250 2020-08-09 18:59:57,299 - The Golden State Warriors are an American professional basketball team based in San Francisco.
8003:123146363293696::Thread-250 2020-08-09 18:59:57,911 - The Warriors compete in the National Basketball Association (NBA), as a member of the league's Western Conference Pacific Division.
8003:123146363293696::Thread-250 2020-08-09 18:59:58,963 - Founded in 1946 in Philadelphia, the Warriors moved to the San Francisco Bay Area in 1962 and took the city's name, before changing its geographic moniker to Golden State in 1971.
8003:123146363293696::Thread-250 2020-08-09 19:00:00,148 - They play their home games at the Chase Center.
8003:123146363293696::Thread-250 2020-08-09 19:00:01,115 - The Warriors won the inaugural Basketball Association of America (BAA) championship in 1947, and won again in 1956, led by Hall of Fame trio Paul Arizin, Tom Gola, and Neil Johnston.
8003:123146363293696::Thread-250 2020-08-09 19:00:02,803 - After the trade of star Wilt Chamberlain in January 1965, the team finished the 1964-65 season with the NBA's worst record (17-63).
8003:123146363293696::Thread-250 2020-08-09 19:00:03,155 - But their rebuilding period was brief, due in large part to the Warriors drafting of Rick Barry four months after the trade.
8003:123146363293696::Thread-250 2020-08-09 19:00:05,082 - In 1975, star players Barry and Jamaal Wilkes powered the Warriors to their third championship, widely considered one of the biggest upsets in NBA history.
8003:123146363293696::Thread-250 2020-08-09 19:00:06,388 - The team struggled in the 1980s, then became playoff regulars at the turn of the decade with stars Tim Hardaway, Mitch Richmond, and Chris Mullin, nicknamed "Run TMC".
8003:123146363293696::Thread-250 2020-08-09 19:00:08,047 - The team returned to championship glory in 2015, led by Stephen Curry, Klay Thompson, and Draymond Green; they won again in 2017 and 2018, with the help of former MVP Kevin Durant.
8003:123146363293696::Thread-250 2020-08-09 19:00:17,049 - **END**
