8003:123146018353152::Thread-168 2020-08-09 18:59:34,318 - **START**
8003:123146018353152::Thread-168 2020-08-09 18:59:35,055 - Starting new HTTPS connection (1): en.wikipedia.org
8003:123146018353152::Thread-168 2020-08-09 18:59:37,947 - Kimberly Noel Kardashian West (née Kardashian; born October 21, 1980) is an American media personality, socialite, model, businesswoman, and activist.
8003:123146018353152::Thread-168 2020-08-09 18:59:39,438 - Kardashian first gained media attention as a friend and stylist of Paris Hilton but received wider notice after a 2002 sex tape, Kim Kardashian, Superstar, with her then-boyfriend Ray J was released in 2007.
8003:123146018353152::Thread-168 2020-08-09 18:59:40,834 - Later that year, she and her family began to appear in the E!
8003:123146018353152::Thread-168 2020-08-09 18:59:43,759 - reality television series Keeping Up with the Kardashians (2007–present).
8003:123146018353152::Thread-168 2020-08-09 18:59:46,272 - Its success soon led to the creation of spin-offs including Kourtney and Kim Take New York (2011–2012) and Kourtney and Kim Take Miami (2009–2013).
8003:123146018353152::Thread-168 2020-08-09 18:59:47,158 - Kardashian has developed an online and social media presence, including hundreds of millions of followers on Twitter and Instagram.
8003:123146018353152::Thread-168 2020-08-09 18:59:49,926 - She has released a variety of products tied to her name, including the 2014 mobile game Kim Kardashian: Hollywood, a variety of clothing and products, the 2015 photo book Selfish and her eponymous personal app.
8003:123146018353152::Thread-168 2020-08-09 18:59:51,198 - Her relationship with rapper Kanye West has also received significant media coverage; the couple married in 2014 and have four children together.
8003:123146018353152::Thread-168 2020-08-09 18:59:53,584 - As an actress, Kardashian has appeared in films, such as Disaster Movie (2008), Deep in the Valley (2009), and Temptation: Confessions of a Marriage Counselor (2013).
8003:123146018353152::Thread-168 2020-08-09 18:59:56,255 - In recent years, Kardashian has focused on her own businesses by founding KKW Beauty and KKW fragrance in 2017.
8003:123146018353152::Thread-168 2020-08-09 18:59:59,258 - **END**
8003:123146018353152::Thread-168 2020-08-09 19:00:14,259 - **START**
8003:123146018353152::Thread-168 2020-08-09 19:00:14,263 - Starting new HTTPS connection (1): en.wikipedia.org
8003:123146018353152::Thread-168 2020-08-09 19:00:15,374 - Selena Marie Gomez (born July 22, 1992) is an American singer, songwriter, actress, and television producer.
8003:123146018353152::Thread-168 2020-08-09 19:00:17,017 - Born and raised in Texas, Gomez began her career by appearing on the children's television series Barney & Friends (2002–2004).
8003:123146018353152::Thread-168 2020-08-09 19:00:18,534 - In her teens, she gained wider recognition for her role as Alex Russo on the Emmy Award-winning Disney Channel television series Wizards of Waverly Place (2007–2012).
8003:123146018353152::Thread-168 2020-08-09 19:00:20,157 - Alongside her television career, Gomez has starred in the films Another Cinderella Story (2008), Princess Protection Program (2009), Wizards of Waverly Place: The Movie (2009), Ramona and Beezus (2010), Monte Carlo (2011), Spring Breakers (2012), Getaway (2013), The Fundamentals of Caring (2016), The Dead Don't Die (2019), and A Rainy Day in New York (2019).
8003:123146018353152::Thread-168 2020-08-09 19:00:21,582 - She also voices the character of Mavis in the Hotel Transylvania film franchise (2012–present), and executive produced the Netflix television series 13 Reasons Why (2017–2020) and Living Undocumented (2019).
8003:123146018353152::Thread-168 2020-08-09 19:00:21,677 - Gomez released three albums with her former band, Selena Gomez & the Scene: Kiss & Tell (2009), A Year Without Rain (2010), and When the Sun Goes Down (2011), all of which peaked within the top ten on the US Billboard 200 and attained gold certifications.
8003:123146018353152::Thread-168 2020-08-09 19:00:22,862 - Additionally, Gomez has released three albums as a solo artist: Stars Dance (2013), Revival (2015), and Rare (2020), all of which debuted atop the Billboard 200.
8003:123146018353152::Thread-168 2020-08-09 19:00:23,699 - She has earned eight top-ten singles on the Billboard Hot 100: "Come & Get It", "The Heart Wants What It Wants", "Good for You", "Same Old Love", "Hands to Myself", "We Don't Talk Anymore" with Charlie Puth, "It Ain't Me" with Kygo, and "Lose You to Love Me", the latter being her first number-one single on the chart.
8003:123146018353152::Thread-168 2020-08-09 19:00:24,971 - In 2017, Billboard reported that Gomez has sold over 7 million albums and 22 million singles worldwide.
8003:123146018353152::Thread-168 2020-08-09 19:00:25,561 - Gomez has received various accolades and was honored as the Billboard Woman of the Year in 2017.
8003:123146018353152::Thread-168 2020-08-09 19:00:33,563 - **END**
