8003:123145597693952::Thread-68 2020-08-09 18:59:26,295 - **START**
8003:123145597693952::Thread-68 2020-08-09 18:59:26,433 - Starting new HTTPS connection (1): en.wikipedia.org
8003:123145597693952::Thread-68 2020-08-09 18:59:27,688 - The Statue of Unity is a colossal statue of Indian statesman and independence activist Sardar Vallabhbhai Patel (1875–1950), who was the first Deputy Prime Minister and Home minister of independent India and adherent of Mahatma Gandhi during the non-violent Indian Independence movement.
8003:123145597693952::Thread-68 2020-08-09 18:59:28,270 - Patel was highly respected for his leadership in uniting 562 princely states of India with a major part of the former British Raj to form the single Union of India.
8003:123145597693952::Thread-68 2020-08-09 18:59:28,972 - The statue is located in the state of Gujarat, India.
8003:123145597693952::Thread-68 2020-08-09 18:59:29,161 - It is the world's tallest statue with a height of 182 metres (597 ft).
8003:123145597693952::Thread-68 2020-08-09 18:59:29,817 - It is located on the Narmada River in the Kevadiya colony, facing the Sardar Sarovar Dam 100 kilometres (62 mi) southeast of the city of Vadodara and 150 kilometres (93 mi) from Surat.
8003:123145597693952::Thread-68 2020-08-09 18:59:30,011 - The project was first announced in 2010 and the construction of the statue started in October 2013 by Larsen & Toubro, with a total construction cost of ₹2,989 crore (₹29.89 billion; US$437 million).
8003:123145597693952::Thread-68 2020-08-09 18:59:30,301 - It was designed by Indian sculptor Ram V. Sutar, and was inaugurated by Indian Prime Minister Narendra Modi on 31 October 2018, the 143rd anniversary of Sardar Patel's birth.
8003:123145597693952::Thread-68 2020-08-09 18:59:31,207 - History
Narendra Modi first announced the project to commemorate Vallabhbhai Patel on 7 October 2013 at a press conference to mark the beginning of his 10th year as The Chief Minister of Gujarat.
8003:123145597693952::Thread-68 2020-08-09 18:59:31,852 - At the time, the project was dubbed, "Gujarat's tribute to the nation".A separate Society named Sardar Vallabhbhai Patel Rashtriya Ekta Trust (SVPRET) was formed under the chairmanship of the Chief minister, Government of Gujarat, to ensure seamless execution of the entire project.An outreach drive named the Statue of Unity Movement was started to support the construction of the statue.
8003:123145597693952::Thread-68 2020-08-09 18:59:32,219 - It helped collect the iron needed for the statue by asking farmers to donate their used farming instruments.
8003:123145597693952::Thread-68 2020-08-09 18:59:32,220 - **END**
8003:123145597693952::Thread-68 2020-08-09 18:59:43,226 - **START**
8003:123145597693952::Thread-68 2020-08-09 18:59:43,319 - Starting new HTTPS connection (1): en.wikipedia.org
8003:123145597693952::Thread-68 2020-08-09 18:59:44,948 - Heath Andrew Ledger (4 April 1979 – 22 January 2008) was an Australian actor, photographer and music video director.
8003:123145597693952::Thread-68 2020-08-09 18:59:45,479 - After performing roles in several Australian television and film productions during the 1990s, Ledger left for the United States in 1998 to further develop his film career.
8003:123145597693952::Thread-68 2020-08-09 18:59:45,493 - His work consisted of nineteen films, including 10 Things I Hate About You (1999), The Patriot (2000), A Knight's Tale (2001), Monster's Ball (2001), Lords of Dogtown (2005), Brokeback Mountain (2005), Candy (2006), The Dark Knight (2008), and The Imaginarium of Doctor Parnassus (2009), the latter two being posthumous releases.
8003:123145597693952::Thread-68 2020-08-09 18:59:45,956 - He also produced and directed music videos and aspired to be a film director.For his portrayal of Ennis Del Mar in Brokeback Mountain, Ledger won the New York Film Critics Circle Award for Best Actor and the Best International Actor Award from the Australian Film Institute; he was the first actor to win the latter award posthumously.
8003:123145597693952::Thread-68 2020-08-09 18:59:46,850 - He was nominated for the BAFTA Award for Best Actor in a Leading Role and the Academy Award for Best Actor.
8003:123145597693952::Thread-68 2020-08-09 18:59:47,064 - Posthumously, he shared the 2007 Independent Spirit Robert Altman Award with the rest of the ensemble cast, the director, and the casting director for the film I'm Not There, which was inspired by the life and songs of American singer-songwriter Bob Dylan.
8003:123145597693952::Thread-68 2020-08-09 18:59:47,225 - In the film, Ledger portrayed a fictional actor named Robbie Clark, one of six characters embodying aspects of Dylan's life and persona.Ledger died on 22 January 2008 due to an accidental overdose of prescription medications.
8003:123145597693952::Thread-68 2020-08-09 18:59:47,862 - A few months before his death, Ledger had finished filming his performance as the Joker in The Dark Knight.
8003:123145597693952::Thread-68 2020-08-09 18:59:48,340 - At the time of his death, The Dark Knight was in its editing phase, and The Imaginarium of Doctor Parnassus was in the midst of filming, in which he was playing his last role as Tony.
8003:123145597693952::Thread-68 2020-08-09 18:59:49,344 - His untimely death also affected the subsequent promotion of The Dark Knight.
8003:123145597693952::Thread-68 2020-08-09 18:59:55,348 - **END**
8003:123145597693952::Thread-68 2020-08-09 19:00:07,350 - **START**
8003:123145597693952::Thread-68 2020-08-09 19:00:07,396 - Starting new HTTPS connection (1): en.wikipedia.org
8003:123145597693952::Thread-68 2020-08-09 19:00:09,358 - The New York Yankees are an American professional baseball team based in the New York City borough of the Bronx.
8003:123145597693952::Thread-68 2020-08-09 19:00:10,326 - They compete in Major League Baseball (MLB) as a member club of the American League (AL) East division.
8003:123145597693952::Thread-68 2020-08-09 19:00:11,085 - They are one of two major league clubs based in New York City, the other being the National League's (NL) New York Mets.
8003:123145597693952::Thread-68 2020-08-09 19:00:11,211 - The Yankees began play in the 1901 season as the Baltimore Orioles (no relation to the modern Baltimore Orioles).
8003:123145597693952::Thread-68 2020-08-09 19:00:13,168 - In 1903, Frank Farrell and Bill Devery purchased the franchise after it ceased operations and moved it to New York City, renaming the club the New York Highlanders.
8003:123145597693952::Thread-68 2020-08-09 19:00:14,299 - The Highlanders were officially renamed the New York Yankees in 1913.The team is owned by Yankee Global Enterprises, an LLC that is controlled by the family of the late George Steinbrenner, who purchased the team in 1973.
8003:123145597693952::Thread-68 2020-08-09 19:00:14,519 - Brian Cashman is the team's general manager, and Aaron Boone is the team's field manager.
8003:123145597693952::Thread-68 2020-08-09 19:00:15,472 - The team's home games were played at the original Yankee Stadium from 1923 to 1973 and from 1976 to 2008.
8003:123145597693952::Thread-68 2020-08-09 19:00:17,124 - In 1974 and 1975, the Yankees shared Shea Stadium with the Mets, in addition to the New York Jets and the New York Giants.
8003:123145597693952::Thread-68 2020-08-09 19:00:17,649 - In 2009, they moved into a new ballpark of the same name that was constructed adjacent to the previous facility, which was closed and demolished.
8003:123145597693952::Thread-68 2020-08-09 19:00:23,651 - **END**
