8003:123146068832256::Thread-180 2020-08-09 18:59:34,284 - **START**
8003:123146068832256::Thread-180 2020-08-09 18:59:35,237 - Starting new HTTPS connection (1): en.wikipedia.org
8003:123146068832256::Thread-180 2020-08-09 18:59:38,227 - Mariah Carey (born March 27, 1969 or 1970) is an American singer-songwriter, record producer, actress, entrepreneur, and philanthropist.
8003:123146068832256::Thread-180 2020-08-09 18:59:39,452 - She was signed to Columbia Records in 1988 and rose to fame after releasing her eponymous debut album two years later.
8003:123146068832256::Thread-180 2020-08-09 18:59:39,970 - Carey is the first artist in history to have their first five singles become consecutive number one songs on the Billboard Hot 100 (from "Vision of Love" to "Emotions").
8003:123146068832256::Thread-180 2020-08-09 18:59:40,503 - Renowned for her five-octave vocal range, melismatic singing style, and signature use of the whistle register, Carey is referred to as the "Songbird Supreme" by Guinness World Records.
8003:123146068832256::Thread-180 2020-08-09 18:59:41,104 - In 1993, Carey married Sony Music head Tommy Mottola.
8003:123146068832256::Thread-180 2020-08-09 18:59:41,208 - She achieved worldwide success with follow-up albums Music Box (1993), Merry Christmas (1994), and Daydream (1995).
8003:123146068832256::Thread-180 2020-08-09 18:59:43,140 - These albums spawned some of Carey's most successful singles, including "Hero", "Without You", "All I Want for Christmas Is You", "Fantasy", "Always Be My Baby", as well as "One Sweet Day", which topped the US Billboard Hot 100 for 16 weeks and became Billboard's Song of the Decade (1990s Decade).
8003:123146068832256::Thread-180 2020-08-09 18:59:43,915 - After separating from Mottola, Carey adopted a new image and incorporated more elements of hip hop into her music with the release of Butterfly (1997) and Rainbow (1999).
8003:123146068832256::Thread-180 2020-08-09 18:59:45,287 - Billboard named her the country's most successful artist of the 1990s, while the World Music Awards honored her as the world's best-selling music artist of the 1990s, and the best-selling female artist of the millennium.
8003:123146068832256::Thread-180 2020-08-09 18:59:45,349 - After eleven consecutive years charting a US number-one single, Carey parted ways with Columbia in 2000 and signed a $100 million recording contract with Virgin Records.
8003:123146068832256::Thread-180 2020-08-09 18:59:47,350 - **END**
8003:123146068832256::Thread-180 2020-08-09 18:59:51,352 - **START**
8003:123146068832256::Thread-180 2020-08-09 18:59:51,357 - Starting new HTTPS connection (1): en.wikipedia.org
8003:123146068832256::Thread-180 2020-08-09 18:59:51,900 - John Christopher Depp II (born June 9, 1963) is an American actor, producer, and musician.
8003:123146068832256::Thread-180 2020-08-09 18:59:52,933 - He has been nominated for ten Golden Globe Awards, winning one for Best Actor for his performance of the title role in Sweeney Todd: The Demon Barber of Fleet Street (2007), and has been nominated for three Academy Awards for Best Actor, among other accolades.
8003:123146068832256::Thread-180 2020-08-09 18:59:55,227 - He is regarded as one of the world's biggest film stars.
8003:123146068832256::Thread-180 2020-08-09 18:59:56,910 - Depp made his film debut in the 1984 film A Nightmare on Elm Street, before rising to prominence as a teen idol on the television series 21 Jump Street (1987–1990).
8003:123146068832256::Thread-180 2020-08-09 18:59:59,532 - He had a supporting role in Oliver Stone's 1986 war film Platoon and played the title character in the 1990 romantic fantasy Edward Scissorhands.
8003:123146068832256::Thread-180 2020-08-09 19:00:01,272 - Depp has gained critical praise for his portrayals of inept screenwriter-director Ed Wood in the film of the same name (1994), undercover FBI agent Joseph D. Pistone in Donnie Brasco (1997), author J. M. Barrie in Finding Neverland (2004) and Boston gangster Whitey Bulger in Black Mass (2015).
8003:123146068832256::Thread-180 2020-08-09 19:00:02,165 - He has starred in a number of successful films, including Cry-Baby (1990), Dead Man (1995), Sleepy Hollow (1999), Charlie and the Chocolate Factory (2005), Corpse Bride (2005), Public Enemies (2009), Alice in Wonderland (2010) and its 2016 sequel, The Tourist (2010), Rango (2011), Dark Shadows (2012), Into the Woods (2014), and Fantastic Beasts: The Crimes of Grindelwald (2018).
8003:123146068832256::Thread-180 2020-08-09 19:00:04,111 - Depp also plays Jack Sparrow in the swashbuckler film series Pirates of the Caribbean (2003–present).
8003:123146068832256::Thread-180 2020-08-09 19:00:05,071 - Depp is the tenth highest-grossing actor worldwide, as films featuring Depp have grossed over US$3.7 billion at the United States box office and over US$10 billion worldwide.
8003:123146068832256::Thread-180 2020-08-09 19:00:06,846 - He has been listed in the 2012 Guinness World Records as the world's highest-paid actor, with earnings of US$75 million.
8003:123146068832256::Thread-180 2020-08-09 19:00:10,849 - **END**
