8003:123146123517952::Thread-193 2020-08-09 18:59:30,290 - **START**
8003:123146123517952::Thread-193 2020-08-09 18:59:31,151 - Starting new HTTPS connection (1): en.wikipedia.org
8003:123146123517952::Thread-193 2020-08-09 18:59:34,632 - The Great Pyramid of Giza (also known as the Pyramid of Khufu or the Pyramid of Cheops) is the oldest and largest of the three pyramids in the Giza pyramid complex bordering present-day Giza in Greater Cairo, Egypt.
8003:123146123517952::Thread-193 2020-08-09 18:59:35,927 - It is the oldest of the Seven Wonders of the Ancient World, and the only one to remain largely intact.
8003:123146123517952::Thread-193 2020-08-09 18:59:37,113 - Based on a mark in an interior chamber naming the work gang and a reference to the Fourth Dynasty Egyptian pharaoh Khufu, Egyptologists believe that the pyramid was built as a tomb over a 10- to 20-year period concluding around 2560 BC.
8003:123146123517952::Thread-193 2020-08-09 18:59:37,989 - Initially standing at 146.5 metres (481 feet), the Great Pyramid was the tallest man-made structure in the world for more than 3,800 years until Lincoln Cathedral was finished in 1311 AD.
8003:123146123517952::Thread-193 2020-08-09 18:59:38,371 - It is estimated that the pyramid weighs approximately 6 million tonnes, and consists of 2.3 million blocks of limestone and granite, some weighing as much as 80 tonnes.
8003:123146123517952::Thread-193 2020-08-09 18:59:38,845 - Originally, the Great Pyramid was covered by limestone casing stones that formed a smooth outer surface; what is seen today is the underlying core structure.
8003:123146123517952::Thread-193 2020-08-09 18:59:40,173 - Some of the casing stones that once covered the structure can still be seen around the base.
8003:123146123517952::Thread-193 2020-08-09 18:59:41,354 - There have been varying scientific and alternative theories about the Great Pyramid's construction techniques.
8003:123146123517952::Thread-193 2020-08-09 18:59:43,039 - Most accepted construction hypotheses are based on the idea that it was built by moving huge stones from a quarry and dragging and lifting them into place.
8003:123146123517952::Thread-193 2020-08-09 18:59:43,760 - There are three known chambers inside the Great Pyramid.
8003:123146123517952::Thread-193 2020-08-09 18:59:44,345 - The lowest chamber is cut into the bedrock upon which the pyramid was built and was unfinished.
8003:123146123517952::Thread-193 2020-08-09 18:59:46,048 - The so-called Queen's Chamber and King's Chamber are higher up within the pyramid structure.
8003:123146123517952::Thread-193 2020-08-09 18:59:54,052 - **END**
8003:123146123517952::Thread-193 2020-08-09 19:00:02,053 - **START**
8003:123146123517952::Thread-193 2020-08-09 19:00:02,169 - Starting new HTTPS connection (1): en.wikipedia.org
8003:123146123517952::Thread-193 2020-08-09 19:00:04,146 - Natalie Portman (born Neta-Lee Hershlag; June 9, 1981) is an actress and filmmaker with dual Israeli and American citizenship.
8003:123146123517952::Thread-193 2020-08-09 19:00:04,702 - Prolific in film since a teenager, she has starred in blockbusters and also played psychologically troubled women in independent films, for which she has received various accolades, including an Academy Award and two Golden Globe Awards.
8003:123146123517952::Thread-193 2020-08-09 19:00:05,468 - Portman began her acting career at age 12 by starring as the young protégée of a hitman in the action drama film Léon: The Professional (1994).
8003:123146123517952::Thread-193 2020-08-09 19:00:05,750 - While in high school, she made her Broadway theatre debut in a 1998 production of The Diary of a Young Girl and gained international recognition for starring as Padmé Amidala in Star Wars: Episode I – The Phantom Menace (1999).
8003:123146123517952::Thread-193 2020-08-09 19:00:06,240 - From 1999 to 2003, Portman attended Harvard University for a bachelor's degree in psychology, while continuing to act in the Star Wars prequel trilogy (2002, 2005) and in The Public Theater's 2001 revival of Anton Chekhov's play The Seagull.
8003:123146123517952::Thread-193 2020-08-09 19:00:06,258 - In 2004, Portman was nominated for an Academy Award for Best Supporting Actress and won a Golden Globe Award for playing a mysterious stripper in the romantic drama Closer.
8003:123146123517952::Thread-193 2020-08-09 19:00:07,238 - Portman's career progressed with her starring roles as Evey Hammond in V for Vendetta (2006), Anne Boleyn in The Other Boleyn Girl (2008), and a troubled ballerina in the psychological horror film Black Swan (2010), for which she won the Academy Award for Best Actress.
8003:123146123517952::Thread-193 2020-08-09 19:00:08,202 - She went on to star in the romantic comedy No Strings Attached (2011) and featured as Jane Foster in the Marvel Cinematic Universe superhero films Thor (2011), and Thor: The Dark World (2013), which established her among the best-paid actresses in the world.
8003:123146123517952::Thread-193 2020-08-09 19:00:08,887 - She has since portrayed Jacqueline Kennedy in the biopic Jackie (2016), gaining her third Academy Award nomination, and a biologist in the science fiction film Annihilation (2018).
8003:123146123517952::Thread-193 2020-08-09 19:00:09,034 - Portman's directorial ventures include the short film Eve (2008) and the biographical drama A Tale of Love and Darkness (2015).
8003:123146123517952::Thread-193 2020-08-09 19:00:09,035 - **END**
