8003:123146005733376::Thread-165 2020-08-09 18:59:34,284 - **START**
8003:123146005733376::Thread-165 2020-08-09 18:59:35,028 - Starting new HTTPS connection (1): en.wikipedia.org
8003:123146005733376::Thread-165 2020-08-09 18:59:38,002 - Films generate income from several revenue streams, including theatrical exhibition, home video, television broadcast rights, and merchandising.
8003:123146005733376::Thread-165 2020-08-09 18:59:39,867 - However, theatrical box office earnings are the primary metric for trade publications in assessing the success of a film, mostly because of the availability of the data compared to sales figures for home video and broadcast rights, but also because of historical practice.
8003:123146005733376::Thread-165 2020-08-09 18:59:40,590 - Included on the list are charts of the top box office earners (ranked by both the nominal and real value of their revenue), a chart of high-grossing films by calendar year, a timeline showing the transition of the highest-grossing film record, and a chart of the highest-grossing film franchises and series.
8003:123146005733376::Thread-165 2020-08-09 18:59:42,853 - All charts are ranked by international theatrical box office performance where possible, excluding income derived from home video, broadcasting rights, and merchandise.
8003:123146005733376::Thread-165 2020-08-09 18:59:44,036 - Traditionally, war films, musicals, and historical dramas have been the most popular genres, but franchise films have been among the best performers in the 21st century.
8003:123146005733376::Thread-165 2020-08-09 18:59:45,209 - There is strong interest in the superhero genre, with nine films in the Marvel Cinematic Universe featuring among the nominal top-earners.
8003:123146005733376::Thread-165 2020-08-09 18:59:45,348 - The most successful superhero film, Avengers: Endgame, is also the highest-grossing film overall on the nominal earnings chart, and there are four films in total based on the Avengers comic books charting in the top twenty.
8003:123146005733376::Thread-165 2020-08-09 18:59:47,122 - Other Marvel Comics adaptations have also had success with the Spider-Man and X-Men properties, while films based on Batman and Superman from DC Comics have generally performed well.
8003:123146005733376::Thread-165 2020-08-09 18:59:48,012 - Star Wars is also represented in the nominal earnings chart with five films, while the Harry Potter, Jurassic Park and Pirates of the Caribbean franchises feature prominently.
8003:123146005733376::Thread-165 2020-08-09 18:59:49,020 - Avatar, in second place on the nominal chart, is the highest-grossing film that is not a sequel or an adaptation of a pre-existing property.
8003:123146005733376::Thread-165 2020-08-09 18:59:58,023 - **END**
8003:123146005733376::Thread-165 2020-08-09 19:00:16,027 - **START**
8003:123146005733376::Thread-165 2020-08-09 19:00:16,031 - Starting new HTTPS connection (1): en.wikipedia.org
8003:123146005733376::Thread-165 2020-08-09 19:00:17,824 - Caligula (; Gaius Caesar Augustus Germanicus; 31 August 12 – 24 January 41) was the third Roman emperor, ruling from AD 37 to 41.
8003:123146005733376::Thread-165 2020-08-09 19:00:18,059 - The son of the popular Roman general Germanicus and Augustus's granddaughter Agrippina the Elder, Caligula was born into the first ruling family of the Roman Empire, conventionally known as the Julio-Claudian dynasty.
8003:123146005733376::Thread-165 2020-08-09 19:00:19,787 - Caligula's uncle and adoptive father, Tiberius, succeeded Augustus as emperor of Rome in AD14.
8003:123146005733376::Thread-165 2020-08-09 19:00:19,939 - Although he was named Gaius Julius Caesar, after Julius Caesar, he acquired the nickname "Caligula" (meaning "little [soldier's] boot") from his father's soldiers during their campaign in Germania.
8003:123146005733376::Thread-165 2020-08-09 19:00:21,284 - When Germanicus died at Antioch in 19, Agrippina returned with her six children to Rome, where she became entangled in a bitter feud with Tiberius.
8003:123146005733376::Thread-165 2020-08-09 19:00:21,574 - The conflict eventually led to the destruction of her family, with Caligula as the sole male survivor.
8003:123146005733376::Thread-165 2020-08-09 19:00:21,584 - Untouched by the deadly intrigues, Caligula accepted an invitation in 31 to join the emperor on the island of Capri, where Tiberius had withdrawn five years earlier.
8003:123146005733376::Thread-165 2020-08-09 19:00:21,950 - Following the death of Tiberius, Caligula succeeded his adoptive grandfather as emperor in 37.
8003:123146005733376::Thread-165 2020-08-09 19:00:23,899 - There are few surviving sources about the reign of Caligula, although he is described as a noble and moderate emperor during the first six months of his rule.
8003:123146005733376::Thread-165 2020-08-09 19:00:24,331 - After this, the sources focus upon his cruelty, sadism, extravagance, and sexual perversion, presenting him as an insane tyrant.
8003:123146005733376::Thread-165 2020-08-09 19:00:26,338 - **END**
