8003:123146148757504::Thread-199 2020-08-09 18:59:35,314 - **START**
8003:123146148757504::Thread-199 2020-08-09 18:59:36,583 - Starting new HTTPS connection (1): en.wikipedia.org
8003:123146148757504::Thread-199 2020-08-09 18:59:39,812 - Millie Bobby Brown (born 19 February 2004) is a British actress.
8003:123146148757504::Thread-199 2020-08-09 18:59:40,712 - She rose to prominence for her role as Eleven in the Netflix science fiction horror series Stranger Things (2016–present), for which she received Primetime Emmy Award nominations for Outstanding Supporting Actress in a Drama Series.
8003:123146148757504::Thread-199 2020-08-09 18:59:41,785 - At age 13, she became one of the youngest nominees in Emmy history.
8003:123146148757504::Thread-199 2020-08-09 18:59:43,428 - Her film debut came in 2019 with the monster film Godzilla: King of the Monsters.
8003:123146148757504::Thread-199 2020-08-09 18:59:44,165 - Brown will also play the titular role in the upcoming mystery film Enola Holmes.
8003:123146148757504::Thread-199 2020-08-09 18:59:44,270 - Brown is the youngest person to be featured on the Time 100 list of the world's most influential people and is the youngest person to be appointed a UNICEF Goodwill Ambassador.
8003:123146148757504::Thread-199 2020-08-09 18:59:46,730 - Early life
Brown was born in Marbella, Málaga, Andalusia, Spain, the third of four children of British parents, Kelly and Robert Brown.
8003:123146148757504::Thread-199 2020-08-09 18:59:47,264 - The family moved to Bournemouth, Dorset when she was around four years old, then to Windermere, Florida four years later.
8003:123146148757504::Thread-199 2020-08-09 18:59:49,158 - She was born with partial hearing in one ear, gradually losing all hearing in that ear over several years.Brown divides her time between London, United Kingdom and Atlanta, Georgia.
8003:123146148757504::Thread-199 2020-08-09 18:59:51,519 - Career
In 2013, Brown made her acting debut as a guest star in the ABC fantasy drama series Once Upon a Time in Wonderland, a spin-off of Once Upon a Time, portraying the role of Young Alice.
8003:123146148757504::Thread-199 2020-08-09 18:59:54,522 - **END**
8003:123146148757504::Thread-199 2020-08-09 19:00:00,525 - **START**
8003:123146148757504::Thread-199 2020-08-09 19:00:00,533 - Starting new HTTPS connection (1): en.wikipedia.org
8003:123146148757504::Thread-199 2020-08-09 19:00:02,527 - Toronto is the capital city of the Canadian province of Ontario.
8003:123146148757504::Thread-199 2020-08-09 19:00:03,183 - With a recorded population of 2,731,571 in 2016, it is the most populous city in Canada and the fourth most populous city in North America.
8003:123146148757504::Thread-199 2020-08-09 19:00:04,122 - The city is the anchor of the Golden Horseshoe, an urban agglomeration of 9,245,438 people (as of 2016) surrounding the western end of Lake Ontario, while the Greater Toronto Area (GTA) proper had a 2016 population of 6,417,516.
8003:123146148757504::Thread-199 2020-08-09 19:00:04,164 - Toronto is an international centre of business, finance, arts, and culture, and is recognized as one of the most multicultural and cosmopolitan cities in the world.People have travelled through and inhabited the Toronto area, located on a broad sloping plateau interspersed with rivers, deep ravines, and urban forest, for more than 10,000 years.
8003:123146148757504::Thread-199 2020-08-09 19:00:04,692 - After the broadly disputed Toronto Purchase, when the Mississauga surrendered the area to the British Crown, the British established the town of York in 1793 and later designated it as the capital of Upper Canada.
8003:123146148757504::Thread-199 2020-08-09 19:00:04,968 - During the War of 1812, the town was the site of the Battle of York and suffered heavy damage by American troops.
8003:123146148757504::Thread-199 2020-08-09 19:00:05,182 - York was renamed and incorporated in 1834 as the city of Toronto.
8003:123146148757504::Thread-199 2020-08-09 19:00:05,915 - It was designated as the capital of the province of Ontario in 1867 during Canadian Confederation.
8003:123146148757504::Thread-199 2020-08-09 19:00:06,341 - The city proper has since expanded past its original borders through both annexation and amalgamation to its current area of 630.2 km2 (243.3 sq mi).
8003:123146148757504::Thread-199 2020-08-09 19:00:07,298 - The diverse population of Toronto reflects its current and historical role as an important destination for immigrants to Canada.
8003:123146148757504::Thread-199 2020-08-09 19:00:11,300 - **END**
