8003:123145622933504::Thread-74 2020-08-09 18:59:31,253 - **START**
8003:123145622933504::Thread-74 2020-08-09 18:59:32,768 - Starting new HTTPS connection (1): en.wikipedia.org
8003:123145622933504::Thread-74 2020-08-09 18:59:36,332 - Leicester City Football Club is an English professional football club based in Leicester in the East Midlands.
8003:123145622933504::Thread-74 2020-08-09 18:59:36,584 - The club competes in the Premier League, the top division of England's football league system, and plays its home matches at the King Power Stadium.The club was founded in 1884 as Leicester Fosse F.C., playing on a field near Fosse Road.
8003:123145622933504::Thread-74 2020-08-09 18:59:37,447 - They moved to Filbert Street in 1891, were elected to the Football League in 1894 and adopted the name Leicester City in 1919.
8003:123145622933504::Thread-74 2020-08-09 18:59:37,747 - They moved to the nearby Walkers Stadium in 2002, which was renamed the King Power Stadium in 2011.Leicester won the 2015–16 Premier League, their first top-level football championship.
8003:123145622933504::Thread-74 2020-08-09 18:59:39,418 - They are one of only seven clubs to have won the Premier League since its inception in 1992.
8003:123145622933504::Thread-74 2020-08-09 18:59:40,741 - A number of newspapers described Leicester's title win as the greatest sporting shock ever; multiple bookmakers had never paid out at such long odds for any sport.
8003:123145622933504::Thread-74 2020-08-09 18:59:42,806 - As a result, the team was dubbed "The Unbelievables", a spin-off harking back to Arsenal's undefeated team "The Invincibles".
8003:123145622933504::Thread-74 2020-08-09 18:59:43,289 - The club's previous highest finish was second place in the top flight, in 1928–29, then known as the First Division.
8003:123145622933504::Thread-74 2020-08-09 18:59:43,761 - Throughout their history, Leicester have spent all but one season in the top two divisions of English football.
8003:123145622933504::Thread-74 2020-08-09 18:59:45,344 - They hold a joint-highest seven second-tier titles (six Second Division and one Championship).
8003:123145622933504::Thread-74 2020-08-09 18:59:52,350 - **END**
8003:123145622933504::Thread-74 2020-08-09 19:00:09,352 - **START**
8003:123145622933504::Thread-74 2020-08-09 19:00:09,355 - Starting new HTTPS connection (1): en.wikipedia.org
8003:123145622933504::Thread-74 2020-08-09 19:00:12,339 - Mumbai (English: , Marathi: [ˈmumbəi]; colloquially known as Bombay , the official name until 1995) is the capital city of the Indian state of Maharashtra.
8003:123145622933504::Thread-74 2020-08-09 19:00:13,201 - According to United Nations, as of 2018, Mumbai is the most populous city in the country and the seventh-most populous city in the world with a population of roughly 20 million.
8003:123145622933504::Thread-74 2020-08-09 19:00:13,499 - As per Indian government population census of 2011, Mumbai is the most populous city in India with an estimated city proper population of 12.5 million living under Municipal Corporation of Greater Mumbai.
8003:123145622933504::Thread-74 2020-08-09 19:00:15,299 - Mumbai is the centre of the Mumbai Metropolitan Region, the sixth most populous metropolitan area in the world with a population of over 23 million.
8003:123145622933504::Thread-74 2020-08-09 19:00:18,064 - Mumbai lies on the Konkan coast on the west coast of India and has a deep natural harbour.
8003:123145622933504::Thread-74 2020-08-09 19:00:19,324 - In 2008, Mumbai was named an alpha world city.
8003:123145622933504::Thread-74 2020-08-09 19:00:20,441 - It has the highest number of millionaires and billionaires among all cities in India.
8003:123145622933504::Thread-74 2020-08-09 19:00:23,075 - Mumbai is home to three UNESCO World Heritage Sites: the Elephanta Caves, Chhatrapati Shivaji Maharaj Terminus, and the city's distinctive ensemble of Victorian and Art Deco buildings.The seven islands that constitute Mumbai were originally home to communities of Marathi language speaking Koli people,  For centuries, the islands were under the control of successive indigenous empires before being ceded to the Portuguese Empire and subsequently to the East India Company when in 1661 Charles II of England married Catherine of Braganza and as part of her dowry Charles received the ports of Tangier and Seven Islands of Bombay.
8003:123145622933504::Thread-74 2020-08-09 19:00:24,019 - During the mid-18th century, Bombay was reshaped by the Hornby Vellard project, which undertook reclamation of the area between the seven islands from the sea.
8003:123145622933504::Thread-74 2020-08-09 19:00:25,443 - Along with construction of major roads and railways, the reclamation project, completed in 1845, transformed Bombay into a major seaport on the Arabian Sea.
8003:123145622933504::Thread-74 2020-08-09 19:00:32,449 - **END**
