8003:123145753337856::Thread-105 2020-08-09 18:59:30,263 - **START**
8003:123145753337856::Thread-105 2020-08-09 18:59:31,153 - Starting new HTTPS connection (1): en.wikipedia.org
8003:123145753337856::Thread-105 2020-08-09 18:59:34,371 - Vatican may refer to:


The Holy See
The Holy See, the governing body of the Catholic Church and sovereign entity recognized by international law, consisting of the pope and the Roman Curia
A metonym for the governance of the Catholic Church, particularly when attributing doctrine
Roman Curia, the administrative apparatus of the Holy See
Vatican Library, of the Roman Curia.
8003:123145753337856::Thread-105 2020-08-09 18:59:36,411 - Vatican Apostolic Archive, which were separated from the Vatican Library in the 17th century
Vatican Publishing House, the publisher of official documents of the Holy See, separated from the Vatican Library in 1926


Vatican City
Vatican City, the city-state ruled by the pope in Rome, including St. Peter's Basilica, Sistine Chapel, Vatican Museums
Apostolic Palace, the official residence of the pope on the Vatican Hill, sometimes called the Vatican Palace
St.
8003:123145753337856::Thread-105 2020-08-09 18:59:39,417 - **END**
8003:123145753337856::Thread-105 2020-08-09 18:59:50,422 - **START**
8003:123145753337856::Thread-105 2020-08-09 18:59:50,426 - Starting new HTTPS connection (1): en.wikipedia.org
8003:123145753337856::Thread-105 2020-08-09 18:59:52,682 - Cindy Taylor (born July 16, 1980) is an American retired pornographic actress and model best known by her stage name Jesse Jane.
8003:123145753337856::Thread-105 2020-08-09 18:59:54,337 - She is the recipient of numerous awards and nominations over her career in the adult industry including induction into the AVN and XRCO Hall of Fame.
8003:123145753337856::Thread-105 2020-08-09 18:59:55,021 - Jane is also the Australian Penthouse magazine Pet of the Month for November 2010.
8003:123145753337856::Thread-105 2020-08-09 18:59:56,066 - She was an exclusive contract performer for Digital Playground between 2002 and 2014.
8003:123145753337856::Thread-105 2020-08-09 18:59:56,079 - In January 2015, she signed an exclusive, two-year performing contract with Jules Jordan Video.
8003:123145753337856::Thread-105 2020-08-09 18:59:57,162 - Early life
Jane was a military brat who grew up on various military bases in the Midwestern United States.
8003:123145753337856::Thread-105 2020-08-09 18:59:58,998 - She did extensive dance training and was a varsity cheerleader at her high school in Rose Hill, Kansas.
8003:123145753337856::Thread-105 2020-08-09 19:00:00,315 - She graduated from Moore High School in Moore, Oklahoma in 1998.
8003:123145753337856::Thread-105 2020-08-09 19:00:02,292 - Career

Jane read an article on Tera Patrick that said that Patrick worked for adult-film production company Digital Playground.
8003:123145753337856::Thread-105 2020-08-09 19:00:03,889 - She contacted them and was quickly signed to a contract.
8003:123145753337856::Thread-105 2020-08-09 19:00:09,893 - **END**
