8003:123145719685120::Thread-97 2020-08-09 18:59:29,256 - **START**
8003:123145719685120::Thread-97 2020-08-09 18:59:29,392 - Starting new HTTPS connection (1): en.wikipedia.org
8003:123145719685120::Thread-97 2020-08-09 18:59:31,804 - Heath Andrew Ledger (4 April 1979 – 22 January 2008) was an Australian actor, photographer and music video director.
8003:123145719685120::Thread-97 2020-08-09 18:59:32,197 - After performing roles in several Australian television and film productions during the 1990s, Ledger left for the United States in 1998 to further develop his film career.
8003:123145719685120::Thread-97 2020-08-09 18:59:33,938 - His work consisted of nineteen films, including 10 Things I Hate About You (1999), The Patriot (2000), A Knight's Tale (2001), Monster's Ball (2001), Lords of Dogtown (2005), Brokeback Mountain (2005), Candy (2006), The Dark Knight (2008), and The Imaginarium of Doctor Parnassus (2009), the latter two being posthumous releases.
8003:123145719685120::Thread-97 2020-08-09 18:59:34,476 - He also produced and directed music videos and aspired to be a film director.For his portrayal of Ennis Del Mar in Brokeback Mountain, Ledger won the New York Film Critics Circle Award for Best Actor and the Best International Actor Award from the Australian Film Institute; he was the first actor to win the latter award posthumously.
8003:123145719685120::Thread-97 2020-08-09 18:59:37,237 - He was nominated for the BAFTA Award for Best Actor in a Leading Role and the Academy Award for Best Actor.
8003:123145719685120::Thread-97 2020-08-09 18:59:40,032 - Posthumously, he shared the 2007 Independent Spirit Robert Altman Award with the rest of the ensemble cast, the director, and the casting director for the film I'm Not There, which was inspired by the life and songs of American singer-songwriter Bob Dylan.
8003:123145719685120::Thread-97 2020-08-09 18:59:40,912 - In the film, Ledger portrayed a fictional actor named Robbie Clark, one of six characters embodying aspects of Dylan's life and persona.Ledger died on 22 January 2008 due to an accidental overdose of prescription medications.
8003:123145719685120::Thread-97 2020-08-09 18:59:42,404 - A few months before his death, Ledger had finished filming his performance as the Joker in The Dark Knight.
8003:123145719685120::Thread-97 2020-08-09 18:59:43,442 - At the time of his death, The Dark Knight was in its editing phase, and The Imaginarium of Doctor Parnassus was in the midst of filming, in which he was playing his last role as Tony.
8003:123145719685120::Thread-97 2020-08-09 18:59:44,672 - His untimely death also affected the subsequent promotion of The Dark Knight.
8003:123145719685120::Thread-97 2020-08-09 18:59:48,677 - **END**
8003:123145719685120::Thread-97 2020-08-09 18:59:54,682 - **START**
8003:123145719685120::Thread-97 2020-08-09 18:59:54,686 - Starting new HTTPS connection (1): en.wikipedia.org
8003:123145719685120::Thread-97 2020-08-09 18:59:56,109 - Pythagoras of Samos (c. 570 – c. 495 BC) was an ancient Ionian Greek philosopher and the eponymous founder of Pythagoreanism.
8003:123145719685120::Thread-97 2020-08-09 18:59:56,398 - His political and religious teachings were well known in Magna Graecia and influenced the philosophies of Plato, Aristotle, and, through them, Western philosophy.
8003:123145719685120::Thread-97 2020-08-09 18:59:56,542 - Knowledge of his life is clouded by legend, but he appears to have been the son of Mnesarchus, a gem-engraver on the island of Samos.
8003:123145719685120::Thread-97 2020-08-09 18:59:57,280 - Modern scholars disagree regarding Pythagoras's education and influences, but they do agree that, around 530 BC, he travelled to Croton in southern Italy, where he founded a school in which initiates were sworn to secrecy and lived a communal, ascetic lifestyle.
8003:123145719685120::Thread-97 2020-08-09 18:59:57,425 - This lifestyle entailed a number of dietary prohibitions, traditionally said to have included vegetarianism, although modern scholars doubt that he ever advocated for complete vegetarianism.
8003:123145719685120::Thread-97 2020-08-09 18:59:58,024 - The teaching most securely identified with Pythagoras is metempsychosis, or the "transmigration of souls", which holds that every soul is immortal and, upon death, enters into a new body.
8003:123145719685120::Thread-97 2020-08-09 18:59:58,298 - He may have also devised the doctrine of musica universalis, which holds that the planets move according to mathematical equations and thus resonate to produce an inaudible symphony of music.
8003:123145719685120::Thread-97 2020-08-09 18:59:59,240 - Scholars debate whether Pythagoras developed the numerological and musical teachings attributed to him, or if those teachings were developed by his later followers, particularly Philolaus of Croton.
8003:123145719685120::Thread-97 2020-08-09 18:59:59,505 - Following Croton's decisive victory over Sybaris in around 510 BC, Pythagoras's followers came into conflict with supporters of democracy and Pythagorean meeting houses were burned.
8003:123145719685120::Thread-97 2020-08-09 18:59:59,990 - Pythagoras may have been killed during this persecution, or escaped to Metapontum, where he eventually died.
8003:123145719685120::Thread-97 2020-08-09 19:00:04,992 - **END**
