8003:123145656586240::Thread-82 2020-08-09 18:59:32,254 - **START**
8003:123145656586240::Thread-82 2020-08-09 18:59:33,347 - Starting new HTTPS connection (1): en.wikipedia.org
8003:123145656586240::Thread-82 2020-08-09 18:59:35,871 - Sachin Ramesh Tendulkar ( (listen); born 24 April 1973) is a former international cricketer from India and a former captain of the Indian national team.
8003:123145656586240::Thread-82 2020-08-09 18:59:36,624 - He is widely regarded as one of the greatest batsmen in the history of cricket.
8003:123145656586240::Thread-82 2020-08-09 18:59:37,554 - He is the highest run scorer of all time in International cricket.
8003:123145656586240::Thread-82 2020-08-09 18:59:38,524 - Considered as the world's most prolific batsman of all time, he is the only player to have scored one hundred international centuries, the first batsman to score a double century in a One Day International (ODI), the holder of the record for the most runs in both Test and ODI cricket, and the only player to complete more than 30,000 runs in international cricket.Tendulkar took up cricket at the age of eleven, made his Test debut on 15 November 1989 against Pakistan in Karachi at the age of sixteen, and went on to represent Mumbai domestically and India internationally for close to twenty-four years.
8003:123145656586240::Thread-82 2020-08-09 18:59:38,746 - In 2002, halfway through his career, Wisden Cricketers' Almanack ranked him the second greatest Test batsman of all time, behind Don Bradman, and the second greatest ODI batsman of all time, behind Viv Richards.
8003:123145656586240::Thread-82 2020-08-09 18:59:39,323 - Later in his career, Tendulkar was a part of the Indian team that won the 2011 World Cup, his first win in six World Cup appearances for India.
8003:123145656586240::Thread-82 2020-08-09 18:59:40,275 - He had previously been named "Player of the Tournament" at the 2003 edition of the tournament, held in South Africa.
8003:123145656586240::Thread-82 2020-08-09 18:59:40,348 - In 2013, he was the only Indian cricketer included in an all-time Test World XI named to mark the 150th anniversary of Wisden Cricketers' Almanack.
8003:123145656586240::Thread-82 2020-08-09 18:59:41,286 - He is affectionately known as Little Master or Master Blaster.Tendulkar received the Arjuna Award in 1994 for his outstanding sporting achievement, the Rajiv Gandhi Khel Ratna award in 1997, India's highest sporting honour, and the Padma Shri and Padma Vibhushan awards in 1999 and 2008, respectively, India's fourth and second highest civilian awards.
8003:123145656586240::Thread-82 2020-08-09 18:59:41,603 - After a few hours of his final match on 16 November 2013, the Prime Minister's Office announced the decision to award him the Bharat Ratna, India's highest civilian award.
8003:123145656586240::Thread-82 2020-08-09 18:59:45,609 - **END**
8003:123145656586240::Thread-82 2020-08-09 18:59:51,612 - **START**
8003:123145656586240::Thread-82 2020-08-09 18:59:51,616 - Starting new HTTPS connection (1): en.wikipedia.org
8003:123145656586240::Thread-82 2020-08-09 18:59:53,785 - Emmanuel "Manny" Dapidran Pacquiao, CLH ( PAK-ee-ow; born December 17, 1978) is a Filipino professional boxer and Senator of the Phillippines.
8003:123145656586240::Thread-82 2020-08-09 18:59:54,483 - Nicknamed "PacMan", he is regarded as one of the greatest professional boxers of all time.
8003:123145656586240::Thread-82 2020-08-09 18:59:55,376 - He was elected as Senator of the Phillippines in 2016 and is serving a 6 year term.
8003:123145656586240::Thread-82 2020-08-09 18:59:56,740 - Manny Pacquiao is the only eight-division world champion in the history of boxing, and has won twelve major world titles.
8003:123145656586240::Thread-82 2020-08-09 18:59:58,673 - He was the first boxer to win the lineal championship in five different weight classes, the first boxer to win major world titles in four of the eight "glamour divisions": flyweight, featherweight, lightweight, and welterweight, and is the only boxer to hold world championships across four decades (1990s, 2000s, 2010s, and 2020s).As of 2015, Pacquiao's fights had generated $1.2 billion in revenue from his 25 pay-per-view bouts.
8003:123145656586240::Thread-82 2020-08-09 18:59:59,113 - According to Forbes, he was the second highest paid athlete in the world in 2015.In July 2019, Pacquiao became the oldest welterweight world champion in history at the age of 40, and the first boxer in history to become a recognized four-time welterweight champion after defeating Keith Thurman to win the WBA (Super) welterweight title.
8003:123145656586240::Thread-82 2020-08-09 19:00:00,632 - Early life and amateur career
Pacquiao was born and raised in Kibawe, Bukidnon, Philippines.
8003:123145656586240::Thread-82 2020-08-09 19:00:02,551 - He is the son of Rosalio Pacquiao and Dionisia Dapidran-Pacquiao.
8003:123145656586240::Thread-82 2020-08-09 19:00:03,406 - His parents separated when he was in sixth grade, after his father had an affair.
8003:123145656586240::Thread-82 2020-08-09 19:00:05,039 - He is the fourth of six siblings, one of whom, Alberto "Bobby" Pacquiao, is also a politician and former professional boxer.
8003:123145656586240::Thread-82 2020-08-09 19:00:10,043 - **END**
