8003:123146094071808::Thread-186 2020-08-09 18:59:33,283 - **START**
8003:123146094071808::Thread-186 2020-08-09 18:59:34,109 - Starting new HTTPS connection (1): en.wikipedia.org
8003:123146094071808::Thread-186 2020-08-09 18:59:39,172 - Hadrian's Wall (Latin: Vallum Aelium), also known as the Roman Wall, Picts' Wall, or Vallum Hadriani in Latin, is a former defensive fortification of the Roman province of Britannia, begun in AD 122 in the reign of the emperor Hadrian.
8003:123146094071808::Thread-186 2020-08-09 18:59:39,785 - It ran from the banks of the River Tyne near the North Sea to the Solway Firth on the Irish Sea, and was the northern limit of the Roman Empire, immediately north of which were the lands of the northern Ancient Britons, including the Picts.
8003:123146094071808::Thread-186 2020-08-09 18:59:41,648 - It had a stone base and a stone wall.
8003:123146094071808::Thread-186 2020-08-09 18:59:42,806 - There were milecastles with two turrets in between.
8003:123146094071808::Thread-186 2020-08-09 18:59:44,750 - There was a fort about every five Roman miles.
8003:123146094071808::Thread-186 2020-08-09 18:59:44,802 - From north to south, the wall comprised a ditch, wall, military way and vallum, another ditch with adjoining mounds.
8003:123146094071808::Thread-186 2020-08-09 18:59:45,534 - It is thought the milecastles were staffed with static garrisons, whereas the forts had fighting garrisons of infantry and cavalry.
8003:123146094071808::Thread-186 2020-08-09 18:59:48,194 - In addition to the wall's defensive military role, its gates may have been customs posts.A significant portion of the wall still stands and can be followed on foot along the adjoining Hadrian's Wall Path.
8003:123146094071808::Thread-186 2020-08-09 18:59:50,307 - The largest Roman archaeological feature in Britain, it runs a total of 73 miles (117.5 kilometres)  in northern England.
8003:123146094071808::Thread-186 2020-08-09 18:59:50,519 - Regarded as a British cultural icon, Hadrian's Wall is one of Britain's major ancient tourist attractions.
8003:123146094071808::Thread-186 2020-08-09 18:59:52,525 - **END**
8003:123146094071808::Thread-186 2020-08-09 18:59:58,532 - **START**
8003:123146094071808::Thread-186 2020-08-09 18:59:58,589 - Starting new HTTPS connection (1): en.wikipedia.org
8003:123146094071808::Thread-186 2020-08-09 19:00:01,116 - Stephanie Clifford (born March 17, 1979), known as Stormy Daniels, is an American pornographic actress, stripper, writer and director.
8003:123146094071808::Thread-186 2020-08-09 19:00:03,078 - She has won numerous industry awards, and is a member of the NightMoves, AVN and XRCO Halls of Fame.
8003:123146094071808::Thread-186 2020-08-09 19:00:05,008 - In 2009, a recruitment effort led her to consider challenging incumbent David Vitter for the 2010 Senate election in her native Louisiana.In 2018, Daniels became involved in a legal dispute with U.S. president Donald Trump and his attorney Michael Cohen.
8003:123146094071808::Thread-186 2020-08-09 19:00:05,254 - Trump and his surrogates paid $130,000 hush money to silence Daniels about an affair she says she had with Trump in 2006.
8003:123146094071808::Thread-186 2020-08-09 19:00:05,953 - Trump's spokespeople have denied the affair and accused Daniels of lying.
8003:123146094071808::Thread-186 2020-08-09 19:00:07,498 - Early life
Stephanie Gregory was born on March 17, 1979, to Sheila and Bill Gregory, who divorced about three or four years later.
8003:123146094071808::Thread-186 2020-08-09 19:00:07,832 - She was subsequently raised by her mother.She graduated from Scotlandville Magnet High School in Baton Rouge in 1997 and considered becoming a journalist.Daniels said she "came from an average, lower-income household… there [were] days without electricity", and she has described herself as coming from a "really bad neighborhood."
8003:123146094071808::Thread-186 2020-08-09 19:00:09,479 - During high school, Daniels had a job answering phones at a riding stable.
8003:123146094071808::Thread-186 2020-08-09 19:00:11,273 - Career

Daniels's first experience as a stripper occurred when she was 17 and visiting a friend at a strip club; she was convinced to perform a "guest set".
8003:123146094071808::Thread-186 2020-08-09 19:00:12,581 - She began stripping for money at the Gold Club in Baton Rouge and became a featured entertainer with Continental Theatrical Agency in September 2000.
8003:123146094071808::Thread-186 2020-08-09 19:00:14,267 - She chose her stage name Stormy Daniels to reflect her love of American rock band Mötley Crüe, whose bassist, Nikki Sixx, named his daughter Storm.
8003:123146094071808::Thread-186 2020-08-09 19:00:15,273 - **END**
