8003:123145757544448::Thread-106 2020-08-09 18:59:32,357 - **START**
8003:123145757544448::Thread-106 2020-08-09 18:59:33,347 - Starting new HTTPS connection (1): en.wikipedia.org
8003:123145757544448::Thread-106 2020-08-09 18:59:36,062 - Bryan Matthew Sevilla (born February 7, 1986), known professionally by the stage name James Deen, is an American pornographic actor and director.He entered the porn industry in 2004 at the age of 18.
8003:123145757544448::Thread-106 2020-08-09 18:59:36,198 - He gained attention due to his relatively slender build, lack of tattoos, and everyman appeal, bucking the stereotypical image of hypermasculine male actors in the pornography industry.
8003:123145757544448::Thread-106 2020-08-09 18:59:37,121 - In late 2015, multiple women came forward with allegations of sexual misconduct including rape against Deen, with the most notable being his former girlfriend Joanna Angel.
8003:123145757544448::Thread-106 2020-08-09 18:59:37,339 - Early life
Deen was born in to a Jewish family in Los Angeles County, California and raised in Pasadena.
8003:123145757544448::Thread-106 2020-08-09 18:59:38,818 - His father is a mechanical engineer and his mother is a computer electronic engineer, and one of them worked at the Jet Propulsion Laboratory.
8003:123145757544448::Thread-106 2020-08-09 18:59:40,525 - Sevilla graduated from La Cañada High School in 2004.
8003:123145757544448::Thread-106 2020-08-09 18:59:42,472 - At 17, Deen moved in with his father.
8003:123145757544448::Thread-106 2020-08-09 18:59:43,760 - He worked at a Starbucks for two years and took classes at Pasadena City College.
8003:123145757544448::Thread-106 2020-08-09 18:59:44,362 - Career

According to Deen, performing in pornographic films was his ambition since he was in kindergarten.
8003:123145757544448::Thread-106 2020-08-09 18:59:46,072 - After entering the pornography industry in 2004, he initially worked with older female performers.
8003:123145757544448::Thread-106 2020-08-09 18:59:54,074 - **END**
8003:123145757544448::Thread-106 2020-08-09 19:00:07,076 - **START**
8003:123145757544448::Thread-106 2020-08-09 19:00:07,091 - Starting new HTTPS connection (1): en.wikipedia.org
8003:123145757544448::Thread-106 2020-08-09 19:00:08,339 - The Forbidden City (Chinese: 故宫; pinyin: Gùgōng) is a palace complex in central Beijing, China.
8003:123145757544448::Thread-106 2020-08-09 19:00:08,640 - It houses the Palace Museum, and was the former Chinese imperial palace and state residence of the Emperor of China from the Ming dynasty (since the Yongle Emperor) to the end of the Qing dynasty, between 1420 and 1924.
8003:123145757544448::Thread-106 2020-08-09 19:00:09,050 - The Forbidden City served as the home of Chinese emperors and their households and was the ceremonial and political center of the Chinese government for almost 500 years.
8003:123145757544448::Thread-106 2020-08-09 19:00:09,282 - Constructed from 1406 to 1420, the complex consists of 980 buildings and covers 72 hectares (over 180 acres).
8003:123145757544448::Thread-106 2020-08-09 19:00:09,699 - The palace exemplifies traditional Chinese palatial architecture, and has influenced cultural and architectural developments in East Asia and elsewhere.
8003:123145757544448::Thread-106 2020-08-09 19:00:10,149 - The Forbidden City was declared a World Heritage Site in 1987, and is listed by UNESCO as the largest collection of preserved ancient wooden structures in the world.
8003:123145757544448::Thread-106 2020-08-09 19:00:10,804 - Since 1925, the Forbidden City has been under the charge of the Palace Museum, whose extensive collection of artwork and artifacts were built upon the imperial collections of the Ming and Qing dynasties.
8003:123145757544448::Thread-106 2020-08-09 19:00:11,570 - Part of the museum's former collection is now in the National Palace Museum in Taipei.
8003:123145757544448::Thread-106 2020-08-09 19:00:12,417 - Both museums descend from the same institution, but were split after the Chinese Civil War.
8003:123145757544448::Thread-106 2020-08-09 19:00:13,110 - Since 2012, the Forbidden City has seen an average of 14 million visitors annually, and received more than 19 million visitors in 2019.
8003:123145757544448::Thread-106 2020-08-09 19:00:20,117 - **END**
