8003:123146266542080::Thread-227 2020-08-09 18:59:37,351 - **START**
8003:123146266542080::Thread-227 2020-08-09 18:59:37,513 - Starting new HTTPS connection (1): en.wikipedia.org
8003:123146266542080::Thread-227 2020-08-09 18:59:40,685 - Guns N' Roses, often abbreviated as GNR, is an American hard rock band from Los Angeles, California, formed in 1985.
8003:123146266542080::Thread-227 2020-08-09 18:59:41,785 - When they signed to Geffen Records in 1986, the band comprised vocalist Axl Rose, lead guitarist Slash, rhythm guitarist Izzy Stradlin, bassist Duff McKagan, and drummer Steven Adler.
8003:123146266542080::Thread-227 2020-08-09 18:59:43,759 - The current lineup consists of Rose, Slash, McKagan, keyboardist Dizzy Reed, guitarist Richard Fortus, drummer Frank Ferrer and keyboardist Melissa Reese.
8003:123146266542080::Thread-227 2020-08-09 18:59:43,915 - Guns N' Roses' debut album, Appetite for Destruction (1987), reached number one on the Billboard 200 a year after its release, on the strength of the top 10 singles "Welcome to the Jungle", "Paradise City", and "Sweet Child o' Mine", the band's only single to reach number one on the Billboard Hot 100.
8003:123146266542080::Thread-227 2020-08-09 18:59:45,767 - The album has sold approximately 30 million copies worldwide, including 18 million units in the United States, making it the country's bestselling debut album and eleventh-bestselling album.
8003:123146266542080::Thread-227 2020-08-09 18:59:47,335 - Their next studio album, G N' R Lies (1988), reached number two on the Billboard 200, sold ten million copies worldwide (including five million in the U.S.), and included the top 5 hit "Patience".
8003:123146266542080::Thread-227 2020-08-09 18:59:49,192 - Use Your Illusion I and Use Your Illusion II, recorded simultaneously and released in 1991, debuted at number two and number one on the Billboard 200 respectively and have sold a combined 35 million copies worldwide, including 14 million units in the United States.
8003:123146266542080::Thread-227 2020-08-09 18:59:49,593 - The Illusion albums included the lead single "You Could Be Mine" (also featured in the film soundtrack for Terminator 2), covers of "Live and Let Die" and "Knockin' on Heaven's Door", and a trilogy of ballads ("Don't Cry", "November Rain", and "Estranged"), which featured notably high-budget music videos.
8003:123146266542080::Thread-227 2020-08-09 18:59:51,299 - The Illusion records were also supported by the extensive Use Your Illusion Tour, a world tour that lasted from 1991–1993.
8003:123146266542080::Thread-227 2020-08-09 18:59:51,519 - "The Spaghetti Incident?"
8003:123146266542080::Thread-227 2020-08-09 18:59:52,261 - (1993), an album of covers, was the band's last studio album to feature Slash and McKagan before their initial departure.
8003:123146266542080::Thread-227 2020-08-09 18:59:58,267 - **END**
8003:123146266542080::Thread-227 2020-08-09 19:00:05,273 - **START**
8003:123146266542080::Thread-227 2020-08-09 19:00:05,285 - Starting new HTTPS connection (1): en.wikipedia.org
8003:123146266542080::Thread-227 2020-08-09 19:00:06,610 - The Alcatraz Federal Penitentiary or United States Penitentiary, Alcatraz Island (often referred to as Alcatraz [, Spanish pronunciation: [al-ka-tɾas] (Latin America)/Spanish pronunciation: [al-ka-tɾaθ] (Spain) from Arabic: غطاس‎, romanized: al-ġaţţās, lit.
8003:123146266542080::Thread-227 2020-08-09 19:00:06,682 - 'gannet ("the diver")'] or The Rock) was a maximum security federal prison on Alcatraz Island, 1.25 miles (2.01 km) off the coast of San Francisco, California, United States, the site of a fort since the 1850s; the main prison building was built in 1910–1912 as a United States Army military prison.
8003:123146266542080::Thread-227 2020-08-09 19:00:06,758 - The United States Department of Justice acquired the United States Disciplinary Barracks, Pacific Branch, on Alcatraz on 12 October 1933, and the island became a prison of the Federal Bureau of Prisons in August 1934 after the buildings were modernized and security increased.
8003:123146266542080::Thread-227 2020-08-09 19:00:07,072 - Given this high security and the island's location in the cold waters and strong currents of San Francisco Bay, prison operators believed Alcatraz to be escape-proof and America's strongest prison.
8003:123146266542080::Thread-227 2020-08-09 19:00:07,705 - The three-story cellhouse included the four main cell blocks, A-block through D-block, the warden's office, visitation room, the library, and the barber shop.
8003:123146266542080::Thread-227 2020-08-09 19:00:07,951 - The prison cells typically measured 9 feet (2.7 m) by 5 feet (1.5 m) and 7 feet (2.1 m) high.
8003:123146266542080::Thread-227 2020-08-09 19:00:08,254 - The cells were primitive and lacked privacy, with a bed, desk, and washbasin, and a toilet on the back wall, and with few furnishings except a blanket.
8003:123146266542080::Thread-227 2020-08-09 19:00:08,972 - African-Americans were segregated from other inmates in cell designation due to racial abuse.
8003:123146266542080::Thread-227 2020-08-09 19:00:09,939 - D-Block housed the worst inmates, and six cells at its end were designated "The Hole," where badly behaving prisoners would be sent for periods of often brutal punishment.
8003:123146266542080::Thread-227 2020-08-09 19:00:10,649 - The dining hall and kitchen extended from the main building.
8003:123146266542080::Thread-227 2020-08-09 19:00:19,653 - **END**
