8003:123145900568576::Thread-140 2020-08-09 18:59:28,274 - **START**
8003:123145900568576::Thread-140 2020-08-09 18:59:28,580 - Starting new HTTPS connection (1): en.wikipedia.org
8003:123145900568576::Thread-140 2020-08-09 18:59:31,699 - Adolf Hitler (German: [ˈadɔlf ˈhɪtlɐ] (listen); 20 April 1889 – 30 April 1945) was a German politician and leader of the Nazi Party (Nationalsozialistische Deutsche Arbeiterpartei; NSDAP).
8003:123145900568576::Thread-140 2020-08-09 18:59:33,722 - He rose to power as the chancellor of Germany in 1933 and then as Führer in 1934.
8003:123145900568576::Thread-140 2020-08-09 18:59:34,197 - During his dictatorship from 1933 to 1945, he initiated World War II in Europe by invading Poland on 1 September 1939.
8003:123145900568576::Thread-140 2020-08-09 18:59:35,749 - He was closely involved in military operations throughout the war and was central to the perpetration of the Holocaust.
8003:123145900568576::Thread-140 2020-08-09 18:59:35,975 - Hitler was born in Austria—then part of Austria-Hungary—and was raised near Linz.
8003:123145900568576::Thread-140 2020-08-09 18:59:37,407 - He moved to Germany in 1913 and was decorated during his service in the German Army in World War I.
8003:123145900568576::Thread-140 2020-08-09 18:59:39,400 - In 1919, he joined the German Workers' Party (DAP), the precursor of the NSDAP, and was appointed leader of the NSDAP in 1921.
8003:123145900568576::Thread-140 2020-08-09 18:59:42,319 - In 1923, he attempted to seize power in a failed coup in Munich and was imprisoned.
8003:123145900568576::Thread-140 2020-08-09 18:59:44,877 - In jail, he dictated the first volume of his autobiography and political manifesto Mein Kampf ("My Struggle").
8003:123145900568576::Thread-140 2020-08-09 18:59:47,050 - After his release in 1924, Hitler gained popular support by attacking the Treaty of Versailles and promoting Pan-Germanism, anti-semitism and anti-communism with charismatic oratory and Nazi propaganda.
8003:123145900568576::Thread-140 2020-08-09 18:59:48,694 - He frequently denounced international capitalism and communism as part of a Jewish conspiracy.
8003:123145900568576::Thread-140 2020-08-09 18:59:56,698 - **END**
8003:123145900568576::Thread-140 2020-08-09 19:00:10,703 - **START**
8003:123145900568576::Thread-140 2020-08-09 19:00:10,706 - Starting new HTTPS connection (1): en.wikipedia.org
8003:123145900568576::Thread-140 2020-08-09 19:00:13,442 - Madison Nicole Ziegler ( ZIG-lər; born September 30, 2002) is an American dancer, actress, author and model.
8003:123145900568576::Thread-140 2020-08-09 19:00:15,896 - She was initially known for appearing in Lifetime's reality show Dance Moms from 2011 (at age 8) until 2016.
8003:123145900568576::Thread-140 2020-08-09 19:00:15,963 - From 2014 to 2017, she gained wider recognition for starring in a series of music videos by Sia, including "Chandelier" and "Elastic Heart", which have in total attracted more than 5 billion views on YouTube.
8003:123145900568576::Thread-140 2020-08-09 19:00:16,520 - Ziegler has appeared in films, television and concerts, and has modeled on magazine covers and in advertisements for Capezio, Ralph Lauren, Fabletics and Target, among other brands.
8003:123145900568576::Thread-140 2020-08-09 19:00:18,224 - She was included by Time magazine on its list of the "30 most influential teens" in each of 2015, 2016 and 2017.
8003:123145900568576::Thread-140 2020-08-09 19:00:18,464 - Ziegler was a judge on the 2016 season of So You Think You Can Dance: The Next Generation, toured with Sia in North America and Australia in 2016 and 2017 and toured in Australia and New Zealand with her sister, Mackenzie, in 2017 and 2018.
8003:123145900568576::Thread-140 2020-08-09 19:00:18,683 - Her 2017 memoir, The Maddie Diaries, was a New York Times Best Seller.
8003:123145900568576::Thread-140 2020-08-09 19:00:19,624 - She voiced the character Camille Le Haut in the animated film Ballerina (2016) and appeared as Christina Sickleman in the feature film The Book of Henry (2017).
8003:123145900568576::Thread-140 2020-08-09 19:00:21,287 - Her social media presence includes an Instagram account with more than 13.6 million followers.
8003:123145900568576::Thread-140 2020-08-09 19:00:22,243 - Early life and education
Ziegler was born in Pittsburgh, Pennsylvania, to Melissa Ziegler-Gisoni and Kurt Ziegler, who owned a mortgage company.
8003:123145900568576::Thread-140 2020-08-09 19:00:29,249 - **END**
