8003:123146199236608::Thread-211 2020-08-09 18:59:31,314 - **START**
8003:123146199236608::Thread-211 2020-08-09 18:59:32,722 - Starting new HTTPS connection (1): en.wikipedia.org
8003:123146199236608::Thread-211 2020-08-09 18:59:35,858 - Prince Rogers Nelson (June 7, 1958 – April 21, 2016) was an American singer-songwriter, musician, record producer, dancer, actor, and filmmaker.
8003:123146199236608::Thread-211 2020-08-09 18:59:36,852 - He is widely regarded as one of the greatest musicians of his generation.
8003:123146199236608::Thread-211 2020-08-09 18:59:37,719 - A multi-instrumentalist who was considered a guitar virtuoso, he was well known for his eclectic work across multiple genres, flamboyant and androgynous persona, and wide vocal range which included a far-reaching falsetto and high-pitched screams.
8003:123146199236608::Thread-211 2020-08-09 18:59:37,973 - Prince's innovative music integrated a wide variety of styles, including funk, R&B, rock, new wave, soul, synth-pop, psychedelia, pop, industrial, and hip hop.
8003:123146199236608::Thread-211 2020-08-09 18:59:38,955 - He pioneered the Minneapolis sound, a funk rock subgenre that emerged in the late 1970s.
8003:123146199236608::Thread-211 2020-08-09 18:59:39,272 - He was also known for his prolific output, releasing 39 albums during his life, with a vast array of unreleased projects left in a vault at his home after his death; it is believed that the vault contains dozens of fully produced albums and over 50 music videos that have never been released, along with various other media.
8003:123146199236608::Thread-211 2020-08-09 18:59:39,746 - He released hundreds of songs both under his own name and multiple pseudonyms during his life, as well as writing songs that were made famous by other musicians, such as "Nothing Compares 2 U" and "Manic Monday".
8003:123146199236608::Thread-211 2020-08-09 18:59:40,149 - Estimates of the complete number of songs written by Prince range anywhere from 500 to well over 1,000.Born and raised in Minneapolis, Minnesota, Prince signed a recording contract with Warner Bros. Records at the age of 19.
8003:123146199236608::Thread-211 2020-08-09 18:59:40,887 - Prince went on to achieve critical success with the musically complex albums Dirty Mind (1980), Controversy (1981), and 1999 (1982).
8003:123146199236608::Thread-211 2020-08-09 18:59:41,915 - **END**
8003:123146199236608::Thread-211 2020-08-09 18:59:45,917 - **START**
8003:123146199236608::Thread-211 2020-08-09 18:59:45,920 - Starting new HTTPS connection (1): en.wikipedia.org
8003:123146199236608::Thread-211 2020-08-09 18:59:48,728 - Hagia Sophia (; from Koinē Greek: Ἁγία Σοφία, romanized: Hagía Sophía; Latin: Sancta Sophia, lit.
8003:123146199236608::Thread-211 2020-08-09 18:59:49,088 - 'Holy Wisdom'), officially the Hagia Sophia Grand Mosque (Turkish: Ayasofya-i Kebir Cami-i Şerifi) and formerly the Church of Hagia Sophia, is a Late Antique place of worship in Istanbul.
8003:123146199236608::Thread-211 2020-08-09 18:59:50,641 - Built in 537 as the patriarchal cathedral of the imperial capital of Constantinople, it was the largest Christian church of the eastern Roman Empire (the Byzantine Empire) and the Eastern Orthodox Church, except during the Latin Empire from 1204 to 1261, when it became the city's Roman Catholic cathedral.
8003:123146199236608::Thread-211 2020-08-09 18:59:53,132 - In 1453, after the Fall of Constantinople to the Ottoman Empire, it was  converted into a mosque.
8003:123146199236608::Thread-211 2020-08-09 18:59:54,548 - In 1935 the secular Turkish Republic established it as a museum.
8003:123146199236608::Thread-211 2020-08-09 18:59:55,898 - In 2020, it re-opened as a mosque.
8003:123146199236608::Thread-211 2020-08-09 18:59:58,164 - Built by the eastern Roman emperor Justinian I as the Christian cathedral of Constantinople for the state church of the Roman Empire between 532 and 537, the church was then the world's largest interior space and among the first to employ a fully pendentive dome.
8003:123146199236608::Thread-211 2020-08-09 19:00:00,764 - It is considered the epitome of Byzantine architecture and is said to have "changed the history of architecture".
8003:123146199236608::Thread-211 2020-08-09 19:00:02,620 - The building was designed by the Greek geometers Isidore of Miletus and Anthemius of Tralles.
8003:123146199236608::Thread-211 2020-08-09 19:00:04,758 - The present Justinianic building was the third church of the same name to occupy the site, the prior one having been destroyed in the Nika riots.
8003:123146199236608::Thread-211 2020-08-09 19:00:08,761 - **END**
