8003:123146258128896::Thread-225 2020-08-09 18:59:34,318 - **START**
8003:123146258128896::Thread-225 2020-08-09 18:59:35,019 - Starting new HTTPS connection (1): en.wikipedia.org
8003:123146258128896::Thread-225 2020-08-09 18:59:39,333 - The Mausoleum at Halicarnassus or Tomb of Mausolus (Ancient Greek: Μαυσωλεῖον τῆς Ἁλικαρνασσοῦ; Turkish: Halikarnas Mozolesi) was a tomb built between 353 and 350 BC in Halicarnassus (present Bodrum, Turkey) for Mausolus, a native Anatolian from Caria and a satrap in the Achaemenid Empire, and his sister-wife Artemisia II of Caria.
8003:123146258128896::Thread-225 2020-08-09 18:59:41,213 - The structure was designed by the Greek architects Satyros and Pythius of Priene.
8003:123146258128896::Thread-225 2020-08-09 18:59:41,884 - Its elevated tomb structure is derived from the tombs of neighbouring Lycia, a territory Mausolus had invaded and annexed circa 360 BC, such as the Nereid Monument.The Mausoleum was approximately 45 m (148 ft) in height, and the four sides were adorned with sculptural reliefs, each created by one of four Greek sculptors: Leochares, Bryaxis, Scopas of Paros, and Timotheus.
8003:123146258128896::Thread-225 2020-08-09 18:59:43,832 - The finished structure of the mausoleum was considered to be such an aesthetic triumph that Antipater of Sidon identified it as one of his Seven Wonders of the Ancient World.
8003:123146258128896::Thread-225 2020-08-09 18:59:45,481 - It was destroyed by successive earthquakes from the 12th to the 15th century, the last surviving of the six destroyed wonders.
8003:123146258128896::Thread-225 2020-08-09 18:59:46,369 - The word mausoleum has now come to be used generically for an above-ground tomb.
8003:123146258128896::Thread-225 2020-08-09 18:59:48,023 - Conquest

In the 4th century BC, Halicarnassus was the capital of a small regional kingdom of Caria within the Achaemenid Empire on the western coast of Asia Minor.
8003:123146258128896::Thread-225 2020-08-09 18:59:48,749 - In 377 BC, the nominal ruler of the region, Hecatomnus of Milas, died and left the control of the kingdom to his son, Mausolus.
8003:123146258128896::Thread-225 2020-08-09 18:59:48,827 - Hecatomnus, a local dynast under the Persians, took control of several of the neighboring cities and districts.
8003:123146258128896::Thread-225 2020-08-09 18:59:49,683 - After Artemisia and Mausolus, he had several other daughters and sons: Ada (adoptive mother of Alexander the Great), Idrieus and Pixodarus.
8003:123146258128896::Thread-225 2020-08-09 18:59:50,689 - **END**
8003:123146258128896::Thread-225 2020-08-09 18:59:59,693 - **START**
8003:123146258128896::Thread-225 2020-08-09 18:59:59,740 - Starting new HTTPS connection (1): en.wikipedia.org
8003:123146258128896::Thread-225 2020-08-09 19:00:02,011 - Manchester United Football Club is a professional football club based in Old Trafford, Greater Manchester, England, that competes in the Premier League, the top flight of English football.
8003:123146258128896::Thread-225 2020-08-09 19:00:02,872 - Nicknamed "the Red Devils", the club was founded as Newton Heath LYR Football Club in 1878, changed its name to Manchester United in 1902 and moved to its current stadium, Old Trafford, in 1910.
8003:123146258128896::Thread-225 2020-08-09 19:00:03,220 - Manchester United have won more trophies than any other club in English football, with a record 20 League titles, 12 FA Cups, five League Cups and a record 21 FA Community Shields.
8003:123146258128896::Thread-225 2020-08-09 19:00:03,766 - United have also won three UEFA Champions Leagues, one UEFA Europa League, one UEFA Cup Winners' Cup, one UEFA Super Cup, one Intercontinental Cup and one FIFA Club World Cup.
8003:123146258128896::Thread-225 2020-08-09 19:00:04,694 - In 1998–99, the club became the first in the history of English football to achieve the continental European treble.
8003:123146258128896::Thread-225 2020-08-09 19:00:06,529 - By winning the UEFA Europa League in 2016–17, they became one of five clubs to have won all three main UEFA club competitions.
8003:123146258128896::Thread-225 2020-08-09 19:00:06,761 - The 1958 Munich air disaster claimed the lives of eight players.
8003:123146258128896::Thread-225 2020-08-09 19:00:06,806 - In 1968, under the management of Matt Busby, Manchester United became the first English football club to win the European Cup.
8003:123146258128896::Thread-225 2020-08-09 19:00:06,935 - Alex Ferguson won 38 trophies as manager, including 13 Premier League titles, 5 FA Cups and 2 UEFA Champions Leagues, between 1986 and 2013, when he announced his retirement.
8003:123146258128896::Thread-225 2020-08-09 19:00:07,734 - Manchester United was the highest-earning football club in the world for 2016–17, with an annual revenue of €676.3 million, and the world's third most valuable football club in 2019, valued at £3.15 billion ($3.81 billion).
8003:123146258128896::Thread-225 2020-08-09 19:00:16,737 - **END**
