8003:123146241302528::Thread-221 2020-08-09 18:59:31,314 - **START**
8003:123146241302528::Thread-221 2020-08-09 18:59:32,498 - Starting new HTTPS connection (1): en.wikipedia.org
8003:123146241302528::Thread-221 2020-08-09 18:59:35,630 - Aston Villa Football Club is an English professional football club based in Aston, Birmingham.
8003:123146241302528::Thread-221 2020-08-09 18:59:36,379 - The club competes in the Premier League, the top tier of the English football league system.
8003:123146241302528::Thread-221 2020-08-09 18:59:36,737 - Founded in 1874, they have played at their home ground, Villa Park, since 1897.
8003:123146241302528::Thread-221 2020-08-09 18:59:38,739 - Aston Villa were one of the founder members of the Football League in 1888 and of the Premier League in 1992.
8003:123146241302528::Thread-221 2020-08-09 18:59:41,623 - Villa are one of only five English clubs to have won the European Cup, in 1981–82.
8003:123146241302528::Thread-221 2020-08-09 18:59:42,320 - They have also won the Football League First Division seven times, the FA Cup seven times, the League Cup five times, and the European (UEFA) Super Cup once.
8003:123146241302528::Thread-221 2020-08-09 18:59:42,805 - Villa have a fierce local rivalry with Birmingham City and the Second City derby between the teams has been played since 1879.
8003:123146241302528::Thread-221 2020-08-09 18:59:43,991 - The club's traditional kit colours are claret shirts with sky blue sleeves, white shorts and sky blue socks.
8003:123146241302528::Thread-221 2020-08-09 18:59:44,133 - Their traditional club badge is of a rampant lion.
8003:123146241302528::Thread-221 2020-08-09 18:59:45,599 - The club is currently owned by the NSWE group, a company owned by the Egyptian billionaire Nassef Sawiris and the American billionaire Wes Edens.
8003:123146241302528::Thread-221 2020-08-09 18:59:49,601 - **END**
8003:123146241302528::Thread-221 2020-08-09 18:59:52,603 - **START**
8003:123146241302528::Thread-221 2020-08-09 18:59:52,607 - Starting new HTTPS connection (1): en.wikipedia.org
8003:123146241302528::Thread-221 2020-08-09 18:59:55,117 - The Los Angeles Lakers are an American professional basketball team based in Los Angeles.
8003:123146241302528::Thread-221 2020-08-09 18:59:55,408 - The Lakers compete in the National Basketball Association (NBA) as a member of the league's Western Conference Pacific Division.
8003:123146241302528::Thread-221 2020-08-09 18:59:56,376 - The Lakers play their home games at Staples Center, an arena shared with the NBA's Los Angeles Clippers, the Los Angeles Sparks of the Women's National Basketball Association, and the Los Angeles Kings of the National Hockey League.
8003:123146241302528::Thread-221 2020-08-09 18:59:57,016 - The Lakers are one of the most successful teams in the history of the NBA, and have won 16 NBA championships, the second-most behind the Boston Celtics.
8003:123146241302528::Thread-221 2020-08-09 18:59:58,578 - The franchise began with the 1947 purchase of a disbanded team, the Detroit Gems of the National Basketball League (NBL).
8003:123146241302528::Thread-221 2020-08-09 18:59:59,423 - The new team began playing in Minneapolis, calling themselves the Minneapolis Lakers.
8003:123146241302528::Thread-221 2020-08-09 19:00:00,502 - Initially a member of the NBL, the Lakers won the 1948 NBL championship before joining the rival Basketball Association of America, where they would win five of the next six championships, led by star George Mikan.
8003:123146241302528::Thread-221 2020-08-09 19:00:01,620 - After struggling financially in the late 1950s following Mikan's retirement, they relocated to Los Angeles before the 1960–61 season.
8003:123146241302528::Thread-221 2020-08-09 19:00:02,194 - Led by Hall of Famers Elgin Baylor and Jerry West, Los Angeles made the NBA Finals six times in the 1960s, but lost each series to the Celtics, beginning their long and storied rivalry.
8003:123146241302528::Thread-221 2020-08-09 19:00:03,299 - In 1968, the Lakers acquired four-time NBA Most Valuable Player (MVP) Wilt Chamberlain, and won their sixth NBA title—and first in Los Angeles—in 1972, led by new head coach Bill Sharman.
8003:123146241302528::Thread-221 2020-08-09 19:00:10,303 - **END**
