8003:123145816436736::Thread-120 2020-08-09 18:59:37,268 - **START**
8003:123145816436736::Thread-120 2020-08-09 18:59:37,511 - Starting new HTTPS connection (1): en.wikipedia.org
8003:123145816436736::Thread-120 2020-08-09 18:59:41,465 - Domesday Book ( or US: ; Latin: Liber de Wintonia "Book of Winchester") is a manuscript record of the "Great Survey" of much of England and parts of Wales completed in 1086 by order of King William the Conqueror.
8003:123145816436736::Thread-120 2020-08-09 18:59:41,720 - The Anglo-Saxon Chronicle states:
Then, at the midwinter [1085], was the king in Gloucester with his council ... .
8003:123145816436736::Thread-120 2020-08-09 18:59:43,081 - After this had the king a large meeting, and very deep consultation with his council, about this land; how it was occupied, and by what sort of men.
8003:123145816436736::Thread-120 2020-08-09 18:59:43,315 - Then sent he his men over all England into each shire; commissioning them to find out "How many hundreds of hides were in the shire, what land the king himself had, and what stock upon the land; or, what dues he ought to have by the year from the shire."
8003:123145816436736::Thread-120 2020-08-09 18:59:43,761 - Written in Medieval Latin, it was highly abbreviated and included some vernacular native terms without Latin equivalents.
8003:123145816436736::Thread-120 2020-08-09 18:59:44,950 - The survey's main purpose was to determine what taxes had been owed during the reign of King Edward the Confessor, thereby allowing William to reassert the rights of the Crown and assess where power lay after a wholesale redistribution of land following the Norman conquest.
8003:123145816436736::Thread-120 2020-08-09 18:59:45,371 - The assessors' reckoning of a man's holdings and their values, as recorded in Domesday Book, was dispositive and without appeal.
8003:123145816436736::Thread-120 2020-08-09 18:59:45,434 - The name "Domesday Book" (Middle English for "Doomsday Book") came into use in the 12th century.
8003:123145816436736::Thread-120 2020-08-09 18:59:47,331 - As Richard FitzNeal wrote in the Dialogus de Scaccario (circa 1179):
for as the sentence of that strict and terrible last account cannot be evaded by any skilful subterfuge, so when this book is appealed to ... its sentence cannot be quashed or set aside with impunity.
8003:123145816436736::Thread-120 2020-08-09 18:59:47,881 - That is why we have called the book "the Book of Judgement" ...
8003:123145816436736::Thread-120 2020-08-09 18:59:54,883 - **END**
8003:123145816436736::Thread-120 2020-08-09 18:59:59,885 - **START**
8003:123145816436736::Thread-120 2020-08-09 19:00:00,198 - Starting new HTTPS connection (1): en.wikipedia.org
8003:123145816436736::Thread-120 2020-08-09 19:00:03,042 - Nina Hartley (born Marie Louise Hartman; March 11, 1959) is an American pornographic actress, pornographic film director, sex educator, sex-positive feminist, and author.
8003:123145816436736::Thread-120 2020-08-09 19:00:03,242 - Early life
Marie Louise Hartman was born in Berkeley, California, to a Lutheran father and a Jewish mother (both deceased) whose family was from Alabama.
8003:123145816436736::Thread-120 2020-08-09 19:00:03,944 - She grew up in the San Francisco Bay Area.
8003:123145816436736::Thread-120 2020-08-09 19:00:05,809 - She is the youngest of four children, with an older sister and two older brothers.
8003:123145816436736::Thread-120 2020-08-09 19:00:06,915 - Her parents were Communists who converted to Buddhism when she was young.
8003:123145816436736::Thread-120 2020-08-09 19:00:08,795 - Her father was blacklisted in 1957.
8003:123145816436736::Thread-120 2020-08-09 19:00:09,705 - After graduating from Berkeley High School in 1977, she attended San Francisco State University's undergraduate nursing school and graduated magna cum laude in 1985.
8003:123145816436736::Thread-120 2020-08-09 19:00:09,832 - She was a registered nurse per the California Board of Registered Nursing until her license expired in 1986.
8003:123145816436736::Thread-120 2020-08-09 19:00:10,418 - Adult film career

Hartley saw The Autobiography of a Flea (the first adult film directed by a woman, Sharon McNight) alone, at a theater in San Francisco and chose her life work: making porn.In 1982, during her sophomore year of nursing school, she started working as a stripper at the Sutter Cinema and later the Mitchell Brothers O'Farrell Theatre.
8003:123145816436736::Thread-120 2020-08-09 19:00:11,533 - She made her foray into the world of pornographic movies during her junior year in 1984.
8003:123145816436736::Thread-120 2020-08-09 19:00:11,534 - **END**
