8003:123145761751040::Thread-107 2020-08-09 18:59:40,262 - **START**
8003:123145761751040::Thread-107 2020-08-09 18:59:40,885 - Starting new HTTPS connection (1): en.wikipedia.org
8003:123145761751040::Thread-107 2020-08-09 18:59:42,883 - Windsor Castle is a royal residence at Windsor in the English county of Berkshire.
8003:123145761751040::Thread-107 2020-08-09 18:59:43,796 - It is strongly associated with the English and succeeding British royal family, and embodies almost 1000 years of architectural history.
8003:123145761751040::Thread-107 2020-08-09 18:59:44,864 - The original castle was built in the 11th century after the Norman invasion of England by William the Conqueror.
8003:123145761751040::Thread-107 2020-08-09 18:59:46,736 - Since the time of Henry I, it has been used by the reigning monarch and is the longest-occupied palace in Europe.
8003:123145761751040::Thread-107 2020-08-09 18:59:48,832 - The castle's lavish early 19th-century State Apartments were described by early 20th century art historian Hugh Roberts as "a superb and unrivalled sequence of rooms widely regarded as the finest and most complete expression of later Georgian taste".
8003:123145761751040::Thread-107 2020-08-09 18:59:50,391 - Inside the castle walls is the 15th-century St George's Chapel, considered by the historian John Martin Robinson to be "one of the supreme achievements of English Perpendicular Gothic" design.Originally designed to protect Norman dominance around the outskirts of London and oversee a strategically important part of the River Thames, Windsor Castle was built as a motte-and-bailey, with three wards surrounding a central mound.
8003:123145761751040::Thread-107 2020-08-09 18:59:51,332 - Gradually replaced with stone fortifications, the castle withstood a prolonged siege during the First Barons' War at the start of the 13th century.
8003:123145761751040::Thread-107 2020-08-09 18:59:52,525 - Henry III built a luxurious royal palace within the castle during the middle of the century, and Edward III went further, rebuilding the palace to make an even grander set of buildings in what would become "the most expensive secular building project of the entire Middle Ages in England".
8003:123145761751040::Thread-107 2020-08-09 18:59:54,251 - Edward's core design lasted through the Tudor period, during which Henry VIII and Elizabeth I made increasing use of the castle as a royal court and centre for diplomatic entertainment.
8003:123145761751040::Thread-107 2020-08-09 18:59:56,748 - Windsor Castle survived the tumultuous period of the English Civil War, when it was used as a military headquarters by Parliamentary forces and a prison for Charles I.
8003:123145761751040::Thread-107 2020-08-09 18:59:57,782 - At the Restoration of the monarchy in 1660, Charles II rebuilt much of Windsor Castle with the help of the architect Hugh May, creating a set of extravagant Baroque interiors that are still admired.
8003:123145761751040::Thread-107 2020-08-09 18:59:57,783 - **END**
8003:123145761751040::Thread-107 2020-08-09 19:00:00,785 - **START**
8003:123145761751040::Thread-107 2020-08-09 19:00:00,894 - Starting new HTTPS connection (1): en.wikipedia.org
8003:123145761751040::Thread-107 2020-08-09 19:00:02,461 - Guinea-Bissau ( (listen); Portuguese: Guiné-Bissau), officially the Republic of Guinea-Bissau (Portuguese: República da Guiné-Bissau [ʁɛˈpuβlikɐ ðɐ ɣiˈnɛ βiˈsaw]), is a country in West Africa that covers 36,125 square kilometres (13,948 sq mi) with an estimated population of 1,874,303.
8003:123145761751040::Thread-107 2020-08-09 19:00:04,950 - It borders Senegal to the north and Guinea to the south-east.
8003:123145761751040::Thread-107 2020-08-09 19:00:06,889 - Guinea-Bissau was once part of the kingdom of Kaabu, as well as part of the Mali Empire.
8003:123145761751040::Thread-107 2020-08-09 19:00:07,710 - Parts of this kingdom persisted until the 18th century, while a few others were under some rule by the Portuguese Empire since the 16th century.
8003:123145761751040::Thread-107 2020-08-09 19:00:07,877 - In the 19th century, it was colonised as Portuguese Guinea.
8003:123145761751040::Thread-107 2020-08-09 19:00:08,653 - Upon independence, declared in 1973 and recognised in 1974, the name of its capital, Bissau, was added to the country's name to prevent confusion with Guinea (formerly French Guinea).
8003:123145761751040::Thread-107 2020-08-09 19:00:11,170 - Guinea-Bissau has a history of political instability since independence, and only one elected president (José Mário Vaz) has successfully served a full five-year term.Only about 2% of the population speaks Portuguese, the official language, as a first language, and 33% speak it as a second language.
8003:123145761751040::Thread-107 2020-08-09 19:00:13,765 - However, Creole is the national language and also considered the language of unity.
8003:123145761751040::Thread-107 2020-08-09 19:00:16,353 - According to a 2012 study, 54% of the population speak Creole as a first language and about 52% speak it as a second language.
8003:123145761751040::Thread-107 2020-08-09 19:00:17,214 - The remainder speak a variety of native African languages.
8003:123145761751040::Thread-107 2020-08-09 19:00:19,215 - **END**
