8003:123146009939968::Thread-166 2020-08-09 18:59:35,276 - **START**
8003:123146009939968::Thread-166 2020-08-09 18:59:36,583 - Starting new HTTPS connection (1): en.wikipedia.org
8003:123146009939968::Thread-166 2020-08-09 18:59:40,027 - Wembley Stadium (branded as Wembley Stadium connected by EE for sponsorship reasons) is a multi-purpose stadium in Wembley, London.
8003:123146009939968::Thread-166 2020-08-09 18:59:40,301 - It opened in 2007 on the site of the original Wembley Stadium, which was demolished from 2002 to 2003.
8003:123146009939968::Thread-166 2020-08-09 18:59:40,764 - The stadium hosts major football matches including home matches of the England national football team, and the FA Cup Final.
8003:123146009939968::Thread-166 2020-08-09 18:59:41,177 - Wembley Stadium is owned by the governing body of English football, the Football Association (the FA), through its subsidiary Wembley National Stadium Ltd (WNSL).
8003:123146009939968::Thread-166 2020-08-09 18:59:41,914 - The FA headquarters are in the stadium.
8003:123146009939968::Thread-166 2020-08-09 18:59:41,992 - With 90,000 seats, it is the largest stadium in the UK and the second-largest stadium in Europe.Designed by Populous and Foster and Partners, the stadium is crowned by the 134-metre-high (440 ft) Wembley Arch which serves aesthetically as a landmark across London as well as structurally, with the arch supporting over 75% of the entire roof load.
8003:123146009939968::Thread-166 2020-08-09 18:59:42,366 - The stadium was built by Australian firm Multiplex at a cost of £798 million (£1.2 billion today).
8003:123146009939968::Thread-166 2020-08-09 18:59:42,843 - Contrary to popular belief, Wembley Stadium does not have a retractable roof which covers the playing surface.
8003:123146009939968::Thread-166 2020-08-09 18:59:43,257 - Two partially retractable roof structures over the east and west end of the stadium can be opened to allow sunlight and aid pitch growth.
8003:123146009939968::Thread-166 2020-08-09 18:59:43,263 - In addition to England home games and the FA Cup final, the stadium also hosts other major games in English football, including the season-opening FA Community Shield, the League Cup final, the FA Cup semi-finals, the Football League Trophy, the Football League play-offs, the FA Trophy, the FA Vase and the National League play-offs.
8003:123146009939968::Thread-166 2020-08-09 18:59:44,270 - **END**
8003:123146009939968::Thread-166 2020-08-09 18:59:53,282 - **START**
8003:123146009939968::Thread-166 2020-08-09 18:59:53,288 - Starting new HTTPS connection (1): en.wikipedia.org
8003:123146009939968::Thread-166 2020-08-09 18:59:54,422 - Macau, also spelled Macao ( (listen); 澳門, Cantonese: [ōu.mǔːn]; official Portuguese: [mɐˈkaw] Macau), and officially the Macao Special Administrative Region of the People's Republic of China, is a city in the western Pearl River Delta by the South China Sea.
8003:123146009939968::Thread-166 2020-08-09 18:59:54,484 - It is a special administrative region of China and maintains separate governing and economic systems from those of mainland China.
8003:123146009939968::Thread-166 2020-08-09 18:59:55,103 - With a population of 696,100 and an area of 32.9 km2 (12.7 sq mi), it is the most densely populated region in the world.
8003:123146009939968::Thread-166 2020-08-09 18:59:55,921 - Macau was formerly a colony of the Portuguese Empire, after Ming China leased the territory as a trading post in 1557.
8003:123146009939968::Thread-166 2020-08-09 18:59:56,485 - Portugal paid an annual rent and administered the territory under Chinese sovereignty until 1887 when it gained perpetual colonial rights in the Sino-Portuguese Treaty of Peking.
8003:123146009939968::Thread-166 2020-08-09 18:59:57,455 - The colony remained under Portuguese rule until 1999, when it was transferred to China.
8003:123146009939968::Thread-166 2020-08-09 18:59:58,403 - Originally a sparsely populated collection of coastal islands, the territory has become a major resort city and the top destination for gambling tourism.
8003:123146009939968::Thread-166 2020-08-09 18:59:58,687 - Its gambling industry is seven times larger than that of Las Vegas.
8003:123146009939968::Thread-166 2020-08-09 18:59:58,757 - Although the city has one of the highest per capita incomes in the world, it has severe income inequality.
8003:123146009939968::Thread-166 2020-08-09 18:59:58,949 - Its GDP per capita by purchasing power parity is one of the highest in the world and higher than any country in the world in 2014 according to the World Bank.Macau has a very high Human Development Index, although it is only calculated by the Macau government instead of the United Nations.
8003:123146009939968::Thread-166 2020-08-09 19:00:04,955 - **END**
