8003:123145942634496::Thread-150 2020-08-09 18:59:28,276 - **START**
8003:123145942634496::Thread-150 2020-08-09 18:59:28,582 - Starting new HTTPS connection (1): en.wikipedia.org
8003:123145942634496::Thread-150 2020-08-09 18:59:32,037 - Diana, Princess of Wales (born Diana Frances Spencer; 1 July 1961 – 31 August 1997) was a member of the British royal family.
8003:123145942634496::Thread-150 2020-08-09 18:59:35,011 - She was the first wife of Charles, Prince of Wales, the heir apparent to the British throne, and the mother of Prince William and Prince Harry.
8003:123145942634496::Thread-150 2020-08-09 18:59:36,703 - Diana's activism and glamour made her an international icon and earned her an enduring popularity as well as an unprecedented public scrutiny, exacerbated by her tumultuous private life.
8003:123145942634496::Thread-150 2020-08-09 18:59:38,242 - Diana was born into the British nobility and grew up close to the royal family on their Sandringham estate.
8003:123145942634496::Thread-150 2020-08-09 18:59:38,506 - The youngest daughter of John Spencer, 8th Earl Spencer, and Frances Shand Kydd, she was strongly affected by their divorce in 1967.
8003:123145942634496::Thread-150 2020-08-09 18:59:40,330 - She did not distinguish herself academically, but was talented in music, dance, and sports.
8003:123145942634496::Thread-150 2020-08-09 18:59:42,007 - In 1978, she moved to London, where she lived with flatmates and took on various low-paying jobs.
8003:123145942634496::Thread-150 2020-08-09 18:59:44,384 - Diana came to prominence in 1981 upon her engagement to Prince Charles, the eldest son of Queen Elizabeth II, after a brief courtship.
8003:123145942634496::Thread-150 2020-08-09 18:59:44,718 - Their wedding took place at St Paul's Cathedral in 1981 and made her Princess of Wales, a role in which she was enthusiastically received by the public.
8003:123145942634496::Thread-150 2020-08-09 18:59:46,148 - The couple had two sons, the princes William and Harry, who were then second and third in the line of succession to the British throne.
8003:123145942634496::Thread-150 2020-08-09 18:59:48,154 - **END**
8003:123145942634496::Thread-150 2020-08-09 18:59:53,158 - **START**
8003:123145942634496::Thread-150 2020-08-09 18:59:53,169 - Starting new HTTPS connection (1): en.wikipedia.org
8003:123145942634496::Thread-150 2020-08-09 18:59:56,471 - Jennifer Joanna Aniston (born February 11, 1969) is an American actress, film producer, and businesswoman.
8003:123145942634496::Thread-150 2020-08-09 18:59:57,518 - The daughter of actors John Aniston and Nancy Dow, she began working as an actress at an early age with an uncredited role in the 1987 film Mac and Me.
8003:123145942634496::Thread-150 2020-08-09 18:59:57,584 - Her first major film role came in the 1993 horror comedy Leprechaun.
8003:123145942634496::Thread-150 2020-08-09 18:59:57,932 - Since her career grew in the early 1990s, Aniston has been one of the highest-paid actresses in Hollywood.
8003:123145942634496::Thread-150 2020-08-09 18:59:59,440 - Aniston rose to international fame portraying Rachel Green on the television sitcom Friends (1994–2004), for which she earned Primetime Emmy, Golden Globe, and Screen Actors Guild awards.
8003:123145942634496::Thread-150 2020-08-09 19:00:01,037 - The character became widely popular and was described as one of the greatest female characters in American television history.
8003:123145942634496::Thread-150 2020-08-09 19:00:02,801 - Aniston has since played starring roles in numerous dramas, comedies and romantic comedies.
8003:123145942634496::Thread-150 2020-08-09 19:00:03,249 - Her biggest box office successes include the films Bruce Almighty (2003), The Break-Up (2006), Marley & Me (2008), Just Go with It (2011), Horrible Bosses (2011), and We're the Millers (2013), each of which grossed over $200 million in worldwide box office receipts.
8003:123145942634496::Thread-150 2020-08-09 19:00:04,492 - Some of her most critically acclaimed film roles include Office Space (1999), The Good Girl (2002), Friends with Money (2006), Cake (2014), and Dumplin' (2018).
8003:123145942634496::Thread-150 2020-08-09 19:00:07,087 - She returned to television in 2019, producing and starring in the Apple TV+ drama series The Morning Show, for which she won another Screen Actors Guild Award.
8003:123145942634496::Thread-150 2020-08-09 19:00:10,090 - **END**
