8003:123145606107136::Thread-70 2020-08-09 18:59:32,263 - **START**
8003:123145606107136::Thread-70 2020-08-09 18:59:33,568 - Starting new HTTPS connection (1): en.wikipedia.org
8003:123145606107136::Thread-70 2020-08-09 18:59:36,643 - Leonardo Wilhelm DiCaprio (, Italian: [diˈkaːprjo]; born November 11, 1974) is an American actor, producer, philanthropist, and environmentalist.
8003:123145606107136::Thread-70 2020-08-09 18:59:37,823 - He has often played unconventional parts, particularly in biopics, drama, crime, romance, and period films.
8003:123145606107136::Thread-70 2020-08-09 18:59:39,652 - As of 2019, his films have grossed US$7.2 billion worldwide, and he has placed eight times in annual rankings of the highest-paid actors in the world.
8003:123145606107136::Thread-70 2020-08-09 18:59:40,420 - Born in Los Angeles, DiCaprio began his career by appearing in television commercials in the late 1980s.
8003:123145606107136::Thread-70 2020-08-09 18:59:40,900 - In the early 1990s, he played recurring roles in various television series, such as the sitcom Parenthood.
8003:123145606107136::Thread-70 2020-08-09 18:59:41,458 - He had his first major film role in This Boy's Life (1993), and received acclaim for his supporting role as a developmentally disabled boy in What's Eating Gilbert Grape (1993).
8003:123145606107136::Thread-70 2020-08-09 18:59:41,536 - He achieved international stardom in the epic romance Titanic (1997), which became the highest-grossing film to that point.
8003:123145606107136::Thread-70 2020-08-09 18:59:43,185 - After a few commercially unsuccessful films, DiCaprio starred in two successful features in 2002: the biographical crime drama Catch Me If You Can and the historical drama Gangs of New York, which marked his first of many collaborations with director Martin Scorsese.
8003:123145606107136::Thread-70 2020-08-09 18:59:44,369 - DiCaprio later portrayed Howard Hughes in The Aviator (2004) and a mercenary in the political thriller Blood Diamond (2006), and he also received acclaim for his performances in the crime drama The Departed (2006) and the romantic drama Revolutionary Road (2008).
8003:123145606107136::Thread-70 2020-08-09 18:59:45,424 - In the 2010s, he starred in the science fiction thriller Inception (2010), the western Django Unchained (2012), the biopic The Wolf of Wall Street (2013), the survival drama The Revenant (2015), and the comedy-drama Once Upon a Time in Hollywood (2019), all of which were critical and commercial successes.
8003:123145606107136::Thread-70 2020-08-09 18:59:46,426 - **END**
8003:123145606107136::Thread-70 2020-08-09 18:59:56,432 - **START**
8003:123145606107136::Thread-70 2020-08-09 18:59:56,437 - Starting new HTTPS connection (1): en.wikipedia.org
8003:123145606107136::Thread-70 2020-08-09 18:59:59,632 - Rome (Italian and Latin: Roma [ˈroːma] (listen)) is the capital city and a special comune of Italy (named Comune di Roma Capitale) as well as the capital of the Lazio region.
8003:123145606107136::Thread-70 2020-08-09 19:00:02,466 - The city has been a major human settlement for over two millennia.
8003:123145606107136::Thread-70 2020-08-09 19:00:05,313 - With 2,860,009 residents in 1,285 km2 (496.1 sq mi), it is also the country's most populated comune.
8003:123145606107136::Thread-70 2020-08-09 19:00:05,772 - It is the third most populous city in the European Union by population within city limits.
8003:123145606107136::Thread-70 2020-08-09 19:00:08,648 - It is the centre of the Metropolitan City of Rome, which has a population of 4,355,725 residents, thus making it the most populous metropolitan city in Italy.
8003:123145606107136::Thread-70 2020-08-09 19:00:10,154 - Its metropolitan area is the third-most populous within Italy.
8003:123145606107136::Thread-70 2020-08-09 19:00:10,515 - Rome is located in the central-western portion of the Italian Peninsula, within Lazio (Latium), along the shores of the Tiber.
8003:123145606107136::Thread-70 2020-08-09 19:00:10,587 - Vatican City (the smallest country in the world) is an independent country inside the city boundaries of Rome, the only existing example of a country within a city; for this reason Rome has sometimes been defined as the capital of two states.Rome's history spans 28 centuries.
8003:123145606107136::Thread-70 2020-08-09 19:00:12,550 - While Roman mythology dates the founding of Rome at around 753 BC, the site has been inhabited for much longer, making it one of the oldest continuously occupied cities in Europe.
8003:123145606107136::Thread-70 2020-08-09 19:00:13,454 - The city's early population originated from a mix of Latins, Etruscans, and Sabines.
8003:123145606107136::Thread-70 2020-08-09 19:00:14,457 - **END**
