8003:123145353711616::Thread-10 2020-08-09 18:59:32,227 - **START**
8003:123145353711616::Thread-10 2020-08-09 18:59:33,092 - Starting new HTTPS connection (1): en.wikipedia.org
8003:123145353711616::Thread-10 2020-08-09 18:59:35,929 - Ronaldo de Assis Moreira (born 21 March 1980), commonly known as Ronaldinho Gaúcho (Brazilian Portuguese: [ʁonawˈdʒĩɲu gaˈuʃu]) or simply Ronaldinho, is a Brazilian former professional footballer and ambassador for Barcelona.
8003:123145353711616::Thread-10 2020-08-09 18:59:38,776 - He played mostly as an attacking midfielder, but was also deployed as a forward or a winger.
8003:123145353711616::Thread-10 2020-08-09 18:59:39,375 - Often considered one of the best players of his generation and regarded by many as one of the greatest of all time, Ronaldinho won two FIFA World Player of the Year awards and a Ballon d'Or.
8003:123145353711616::Thread-10 2020-08-09 18:59:40,607 - He was renowned for his technical skills and creativity; due to his agility, pace and
dribbling ability, as well as his use of tricks, feints, overhead kicks, no-look passes and accuracy from free-kicks.
8003:123145353711616::Thread-10 2020-08-09 18:59:42,518 - Ronaldinho made his career debut for Grêmio, in 1998.
8003:123145353711616::Thread-10 2020-08-09 18:59:43,761 - At age 20, he moved to Paris Saint-Germain in France before signing for Barcelona in 2003.
8003:123145353711616::Thread-10 2020-08-09 18:59:45,172 - In his second season with Barcelona, he won his first FIFA World Player of the Year award, as Barcelona won the 2004–05 La Liga title.
8003:123145353711616::Thread-10 2020-08-09 18:59:46,352 - The season that followed is considered one of the best in his career as he was integral in Barcelona winning the UEFA Champions League, their first in fourteen years, as well as another La Liga title, giving Ronaldinho his first career double.
8003:123145353711616::Thread-10 2020-08-09 18:59:47,365 - After scoring two spectacular solo goals in the first 2005-06 El Clásico, Ronaldinho became the second Barcelona player, after Diego Maradona in 1983, to receive a standing ovation from Real Madrid fans at the Santiago Bernabéu.
8003:123145353711616::Thread-10 2020-08-09 18:59:49,160 - Ronaldinho also received his second FIFA World Player of the Year award, as well as the Ballon d'Or.
8003:123145353711616::Thread-10 2020-08-09 18:59:57,162 - **END**
8003:123145353711616::Thread-10 2020-08-09 19:00:08,170 - **START**
8003:123145353711616::Thread-10 2020-08-09 19:00:08,176 - Starting new HTTPS connection (1): en.wikipedia.org
8003:123145353711616::Thread-10 2020-08-09 19:00:09,048 - San Francisco, officially the City and County of San Francisco and colloquially known as The City, SF, or Frisco and San Fran is the cultural, commercial, and financial center of Northern California.
8003:123145353711616::Thread-10 2020-08-09 19:00:10,113 - San Francisco is the 16th most populous city in the United States, and the fourth most populous in California, with 881,549 residents as of 2019.
8003:123145353711616::Thread-10 2020-08-09 19:00:10,901 - It covers an area of about 46.89 square miles (121.4 km2), mostly at the north end of the San Francisco Peninsula in the San Francisco Bay Area, making it the second most densely populated large U.S. city, and the fifth most densely populated U.S. county, behind only four of the five New York City boroughs.
8003:123145353711616::Thread-10 2020-08-09 19:00:11,332 - San Francisco is the 12th-largest metropolitan statistical area in the United States by population, with 4.7 million people, and the fourth-largest by economic output, with GDP of $549 billion in 2018.
8003:123145353711616::Thread-10 2020-08-09 19:00:13,167 - With San Jose, it forms the fifth most populous combined statistical area in the United States, the San Jose–San Francisco–Oakland, CA Combined Statistical Area (9.67 million residents in 2018).
8003:123145353711616::Thread-10 2020-08-09 19:00:13,923 - As of 2020, San Francisco has the highest salaries, disposable income, and median home prices in the world at $1.7 million, as well as the highest median rents.
8003:123145353711616::Thread-10 2020-08-09 19:00:14,083 - In 2018, San Francisco was the seventh-highest-income county in the United States, with a per capita personal income of $130,696.
8003:123145353711616::Thread-10 2020-08-09 19:00:15,316 - In the same year, San Francisco proper had a GDP of $183.2 billion, and a GDP per capita of $207,371.
8003:123145353711616::Thread-10 2020-08-09 19:00:15,762 - The CSA San Francisco shares with San Jose and Oakland was the country's third-largest urban economy as of 2018, with a GDP of $1.03 trillion.
8003:123145353711616::Thread-10 2020-08-09 19:00:16,672 - Of the 500+ primary statistical areas in the U.S., this CSA had among the highest GDP per capita in 2018, at $106,757.
8003:123145353711616::Thread-10 2020-08-09 19:00:16,673 - **END**
