8003:123145471496192::Thread-38 2020-08-09 18:59:28,229 - **START**
8003:123145471496192::Thread-38 2020-08-09 18:59:28,581 - Starting new HTTPS connection (1): en.wikipedia.org
8003:123145471496192::Thread-38 2020-08-09 18:59:31,753 - The Celtic Football Club ( SEL-tik) is a Scottish professional football club based in Glasgow, which plays in the Scottish Premiership.
8003:123145471496192::Thread-38 2020-08-09 18:59:32,930 - The club was founded in 1887 with the purpose of alleviating poverty in the immigrant Irish population in the East End of Glasgow.
8003:123145471496192::Thread-38 2020-08-09 18:59:33,700 - They played their first match in May 1888, a friendly match against Rangers which Celtic won 5–2.
8003:123145471496192::Thread-38 2020-08-09 18:59:34,650 - Celtic established themselves within Scottish football, winning six successive league titles during the first decade of the 20th century.
8003:123145471496192::Thread-38 2020-08-09 18:59:37,431 - The club enjoyed their greatest successes during the 1960s and 70s under Jock Stein when they won nine consecutive league titles and the 1967 European Cup.
8003:123145471496192::Thread-38 2020-08-09 18:59:38,493 - Celtic have played in green and white for the entirety of its history, adopting hoops in 1903, those being used ever since.
8003:123145471496192::Thread-38 2020-08-09 18:59:40,398 - Celtic are one of only five clubs in the world (which also includes their rivals Rangers) to have won over 100 trophies in their history.
8003:123145471496192::Thread-38 2020-08-09 18:59:41,792 - The club has won the Scottish league championship 51 times, most recently in 2019–20, the Scottish Cup 39 times and the Scottish League Cup 19 times.
8003:123145471496192::Thread-38 2020-08-09 18:59:44,320 - The club's greatest season was 1966–67, when Celtic became the first British team to win the European Cup, also winning the Scottish league championship, the Scottish Cup, the League Cup and the Glasgow Cup.
8003:123145471496192::Thread-38 2020-08-09 18:59:46,092 - Celtic also reached the 1970 European Cup Final and the 2003 UEFA Cup Final, losing in both.
8003:123145471496192::Thread-38 2020-08-09 18:59:49,101 - **END**
8003:123145471496192::Thread-38 2020-08-09 19:00:02,103 - **START**
8003:123145471496192::Thread-38 2020-08-09 19:00:02,162 - Starting new HTTPS connection (1): en.wikipedia.org
8003:123145471496192::Thread-38 2020-08-09 19:00:04,166 - The Tower of London, officially Her Majesty's Royal Palace and Fortress of the Tower of London, is a  historic  castle on the north bank of the River Thames in central London.
8003:123145471496192::Thread-38 2020-08-09 19:00:06,483 - It lies within the London Borough of Tower Hamlets, which is separated from the eastern edge of the square mile of the City of London by the open space known as Tower Hill.
8003:123145471496192::Thread-38 2020-08-09 19:00:08,119 - It was founded towards the end of 1066 as part of the Norman Conquest of England.
8003:123145471496192::Thread-38 2020-08-09 19:00:08,708 - The White Tower, which gives the entire castle its name, was built by William the Conqueror in 1078 and was a resented symbol of oppression, inflicted upon London by the new ruling elite.
8003:123145471496192::Thread-38 2020-08-09 19:00:10,085 - The castle was also used as a prison from 1100 (Ranulf Flambard) until 1952 (Kray twins), although that was not its primary purpose.
8003:123145471496192::Thread-38 2020-08-09 19:00:11,474 - A grand palace early in its history, it served as a royal residence.
8003:123145471496192::Thread-38 2020-08-09 19:00:13,443 - As a whole, the Tower is a complex of several buildings set within two concentric rings of defensive walls and a moat.
8003:123145471496192::Thread-38 2020-08-09 19:00:14,687 - There were several phases of expansion, mainly under kings Richard I, Henry III, and Edward I in the 12th and 13th centuries.
8003:123145471496192::Thread-38 2020-08-09 19:00:16,522 - The general layout established by the late 13th century remains despite later activity on the site.
8003:123145471496192::Thread-38 2020-08-09 19:00:16,927 - The Tower of London has played a prominent role in English history.
8003:123145471496192::Thread-38 2020-08-09 19:00:24,932 - **END**
