8003:123146211856384::Thread-214 2020-08-09 18:59:26,313 - **START**
8003:123146211856384::Thread-214 2020-08-09 18:59:26,424 - Starting new HTTPS connection (1): en.wikipedia.org
8003:123146211856384::Thread-214 2020-08-09 18:59:31,265 - Inferno (Italian: [iɱˈfɛrno]; Italian for "Hell") is the first part of Italian writer Dante Alighieri's 14th-century epic poem Divine Comedy.
8003:123146211856384::Thread-214 2020-08-09 18:59:32,051 - It is followed by Purgatorio and Paradiso.
8003:123146211856384::Thread-214 2020-08-09 18:59:32,296 - The Inferno tells the journey of Dante through Hell, guided by the ancient Roman poet Virgil.
8003:123146211856384::Thread-214 2020-08-09 18:59:33,514 - In the poem, Hell is depicted as nine concentric circles of torment located within the Earth; it is the "realm ... of those who have rejected spiritual values by yielding to bestial appetites or violence, or by perverting their human intellect to fraud or malice against their fellowmen".
8003:123146211856384::Thread-214 2020-08-09 18:59:35,389 - As an allegory, the Divine Comedy represents the journey of the soul toward God, with the Inferno describing the recognition and rejection of sin.
8003:123146211856384::Thread-214 2020-08-09 18:59:36,359 - Introduction


Cantos I–II

Canto I

The poem begins on the night of Maundy Thursday on March 24 (or April 7), AD 1300, shortly before dawn of Good Friday.
8003:123146211856384::Thread-214 2020-08-09 18:59:36,594 - The narrator, Dante himself, is thirty-five years old, and thus "midway in the journey of our life" (Nel mezzo del cammin di nostra vita) – half of the Biblical lifespan of seventy (Psalm 89:10, Vulgate; Psalm 90:10, KJV).
8003:123146211856384::Thread-214 2020-08-09 18:59:38,071 - The poet finds himself lost in a dark wood (selva oscura), astray from the "straight way" (diritta via, also translatable as "right way") of salvation.
8003:123146211856384::Thread-214 2020-08-09 18:59:39,183 - He sets out to climb directly up a small mountain, but his way is blocked by three beasts he cannot evade: a lonza (usually rendered as "leopard" or "leopon"), a leone (lion), and a lupa (she-wolf).
8003:123146211856384::Thread-214 2020-08-09 18:59:47,185 - **END**
8003:123146211856384::Thread-214 2020-08-09 18:59:57,191 - **START**
8003:123146211856384::Thread-214 2020-08-09 18:59:57,216 - Starting new HTTPS connection (1): en.wikipedia.org
8003:123146211856384::Thread-214 2020-08-09 18:59:59,302 - Linda Lovelace (born Linda Susan Boreman; January 10, 1949 – April 22, 2002) was an American pornographic actress known for her performance in the 1972 hardcore film Deep Throat.
8003:123146211856384::Thread-214 2020-08-09 18:59:59,823 - Although the film was an enormous success at the time, Boreman later said that her abusive husband, Chuck Traynor, had threatened and coerced her into the performance.
8003:123146211856384::Thread-214 2020-08-09 19:00:00,549 - In her autobiography Ordeal, she described what went on behind the scenes.
8003:123146211856384::Thread-214 2020-08-09 19:00:02,542 - She later became a born again Christian and a spokeswoman for the anti-pornography movement.
8003:123146211856384::Thread-214 2020-08-09 19:00:04,308 - Early life
Boreman was born January 10, 1949, in The Bronx, New York City, New York, into a working-class family.
8003:123146211856384::Thread-214 2020-08-09 19:00:04,853 - She described her upbringing in an unhappy family, as the daughter of John Boreman, a police officer who was seldom home, and Dorothy Boreman (née Tragney), a waitress who was harsh, unloving, and domineering.
8003:123146211856384::Thread-214 2020-08-09 19:00:06,062 - She attended private Catholic schools, including Saint John the Baptist (Yonkers, New York) and Maria Regina High School.
8003:123146211856384::Thread-214 2020-08-09 19:00:06,522 - Linda was nicknamed "Miss Holy Holy" in high school because she kept her dates at a safe distance to avoid sexual activity.
8003:123146211856384::Thread-214 2020-08-09 19:00:07,188 - When Boreman was 16, her family moved to Davie, Florida, after her father retired from the New York City Police Department.At the age of 19 she gave birth to her first child, whom she gave up for adoption.
8003:123146211856384::Thread-214 2020-08-09 19:00:07,987 - Shortly afterwards, she returned to New York City to live and go to computer school.
8003:123146211856384::Thread-214 2020-08-09 19:00:15,991 - **END**
