8003:123146178203648::Thread-206 2020-08-09 18:59:37,308 - **START**
8003:123146178203648::Thread-206 2020-08-09 18:59:37,503 - Starting new HTTPS connection (1): en.wikipedia.org
8003:123146178203648::Thread-206 2020-08-09 18:59:40,995 - Inferno (Italian: [iɱˈfɛrno]; Italian for "Hell") is the first part of Italian writer Dante Alighieri's 14th-century epic poem Divine Comedy.
8003:123146178203648::Thread-206 2020-08-09 18:59:41,027 - It is followed by Purgatorio and Paradiso.
8003:123146178203648::Thread-206 2020-08-09 18:59:41,061 - The Inferno tells the journey of Dante through Hell, guided by the ancient Roman poet Virgil.
8003:123146178203648::Thread-206 2020-08-09 18:59:41,778 - In the poem, Hell is depicted as nine concentric circles of torment located within the Earth; it is the "realm ... of those who have rejected spiritual values by yielding to bestial appetites or violence, or by perverting their human intellect to fraud or malice against their fellowmen".
8003:123146178203648::Thread-206 2020-08-09 18:59:42,806 - As an allegory, the Divine Comedy represents the journey of the soul toward God, with the Inferno describing the recognition and rejection of sin.
8003:123146178203648::Thread-206 2020-08-09 18:59:43,760 - Introduction


Cantos I–II

Canto I

The poem begins on the night of Maundy Thursday on March 24 (or April 7), AD 1300, shortly before dawn of Good Friday.
8003:123146178203648::Thread-206 2020-08-09 18:59:44,238 - The narrator, Dante himself, is thirty-five years old, and thus "midway in the journey of our life" (Nel mezzo del cammin di nostra vita) – half of the Biblical lifespan of seventy (Psalm 89:10, Vulgate; Psalm 90:10, KJV).
8003:123146178203648::Thread-206 2020-08-09 18:59:44,701 - The poet finds himself lost in a dark wood (selva oscura), astray from the "straight way" (diritta via, also translatable as "right way") of salvation.
8003:123146178203648::Thread-206 2020-08-09 18:59:45,678 - He sets out to climb directly up a small mountain, but his way is blocked by three beasts he cannot evade: a lonza (usually rendered as "leopard" or "leopon"), a leone (lion), and a lupa (she-wolf).
8003:123146178203648::Thread-206 2020-08-09 18:59:51,843 - **END**
8003:123146178203648::Thread-206 2020-08-09 19:00:04,850 - **START**
8003:123146178203648::Thread-206 2020-08-09 19:00:04,856 - Starting new HTTPS connection (1): en.wikipedia.org
8003:123146178203648::Thread-206 2020-08-09 19:00:08,218 - Marilyn Monroe (; born Norma Jeane Mortenson; June 1, 1926 – August 4, 1962) was an American actress, model, and singer.
8003:123146178203648::Thread-206 2020-08-09 19:00:10,263 - Famous for playing comedic "blonde bombshell" characters, she became one of the most popular sex symbols of the 1950s and early 1960s and was emblematic of the era's changing attitudes towards sexuality.
8003:123146178203648::Thread-206 2020-08-09 19:00:12,949 - She was a top-billed actress for only a decade, but her films grossed $200 million (equivalent to $2 billion in 2019) by the time of her death in 1962.
8003:123146178203648::Thread-206 2020-08-09 19:00:13,849 - Long after her death, she has continued to be a major icon of pop culture.Born and raised in Los Angeles, Monroe spent most of her childhood in foster homes and an orphanage and married at age 16.
8003:123146178203648::Thread-206 2020-08-09 19:00:16,642 - She was working in a factory as part of the war effort during World War II when she met a photographer from the First Motion Picture Unit and began a successful pin-up modeling career, which led to short-lived film contracts with 20th Century Fox and Columbia Pictures.
8003:123146178203648::Thread-206 2020-08-09 19:00:16,923 - After a series of minor film roles, she signed a new contract with Fox in late 1950.
8003:123146178203648::Thread-206 2020-08-09 19:00:17,459 - Over the next two years, she became a popular actress with roles in several comedies, including As Young as You Feel and Monkey Business, and in the dramas Clash by Night and Don't Bother to Knock.
8003:123146178203648::Thread-206 2020-08-09 19:00:17,676 - She faced a scandal when it was revealed that she had posed for nude photos before she became a star, but the story did not damage her career and instead resulted in increased interest in her films.
8003:123146178203648::Thread-206 2020-08-09 19:00:17,715 - By 1953, Monroe was one of the most marketable Hollywood stars; she had leading roles in the film noir Niagara, which focused on her sex appeal, and the comedies Gentlemen Prefer Blondes and How to Marry a Millionaire, which established her star image as a "dumb blonde".
8003:123146178203648::Thread-206 2020-08-09 19:00:18,867 - The same year, her nude images were used as the centerfold and on the cover of the first issue of Playboy.
8003:123146178203648::Thread-206 2020-08-09 19:00:21,873 - **END**
