8003:123145904775168::Thread-141 2020-08-09 18:59:31,277 - **START**
8003:123145904775168::Thread-141 2020-08-09 18:59:32,723 - Starting new HTTPS connection (1): en.wikipedia.org
8003:123145904775168::Thread-141 2020-08-09 18:59:37,434 - Israel (; Hebrew: יִשְׂרָאֵל‎; Arabic: إِسْرَائِيل‎), formally known as the State of Israel (Hebrew: מְדִינַת יִשְׂרָאֵל‎, Medinat Yisra'el), is a country in Western Asia, located on the southeastern shore of the Mediterranean Sea and the northern shore of the Red Sea.
8003:123145904775168::Thread-141 2020-08-09 18:59:38,933 - It has land borders with Lebanon to the north, Syria to the northeast, Jordan on the east, the Palestinian territories of the West Bank and Gaza Strip to the east and west, respectively, and Egypt to the southwest.
8003:123145904775168::Thread-141 2020-08-09 18:59:41,666 - The country contains geographically diverse features within its relatively small area.
8003:123145904775168::Thread-141 2020-08-09 18:59:42,853 - Israel's economic and technological center is Tel Aviv, while its seat of government and proclaimed capital is Jerusalem, although the state's sovereignty over Jerusalem has only partial recognition.Israel has evidence of the earliest migration of hominids out of Africa.
8003:123145904775168::Thread-141 2020-08-09 18:59:44,592 - Canaanite tribes are archaeologically attested since the Middle Bronze Age, while the Kingdoms of Israel and Judah emerged during the Iron Age.
8003:123145904775168::Thread-141 2020-08-09 18:59:45,743 - The Neo-Assyrian Empire destroyed Israel around 720 BCE.
8003:123145904775168::Thread-141 2020-08-09 18:59:48,582 - Judah was later conquered by the Babylonian, Persian and Hellenistic empires and had existed as Jewish autonomous provinces.
8003:123145904775168::Thread-141 2020-08-09 18:59:49,648 - The successful Maccabean Revolt led to an independent Hasmonean kingdom by 110 BCE, which in 63 BCE however became a client state of the Roman Republic that subsequently installed the Herodian dynasty in 37 BCE, and in 6 CE created the Roman province of Judea.
8003:123145904775168::Thread-141 2020-08-09 18:59:51,398 - Judea lasted as a Roman province until the failed Jewish revolts resulted in widespread destruction, the expulsion of the Jewish population and the renaming of the region from Iudaea to Syria Palaestina.
8003:123145904775168::Thread-141 2020-08-09 18:59:53,548 - Jewish presence in the region has persisted to a certain extent over the centuries.
8003:123145904775168::Thread-141 2020-08-09 18:59:53,864 - In the 7th century CE, the Levant was taken from the Byzantine Empire by the Arabs and remained in Muslim control until the First Crusade of 1099, followed by the Ayyubid conquest of 1187.
8003:123145904775168::Thread-141 2020-08-09 18:59:55,865 - **END**
8003:123145904775168::Thread-141 2020-08-09 19:00:03,868 - **START**
8003:123145904775168::Thread-141 2020-08-09 19:00:03,895 - Starting new HTTPS connection (1): en.wikipedia.org
8003:123145904775168::Thread-141 2020-08-09 19:00:06,502 - Clinton Eastwood Jr. (born May 31, 1930) is an American actor, film director, producer, and composer.
8003:123145904775168::Thread-141 2020-08-09 19:00:06,935 - After achieving success in the Western TV series Rawhide, he rose to international fame with his role as the "Man with No Name" in Sergio Leone's Dollars Trilogy of Spaghetti Westerns during the 1960s, and as antihero cop Harry Callahan in the five Dirty Harry films throughout the 1970s and 1980s.
8003:123145904775168::Thread-141 2020-08-09 19:00:08,755 - These roles, among others, have made Eastwood an enduring cultural icon of masculinity.An Academy Award nominee for Best Actor, Eastwood won Best Director and Best Picture for his Western film Unforgiven (1992) and his sports drama Million Dollar Baby (2004).
8003:123145904775168::Thread-141 2020-08-09 19:00:09,906 - His greatest commercial successes are the adventure comedy Every Which Way but Loose (1978) and its action comedy sequel, Any Which Way You Can (1980).
8003:123145904775168::Thread-141 2020-08-09 19:00:10,058 - Other popular Eastwood films include the Westerns Hang 'Em High (1968) and Pale Rider (1985), the prison film Escape from Alcatraz (1979), the war film Heartbreak Ridge (1986), the action film In the Line of Fire (1993), and the romantic drama The Bridges of Madison County (1995).
8003:123145904775168::Thread-141 2020-08-09 19:00:11,849 - More recent works are Gran Torino (2008) and The Mule (2018).
8003:123145904775168::Thread-141 2020-08-09 19:00:12,180 - From 1967 to 2020, Eastwood's company Malpaso Productions has produced all but four of his American films.
8003:123145904775168::Thread-141 2020-08-09 19:00:12,282 - In addition to directing many of his own star vehicles, Eastwood has also directed films in which he did not appear, such as the mystery drama Mystic River (2003) and the war film Letters from Iwo Jima (2006), for which he received Academy Award nominations, the drama Changeling (2008), and the biographical sports drama Invictus (2009).
8003:123145904775168::Thread-141 2020-08-09 19:00:13,491 - The war drama biopic American Sniper (2014) set box-office records for the largest January release ever and was also the largest opening ever for an Eastwood film.
8003:123145904775168::Thread-141 2020-08-09 19:00:21,494 - **END**
