8003:123146165583872::Thread-203 2020-08-09 18:59:41,308 - **START**
8003:123146165583872::Thread-203 2020-08-09 18:59:42,059 - Starting new HTTPS connection (1): en.wikipedia.org
8003:123146165583872::Thread-203 2020-08-09 18:59:44,355 - India, officially the Republic of India (Hindi: Bhārat Gaṇarājya), is a country in South Asia.
8003:123146165583872::Thread-203 2020-08-09 18:59:44,610 - It is the second-most populous country, the seventh-largest country by area, and the most populous democracy in the world.
8003:123146165583872::Thread-203 2020-08-09 18:59:45,459 - Bounded by the Indian Ocean on the south, the Arabian Sea on the southwest, and the Bay of Bengal on the southeast, it shares land borders with Pakistan to the west; China, Nepal, and Bhutan to the north; and Bangladesh and Myanmar to the east.
8003:123146165583872::Thread-203 2020-08-09 18:59:46,031 - In the Indian Ocean, India is in the vicinity of Sri Lanka and the Maldives; its Andaman and Nicobar Islands share a maritime border with Thailand and Indonesia.
8003:123146165583872::Thread-203 2020-08-09 18:59:46,173 - Modern humans arrived on the Indian subcontinent from Africa no later than 55,000 years ago.
8003:123146165583872::Thread-203 2020-08-09 18:59:47,037 - Their long occupation, initially in varying forms of isolation as hunter-gatherers, has made the region highly diverse, second only to Africa in human genetic diversity.
8003:123146165583872::Thread-203 2020-08-09 18:59:47,956 - Settled life emerged on the subcontinent in the western margins of the Indus river basin 9,000 years ago, evolving gradually into the Indus Valley Civilisation of the third millennium BCE.
8003:123146165583872::Thread-203 2020-08-09 18:59:48,685 - By 1200 BCE, an archaic form of Sanskrit, an Indo-European language, had diffused into India from the northwest, unfolding as the language of the Rigveda, and recording the dawning of Hinduism in India.
8003:123146165583872::Thread-203 2020-08-09 18:59:48,706 - The Dravidian languages of India were supplanted in the northern regions.
8003:123146165583872::Thread-203 2020-08-09 18:59:49,301 - By 400 BCE, stratification and exclusion by caste had emerged within Hinduism,
and Buddhism and Jainism had arisen, proclaiming social orders unlinked to heredity.
8003:123146165583872::Thread-203 2020-08-09 18:59:49,769 - Early political consolidations gave rise to the loose-knit Maurya and Gupta Empires based in the Ganges Basin.
8003:123146165583872::Thread-203 2020-08-09 18:59:53,773 - **END**
8003:123146165583872::Thread-203 2020-08-09 18:59:55,774 - **START**
8003:123146165583872::Thread-203 2020-08-09 18:59:55,779 - Starting new HTTPS connection (1): en.wikipedia.org
8003:123146165583872::Thread-203 2020-08-09 18:59:56,374 - North Macedonia (Macedonia until February 2019), officially the Republic of North Macedonia, is a country in the Balkan Peninsula in Southeast Europe.
8003:123146165583872::Thread-203 2020-08-09 18:59:56,726 - It gained its independence in 1991 as one of the successor states of Yugoslavia.
8003:123146165583872::Thread-203 2020-08-09 18:59:56,750 - A landlocked country, North Macedonia has borders with Kosovo to the northwest, Serbia to the northeast, Bulgaria to the east, Greece to the south, and Albania to the west.
8003:123146165583872::Thread-203 2020-08-09 18:59:57,362 - It constitutes approximately the northern third of the larger geographical region of Macedonia.
8003:123146165583872::Thread-203 2020-08-09 18:59:57,499 - The capital and largest city, Skopje, is home to roughly a quarter of the country's 2.06 million inhabitants.
8003:123146165583872::Thread-203 2020-08-09 18:59:57,677 - The majority of the residents are ethnic Macedonians, a South Slavic people.
8003:123146165583872::Thread-203 2020-08-09 18:59:58,205 - Albanians form a significant minority at around 25%, followed by Turks, Romani, Serbs, Bosniaks, and Aromanians.
8003:123146165583872::Thread-203 2020-08-09 18:59:59,148 - The history of the region dates back to antiquity, beginning with the kingdom of Paeonia, presumably a mixed Thraco-Illyrian polity.
8003:123146165583872::Thread-203 2020-08-09 18:59:59,265 - In the late sixth century BC, the area was subjugated by the Persian Achaemenid Empire, then incorporated into the kingdom of Macedonia in the fourth century BC.
8003:123146165583872::Thread-203 2020-08-09 18:59:59,695 - The Romans conquered the region in the second century BC and made it part of the larger province of Macedonia.
8003:123146165583872::Thread-203 2020-08-09 18:59:59,874 - The area remained part of the Byzantine Empire, but was often raided and settled by Slavic tribes beginning in the sixth century of the Christian era.
8003:123146165583872::Thread-203 2020-08-09 19:00:08,877 - **END**
