8003:123145593487360::Thread-67 2020-08-09 18:59:30,250 - **START**
8003:123145593487360::Thread-67 2020-08-09 18:59:31,153 - Starting new HTTPS connection (1): en.wikipedia.org
8003:123145593487360::Thread-67 2020-08-09 18:59:34,223 - Venice (; Italian: Venezia [veˈnɛttsja] (listen); Venetian: Venesia or Venexia [veˈnɛsja]) is a city in northeastern Italy and the capital of the Veneto region.
8003:123145593487360::Thread-67 2020-08-09 18:59:34,557 - It is situated on a group of 118 small islands that are separated by canals and linked by over 400 bridges.
8003:123145593487360::Thread-67 2020-08-09 18:59:35,748 - The islands are located in the shallow Venetian Lagoon, an enclosed bay that lies between the mouths of the Po and the Piave rivers (more exactly between the Brenta and the Sile).
8003:123145593487360::Thread-67 2020-08-09 18:59:37,698 - In 2018, 260,897 people resided in the Comune di Venezia, of whom around 55,000 live in the historical city of Venice (centro storico).
8003:123145593487360::Thread-67 2020-08-09 18:59:38,259 - Together with Padua and Treviso, the city is included in the Padua-Treviso-Venice Metropolitan Area (PATREVE), which is considered a statistical metropolitan area, with a total population of 2.6 million.The name is derived from the ancient Veneti people who inhabited the region by the 10th century BC.
8003:123145593487360::Thread-67 2020-08-09 18:59:38,352 - The city was historically the capital of the Republic of Venice for a millennium and more, from 697 to 1797.
8003:123145593487360::Thread-67 2020-08-09 18:59:38,687 - It was a major financial and maritime power during the Middle Ages and Renaissance, and a staging area for the Crusades and the Battle of Lepanto, as well as an important center of commerce—especially silk, grain, and spice, and of art from the 13th century to the end of the 17th.
8003:123145593487360::Thread-67 2020-08-09 18:59:40,248 - The city-state of Venice is considered to have been the first real international financial center, emerging in the 9th century and reaching its greatest prominence in the 14th century.
8003:123145593487360::Thread-67 2020-08-09 18:59:42,085 - This made Venice a wealthy city throughout most of its history.
8003:123145593487360::Thread-67 2020-08-09 18:59:42,333 - After the Napoleonic Wars and the Congress of Vienna, the Republic was annexed by the Austrian Empire, until it became part of the Kingdom of Italy in 1866, following a referendum held as a result of the Third Italian War of Independence.
8003:123145593487360::Thread-67 2020-08-09 18:59:43,915 - Venice has been known as "La Dominante", "La Serenissima", "Queen of the Adriatic", "City of Water", "City of Masks", "City of Bridges", "The Floating City", and "City of Canals".
8003:123145593487360::Thread-67 2020-08-09 18:59:44,922 - **END**
8003:123145593487360::Thread-67 2020-08-09 18:59:57,924 - **START**
8003:123145593487360::Thread-67 2020-08-09 18:59:57,952 - Starting new HTTPS connection (1): en.wikipedia.org
8003:123145593487360::Thread-67 2020-08-09 19:00:00,664 - Earth is the third planet from the Sun and the only astronomical object known to harbor life.
8003:123145593487360::Thread-67 2020-08-09 19:00:00,732 - According to radiometric dating estimation and other evidence, Earth formed over 4.5 billion years ago.
8003:123145593487360::Thread-67 2020-08-09 19:00:03,505 - Earth's gravity interacts with other objects in space, especially the Sun and the Moon, which is Earth's only natural satellite.
8003:123145593487360::Thread-67 2020-08-09 19:00:06,265 - Earth orbits around the Sun in 365.256 solar days, a period known as an Earth sidereal year.
8003:123145593487360::Thread-67 2020-08-09 19:00:08,770 - During this time, Earth rotates about its axis 366.256 times, that is, a sidereal year has 366.256 sidereal days.Earth's axis of rotation is tilted with respect to its orbital plane, producing seasons on Earth.
8003:123145593487360::Thread-67 2020-08-09 19:00:10,940 - The gravitational interaction between Earth and the Moon causes tides, stabilizes Earth's orientation on its axis, and gradually slows its rotation.
8003:123145593487360::Thread-67 2020-08-09 19:00:12,622 - Earth is the densest planet in the Solar System and the largest and most massive of the four rocky planets.
8003:123145593487360::Thread-67 2020-08-09 19:00:14,826 - Earth's outer layer (lithosphere) is divided into several rigid tectonic plates that migrate across the surface over many millions of years.
8003:123145593487360::Thread-67 2020-08-09 19:00:15,713 - About 29% of Earth's surface is land consisting of continents and islands.
8003:123145593487360::Thread-67 2020-08-09 19:00:18,024 - The remaining 71% is covered with water, mostly by oceans but also lakes, rivers and other fresh water, which all together constitute the hydrosphere.
8003:123145593487360::Thread-67 2020-08-09 19:00:22,025 - **END**
