8003:123145585074176::Thread-65 2020-08-09 18:59:32,250 - **START**
8003:123145585074176::Thread-65 2020-08-09 18:59:33,564 - Starting new HTTPS connection (1): en.wikipedia.org
8003:123145585074176::Thread-65 2020-08-09 18:59:37,408 - North Macedonia (Macedonia until February 2019), officially the Republic of North Macedonia, is a country in the Balkan Peninsula in Southeast Europe.
8003:123145585074176::Thread-65 2020-08-09 18:59:39,651 - It gained its independence in 1991 as one of the successor states of Yugoslavia.
8003:123145585074176::Thread-65 2020-08-09 18:59:40,898 - A landlocked country, North Macedonia has borders with Kosovo to the northwest, Serbia to the northeast, Bulgaria to the east, Greece to the south, and Albania to the west.
8003:123145585074176::Thread-65 2020-08-09 18:59:42,214 - It constitutes approximately the northern third of the larger geographical region of Macedonia.
8003:123145585074176::Thread-65 2020-08-09 18:59:45,000 - The capital and largest city, Skopje, is home to roughly a quarter of the country's 2.06 million inhabitants.
8003:123145585074176::Thread-65 2020-08-09 18:59:47,162 - The majority of the residents are ethnic Macedonians, a South Slavic people.
8003:123145585074176::Thread-65 2020-08-09 18:59:47,179 - Albanians form a significant minority at around 25%, followed by Turks, Romani, Serbs, Bosniaks, and Aromanians.
8003:123145585074176::Thread-65 2020-08-09 18:59:49,602 - The history of the region dates back to antiquity, beginning with the kingdom of Paeonia, presumably a mixed Thraco-Illyrian polity.
8003:123145585074176::Thread-65 2020-08-09 18:59:49,739 - In the late sixth century BC, the area was subjugated by the Persian Achaemenid Empire, then incorporated into the kingdom of Macedonia in the fourth century BC.
8003:123145585074176::Thread-65 2020-08-09 18:59:49,989 - The Romans conquered the region in the second century BC and made it part of the larger province of Macedonia.
8003:123145585074176::Thread-65 2020-08-09 18:59:50,731 - The area remained part of the Byzantine Empire, but was often raided and settled by Slavic tribes beginning in the sixth century of the Christian era.
8003:123145585074176::Thread-65 2020-08-09 18:59:56,734 - **END**
8003:123145585074176::Thread-65 2020-08-09 19:00:07,736 - **START**
8003:123145585074176::Thread-65 2020-08-09 19:00:07,741 - Starting new HTTPS connection (1): en.wikipedia.org
8003:123145585074176::Thread-65 2020-08-09 19:00:09,083 - Red is the fourth studio album by American singer-songwriter Taylor Swift.
8003:123145585074176::Thread-65 2020-08-09 19:00:09,799 - It was released on October 22, 2012, by Big Machine Records.
8003:123145585074176::Thread-65 2020-08-09 19:00:10,800 - Inspired by past romantic relationships evoking intense, tumultuous "red" emotions that Swift was experiencing during the conception of the project, Red touches on the themes of romance and heartbreak, but represents a mature perspective, while exploring the pressure of being in the public eye.
8003:123145585074176::Thread-65 2020-08-09 19:00:11,732 - Red is a country, pop and rock record with influences from arena rock, alternative rock, dance, dubstep, electronic, folk and heartland rock; many commentators described it as a pop album, while others deemed it as a country album that sees Swift transitioning from her roots to mainstream pop, which they found to be subsequently complete with its follow-up 1989 (2014).
8003:123145585074176::Thread-65 2020-08-09 19:00:12,393 - Red contains collaborations with Gary Lightbody and Ed Sheeran.
8003:123145585074176::Thread-65 2020-08-09 19:00:12,659 - Preceded by two singles, the album was supported by seven singles in total, four of which peaked in the top 10 of the Billboard Hot 100: the lead single "We Are Never Ever Getting Back Together" topped the chart for three weeks, "Begin Again" and "I Knew You Were Trouble" peaked at numbers seven and two respectively, and the title track at number six.
8003:123145585074176::Thread-65 2020-08-09 19:00:13,186 - Upon release, Red received generally positive reviews from music critics, who praised Swift's songwriting craftsmanship, but were divided on the incorporation of various genres—Swift's emerging versatility was praised but met criticism for being inconsistent.
8003:123145585074176::Thread-65 2020-08-09 19:00:13,623 - Red was included on several year-end and decade-end lists by numerous publications, with Rolling Stone, Chorus.fm and Insider placing it at number one; Red is one of the fifteen most frequent albums on decade-end best-albums lists by publications, according to Metacritic.
8003:123145585074176::Thread-65 2020-08-09 19:00:13,950 - It received nominations for Album of the Year and Best Country Album at the 56th Annual Grammy Awards, and for Album of the Year at the 2013 Country Music Association Awards.
8003:123145585074176::Thread-65 2020-08-09 19:00:14,013 - Red debuted at number-one on the Billboard 200 with first-week sales of 1.2 million copies, giving Swift her third consecutive chart-topper in the US, making her the first female artist to have two million-selling album openings; it went on to spend seven weeks atop the chart.
8003:123145585074176::Thread-65 2020-08-09 19:00:23,020 - **END**
