8003:123146039386112::Thread-173 2020-08-09 18:59:34,288 - **START**
8003:123146039386112::Thread-173 2020-08-09 18:59:35,226 - Starting new HTTPS connection (1): en.wikipedia.org
8003:123146039386112::Thread-173 2020-08-09 18:59:38,833 - Sexual intercourse (or coitus or copulation) is sexual activity typically involving the insertion and thrusting of the penis into the vagina for sexual pleasure, reproduction, or both.
8003:123146039386112::Thread-173 2020-08-09 18:59:39,135 - This is also known as vaginal intercourse or vaginal sex.
8003:123146039386112::Thread-173 2020-08-09 18:59:40,123 - Other forms of penetrative sexual intercourse include anal sex (penetration of the anus by the penis), oral sex (penetration of the mouth by the penis or oral penetration of the female genitalia), fingering (sexual penetration by the fingers), and penetration by use of a dildo (especially a strap-on dildo).
8003:123146039386112::Thread-173 2020-08-09 18:59:40,582 - These activities involve physical intimacy between two or more individuals and are usually used among humans solely for physical or emotional pleasure and can contribute to human bonding.There are different views on what constitutes sexual intercourse or other sexual activity, which can impact on views on sexual health.
8003:123146039386112::Thread-173 2020-08-09 18:59:42,165 - Although sexual intercourse, particularly the variant coitus, generally denotes penile–vaginal penetration and the possibility of creating offspring, it also commonly denotes penetrative oral sex and penile–anal sex, especially the latter.
8003:123146039386112::Thread-173 2020-08-09 18:59:43,010 - It usually encompasses sexual penetration, while non-penetrative sex has been labeled "outercourse", but non-penetrative sex may also be considered sexual intercourse.
8003:123146039386112::Thread-173 2020-08-09 18:59:44,072 - Sex, often a shorthand for sexual intercourse, can mean any form of sexual activity.
8003:123146039386112::Thread-173 2020-08-09 18:59:45,798 - Because people can be at risk of contracting sexually transmitted infections during these activities, safer sex practices are recommended by health professionals to reduce transmission risk.Various jurisdictions place restrictions on certain sexual acts, such as incest, sexual activity with minors, prostitution, rape, zoophilia, sodomy, premarital and extramarital sex.
8003:123146039386112::Thread-173 2020-08-09 18:59:46,773 - Religious beliefs also play a role in personal decisions about sexual intercourse or other sexual activity, such as decisions about virginity, or legal and public policy matters.
8003:123146039386112::Thread-173 2020-08-09 18:59:47,332 - Religious views on sexuality vary significantly between different religions and sects of the same religion, though there are common themes, such as prohibition of adultery.
8003:123146039386112::Thread-173 2020-08-09 18:59:51,334 - **END**
8003:123146039386112::Thread-173 2020-08-09 18:59:55,335 - **START**
8003:123146039386112::Thread-173 2020-08-09 18:59:55,338 - Starting new HTTPS connection (1): en.wikipedia.org
8003:123146039386112::Thread-173 2020-08-09 18:59:58,861 - Shawn Corey Carter (born December 4, 1969), better known by his stage name Jay-Z (stylized as JAY-Z), is an American rapper, songwriter, record executive, entrepreneur, businessman, and record producer.
8003:123146039386112::Thread-173 2020-08-09 18:59:58,991 - Born and raised in New York City, Jay-Z first began his musical career after founding the record label Roc-A-Fella Records in 1995, and subsequently released his debut studio album Reasonable Doubt in 1996.
8003:123146039386112::Thread-173 2020-08-09 19:00:01,282 - The album was released to widespread critical success, and solidified his standing in the music industry.
8003:123146039386112::Thread-173 2020-08-09 19:00:03,938 - He has gone on to release twelve additional albums, including the acclaimed albums, The Blueprint (2001), The Black Album (2003), American Gangster (2007), and 4:44 (2017).
8003:123146039386112::Thread-173 2020-08-09 19:00:04,226 - Jay-Z has also released the full-length collaborative albums Watch the Throne (2011) with Kanye West and Everything Is Love (2018) with his wife Beyoncé, respectively.Outside of his musical career, Jay-Z has also attained significant success and media attention for his career as a businessman.
8003:123146039386112::Thread-173 2020-08-09 19:00:05,467 - In 1999, he founded the clothing retailer Rocawear, and in 2003, he founded the luxury sports bar chain 40/40 Club.
8003:123146039386112::Thread-173 2020-08-09 19:00:05,534 - Both businesses have grown to become multi-million-dollar corporations, and allowed Jay-Z to fund the start-up for the entertainment company Roc Nation, which was founded in 2008.
8003:123146039386112::Thread-173 2020-08-09 19:00:07,670 - In 2015, he acquired the tech company Aspiro and took charge of their media streaming service Tidal.Jay-Z is one of the world's best-selling music artists, with over 50 million albums and 75 million singles sold worldwide.
8003:123146039386112::Thread-173 2020-08-09 19:00:09,086 - He has won a total of 22 Grammy Awards, the most by a rapper, and holds the record for the most number-one albums by a solo artist on the Billboard 200, with 14.
8003:123146039386112::Thread-173 2020-08-09 19:00:10,723 - He has been ranked by Billboard and fellow music publication Rolling Stone as one of the 100 Greatest Artists of All Time.
8003:123146039386112::Thread-173 2020-08-09 19:00:10,724 - **END**
