8003:123145484115968::Thread-41 2020-08-09 18:59:33,236 - **START**
8003:123145484115968::Thread-41 2020-08-09 18:59:34,102 - Starting new HTTPS connection (1): en.wikipedia.org
8003:123145484115968::Thread-41 2020-08-09 18:59:36,193 - Barcelona ( BAR-sə-LOH-nə, Catalan: [bəɾsəˈlonə], Spanish: [baɾθeˈlona]) is a city on the coast of northeastern Spain.
8003:123145484115968::Thread-41 2020-08-09 18:59:37,962 - It is the capital and largest city of the autonomous community of Catalonia, as well as the second most populous municipality of Spain.
8003:123145484115968::Thread-41 2020-08-09 18:59:39,486 - With a population of 1.6 million within city limits, its urban area extends to numerous neighbouring municipalities within the Province of Barcelona and is home to around 4.8 million people, making it the fifth most populous urban area in the European Union after Paris, the Ruhr area, Madrid, and Milan.
8003:123145484115968::Thread-41 2020-08-09 18:59:42,203 - It is one of the largest metropolises on the Mediterranean Sea, located on the coast between the mouths of the rivers Llobregat and Besòs, and bounded to the west by the Serra de Collserola mountain range, the tallest peak of which is 512 metres (1,680 feet) high.
8003:123145484115968::Thread-41 2020-08-09 18:59:44,382 - Founded as a Roman city, in the Middle Ages Barcelona became the capital of the County of Barcelona.
8003:123145484115968::Thread-41 2020-08-09 18:59:44,458 - After merging with the Kingdom of Aragon, Barcelona continued to be an important city in the Crown of Aragon as an economic and administrative centre of this Crown and the capital of the Principality of Catalonia.
8003:123145484115968::Thread-41 2020-08-09 18:59:46,308 - Barcelona has a rich cultural heritage and is today an important cultural centre and a major tourist destination.
8003:123145484115968::Thread-41 2020-08-09 18:59:48,288 - Particularly renowned are the architectural works of Antoni Gaudí and Lluís Domènech i Montaner, which have been designated UNESCO World Heritage Sites.
8003:123145484115968::Thread-41 2020-08-09 18:59:50,303 - Since 1450, it is home to the University of Barcelona.
8003:123145484115968::Thread-41 2020-08-09 18:59:52,002 - The headquarters of the Union for the Mediterranean are located in Barcelona.
8003:123145484115968::Thread-41 2020-08-09 18:59:57,007 - **END**
8003:123145484115968::Thread-41 2020-08-09 19:00:03,008 - **START**
8003:123145484115968::Thread-41 2020-08-09 19:00:03,062 - Starting new HTTPS connection (1): en.wikipedia.org
8003:123145484115968::Thread-41 2020-08-09 19:00:05,148 - Sir William Wallace (Scottish Gaelic: Uilleam Uallas, pronounced [ˈɯʎam ˈuəl̪ˠəs̪]; Norman French: William le Waleys; born c. 1270, died 23 August 1305) was a Scottish knight who became one of the main leaders during the First War of Scottish Independence.Along with Andrew Moray, Wallace defeated an English army at the Battle of Stirling Bridge in September 1297.
8003:123145484115968::Thread-41 2020-08-09 19:00:06,780 - He was appointed Guardian of Scotland and served until his defeat at the Battle of Falkirk in July 1298.
8003:123145484115968::Thread-41 2020-08-09 19:00:06,937 - In August 1305, Wallace was captured in Robroyston, near Glasgow, and handed over to King Edward I of England, who had him hanged, drawn and quartered for high treason and crimes against English civilians.
8003:123145484115968::Thread-41 2020-08-09 19:00:08,246 - Since his death, Wallace has obtained an iconic status far beyond his homeland.
8003:123145484115968::Thread-41 2020-08-09 19:00:08,842 - He is the protagonist of Blind Harry's 15th-century epic poem The Wallace and the subject of literary works by Sir Walter Scott and Jane Porter, and of the Academy Award-winning film Braveheart.
8003:123145484115968::Thread-41 2020-08-09 19:00:09,949 - He was first cousin to Roger de Kirkpatrick.
8003:123145484115968::Thread-41 2020-08-09 19:00:10,949 - Roger himself was a third cousin to Robert the Bruce.
8003:123145484115968::Thread-41 2020-08-09 19:00:12,571 - Background

William Wallace was a member of the lesser nobility, but little is definitely known of his family history or even his parentage.
8003:123145484115968::Thread-41 2020-08-09 19:00:13,328 - Blind Harry's late-15th-century poem gives his father as Sir Malcolm of Elderslie; however, William's own seal, found on a letter sent to the Hanse city of Lübeck in 1297, gives his father's name as Alan Wallace.
8003:123145484115968::Thread-41 2020-08-09 19:00:14,714 - This Alan Wallace may be the same as the one listed in the 1296 Ragman Rolls as a crown tenant in Ayrshire, but there is no additional confirmation.
8003:123145484115968::Thread-41 2020-08-09 19:00:21,721 - **END**
