8003:123145715478528::Thread-96 2020-08-09 18:59:35,262 - **START**
8003:123145715478528::Thread-96 2020-08-09 18:59:36,574 - Starting new HTTPS connection (1): en.wikipedia.org
8003:123145715478528::Thread-96 2020-08-09 18:59:40,879 - Abraham (originally Abram) is the common patriarch of the Abrahamic religions, including Judaism, Christianity and Islam.
8003:123145715478528::Thread-96 2020-08-09 18:59:41,528 - In Judaism, he is the founding father of the covenant of the pieces, the special relationship between the Hebrews and God; in Christianity, he is the prototype of all believers, Jewish or Gentile; and in Islam he is seen as a link in the chain of prophets that begins with Adam and culminates in Muhammad.The narrative in the Book of Genesis revolves around the themes of posterity and land.
8003:123145715478528::Thread-96 2020-08-09 18:59:42,372 - Abraham is called by God to leave the house of his father Terah and settle in the land originally given to Canaan but which God now promises to Abraham and his progeny.
8003:123145715478528::Thread-96 2020-08-09 18:59:42,451 - Various candidates are put forward who might inherit the land after Abraham; and, while promises are made to Ishmael about founding a great nation, Isaac, Abraham's son by his half-sister Sarah, inherits God's promises to Abraham.
8003:123145715478528::Thread-96 2020-08-09 18:59:43,761 - Abraham purchases a tomb (the Cave of the Patriarchs) at Hebron to be Sarah's grave, thus establishing his right to the land; and, in the second generation, his heir Isaac is married to a woman from his own kin, thus ruling the Canaanites out of any inheritance.
8003:123145715478528::Thread-96 2020-08-09 18:59:45,148 - Abraham later marries Keturah and has six more sons; but, on his death, when he is buried beside Sarah, it is Isaac who receives "all Abraham's goods", while the other sons receive only "gifts" (Genesis 25:5–8).The Abraham story cannot be definitively related to any specific time, and it is widely agreed that the patriarchal age, along with the exodus and the period of the judges, is a late literary construct that does not relate to any period in actual history.
8003:123145715478528::Thread-96 2020-08-09 18:59:46,608 - A common hypothesis among scholars is that it was composed in the early Persian period (late 6th century BCE) as a result of tensions between Jewish landowners who had stayed in Judah during the Babylonian captivity and traced their right to the land through their "father Abraham", and the returning exiles who based their counter-claim on Moses and the Exodus tradition.
8003:123145715478528::Thread-96 2020-08-09 18:59:47,186 - Biblical account


Origins and calling
Terah, the ninth in descent from Noah, was the father of three sons: Abram, Nahor, and Haran.
8003:123145715478528::Thread-96 2020-08-09 18:59:47,271 - The entire family, including grandchildren, lived in Ur of the Chaldees.
8003:123145715478528::Thread-96 2020-08-09 18:59:48,334 - According to a midrash, Abram worked in Terah's idol shop in his youth.
8003:123145715478528::Thread-96 2020-08-09 18:59:53,339 - **END**
8003:123145715478528::Thread-96 2020-08-09 19:00:02,343 - **START**
8003:123145715478528::Thread-96 2020-08-09 19:00:02,636 - Starting new HTTPS connection (1): en.wikipedia.org
8003:123145715478528::Thread-96 2020-08-09 19:00:03,832 - The Great Wall of China (Chinese: 萬里長城; pinyin: Wànlǐ Chángchéng) is the collective name of a series of fortification systems generally built across the historical northern borders of China to protect and consolidate territories of Chinese states and empires against various nomadic groups of the steppe and their polities.
8003:123145715478528::Thread-96 2020-08-09 19:00:04,029 - Several walls were being built from as early as the 7th century BC by ancient Chinese states; selective stretches were later joined together by Qin Shi Huang (220–206 BC), the first emperor of China.
8003:123145715478528::Thread-96 2020-08-09 19:00:05,748 - Little of the Qin wall remains.
8003:123145715478528::Thread-96 2020-08-09 19:00:07,612 - Later on, many successive dynasties have built and maintained multiple stretches of border walls.
8003:123145715478528::Thread-96 2020-08-09 19:00:08,956 - The most well-known sections of the wall were built by the Ming dynasty (1368–1644).
8003:123145715478528::Thread-96 2020-08-09 19:00:10,875 - Apart from defense, other purposes of the Great Wall have included border controls, allowing the imposition of duties on goods transported along the Silk Road, regulation or encouragement of trade and the control of immigration and emigration.
8003:123145715478528::Thread-96 2020-08-09 19:00:12,085 - Furthermore, the defensive characteristics of the Great Wall were enhanced by the construction of watch towers, troop barracks, garrison stations, signaling capabilities through the means of smoke or fire, and the fact that the path of the Great Wall also served as a transportation corridor.
8003:123145715478528::Thread-96 2020-08-09 19:00:12,380 - The frontier walls built by different dynasties have multiple courses.
8003:123145715478528::Thread-96 2020-08-09 19:00:12,787 - Collectively, they stretch from Liaodong in the east to Lop Lake in the west, from the present-day Sino–Russian border in the north to Taohe River in the south; along an arc that roughly delineates the edge of Mongolian steppe.
8003:123145715478528::Thread-96 2020-08-09 19:00:14,566 - A comprehensive archaeological survey, using advanced technologies, has concluded that the walls built by the Ming dynasty measure 8,850 km (5,500 mi).
8003:123145715478528::Thread-96 2020-08-09 19:00:20,568 - **END**
