8003:123146300194816::Thread-235 2020-08-09 18:59:27,352 - **START**
8003:123146300194816::Thread-235 2020-08-09 18:59:27,613 - Starting new HTTPS connection (1): en.wikipedia.org
8003:123146300194816::Thread-235 2020-08-09 18:59:29,525 - Led Zeppelin were  an English rock band formed in London in 1968.
8003:123146300194816::Thread-235 2020-08-09 18:59:31,062 - The group consisted of vocalist Robert Plant, guitarist Jimmy Page, bassist/keyboardist John Paul Jones, and drummer John Bonham.
8003:123146300194816::Thread-235 2020-08-09 18:59:31,076 - With their heavy, guitar-driven sound, they are regularly cited as one of the progenitors of heavy metal, although their style drew from a variety of influences, including blues and folk music.
8003:123146300194816::Thread-235 2020-08-09 18:59:32,773 - After changing their name from the New Yardbirds, Led Zeppelin signed a deal with Atlantic Records that afforded them considerable artistic freedom.
8003:123146300194816::Thread-235 2020-08-09 18:59:34,706 - Although the group were initially unpopular with critics, they achieved significant commercial success with eight studio albums released over ten years, from Led Zeppelin (1969) to In Through the Out Door (1979).
8003:123146300194816::Thread-235 2020-08-09 18:59:34,971 - Their untitled fourth studio album, commonly known as Led Zeppelin IV (1971), and featuring the song "Stairway to Heaven", is among the most popular and influential works in rock music, and helped to secure the group's popularity.
8003:123146300194816::Thread-235 2020-08-09 18:59:35,898 - Page wrote most of Led Zeppelin's music, particularly early in their career, while Plant generally supplied the lyrics.
8003:123146300194816::Thread-235 2020-08-09 18:59:37,115 - Jones's keyboard-based compositions later became central to the group's catalogue, which featured increasing experimentation.
8003:123146300194816::Thread-235 2020-08-09 18:59:37,396 - The latter half of their career saw a series of record-breaking tours that earned the group a reputation for excess and debauchery.
8003:123146300194816::Thread-235 2020-08-09 18:59:37,484 - Although they remained commercially and critically successful, their output and touring schedule were limited during the late 1970s, and the group disbanded following Bonham's death from alcohol-related asphyxia in 1980.
8003:123146300194816::Thread-235 2020-08-09 18:59:39,501 - **END**
8003:123146300194816::Thread-235 2020-08-09 18:59:47,507 - **START**
8003:123146300194816::Thread-235 2020-08-09 18:59:47,512 - Starting new HTTPS connection (1): en.wikipedia.org
8003:123146300194816::Thread-235 2020-08-09 18:59:48,566 - Pompeii (, Latin: [pɔmˈpeːjjiː]) was an ancient city located in what is now the comune of Pompei near Naples in the Campania region of Italy.
8003:123146300194816::Thread-235 2020-08-09 18:59:48,582 - Pompeii, along with Herculaneum and many villas in the surrounding area (e.g.
8003:123146300194816::Thread-235 2020-08-09 18:59:48,892 - at Boscoreale, Stabiae), was buried under 4 to 6 m (13 to 20 ft) of volcanic ash and pumice in the eruption of Mount Vesuvius in AD 79.
8003:123146300194816::Thread-235 2020-08-09 18:59:49,779 - Largely preserved under the ash, the excavated city offered a unique snapshot of Roman life, frozen at the moment it was buried, and an extraordinarily detailed insight into the everyday life of its inhabitants, although much of the evidence was lost in the early excavations.
8003:123146300194816::Thread-235 2020-08-09 18:59:50,320 - It was a wealthy town, enjoying many fine public buildings and luxurious private houses with lavish decorations, furnishings and works of art which were the main attractions for the early excavators.
8003:123146300194816::Thread-235 2020-08-09 18:59:51,227 - Organic remains, including wooden objects and human bodies, were entombed in the ash and decayed leaving
voids which archaeologists found could be used as moulds to make plaster casts of unique and often gruesome figures in their final moments of life.
8003:123146300194816::Thread-235 2020-08-09 18:59:53,383 - The numerous graffiti carved on the walls and inside rooms provide a wealth of examples of the largely lost Vulgar Latin spoken colloquially at the time, contrasting with the formal language of the classical writers.
8003:123146300194816::Thread-235 2020-08-09 18:59:53,756 - Pompeii is a UNESCO World Heritage Site and is one of the most popular tourist attractions in Italy, with approximately 2.5 million visitors annually.After many excavations prior to 1960 that had uncovered most of the city but left it in decay, further major excavations were banned and instead they were limited to targeted, prioritised areas.
8003:123146300194816::Thread-235 2020-08-09 18:59:55,254 - In 2018, these led to new discoveries in some previously unexplored areas of the city.
8003:123146300194816::Thread-235 2020-08-09 18:59:55,299 - Name
Pompeii (pronounced [pɔmˈpɛjjiː]) in Latin is a second declension plural noun (Pompeiī, -ōrum).
8003:123146300194816::Thread-235 2020-08-09 18:59:57,300 - **END**
8003:123146300194816::Thread-235 2020-08-09 19:00:08,305 - **START**
8003:123146300194816::Thread-235 2020-08-09 19:00:08,316 - Starting new HTTPS connection (1): en.wikipedia.org
8003:123146300194816::Thread-235 2020-08-09 19:00:10,416 - Joseph Vissarionovich Stalin (born Ioseb Besarionis dzе Jugashvili; 18 December [O.S.
8003:123146300194816::Thread-235 2020-08-09 19:00:11,299 - 6 December] 1878 – 5 March 1953) was a Georgian revolutionary and Soviet politician who ruled the Soviet Union from the mid-1920s until his death in 1953.
8003:123146300194816::Thread-235 2020-08-09 19:00:12,126 - He served as the general secretary of the Communist Party of the Soviet Union (1922–1952) and premier of the Soviet Union (1941–1953).
8003:123146300194816::Thread-235 2020-08-09 19:00:13,682 - Despite initially governing the Soviet Union as part of a collective leadership, he eventually consolidated power to become the country's de facto dictator by the 1930s.
8003:123146300194816::Thread-235 2020-08-09 19:00:14,421 - A communist ideologically committed to the Leninist interpretation of Marxism, Stalin formalised these ideas as Marxism–Leninism, while his own policies are known as Stalinism.
8003:123146300194816::Thread-235 2020-08-09 19:00:16,078 - Born to a poor family in Gori in the Russian Empire (now Georgia), Stalin joined the Marxist Russian Social Democratic Labour Party as a youth.
8003:123146300194816::Thread-235 2020-08-09 19:00:16,849 - He edited the party's newspaper, Pravda, and raised funds for Vladimir Lenin's Bolshevik faction via robberies, kidnappings, and protection rackets.
8003:123146300194816::Thread-235 2020-08-09 19:00:18,347 - Repeatedly arrested, he underwent several internal exiles.
8003:123146300194816::Thread-235 2020-08-09 19:00:18,689 - After the Bolsheviks seized power during the 1917 October Revolution and created a one-party state under Lenin's newly renamed Communist Party, Stalin joined its governing Politburo.
8003:123146300194816::Thread-235 2020-08-09 19:00:20,454 - Serving in the Russian Civil War before overseeing the Soviet Union's establishment in 1922, Stalin assumed leadership over the country following Lenin's 1924 death.
8003:123146300194816::Thread-235 2020-08-09 19:00:20,506 - Under Stalin, "socialism in one country" became a central tenet of the party's dogma.
8003:123146300194816::Thread-235 2020-08-09 19:00:22,507 - **END**
