8003:123146190823424::Thread-209 2020-08-09 18:59:35,316 - **START**
8003:123146190823424::Thread-209 2020-08-09 18:59:36,627 - Starting new HTTPS connection (1): en.wikipedia.org
8003:123146190823424::Thread-209 2020-08-09 18:59:40,631 - Karenjit Kaur Vohra (born May 13, 1981), known by her stage name Sunny Leone (), is a model and an actress in the Indian film industry and a former pornographic actress.
8003:123146190823424::Thread-209 2020-08-09 18:59:43,210 - She has Canadian and American citizenship.
8003:123146190823424::Thread-209 2020-08-09 18:59:44,023 - She has also used the stage name Karen Malhotra.
8003:123146190823424::Thread-209 2020-08-09 18:59:44,074 - She was named Penthouse Pet of the Year in 2003, was a contract performer for Vivid Entertainment, and was named by Maxim as one of the 12 top porn stars in 2010.
8003:123146190823424::Thread-209 2020-08-09 18:59:46,259 - She has played roles in independent mainstream events, films, and television series.
8003:123146190823424::Thread-209 2020-08-09 18:59:47,837 - Her first mainstream appearance was in 2005, when she worked as a red carpet reporter for the MTV Video Music Awards on MTV India.
8003:123146190823424::Thread-209 2020-08-09 18:59:49,865 - In 2011, she participated in the Indian reality television series Bigg Boss.
8003:123146190823424::Thread-209 2020-08-09 18:59:50,876 - She also has hosted the Indian reality show Splitsvilla.
8003:123146190823424::Thread-209 2020-08-09 18:59:52,275 - In 2012, she made her Bollywood debut in Pooja Bhatt's erotic thriller Jism 2 (2012) and shifted her focus to mainstream acting which was followed up with Jackpot (2013), Ragini MMS 2 (2014), Ek Paheli Leela (2015), Tera Intezaar (2017), and the Malayalam film Madhura Raja in 2019.
8003:123146190823424::Thread-209 2020-08-09 18:59:54,224 - Apart from her acting career she has been part of activism campaigns including the Rock 'n' Roll Los Angeles Half-Marathon to raise money for the American Cancer Society and has also posed for a People for the Ethical Treatment of Animals (PETA) ad campaign with a rescued dog, encouraging pet owners to have their cats and dogs spayed and neutered.
8003:123146190823424::Thread-209 2020-08-09 18:59:54,225 - **END**
8003:123146190823424::Thread-209 2020-08-09 19:00:01,227 - **START**
8003:123146190823424::Thread-209 2020-08-09 19:00:01,238 - Starting new HTTPS connection (1): en.wikipedia.org
8003:123146190823424::Thread-209 2020-08-09 19:00:03,095 - Heathrow Airport, originally called London Airport (until 1966) and now known as London Heathrow (IATA: LHR, ICAO: EGLL), is a major international airport in London, United Kingdom.
8003:123146190823424::Thread-209 2020-08-09 19:00:03,101 - Heathrow is the second busiest airport in the world by international passenger traffic, as well as the busiest airport in Europe by passenger traffic, and the seventh busiest airport in the world by total passenger traffic.
8003:123146190823424::Thread-209 2020-08-09 19:00:03,704 - It is one of six international airports serving the London region.
8003:123146190823424::Thread-209 2020-08-09 19:00:03,822 - In 2019, it handled a record 80.8 million passengers, a 0.9% increase from 2018 as well as 475,861 aircraft movements, a decrease of 1,743 from 2018.
8003:123146190823424::Thread-209 2020-08-09 19:00:04,442 - The airport facility is owned and operated by Heathrow Airport Holdings.
8003:123146190823424::Thread-209 2020-08-09 19:00:05,115 - Heathrow lies 14 miles (23 km) west of Central London, and has two parallel east–west runways along with four operational terminals on a site that covers 12.27 square kilometres (4.74 sq mi).
8003:123146190823424::Thread-209 2020-08-09 19:00:05,198 - The airport is the primary hub for British Airways and the primary operating base for Virgin Atlantic.
8003:123146190823424::Thread-209 2020-08-09 19:00:05,891 - In September 2012, the Government of the United Kingdom established the Airports Commission, an independent commission chaired by Sir Howard Davies to examine various options for increasing capacity at UK airports.
8003:123146190823424::Thread-209 2020-08-09 19:00:06,801 - In July 2015, the commission backed a third runway at Heathrow, which the government approved in October 2016.
8003:123146190823424::Thread-209 2020-08-09 19:00:06,999 - However, the England and Wales Court of Appeal rejected this  plan for a third runway at Heathrow, due to concerns about climate change and the environmental impact of aviation.
8003:123146190823424::Thread-209 2020-08-09 19:00:10,000 - **END**
