8003:123146270748672::Thread-228 2020-08-09 18:59:31,351 - **START**
8003:123146270748672::Thread-228 2020-08-09 18:59:32,504 - Starting new HTTPS connection (1): en.wikipedia.org
8003:123146270748672::Thread-228 2020-08-09 18:59:35,748 - The Celtic Football Club ( SEL-tik) is a Scottish professional football club based in Glasgow, which plays in the Scottish Premiership.
8003:123146270748672::Thread-228 2020-08-09 18:59:38,460 - The club was founded in 1887 with the purpose of alleviating poverty in the immigrant Irish population in the East End of Glasgow.
8003:123146270748672::Thread-228 2020-08-09 18:59:39,317 - They played their first match in May 1888, a friendly match against Rangers which Celtic won 5–2.
8003:123146270748672::Thread-228 2020-08-09 18:59:39,948 - Celtic established themselves within Scottish football, winning six successive league titles during the first decade of the 20th century.
8003:123146270748672::Thread-228 2020-08-09 18:59:40,156 - The club enjoyed their greatest successes during the 1960s and 70s under Jock Stein when they won nine consecutive league titles and the 1967 European Cup.
8003:123146270748672::Thread-228 2020-08-09 18:59:42,051 - Celtic have played in green and white for the entirety of its history, adopting hoops in 1903, those being used ever since.
8003:123146270748672::Thread-228 2020-08-09 18:59:44,098 - Celtic are one of only five clubs in the world (which also includes their rivals Rangers) to have won over 100 trophies in their history.
8003:123146270748672::Thread-228 2020-08-09 18:59:46,687 - The club has won the Scottish league championship 51 times, most recently in 2019–20, the Scottish Cup 39 times and the Scottish League Cup 19 times.
8003:123146270748672::Thread-228 2020-08-09 18:59:48,221 - The club's greatest season was 1966–67, when Celtic became the first British team to win the European Cup, also winning the Scottish league championship, the Scottish Cup, the League Cup and the Glasgow Cup.
8003:123146270748672::Thread-228 2020-08-09 18:59:48,998 - Celtic also reached the 1970 European Cup Final and the 2003 UEFA Cup Final, losing in both.
8003:123146270748672::Thread-228 2020-08-09 18:59:52,004 - **END**
8003:123146270748672::Thread-228 2020-08-09 19:00:02,008 - **START**
8003:123146270748672::Thread-228 2020-08-09 19:00:02,169 - Starting new HTTPS connection (1): en.wikipedia.org
8003:123146270748672::Thread-228 2020-08-09 19:00:04,735 - Liverpool Football Club is a professional football club in Liverpool, England, that competes in the Premier League, the top tier of English football.
8003:123146270748672::Thread-228 2020-08-09 19:00:04,988 - Domestically, the club has won nineteen League titles, seven FA Cups, a record eight League Cups and fifteen FA Community Shields.
8003:123146270748672::Thread-228 2020-08-09 19:00:06,659 - In international competitions, the club has won six European Cups, more than any other English club, three UEFA Cups, four UEFA Super Cups (also English records) and one FIFA Club World Cup.
8003:123146270748672::Thread-228 2020-08-09 19:00:08,093 - Founded in 1892, the club joined the Football League the following year and has played at Anfield since its formation.
8003:123146270748672::Thread-228 2020-08-09 19:00:10,074 - Liverpool established itself as a major force in English and European football in the 1970s and 1980s, when Bill Shankly, Bob Paisley, Joe Fagan and Kenny Dalglish led the club to a combined eleven League titles and four European Cups.
8003:123146270748672::Thread-228 2020-08-09 19:00:11,119 - Liverpool won two further European Cups in 2005 and 2019 under the management of Rafael Benítez and Jürgen Klopp, respectively, the latter of whom led Liverpool to a nineteenth League title in 2020, the club's first during the Premier League era.
8003:123146270748672::Thread-228 2020-08-09 19:00:11,317 - One of the most widely supported teams in the world, in 2019, Liverpool was the world's seventh highest-earning football club, with an annual revenue of €604 million, and the world's eighth most valuable football club, valued at $2.183 billion.
8003:123146270748672::Thread-228 2020-08-09 19:00:12,549 - Liverpool has long-standing rivalries with Manchester United and Everton.
8003:123146270748672::Thread-228 2020-08-09 19:00:13,194 - The team changed from red shirts and white shorts to an all-red home strip in 1964 which has been used ever since.
8003:123146270748672::Thread-228 2020-08-09 19:00:14,078 - The club's anthem is "You'll Never Walk Alone".
8003:123146270748672::Thread-228 2020-08-09 19:00:16,080 - **END**
