8003:123146325434368::Thread-241 2020-08-09 18:59:26,352 - **START**
8003:123146325434368::Thread-241 2020-08-09 18:59:26,421 - Starting new HTTPS connection (1): en.wikipedia.org
8003:123146325434368::Thread-241 2020-08-09 18:59:34,712 - **START**
8003:123146325434368::Thread-241 2020-08-09 18:59:35,016 - Starting new HTTPS connection (1): en.wikipedia.org
8003:123146325434368::Thread-241 2020-08-09 18:59:39,746 - Tupac Amaru Shakur ( TOO-pahk shə-KOOR; born Lesane Parish Crooks, June 16, 1971 – September 13, 1996), better known by his stage name 2Pac, was an American rapper and actor.
8003:123146325434368::Thread-241 2020-08-09 18:59:41,102 - Considered by many to be one of the most influential rappers of all time, much of Shakur's work has been noted for addressing contemporary social issues that plagued inner cities, and he is considered a symbol of resistance and activism against inequality.
8003:123146325434368::Thread-241 2020-08-09 18:59:41,913 - Shakur was born in the Manhattan borough of New York City but relocated to the San Francisco Bay Area in 1988.
8003:123146325434368::Thread-241 2020-08-09 18:59:42,521 - He later moved to Los Angeles in 1993 to further pursue his music career.
8003:123146325434368::Thread-241 2020-08-09 18:59:45,387 - By the time he released his debut album 2Pacalypse Now in 1991, he had become a central figure in West Coast hip hop, introducing social issues in the genre at a time when gangsta rap was dominant in the mainstream.
8003:123146325434368::Thread-241 2020-08-09 18:59:46,250 - Shakur achieved further critical and commercial success with his follow-up albums Strictly 4 My N.I.G.G.A.Z... (1993) and Me Against the World (1995).Shakur became heavily involved in the growing East Coast–West Coast hip hop rivalry between 1995 and 1996.
8003:123146325434368::Thread-241 2020-08-09 18:59:47,819 - His double-disc album All Eyez on Me (1996) became certified Diamond by the RIAA.
8003:123146325434368::Thread-241 2020-08-09 18:59:48,898 - On September 7, 1996, Shakur was shot four times by an unknown assailant in a drive-by shooting in Las Vegas; he died six days later and the gunman was never captured.
8003:123146325434368::Thread-241 2020-08-09 18:59:51,844 - The Notorious B.I.G., Shakur's friend turned rival, was at first considered a suspect, but was also murdered in another drive-by shooting six months later.
8003:123146325434368::Thread-241 2020-08-09 18:59:52,462 - Five more albums have been released since his death, all of which have been certified platinum in the United States.
8003:123146325434368::Thread-241 2020-08-09 18:59:53,464 - **END**
8003:123146325434368::Thread-241 2020-08-09 19:00:03,465 - **START**
8003:123146325434368::Thread-241 2020-08-09 19:00:03,505 - Starting new HTTPS connection (1): en.wikipedia.org
8003:123146325434368::Thread-241 2020-08-09 19:00:05,270 - Manchester United Football Club is a professional football club based in Old Trafford, Greater Manchester, England, that competes in the Premier League, the top flight of English football.
8003:123146325434368::Thread-241 2020-08-09 19:00:06,741 - Nicknamed "the Red Devils", the club was founded as Newton Heath LYR Football Club in 1878, changed its name to Manchester United in 1902 and moved to its current stadium, Old Trafford, in 1910.
8003:123146325434368::Thread-241 2020-08-09 19:00:07,213 - Manchester United have won more trophies than any other club in English football, with a record 20 League titles, 12 FA Cups, five League Cups and a record 21 FA Community Shields.
8003:123146325434368::Thread-241 2020-08-09 19:00:07,944 - United have also won three UEFA Champions Leagues, one UEFA Europa League, one UEFA Cup Winners' Cup, one UEFA Super Cup, one Intercontinental Cup and one FIFA Club World Cup.
8003:123146325434368::Thread-241 2020-08-09 19:00:09,833 - In 1998–99, the club became the first in the history of English football to achieve the continental European treble.
8003:123146325434368::Thread-241 2020-08-09 19:00:10,204 - By winning the UEFA Europa League in 2016–17, they became one of five clubs to have won all three main UEFA club competitions.
8003:123146325434368::Thread-241 2020-08-09 19:00:11,013 - The 1958 Munich air disaster claimed the lives of eight players.
8003:123146325434368::Thread-241 2020-08-09 19:00:11,282 - In 1968, under the management of Matt Busby, Manchester United became the first English football club to win the European Cup.
8003:123146325434368::Thread-241 2020-08-09 19:00:13,051 - Alex Ferguson won 38 trophies as manager, including 13 Premier League titles, 5 FA Cups and 2 UEFA Champions Leagues, between 1986 and 2013, when he announced his retirement.
8003:123146325434368::Thread-241 2020-08-09 19:00:14,258 - Manchester United was the highest-earning football club in the world for 2016–17, with an annual revenue of €676.3 million, and the world's third most valuable football club in 2019, valued at £3.15 billion ($3.81 billion).
8003:123146325434368::Thread-241 2020-08-09 19:00:18,259 - **END**
