8003:123145799610368::Thread-116 2020-08-09 18:59:35,265 - **START**
8003:123145799610368::Thread-116 2020-08-09 18:59:36,594 - Starting new HTTPS connection (1): en.wikipedia.org
8003:123145799610368::Thread-116 2020-08-09 18:59:40,149 - John Christopher Depp II (born June 9, 1963) is an American actor, producer, and musician.
8003:123145799610368::Thread-116 2020-08-09 18:59:40,903 - He has been nominated for ten Golden Globe Awards, winning one for Best Actor for his performance of the title role in Sweeney Todd: The Demon Barber of Fleet Street (2007), and has been nominated for three Academy Awards for Best Actor, among other accolades.
8003:123145799610368::Thread-116 2020-08-09 18:59:40,948 - He is regarded as one of the world's biggest film stars.
8003:123145799610368::Thread-116 2020-08-09 18:59:41,724 - Depp made his film debut in the 1984 film A Nightmare on Elm Street, before rising to prominence as a teen idol on the television series 21 Jump Street (1987–1990).
8003:123145799610368::Thread-116 2020-08-09 18:59:42,806 - He had a supporting role in Oliver Stone's 1986 war film Platoon and played the title character in the 1990 romantic fantasy Edward Scissorhands.
8003:123145799610368::Thread-116 2020-08-09 18:59:43,166 - Depp has gained critical praise for his portrayals of inept screenwriter-director Ed Wood in the film of the same name (1994), undercover FBI agent Joseph D. Pistone in Donnie Brasco (1997), author J. M. Barrie in Finding Neverland (2004) and Boston gangster Whitey Bulger in Black Mass (2015).
8003:123145799610368::Thread-116 2020-08-09 18:59:44,093 - He has starred in a number of successful films, including Cry-Baby (1990), Dead Man (1995), Sleepy Hollow (1999), Charlie and the Chocolate Factory (2005), Corpse Bride (2005), Public Enemies (2009), Alice in Wonderland (2010) and its 2016 sequel, The Tourist (2010), Rango (2011), Dark Shadows (2012), Into the Woods (2014), and Fantastic Beasts: The Crimes of Grindelwald (2018).
8003:123145799610368::Thread-116 2020-08-09 18:59:44,472 - Depp also plays Jack Sparrow in the swashbuckler film series Pirates of the Caribbean (2003–present).
8003:123145799610368::Thread-116 2020-08-09 18:59:45,023 - Depp is the tenth highest-grossing actor worldwide, as films featuring Depp have grossed over US$3.7 billion at the United States box office and over US$10 billion worldwide.
8003:123145799610368::Thread-116 2020-08-09 18:59:45,220 - He has been listed in the 2012 Guinness World Records as the world's highest-paid actor, with earnings of US$75 million.
8003:123145799610368::Thread-116 2020-08-09 18:59:51,222 - **END**
8003:123145799610368::Thread-116 2020-08-09 19:00:00,226 - **START**
8003:123145799610368::Thread-116 2020-08-09 19:00:00,270 - Starting new HTTPS connection (1): en.wikipedia.org
8003:123145799610368::Thread-116 2020-08-09 19:00:03,367 - Once Upon a Time is  an American fantasy adventure drama television series that aired on ABC from October 23, 2011 to May 18, 2018.
8003:123145799610368::Thread-116 2020-08-09 19:00:03,834 - The first six seasons are largely set in the fictitious seaside town of Storybrooke, Maine, with the characters of Emma Swan and her 10-year-old son, Henry Mills, as the leads — whilst the seventh and final season takes place in Seattle, Washington, in the fictitious neighborhood of Hyperion Heights, with a new main narrative led by adult Henry Mills, his wife Ella (Jacinda), and their daughter Lucy.
8003:123145799610368::Thread-116 2020-08-09 19:00:04,106 - The show's more notable characters are based on original Disney characters from The Walt Disney Company and popular Western literature, folklore, Greek mythology, and fairy tales.
8003:123145799610368::Thread-116 2020-08-09 19:00:05,697 - The family of Snow White and Prince Charming from Disney's Snow White and the Seven Dwarfs are the main family featured in the series.
8003:123145799610368::Thread-116 2020-08-09 19:00:07,083 - Once Upon a Time was created by Lost & Tron: Legacy writers Edward Kitsis and Adam Horowitz.
8003:123145799610368::Thread-116 2020-08-09 19:00:08,223 - A spin-off series, Once Upon a Time in Wonderland, consisting of 13 episodes which followed the peculiar character from the 1865 novel Alice's Adventures in Wonderland by Lewis Carroll, premiered on October 10, 2013 and concluded on April 3, 2014.
8003:123145799610368::Thread-116 2020-08-09 19:00:09,014 - Series overview
For the first six seasons, the series is set in the fictional seaside town of Storybrooke, Maine, in which the residents are actually fairy tale characters that were transported to the real world town and robbed of their memories by Regina, the Evil Queen (Lana Parrilla) who used a powerful dark curse obtained from Rumplestiltskin (Robert Carlyle).
8003:123145799610368::Thread-116 2020-08-09 19:00:10,144 - The residents of Storybrooke, where Regina is mayor, have lived an unchanging existence for 28 years, unaware of their own agelessness.
8003:123145799610368::Thread-116 2020-08-09 19:00:11,632 - The town's only hope lies with a bail-bonds person from the Land Without Magic, named Emma Swan (Jennifer Morrison), only daughter of Snow White (Ginnifer Goodwin) and Prince Charming (Josh Dallas).
8003:123145799610368::Thread-116 2020-08-09 19:00:12,957 - Emma was transported from the Enchanted Forest to the real world via a magic wardrobe as an infant before the curse was cast.
8003:123145799610368::Thread-116 2020-08-09 19:00:19,960 - **END**
