8003:123145988907008::Thread-161 2020-08-09 18:59:37,296 - **START**
8003:123145988907008::Thread-161 2020-08-09 18:59:37,503 - Starting new HTTPS connection (1): en.wikipedia.org
8003:123145988907008::Thread-161 2020-08-09 18:59:41,523 - Once Upon a Time is  an American fantasy adventure drama television series that aired on ABC from October 23, 2011 to May 18, 2018.
8003:123145988907008::Thread-161 2020-08-09 18:59:42,853 - The first six seasons are largely set in the fictitious seaside town of Storybrooke, Maine, with the characters of Emma Swan and her 10-year-old son, Henry Mills, as the leads — whilst the seventh and final season takes place in Seattle, Washington, in the fictitious neighborhood of Hyperion Heights, with a new main narrative led by adult Henry Mills, his wife Ella (Jacinda), and their daughter Lucy.
8003:123145988907008::Thread-161 2020-08-09 18:59:43,272 - The show's more notable characters are based on original Disney characters from The Walt Disney Company and popular Western literature, folklore, Greek mythology, and fairy tales.
8003:123145988907008::Thread-161 2020-08-09 18:59:43,370 - The family of Snow White and Prince Charming from Disney's Snow White and the Seven Dwarfs are the main family featured in the series.
8003:123145988907008::Thread-161 2020-08-09 18:59:45,362 - Once Upon a Time was created by Lost & Tron: Legacy writers Edward Kitsis and Adam Horowitz.
8003:123145988907008::Thread-161 2020-08-09 18:59:45,707 - A spin-off series, Once Upon a Time in Wonderland, consisting of 13 episodes which followed the peculiar character from the 1865 novel Alice's Adventures in Wonderland by Lewis Carroll, premiered on October 10, 2013 and concluded on April 3, 2014.
8003:123145988907008::Thread-161 2020-08-09 18:59:46,366 - Series overview
For the first six seasons, the series is set in the fictional seaside town of Storybrooke, Maine, in which the residents are actually fairy tale characters that were transported to the real world town and robbed of their memories by Regina, the Evil Queen (Lana Parrilla) who used a powerful dark curse obtained from Rumplestiltskin (Robert Carlyle).
8003:123145988907008::Thread-161 2020-08-09 18:59:47,668 - The residents of Storybrooke, where Regina is mayor, have lived an unchanging existence for 28 years, unaware of their own agelessness.
8003:123145988907008::Thread-161 2020-08-09 18:59:48,792 - The town's only hope lies with a bail-bonds person from the Land Without Magic, named Emma Swan (Jennifer Morrison), only daughter of Snow White (Ginnifer Goodwin) and Prince Charming (Josh Dallas).
8003:123145988907008::Thread-161 2020-08-09 18:59:50,013 - Emma was transported from the Enchanted Forest to the real world via a magic wardrobe as an infant before the curse was cast.
8003:123145988907008::Thread-161 2020-08-09 18:59:57,015 - **END**
8003:123145988907008::Thread-161 2020-08-09 19:00:03,017 - **START**
8003:123145988907008::Thread-161 2020-08-09 19:00:03,059 - Starting new HTTPS connection (1): en.wikipedia.org
8003:123145988907008::Thread-161 2020-08-09 19:00:03,976 - Shawn Corey Carter (born December 4, 1969), better known by his stage name Jay-Z (stylized as JAY-Z), is an American rapper, songwriter, record executive, entrepreneur, businessman, and record producer.
8003:123145988907008::Thread-161 2020-08-09 19:00:04,493 - Born and raised in New York City, Jay-Z first began his musical career after founding the record label Roc-A-Fella Records in 1995, and subsequently released his debut studio album Reasonable Doubt in 1996.
8003:123145988907008::Thread-161 2020-08-09 19:00:04,969 - The album was released to widespread critical success, and solidified his standing in the music industry.
8003:123145988907008::Thread-161 2020-08-09 19:00:05,418 - He has gone on to release twelve additional albums, including the acclaimed albums, The Blueprint (2001), The Black Album (2003), American Gangster (2007), and 4:44 (2017).
8003:123145988907008::Thread-161 2020-08-09 19:00:06,236 - Jay-Z has also released the full-length collaborative albums Watch the Throne (2011) with Kanye West and Everything Is Love (2018) with his wife Beyoncé, respectively.Outside of his musical career, Jay-Z has also attained significant success and media attention for his career as a businessman.
8003:123145988907008::Thread-161 2020-08-09 19:00:06,940 - In 1999, he founded the clothing retailer Rocawear, and in 2003, he founded the luxury sports bar chain 40/40 Club.
8003:123145988907008::Thread-161 2020-08-09 19:00:07,032 - Both businesses have grown to become multi-million-dollar corporations, and allowed Jay-Z to fund the start-up for the entertainment company Roc Nation, which was founded in 2008.
8003:123145988907008::Thread-161 2020-08-09 19:00:07,456 - In 2015, he acquired the tech company Aspiro and took charge of their media streaming service Tidal.Jay-Z is one of the world's best-selling music artists, with over 50 million albums and 75 million singles sold worldwide.
8003:123145988907008::Thread-161 2020-08-09 19:00:07,584 - He has won a total of 22 Grammy Awards, the most by a rapper, and holds the record for the most number-one albums by a solo artist on the Billboard 200, with 14.
8003:123145988907008::Thread-161 2020-08-09 19:00:07,944 - He has been ranked by Billboard and fellow music publication Rolling Stone as one of the 100 Greatest Artists of All Time.
8003:123145988907008::Thread-161 2020-08-09 19:00:14,949 - **END**
