8003:123145534595072::Thread-53 2020-08-09 18:59:33,241 - **START**
8003:123145534595072::Thread-53 2020-08-09 18:59:34,097 - Starting new HTTPS connection (1): en.wikipedia.org
8003:123145534595072::Thread-53 2020-08-09 18:59:36,853 - Demetria Devonne  Lovato ( lə-VAH-toh; born August 20, 1992) is an American singer, songwriter, actress, and television personality.
8003:123145534595072::Thread-53 2020-08-09 18:59:37,448 - After appearing on the children's television series Barney & Friends (2002–2004), she rose to prominence for her role as Mitchie Torres in the Disney Channel musical television film Camp Rock (2008) and its sequel Camp Rock 2: The Final Jam (2010).
8003:123145534595072::Thread-53 2020-08-09 18:59:38,149 - The former film's soundtrack included "This Is Me", Lovato's duet with Joe Jonas, which peaked in the top ten of the Billboard Hot 100.
8003:123145534595072::Thread-53 2020-08-09 18:59:39,133 - After signing with Hollywood Records, Lovato released her pop rock debut album, Don't Forget (2008), which debuted at number two on the Billboard 200.
8003:123145534595072::Thread-53 2020-08-09 18:59:39,318 - Its follow up, Here We Go Again (2009), debuted at number one in the US, while its title track peaked in the top 15 of the country.
8003:123145534595072::Thread-53 2020-08-09 18:59:39,825 - Lovato's third studio album, Unbroken (2011), experimented with pop and R&B.
8003:123145534595072::Thread-53 2020-08-09 18:59:39,888 - It spawned two singles: "Skyscraper", which peaked in the top ten of the US, and "Give Your Heart a Break".
8003:123145534595072::Thread-53 2020-08-09 18:59:40,413 - Lovato's fourth studio album, Demi (2013), debuted with US sales of 110,000 copies, her highest first-week sales in the country.
8003:123145534595072::Thread-53 2020-08-09 18:59:40,843 - Its lead single, "Heart Attack", peaked in the top ten of the US while also becoming her first top-three single on the UK Singles Chart.
8003:123145534595072::Thread-53 2020-08-09 18:59:41,141 - For her fifth and sixth studio albums, Confident (2015) and Tell Me You Love Me (2017), Lovato infused soul and focused on more mature content as opposed to her previous work.
8003:123145534595072::Thread-53 2020-08-09 18:59:42,065 - The latter became her first album to be certified Platinum by the RIAA, and its lead single, "Sorry Not Sorry", became her highest peaking single in the US, reaching number six, and her first single to be certified 5x Platinum in the US.
8003:123145534595072::Thread-53 2020-08-09 18:59:42,843 - In 2020, Lovato released the singles "Anyone", "I Love Me", and "I'm Ready" with Sam Smith, which reached the top 40 in twenty-two countries, and the first two became Lovato's first number-one singles on Billboard's Digital Songs chart.
8003:123145534595072::Thread-53 2020-08-09 18:59:45,906 - **END**
8003:123145534595072::Thread-53 2020-08-09 18:59:57,909 - **START**
8003:123145534595072::Thread-53 2020-08-09 18:59:57,947 - Starting new HTTPS connection (1): en.wikipedia.org
8003:123145534595072::Thread-53 2020-08-09 18:59:59,272 - The Academy Awards, popularly known as the Oscars, are awards for artistic and technical merit in the film industry.
8003:123145534595072::Thread-53 2020-08-09 18:59:59,482 - Given annually by the Academy of Motion Picture Arts and Sciences (AMPAS), the awards are an international recognition of excellence in cinematic achievements, as assessed by the Academy's voting membership.
8003:123145534595072::Thread-53 2020-08-09 18:59:59,957 - The various category winners are awarded a copy of a golden statuette, officially called the "Academy Award of Merit", although more commonly referred to by its nickname, the "Oscar".
8003:123145534595072::Thread-53 2020-08-09 19:00:00,686 - The statuette depicts a knight rendered in the Art Deco style.
8003:123145534595072::Thread-53 2020-08-09 19:00:01,604 - The award was originally sculpted by George Stanley from a design sketch by Cedric Gibbons.
8003:123145534595072::Thread-53 2020-08-09 19:00:02,121 - AMPAS first presented it in 1929 at a private dinner hosted by Douglas Fairbanks in the Hollywood Roosevelt Hotel in what would become known as the 1st Academy Awards.
8003:123145534595072::Thread-53 2020-08-09 19:00:02,878 - The Academy Awards ceremony was first broadcast by radio in 1930 and was televised for the first time in 1953.
8003:123145534595072::Thread-53 2020-08-09 19:00:03,688 - It is the oldest worldwide entertainment awards ceremony and is now televised live worldwide.
8003:123145534595072::Thread-53 2020-08-09 19:00:04,132 - It is also the oldest of the four major annual American entertainment awards; its equivalents – the Emmy Awards for television, the Tony Awards for theater, and the Grammy Awards for music – are modeled after the Academy Awards.
8003:123145534595072::Thread-53 2020-08-09 19:00:04,849 - They are widely cited as the most famous and prestigious competitive awards in the field of entertainment.
8003:123145534595072::Thread-53 2020-08-09 19:00:12,851 - **END**
