8003:123145930014720::Thread-147 2020-08-09 18:59:34,314 - **START**
8003:123145930014720::Thread-147 2020-08-09 18:59:35,033 - Starting new HTTPS connection (1): en.wikipedia.org
8003:123145930014720::Thread-147 2020-08-09 18:59:41,888 - **END**
8003:123145930014720::Thread-147 2020-08-09 18:59:45,890 - **START**
8003:123145930014720::Thread-147 2020-08-09 18:59:45,895 - Starting new HTTPS connection (1): en.wikipedia.org
8003:123145930014720::Thread-147 2020-08-09 18:59:48,398 - San Francisco, officially the City and County of San Francisco and colloquially known as The City, SF, or Frisco and San Fran is the cultural, commercial, and financial center of Northern California.
8003:123145930014720::Thread-147 2020-08-09 18:59:48,922 - San Francisco is the 16th most populous city in the United States, and the fourth most populous in California, with 881,549 residents as of 2019.
8003:123145930014720::Thread-147 2020-08-09 18:59:49,927 - It covers an area of about 46.89 square miles (121.4 km2), mostly at the north end of the San Francisco Peninsula in the San Francisco Bay Area, making it the second most densely populated large U.S. city, and the fifth most densely populated U.S. county, behind only four of the five New York City boroughs.
8003:123145930014720::Thread-147 2020-08-09 18:59:51,049 - San Francisco is the 12th-largest metropolitan statistical area in the United States by population, with 4.7 million people, and the fourth-largest by economic output, with GDP of $549 billion in 2018.
8003:123145930014720::Thread-147 2020-08-09 18:59:51,344 - With San Jose, it forms the fifth most populous combined statistical area in the United States, the San Jose–San Francisco–Oakland, CA Combined Statistical Area (9.67 million residents in 2018).
8003:123145930014720::Thread-147 2020-08-09 18:59:52,322 - As of 2020, San Francisco has the highest salaries, disposable income, and median home prices in the world at $1.7 million, as well as the highest median rents.
8003:123145930014720::Thread-147 2020-08-09 18:59:53,036 - In 2018, San Francisco was the seventh-highest-income county in the United States, with a per capita personal income of $130,696.
8003:123145930014720::Thread-147 2020-08-09 18:59:54,290 - In the same year, San Francisco proper had a GDP of $183.2 billion, and a GDP per capita of $207,371.
8003:123145930014720::Thread-147 2020-08-09 18:59:56,138 - The CSA San Francisco shares with San Jose and Oakland was the country's third-largest urban economy as of 2018, with a GDP of $1.03 trillion.
8003:123145930014720::Thread-147 2020-08-09 18:59:57,328 - Of the 500+ primary statistical areas in the U.S., this CSA had among the highest GDP per capita in 2018, at $106,757.
8003:123145930014720::Thread-147 2020-08-09 18:59:58,332 - **END**
8003:123145930014720::Thread-147 2020-08-09 19:00:09,335 - **START**
8003:123145930014720::Thread-147 2020-08-09 19:00:09,340 - Starting new HTTPS connection (1): en.wikipedia.org
8003:123145930014720::Thread-147 2020-08-09 19:00:10,842 - Cleopatra VII Philopator (Koinē Greek: Κλεοπάτρα Φιλοπάτωρ, Kleopátra Philopátōr; 69 – 10 or 12 August 30 BC) was the last active ruler of the Ptolemaic Kingdom of Egypt.
8003:123145930014720::Thread-147 2020-08-09 19:00:11,482 - As a member of the Ptolemaic dynasty, she was a descendant of its founder Ptolemy I Soter, a Macedonian Greek general and companion of Alexander the Great.
8003:123145930014720::Thread-147 2020-08-09 19:00:12,887 - After the death of Cleopatra, Egypt became a province of the Roman Empire, marking the end of the second to last Hellenistic state and the age that had lasted since the reign of Alexander (336–323 BC).
8003:123145930014720::Thread-147 2020-08-09 19:00:14,715 - Her native language was Koine Greek, and she was the only Ptolemaic ruler to learn the Egyptian language.In 58 BC, Cleopatra presumably accompanied her father, Ptolemy XII, during his exile to Rome after a revolt in Egypt (a Roman client state) allowing his daughter Berenice IV to claim the throne.
8003:123145930014720::Thread-147 2020-08-09 19:00:15,388 - Berenice was killed in 55 BC when Ptolemy returned to Egypt with Roman military assistance.
8003:123145930014720::Thread-147 2020-08-09 19:00:16,749 - When he died in 51 BC, the joint reign of Cleopatra and her brother Ptolemy XIII began, but a falling-out between them led to open civil war.
8003:123145930014720::Thread-147 2020-08-09 19:00:17,315 - After losing the 48 BC Battle of Pharsalus in Greece against his rival Julius Caesar (a Roman dictator and consul) in Caesar's Civil War, the Roman statesman Pompey fled to Egypt.
8003:123145930014720::Thread-147 2020-08-09 19:00:18,159 - Pompey had been a political ally of Ptolemy XII, but Ptolemy XIII, at the urging of his court eunuchs, had Pompey ambushed and killed before Caesar arrived and occupied Alexandria.
8003:123145930014720::Thread-147 2020-08-09 19:00:19,241 - Caesar then attempted to reconcile the rival Ptolemaic siblings, but Ptolemy's chief adviser Potheinos viewed Caesar's terms as favoring Cleopatra, so his forces besieged her and Caesar at the palace.
8003:123145930014720::Thread-147 2020-08-09 19:00:20,724 - Shortly after the siege was lifted by reinforcements, Ptolemy XIII died in the 47 BC Battle of the Nile; Cleopatra's half-sister Arsinoe IV was eventually exiled to Ephesus for her role in carrying out the siege.
8003:123145930014720::Thread-147 2020-08-09 19:00:29,726 - **END**
