8003:123145686032384::Thread-89 2020-08-09 18:59:30,256 - **START**
8003:123145686032384::Thread-89 2020-08-09 18:59:31,163 - Starting new HTTPS connection (1): en.wikipedia.org
8003:123145686032384::Thread-89 2020-08-09 18:59:34,371 - Noah Lindsey Cyrus (born January 8, 2000) is an American singer, songwriter, and actress.
8003:123145686032384::Thread-89 2020-08-09 18:59:36,288 - In 2016, she released her debut single "Make Me (Cry)", featuring vocals from Labrinth.
8003:123145686032384::Thread-89 2020-08-09 18:59:38,457 - Cyrus is the fifth child of Billy Ray and Tish Cyrus, and she is the youngest sibling of Trace, Brandi, and Miley Cyrus.
8003:123145686032384::Thread-89 2020-08-09 18:59:38,910 - She was named one of Time's 30 Most Influential Teens in 2017.
8003:123145686032384::Thread-89 2020-08-09 18:59:39,238 - Early life
Cyrus was born January 8, 2000, in Nashville, Tennessee, to producer and director Tish Cyrus and country singer Billy Ray Cyrus.
8003:123145686032384::Thread-89 2020-08-09 18:59:40,048 - Her parents have had a volatile marriage, each filing for divorce on different occasions, but restoring their relationship.
8003:123145686032384::Thread-89 2020-08-09 18:59:42,850 - Her siblings include Miley, Braison, Brandi, Trace, and Christopher Cyrus, who have also mostly become musicians and entertainers.
8003:123145686032384::Thread-89 2020-08-09 18:59:43,012 - Their paternal grandfather, Ron Cyrus, was a politician in Kentucky.
8003:123145686032384::Thread-89 2020-08-09 18:59:45,659 - Acting career
At the age of two, Cyrus began her acting career, playing Gracie Hebert on the sixth episode of the television show Doc.
8003:123145686032384::Thread-89 2020-08-09 18:59:46,767 - She was a background dancer in the 2009 film Hannah Montana: The Movie, and played small roles in six episodes of the Disney Channel Original Series Hannah Montana.
8003:123145686032384::Thread-89 2020-08-09 18:59:48,770 - **END**
8003:123145686032384::Thread-89 2020-08-09 18:59:57,772 - **START**
8003:123145686032384::Thread-89 2020-08-09 18:59:57,777 - Starting new HTTPS connection (1): en.wikipedia.org
8003:123145686032384::Thread-89 2020-08-09 18:59:58,568 - Taylor Alison Swift (born December 13, 1989) is an American singer-songwriter.
8003:123145686032384::Thread-89 2020-08-09 18:59:59,111 - Her narrative songwriting, which often centers around her personal life, has received widespread media coverage.
8003:123145686032384::Thread-89 2020-08-09 19:00:00,855 - Born in West Reading, Pennsylvania, Swift relocated to Nashville, Tennessee in 2004 to pursue a career in country music.
8003:123145686032384::Thread-89 2020-08-09 19:00:02,488 - At age 14, she became the youngest artist signed by the Sony/ATV Music publishing house, and at age 15, she signed her first record deal.
8003:123145686032384::Thread-89 2020-08-09 19:00:02,640 - Her 2006 eponymous debut studio album was the longest-charting album of the 2000s on the Billboard 200.
8003:123145686032384::Thread-89 2020-08-09 19:00:03,499 - Its third single, "Our Song", made her the youngest person to single-handedly write and perform a number-one song on the Billboard Country Airplay chart.
8003:123145686032384::Thread-89 2020-08-09 19:00:04,633 - Swift's breakthrough second studio album, Fearless (2008), won four Grammy Awards, including Album of the Year, and was certified Diamond by the Recording Industry Association of America.
8003:123145686032384::Thread-89 2020-08-09 19:00:06,599 - It yielded the Billboard Hot 100 top-five singles "Love Story" and "You Belong with Me".
8003:123145686032384::Thread-89 2020-08-09 19:00:06,923 - Swift's third studio album, Speak Now (2010), spawned the two-time Grammy Award-winning single "Mean".
8003:123145686032384::Thread-89 2020-08-09 19:00:07,270 - Her cross-genre fourth studio album, Red (2012), earned Swift her first Billboard Hot 100 number-one single, "We Are Never Ever Getting Back Together".
8003:123145686032384::Thread-89 2020-08-09 19:00:11,274 - **END**
