8003:123145631346688::Thread-76 2020-08-09 18:59:28,250 - **START**
8003:123145631346688::Thread-76 2020-08-09 18:59:28,457 - Starting new HTTPS connection (1): en.wikipedia.org
8003:123145631346688::Thread-76 2020-08-09 18:59:30,873 - Zlatan Ibrahimović (Swedish pronunciation: [ˈslǎːtan ɪbraˈhǐːmʊvɪtɕ]; Bosnian pronunciation: [zlǎtan ibraxǐːmoʋitɕ]; born 3 October 1981) is a Swedish professional footballer who plays as a striker for Serie A club A.C. Milan.
8003:123145631346688::Thread-76 2020-08-09 18:59:31,687 - Ibrahimović is widely regarded as one of the best strikers of his generation.
8003:123145631346688::Thread-76 2020-08-09 18:59:32,064 - He is one of the most decorated active footballers in the world, having won 31 trophies in his career.
8003:123145631346688::Thread-76 2020-08-09 18:59:32,109 - He has scored over 550 career goals, and has scored in each of the last four decades.Ibrahimović began his career at Malmö FF in 1999, and signed for Ajax two years later.
8003:123145631346688::Thread-76 2020-08-09 18:59:33,715 - At Ajax, Ibrahimović gained a reputation as one of the most promising forwards in Europe, and departed two years later to sign for Juventus.
8003:123145631346688::Thread-76 2020-08-09 18:59:33,892 - He excelled in Serie A in a strike partnership with David Trezeguet, before joining domestic rivals Inter Milan in 2006, where he won the Capocannoniere (Serie A top scorer) in 2008–09 and won three consecutive Serie A titles.
8003:123145631346688::Thread-76 2020-08-09 18:59:34,398 - In the summer of 2009, he moved to Barcelona in one of the world's most expensive transfers, before returning to Italy the following season, joining Milan.
8003:123145631346688::Thread-76 2020-08-09 18:59:35,217 - With them, he won another Serie A title in the 2010–11 season, before joining Paris Saint-Germain in July 2012.
8003:123145631346688::Thread-76 2020-08-09 18:59:36,915 - During his four-season stay in with them, Ibrahimović won a number of trophies including four consecutive Ligue 1 titles, and was the top scorer in Ligue 1 for three seasons.
8003:123145631346688::Thread-76 2020-08-09 18:59:38,792 - In October 2015, he became PSG's all time leading goalscorer at the time.
8003:123145631346688::Thread-76 2020-08-09 18:59:43,803 - **END**
8003:123145631346688::Thread-76 2020-08-09 18:59:57,847 - **START**
8003:123145631346688::Thread-76 2020-08-09 18:59:57,955 - Starting new HTTPS connection (1): en.wikipedia.org
8003:123145631346688::Thread-76 2020-08-09 18:59:59,271 - The England national football team represents England in  men's international football and is governed by The Football Association, the governing body for football in England.
8003:123145631346688::Thread-76 2020-08-09 19:00:00,056 - It competes in the three major international tournaments; the FIFA World Cup, the UEFA European Championship and the UEFA Nations League.
8003:123145631346688::Thread-76 2020-08-09 19:00:00,889 - England, as a country of the United Kingdom, is not a member of the International Olympic Committee and therefore the national team does not compete at the Olympic Games.
8003:123145631346688::Thread-76 2020-08-09 19:00:01,228 - England is the oldest national team in football.
8003:123145631346688::Thread-76 2020-08-09 19:00:01,658 - They played in the world's first international football match in 1872, against Scotland.
8003:123145631346688::Thread-76 2020-08-09 19:00:02,575 - England's home ground is Wembley Stadium, London, and their headquarters is at St George's Park, Burton upon Trent.
8003:123145631346688::Thread-76 2020-08-09 19:00:02,981 - The team's manager is Gareth Southgate.
8003:123145631346688::Thread-76 2020-08-09 19:00:03,898 - Since first entering the tournament in 1950, England has qualified for the FIFA World Cup 15 times.
8003:123145631346688::Thread-76 2020-08-09 19:00:04,394 - They won the 1966 World Cup, when they hosted the finals, and finished fourth in 1990 and 2018.
8003:123145631346688::Thread-76 2020-08-09 19:00:05,098 - Since first entering in 1964, England have never won the UEFA European Championship, with their best performances being third-place finishes in 1968 and 1996, the latter as hosts.
8003:123145631346688::Thread-76 2020-08-09 19:00:12,102 - **END**
