8003:123145732304896::Thread-100 2020-08-09 18:59:38,258 - **START**
8003:123145732304896::Thread-100 2020-08-09 18:59:39,391 - Starting new HTTPS connection (1): en.wikipedia.org
8003:123145732304896::Thread-100 2020-08-09 18:59:42,373 - Disneyland Park, originally Disneyland, is the first of two theme parks built at the Disneyland Resort in Anaheim, California, opened on July 17, 1955.
8003:123145732304896::Thread-100 2020-08-09 18:59:43,061 - It is the only theme park designed and built to completion under the direct supervision of Walt Disney.
8003:123145732304896::Thread-100 2020-08-09 18:59:43,852 - It was originally the only attraction on the property; its official name was changed to Disneyland Park to distinguish it from the expanding complex in the 1990s.
8003:123145732304896::Thread-100 2020-08-09 18:59:44,723 - It was the first Disney theme park.
8003:123145732304896::Thread-100 2020-08-09 18:59:44,873 - Walt Disney came up with the concept of Disneyland after visiting various amusement parks with his daughters in the 1930s and 1940s.
8003:123145732304896::Thread-100 2020-08-09 18:59:45,581 - He initially envisioned building a tourist attraction adjacent to his studios in Burbank to entertain fans who wished to visit; however, he soon realized that the proposed site was too small.
8003:123145732304896::Thread-100 2020-08-09 18:59:46,210 - After hiring a consultant to help him determine an appropriate site for his project, Disney bought a 160-acre (65 ha) site near Anaheim in 1953.
8003:123145732304896::Thread-100 2020-08-09 18:59:47,098 - Construction began in 1954 and the park was unveiled during a special televised press event on the ABC Television Network on July 17, 1955.
8003:123145732304896::Thread-100 2020-08-09 18:59:47,448 - Since its opening, Disneyland has undergone expansions and major renovations, including the addition of New Orleans Square in 1966, Bear Country (now Critter Country) in 1972,  Mickey's Toontown in 1993, and Star Wars: Galaxy's Edge in 2019.
8003:123145732304896::Thread-100 2020-08-09 18:59:47,882 - Opened in 2001, Disney California Adventure Park was built on the site of Disneyland's original parking lot.
8003:123145732304896::Thread-100 2020-08-09 18:59:47,883 - **END**
8003:123145732304896::Thread-100 2020-08-09 19:00:03,886 - **START**
8003:123145732304896::Thread-100 2020-08-09 19:00:03,940 - Starting new HTTPS connection (1): en.wikipedia.org
8003:123145732304896::Thread-100 2020-08-09 19:00:04,752 - Asia Carrera Lemmon (born Jessica Steinhauser, August 6, 1973) is an American former pornographic actress.
8003:123145732304896::Thread-100 2020-08-09 19:00:06,294 - Early life
Asia Carrera was born Jessica Steinhauser in New York City to a German mother and Japanese father, the oldest of four siblings.
8003:123145732304896::Thread-100 2020-08-09 19:00:06,600 - She was raised on Lippincott Road in Little Silver, New Jersey, attending Red Bank Regional High School.
8003:123145732304896::Thread-100 2020-08-09 19:00:07,137 - At the age of 16, she taught English at Tsuruga College in Tsuruga, Fukui, Japan.Carrera won a National Merit Scholarship and scored over 1440 on the SAT, as well as a Garden State Scholarship for her grades.
8003:123145732304896::Thread-100 2020-08-09 19:00:07,632 - She attended Rutgers University on full academic scholarship, where she majored in Japanese and business, but did not graduate.
8003:123145732304896::Thread-100 2020-08-09 19:00:09,486 - Carrera is a member of Mensa, with an IQ of 156.
8003:123145732304896::Thread-100 2020-08-09 19:00:11,466 - Career


Adult film career
Carrera's adult film career started in 1993.
8003:123145732304896::Thread-100 2020-08-09 19:00:13,232 - In 1995 she became the first Asian performer ever to win the AVN Female Performer of the Year Award.
8003:123145732304896::Thread-100 2020-08-09 19:00:14,118 - Carrera retired from the film industry in 2003, following her marriage to Don Lemmon.Carrera lent her voice to several erotic hentai OVAs for publisher Pink Pineapple, such as Inmu (2001) and Shusaku (1999).
8003:123145732304896::Thread-100 2020-08-09 19:00:14,722 - In October 2001, Carrera attended the Big Apple Anime Fest in New York City for her voice roles and along with Kobe Tai was an Opening Night Guest of Honor at the fest's Midnight Anime Concourse.Carrera was also in the 2012 documentary After Porn Ends, which is about life after being a porn actor.
8003:123145732304896::Thread-100 2020-08-09 19:00:19,726 - **END**
