8003:123145496735744::Thread-44 2020-08-09 18:59:26,227 - **START**
8003:123145496735744::Thread-44 2020-08-09 18:59:26,230 - Starting new HTTPS connection (1): en.wikipedia.org
8003:123145496735744::Thread-44 2020-08-09 18:59:30,899 - The Temple of Artemis or Artemision (Greek: Ἀρτεμίσιον; Turkish: Artemis Tapınağı), also known less precisely as the Temple of Diana, was a Greek temple dedicated to an ancient, local form of the goddess Artemis (associated with Diana, a Roman goddess).
8003:123145496735744::Thread-44 2020-08-09 18:59:31,855 - It was located in Ephesus (near the modern town of Selçuk in present-day Turkey).
8003:123145496735744::Thread-44 2020-08-09 18:59:32,906 - It was completely rebuilt twice, once after a devastating flood and three hundred years later after an act of arson, and in its final form was one of the Seven Wonders of the Ancient World.
8003:123145496735744::Thread-44 2020-08-09 18:59:33,989 - By 401 AD it had been ruined or destroyed.
8003:123145496735744::Thread-44 2020-08-09 18:59:35,057 - Only foundations and fragments of the last temple remain at the site.
8003:123145496735744::Thread-44 2020-08-09 18:59:36,853 - The earliest version of the temple (a temenos) antedated the Ionic immigration by many years, and dates to the Bronze Age.
8003:123145496735744::Thread-44 2020-08-09 18:59:37,151 - Callimachus, in his Hymn to Artemis, attributed it to the Amazons.
8003:123145496735744::Thread-44 2020-08-09 18:59:38,213 - In the 7th century BC, it was destroyed by a flood.
8003:123145496735744::Thread-44 2020-08-09 18:59:39,183 - Its reconstruction, in more grandiose form, began around 550 BC, under Chersiphron, the Cretan architect, and his son Metagenes.
8003:123145496735744::Thread-44 2020-08-09 18:59:40,958 - The project was funded by Croesus of Lydia, and took 10 years to complete.
8003:123145496735744::Thread-44 2020-08-09 18:59:48,959 - **END**
8003:123145496735744::Thread-44 2020-08-09 18:59:57,963 - **START**
8003:123145496735744::Thread-44 2020-08-09 18:59:57,988 - Starting new HTTPS connection (1): en.wikipedia.org
8003:123145496735744::Thread-44 2020-08-09 18:59:58,648 - Nelson Rolihlahla Mandela (; Xhosa: [xolíɬaɬa mandɛ̂ːla]; 18 July 1918 – 5 December 2013) was a South African anti-apartheid revolutionary, political leader and philanthropist who served as President of South Africa from 1994 to 1999.
8003:123145496735744::Thread-44 2020-08-09 18:59:58,696 - He was the country's first black head of state and the first elected in a fully representative democratic election.
8003:123145496735744::Thread-44 2020-08-09 18:59:59,589 - His government focused on dismantling the legacy of apartheid by tackling institutionalised racism and fostering racial reconciliation.
8003:123145496735744::Thread-44 2020-08-09 19:00:00,612 - Ideologically an African nationalist and socialist, he served as the president of the African National Congress (ANC) party from 1991 to 1997.
8003:123145496735744::Thread-44 2020-08-09 19:00:01,513 - A Xhosa speaker, Mandela was born to the Thembu royal family in Mvezo, Union of South Africa.
8003:123145496735744::Thread-44 2020-08-09 19:00:01,881 - He studied law at the University of Fort Hare and the University of Witwatersrand before working as a lawyer in Johannesburg.
8003:123145496735744::Thread-44 2020-08-09 19:00:02,767 - There he became involved in anti-colonial and African nationalist politics, joining the ANC in 1943 and co-founding its Youth League in 1944.
8003:123145496735744::Thread-44 2020-08-09 19:00:03,338 - After the National Party's white-only government established apartheid, a system of racial segregation that privileged whites, he and the ANC committed themselves to its overthrow.
8003:123145496735744::Thread-44 2020-08-09 19:00:04,188 - Mandela was appointed president of the ANC's Transvaal branch, rising to prominence for his involvement in the 1952 Defiance Campaign and the 1955 Congress of the People.
8003:123145496735744::Thread-44 2020-08-09 19:00:04,318 - He was repeatedly arrested for seditious activities and was unsuccessfully prosecuted in the 1956 Treason Trial.
8003:123145496735744::Thread-44 2020-08-09 19:00:06,319 - **END**
