8003:123145627140096::Thread-75 2020-08-09 18:59:27,252 - **START**
8003:123145627140096::Thread-75 2020-08-09 18:59:27,529 - Starting new HTTPS connection (1): en.wikipedia.org
8003:123145627140096::Thread-75 2020-08-09 18:59:28,681 - Switzerland, officially the Swiss Confederation, is a country situated in the confluence of Western, Central, and Southern Europe.
8003:123145627140096::Thread-75 2020-08-09 18:59:31,381 - It is a federal republic composed of 26 cantons, with federal authorities based in Bern.
8003:123145627140096::Thread-75 2020-08-09 18:59:31,640 - Switzerland is a landlocked country bordered by Italy to the south, France to the west, Germany to the north, and Austria and Liechtenstein to the east.
8003:123145627140096::Thread-75 2020-08-09 18:59:31,985 - It is geographically divided among the Swiss Plateau, the Alps, and the Jura, spanning a total area of 41,285 km2 (15,940 sq mi), and land area of 39,997 km2 (15,443 sq mi).
8003:123145627140096::Thread-75 2020-08-09 18:59:32,129 - While the Alps occupy the greater part of the territory, the Swiss population of approximately 8.5 million is concentrated mostly on the plateau, where the largest cities and economic centres are located, among them Zürich, Geneva and Basel, where multiple international organisations are domiciled (such as FIFA, the UN's second-largest Office, and the Bank for International Settlements) and where the main international airports of Switzerland are.
8003:123145627140096::Thread-75 2020-08-09 18:59:34,092 - The establishment of the Old Swiss Confederacy dates to the late medieval period, resulting from a series of military successes against Austria and Burgundy.
8003:123145627140096::Thread-75 2020-08-09 18:59:35,617 - Swiss independence from the Holy Roman Empire was formally recognized in the Peace of Westphalia in 1648.
8003:123145627140096::Thread-75 2020-08-09 18:59:37,435 - The Federal Charter of 1291 is considered the founding document of Switzerland which is celebrated on Swiss National Day.
8003:123145627140096::Thread-75 2020-08-09 18:59:37,817 - Since the Reformation of the 16th century, Switzerland has maintained a strong policy of armed neutrality; it has not fought an international war since 1815 and did not join the United Nations until 2002.
8003:123145627140096::Thread-75 2020-08-09 18:59:38,334 - Nevertheless, it pursues an active foreign policy and is frequently involved in peace-building processes around the world.
8003:123145627140096::Thread-75 2020-08-09 18:59:47,336 - **END**
8003:123145627140096::Thread-75 2020-08-09 18:59:49,342 - **START**
8003:123145627140096::Thread-75 2020-08-09 18:59:49,347 - Starting new HTTPS connection (1): en.wikipedia.org
8003:123145627140096::Thread-75 2020-08-09 18:59:51,275 - Peyton Williams Manning (born March 24, 1976) is an American former professional football quarterback who played in the National Football League (NFL) for 18 seasons.
8003:123145627140096::Thread-75 2020-08-09 18:59:51,416 - Considered one of the greatest quarterbacks of all time, he spent 14 seasons with the Indianapolis Colts and his final four seasons with the Denver Broncos.
8003:123145627140096::Thread-75 2020-08-09 18:59:51,990 - He played college football for the University of Tennessee, leading the Tennessee Volunteers to the 1997 SEC Championship Game in his senior season.
8003:123145627140096::Thread-75 2020-08-09 18:59:53,071 - He is the second son of former NFL quarterback Archie Manning and older brother of former NFL quarterback Eli Manning.
8003:123145627140096::Thread-75 2020-08-09 18:59:54,333 - Manning was selected by the Colts as the first overall pick in the 1998 NFL Draft.
8003:123145627140096::Thread-75 2020-08-09 18:59:54,358 - From 1998 to 2010, he improved the fortunes of the struggling Colts franchise and helped transform them into consistent playoff contenders.
8003:123145627140096::Thread-75 2020-08-09 18:59:55,076 - During his tenure as starting quarterback, Manning led the team to eight division championships, two AFC championships, and one Super Bowl title in Super Bowl XLI—the franchise's first in over three decades, and their first since relocating to Indianapolis.
8003:123145627140096::Thread-75 2020-08-09 18:59:55,823 - After undergoing neck surgery that sidelined him for the 2011 season, Manning was released by the Colts and signed with the Broncos.
8003:123145627140096::Thread-75 2020-08-09 18:59:57,249 - Serving as the team's starting quarterback from 2012 to 2015, he contributed to the Broncos clinching their division each year, and his career concluded with a victory in Super Bowl 50.
8003:123145627140096::Thread-75 2020-08-09 18:59:58,168 - Manning holds many NFL records, including AP MVP awards (5), Pro Bowl appearances (14), 4,000-yard passing seasons (14), single-season passing yards (5,477 in 2013), and single-season passing touchdowns (55 in 2013).
8003:123145627140096::Thread-75 2020-08-09 19:00:06,170 - **END**
