8003:123146203443200::Thread-212 2020-08-09 18:59:27,308 - **START**
8003:123146203443200::Thread-212 2020-08-09 18:59:27,627 - Starting new HTTPS connection (1): en.wikipedia.org
8003:123146203443200::Thread-212 2020-08-09 18:59:32,182 - **END**
8003:123146203443200::Thread-212 2020-08-09 18:59:34,223 - **START**
8003:123146203443200::Thread-212 2020-08-09 18:59:35,014 - Starting new HTTPS connection (1): en.wikipedia.org
8003:123146203443200::Thread-212 2020-08-09 18:59:39,268 - Epcot (stylized as EPCOT) is a theme park at the Walt Disney World Resort in Bay Lake, Florida.
8003:123146203443200::Thread-212 2020-08-09 18:59:40,353 - It is owned and operated by The Walt Disney Company through its Parks, Experiences and Products division.
8003:123146203443200::Thread-212 2020-08-09 18:59:40,909 - Inspired by an unrealized concept developed by Walt Disney, the park opened on October 1, 1982, as EPCOT Center, and was the second of four theme parks built at Walt Disney World, after the Magic Kingdom.
8003:123146203443200::Thread-212 2020-08-09 18:59:41,664 - Spanning 305 acres (1.23 km2), more than twice the size of the Magic Kingdom park, Epcot is dedicated to the celebration of human achievement, namely technological innovation and international culture, and is often referred to as a "permanent world's fair".Epcot was originally conceived by Walt Disney during the early development of Walt Disney World, as an experimental planned community that would serve as a center for American enterprise and urban living.
8003:123146203443200::Thread-212 2020-08-09 18:59:43,281 - Known as "EPCOT", the idea included an urban city center, residential areas, industrial areas, schools, and a series of mass transportation systems that would connect the community.
8003:123146203443200::Thread-212 2020-08-09 18:59:43,395 - After Disney's death in 1966, the "EPCOT" concept was abandoned as the company had uncertainty about the feasibility of maintaining an operating city.
8003:123146203443200::Thread-212 2020-08-09 18:59:44,923 - In the 1970s, WED Enterprises began developing a second theme park for the resort to supplement Magic Kingdom, as that park's popularity grew.
8003:123146203443200::Thread-212 2020-08-09 18:59:46,313 - The new park maintained the idea of showcasing modern innovation through avant-garde edutainment attractions, as well as the addition of a world nations exposition.
8003:123146203443200::Thread-212 2020-08-09 18:59:47,739 - The newly-designed park, featuring two sections—Future World and World Showcase—opened as EPCOT Center in 1982.
8003:123146203443200::Thread-212 2020-08-09 18:59:48,532 - In 1994, the park was renamed to "Epcot", dropping the acronym and "Center" from the name.
8003:123146203443200::Thread-212 2020-08-09 18:59:55,533 - **END**
8003:123146203443200::Thread-212 2020-08-09 19:00:00,535 - **START**
8003:123146203443200::Thread-212 2020-08-09 19:00:00,541 - Starting new HTTPS connection (1): en.wikipedia.org
8003:123146203443200::Thread-212 2020-08-09 19:00:02,146 - The Petronas Towers, also known as the Petronas Twin Towers (Malay: Menara Petronas, or Menara Berkembar Petronas), are twin skyscrapers in Kuala Lumpur, Malaysia.
8003:123146203443200::Thread-212 2020-08-09 19:00:02,262 - According to the Council on Tall Buildings and Urban Habitat (CTBUH)'s official definition and ranking, they were the tallest buildings in the world from 1998 to 2004, until they were surpassed by Taipei 101.
8003:123146203443200::Thread-212 2020-08-09 19:00:02,802 - The Petronas Towers remain the tallest twin towers in the world.
8003:123146203443200::Thread-212 2020-08-09 19:00:03,722 - The buildings are a landmark of Kuala Lumpur, along with nearby Kuala Lumpur Tower; they remain the tallest buildings in Kuala Lumpur.
8003:123146203443200::Thread-212 2020-08-09 19:00:04,123 - History and architecture
The Petronas Towers' structural system is a tube in tube design, invented by Fazlur Rahman Khan.
8003:123146203443200::Thread-212 2020-08-09 19:00:04,712 - Applying a tube-structure for extreme tall buildings is a common phenomenon.The 88-floor towers are constructed largely of reinforced concrete, with a steel and glass facade designed to resemble motifs found in Islamic art, a reflection of Malaysia's Muslim religion.
8003:123146203443200::Thread-212 2020-08-09 19:00:05,533 - Another Islamic influence on the design is that the cross section of the towers is based on a Rub el Hizb, albeit with circular sectors added to meet office space requirements.
8003:123146203443200::Thread-212 2020-08-09 19:00:05,836 - The circular sectors is similar to the bottom part of the Qutub Minar.
8003:123146203443200::Thread-212 2020-08-09 19:00:06,392 - The towers were designed by Argentine architect César Pelli.
8003:123146203443200::Thread-212 2020-08-09 19:00:06,977 - A distinctive postmodern style was chosen to create a 21st-century icon for Kuala Lumpur, Malaysia.
8003:123146203443200::Thread-212 2020-08-09 19:00:14,982 - **END**
