8003:123145345298432::Thread-8 2020-08-09 18:59:29,212 - **START**
8003:123145345298432::Thread-8 2020-08-09 18:59:29,372 - Starting new HTTPS connection (1): en.wikipedia.org
8003:123145345298432::Thread-8 2020-08-09 18:59:31,829 - Ballspielverein Borussia 09 e.V.
8003:123145345298432::Thread-8 2020-08-09 18:59:33,553 - Dortmund, commonly known as Borussia Dortmund [boˈʁʊsi̯aː ˈdɔɐ̯tmʊnt], BVB, or simply Dortmund, is a German professional sports club based in Dortmund, North Rhine-Westphalia.
8003:123145345298432::Thread-8 2020-08-09 18:59:34,132 - It is best known for its men's professional football team, which plays in the Bundesliga, the top tier of the German football league system.
8003:123145345298432::Thread-8 2020-08-09 18:59:35,818 - The club have won eight league championships, four DFB-Pokals, one UEFA Champions League, one Intercontinental Cup, and one UEFA Cup Winners' Cup.
8003:123145345298432::Thread-8 2020-08-09 18:59:37,296 - Founded in 1909 by eighteen football players from Dortmund, the football team is part of a large membership-based sports club with more than 145,000 members, making Borussia Dortmund the second largest sports club by membership in Germany.
8003:123145345298432::Thread-8 2020-08-09 18:59:37,499 - The club has active departments in other sports, namely in women's handball.
8003:123145345298432::Thread-8 2020-08-09 18:59:38,818 - Since 1974, Dortmund have played their home games at Westfalenstadion; the stadium is the largest in Germany, and Dortmund has the highest average attendance of any association football club in the world.Borussia Dortmund's colours are black and yellow, giving the club its nickname die Schwarzgelben.
8003:123145345298432::Thread-8 2020-08-09 18:59:41,654 - They hold a long-standing rivalry with Ruhr neighbours Schalke 04, with whom they contest the Revierderby.
8003:123145345298432::Thread-8 2020-08-09 18:59:41,720 - They also contest Der Klassiker with Bayern Munich.
8003:123145345298432::Thread-8 2020-08-09 18:59:42,067 - In terms of Deloitte's annual Football Money League, Dortmund was ranked as the second richest sports club in Germany, and the 12th richest football team in the world.
8003:123145345298432::Thread-8 2020-08-09 18:59:44,937 - Moreover, under the directorship of Michael Zorc in the 2010s, Dortmund have cultivated a reputation for spotting and developing young talent, and have remained focused on developing a youth system.
8003:123145345298432::Thread-8 2020-08-09 18:59:45,938 - **END**
8003:123145345298432::Thread-8 2020-08-09 18:59:57,942 - **START**
8003:123145345298432::Thread-8 2020-08-09 18:59:57,985 - Starting new HTTPS connection (1): en.wikipedia.org
8003:123145345298432::Thread-8 2020-08-09 18:59:59,286 - Jerusalem (; Hebrew: יְרוּשָׁלַיִם Yerushaláyim; Arabic: القُدس‎ al-Quds or Bayt al-Maqdis, also spelled Baitul Muqaddas) is a city in the Middle East, located on a plateau in the Judaean Mountains between the Mediterranean and the Dead Sea.
8003:123145345298432::Thread-8 2020-08-09 18:59:59,453 - It is one of the oldest cities in the world, and is considered holy to the three major Abrahamic religions—Judaism, Christianity, and Islam.
8003:123145345298432::Thread-8 2020-08-09 18:59:59,822 - Both Israel and the Palestinian Authority claim Jerusalem as their capital, as Israel maintains its primary governmental institutions there and the State of Palestine ultimately foresees it as its seat of power; however, neither claim is widely recognized internationally.During its long history, Jerusalem has been destroyed at least twice, besieged 23 times, captured and recaptured 44 times, and attacked 52 times.
8003:123145345298432::Thread-8 2020-08-09 19:00:00,396 - The part of Jerusalem called the City of David shows first signs of settlement in the 4th millennium BCE, in the shape of encampments of nomadic shepherds.
8003:123145345298432::Thread-8 2020-08-09 19:00:00,622 - Jerusalem was named as Urusalim on ancient Egyptian tablets, probably meaning "City of Shalem" after a Canaanite deity, during the Canaanite period (14th century BCE).
8003:123145345298432::Thread-8 2020-08-09 19:00:01,621 - During the Israelite period, significant construction activity in Jerusalem began in the 9th century BCE (Iron Age II), and in the 8th century the city developed into the religious and administrative center of the Kingdom of Judah.
8003:123145345298432::Thread-8 2020-08-09 19:00:01,923 - In 1538, the city walls were rebuilt for a last time around Jerusalem under Suleiman the Magnificent.
8003:123145345298432::Thread-8 2020-08-09 19:00:02,375 - Today those walls define the Old City, which has been traditionally divided into four quarters—known since the early 19th century as the Armenian, Christian, Jewish, and Muslim Quarters.
8003:123145345298432::Thread-8 2020-08-09 19:00:02,511 - The Old City became a World Heritage Site in 1981, and is on the List of World Heritage in Danger.
8003:123145345298432::Thread-8 2020-08-09 19:00:03,272 - Since 1860 Jerusalem has grown far beyond the Old City's boundaries.
8003:123145345298432::Thread-8 2020-08-09 19:00:09,274 - **END**
