8003:123145336885248::Thread-6 2020-08-09 18:59:33,223 - **START**
8003:123145336885248::Thread-6 2020-08-09 18:59:34,111 - Starting new HTTPS connection (1): en.wikipedia.org
8003:123145336885248::Thread-6 2020-08-09 18:59:37,113 - Istanbul (, also US: ; Turkish: İstanbul [isˈtanbuɫ] (listen)), formerly known as Byzantium and Constantinople, is the most populous city in Turkey and the country's economic, cultural and historic center.
8003:123145336885248::Thread-6 2020-08-09 18:59:38,644 - Istanbul is a transcontinental city in Eurasia, straddling the Bosporus strait (which separates Europe and Asia) between the Sea of Marmara and the Black Sea.
8003:123145336885248::Thread-6 2020-08-09 18:59:38,958 - Its commercial and historical center lies on the European side and about a third of its population lives in suburbs on the Asian side of the Bosporus.
8003:123145336885248::Thread-6 2020-08-09 18:59:40,698 - With a total population of around fifteen million residents in its metropolitan area, Istanbul is one of the world's largest cities by population, ranking as the world's fifteenth-largest city and the largest city in Europe.
8003:123145336885248::Thread-6 2020-08-09 18:59:40,758 - The city is the administrative centre of the Istanbul Metropolitan Municipality (coterminous with Istanbul Province).
8003:123145336885248::Thread-6 2020-08-09 18:59:42,536 - Founded under the name of Byzantion (Βυζάντιον) on the Sarayburnu promontory around 660 BCE, the city grew in size and influence, becoming one of the most important cities in history.
8003:123145336885248::Thread-6 2020-08-09 18:59:44,341 - After its reestablishment as Constantinople in 330 CE, it served as an imperial capital for almost sixteen centuries, during the Roman/Byzantine (330–1204), Latin (1204–1261), Byzantine (1261–1453) and Ottoman (1453–1922) empires.
8003:123145336885248::Thread-6 2020-08-09 18:59:45,172 - It was instrumental in the advancement of Christianity during Roman and Byzantine times, before the Ottomans conquered the city in 1453 CE and transformed it into an Islamic stronghold and the seat of the Ottoman Caliphate.
8003:123145336885248::Thread-6 2020-08-09 18:59:46,341 - Under the name Constantinople it was the Ottoman capital until 1923.
8003:123145336885248::Thread-6 2020-08-09 18:59:48,049 - The capital was then moved to Ankara and the city was renamed Istanbul.
8003:123145336885248::Thread-6 2020-08-09 18:59:49,050 - **END**
8003:123145336885248::Thread-6 2020-08-09 18:59:54,054 - **START**
8003:123145336885248::Thread-6 2020-08-09 18:59:54,061 - Starting new HTTPS connection (1): en.wikipedia.org
8003:123145336885248::Thread-6 2020-08-09 18:59:55,943 - Mark Elliot Zuckerberg (; born May 14, 1984) is an American media magnate, internet entrepreneur, and philanthropist.
8003:123145336885248::Thread-6 2020-08-09 18:59:58,649 - He is known for co-founding Facebook, Inc. and serves as its chairman, chief executive officer, and controlling shareholder.
8003:123145336885248::Thread-6 2020-08-09 18:59:59,154 - He also is a co-founder of the solar sail spacecraft development project Breakthrough Starshot and serves as one of its board members.Born in White Plains, New York, Zuckerberg attended Harvard University, where he launched the Facebook social networking service from his dormitory room on February 4, 2004, with college roommates Eduardo Saverin, Andrew McCollum, Dustin Moskovitz, and Chris Hughes.
8003:123145336885248::Thread-6 2020-08-09 19:00:01,000 - Originally launched to select college campuses, the site expanded rapidly and eventually beyond colleges, reaching one billion users by 2012.
8003:123145336885248::Thread-6 2020-08-09 19:00:01,308 - Zuckerberg took the company public in May 2012 with majority shares.
8003:123145336885248::Thread-6 2020-08-09 19:00:01,431 - In 2007, at age 23, he became the world's youngest self-made billionaire.
8003:123145336885248::Thread-6 2020-08-09 19:00:02,110 - As of August 8th, 2020, Zuckerberg’s net worth was estimated at $98.6 billion and he is listed by Forbes as the 4th-richest person in the world.
8003:123145336885248::Thread-6 2020-08-09 19:00:03,315 - As of 2019, he is the only person under 50 in the Forbes ten richest people list, and the only one under 40 in the Top 20 Billionaires list.Since 2010, Time magazine has named Zuckerberg among the 100 wealthiest and most influential people in the world as a part of its Person of the Year award.
8003:123145336885248::Thread-6 2020-08-09 19:00:03,609 - In December 2016, Zuckerberg was ranked 10th on Forbes list of The World's Most Powerful People.
8003:123145336885248::Thread-6 2020-08-09 19:00:09,615 - **END**
