8003:123145408397312::Thread-23 2020-08-09 18:59:38,248 - **START**
8003:123145408397312::Thread-23 2020-08-09 18:59:39,397 - Starting new HTTPS connection (1): en.wikipedia.org
8003:123145408397312::Thread-23 2020-08-09 18:59:42,039 - The Spain national football team (Spanish: Selección Española de Fútbol) has represented Spain in international men's football competition since 1920.
8003:123145408397312::Thread-23 2020-08-09 18:59:43,969 - It is governed by the Royal Spanish Football Federation, the governing body for football in Spain.
8003:123145408397312::Thread-23 2020-08-09 18:59:46,015 - Spain are one of the eight national teams to have been crowned worldwide champions, having participated in a total of 15 of 21 FIFA World Cups and qualifying consistently since 1978.
8003:123145408397312::Thread-23 2020-08-09 18:59:47,417 - Spain has also won three continental titles, having appeared at 10 of 15 UEFA European Championships.
8003:123145408397312::Thread-23 2020-08-09 18:59:47,603 - Spain became the first European team to win a FIFA World Cup outside of Europe, having won the 2010 tournament in South Africa, as well as having won back-to-back European titles in Euro 2008 and Euro 2012, defeating Germany and Italy in the respective finals, making them the only national team with three consecutive major titles.
8003:123145408397312::Thread-23 2020-08-09 18:59:49,697 - Because of this, from 2008 to 2013, the national team won the FIFA Team of the Year, the second-most of any nation, behind only Brazil.
8003:123145408397312::Thread-23 2020-08-09 18:59:50,293 - Also between February 2007 and June 2009, Spain went undefeated for a record-equalling 35 consecutive matches, a record shared with Brazil.
8003:123145408397312::Thread-23 2020-08-09 18:59:50,919 - Their achievements have led many experts and commentators to consider the 2008–2012 Spanish squads, among the best ever international sides in world football.
8003:123145408397312::Thread-23 2020-08-09 18:59:51,924 - History

Spain has been a member of FIFA since FIFA's foundation in 1904, even though the Spanish Football Federation was first established in 1909.
8003:123145408397312::Thread-23 2020-08-09 18:59:53,337 - The first Spain national football team was constituted in 1920, with the main objective of finding a team that would represent Spain at the Summer Olympics held in Belgium in that same year.
8003:123145408397312::Thread-23 2020-08-09 18:59:56,341 - **END**
8003:123145408397312::Thread-23 2020-08-09 19:00:11,344 - **START**
8003:123145408397312::Thread-23 2020-08-09 19:00:11,348 - Starting new HTTPS connection (1): en.wikipedia.org
8003:123145408397312::Thread-23 2020-08-09 19:00:14,082 - Chelsea Football Club are an English professional football club based in Fulham, London.
8003:123145408397312::Thread-23 2020-08-09 19:00:15,536 - Founded in 1905, the club competes in the Premier League, the top division of English football.
8003:123145408397312::Thread-23 2020-08-09 19:00:16,579 - Chelsea are among England's most successful clubs, having won over thirty competitive honours, including six league titles and six European trophies.
8003:123145408397312::Thread-23 2020-08-09 19:00:17,679 - Their home ground is Stamford Bridge.Chelsea won their first major honour, the League Championship, in 1955.
8003:123145408397312::Thread-23 2020-08-09 19:00:19,242 - The club won the FA Cup for the first time in 1970 and their first European honour, the UEFA Cup Winners' Cup, in 1971.
8003:123145408397312::Thread-23 2020-08-09 19:00:19,689 - After a period of decline in the late 1970s and 1980s, the club enjoyed a revival in the 1990s and had more success in cup competitions.
8003:123145408397312::Thread-23 2020-08-09 19:00:22,124 - The past two decades have been the most successful in Chelsea's history: they won five of its six league titles and the UEFA Champions League during this period.
8003:123145408397312::Thread-23 2020-08-09 19:00:22,861 - Chelsea are one of five clubs to have won all three of UEFA's main club competitions, and the only London club to have won the Champions League.
8003:123145408397312::Thread-23 2020-08-09 19:00:24,136 - Chelsea's home kit colours are royal blue shirts and shorts with white socks.
8003:123145408397312::Thread-23 2020-08-09 19:00:26,861 - The club's crest features a ceremonial lion rampant regardant holding a staff.
8003:123145408397312::Thread-23 2020-08-09 19:00:29,865 - **END**
