8003:123146169790464::Thread-204 2020-08-09 18:59:34,318 - **START**
8003:123146169790464::Thread-204 2020-08-09 18:59:35,231 - Starting new HTTPS connection (1): en.wikipedia.org
8003:123146169790464::Thread-204 2020-08-09 18:59:38,310 - The Suez Canal (Arabic: قناة السويس‎ qanāt as-suwēs) is an artificial sea-level waterway in Egypt, connecting the Mediterranean Sea to the Red Sea through the Isthmus of Suez.
8003:123146169790464::Thread-204 2020-08-09 18:59:38,576 - It is often considered to define the border between Africa and Asia.
8003:123146169790464::Thread-204 2020-08-09 18:59:40,050 - Constructed by the Suez Canal Company between 1859 and 1869, it officially opened on 17 November 1869.
8003:123146169790464::Thread-204 2020-08-09 18:59:40,831 - The canal offers watercraft a more direct route between the North Atlantic and northern Indian oceans via the Mediterranean and Red seas, thus avoiding the South Atlantic and southern Indian oceans and reducing the journey distance from the Arabian Sea to London, for example, by approximately 8,900 kilometres (5,500 mi).
8003:123146169790464::Thread-204 2020-08-09 18:59:42,451 - It extends from the northern terminus of Port Said to the southern terminus of Port Tewfik at the city of Suez.
8003:123146169790464::Thread-204 2020-08-09 18:59:42,510 - Its length is 193.30 km (120.11 mi) including its northern and southern access-channels.
8003:123146169790464::Thread-204 2020-08-09 18:59:42,806 - In 2012, 17,225 vessels traversed the canal (an average of 47 per day).The original canal featured a single-lane waterway with passing locations in the Ballah Bypass and the Great Bitter Lake.
8003:123146169790464::Thread-204 2020-08-09 18:59:44,049 - It contains no lock system, with seawater flowing freely through it.
8003:123146169790464::Thread-204 2020-08-09 18:59:44,076 - In general, the canal north of the Bitter Lakes flows north in winter and south in summer.
8003:123146169790464::Thread-204 2020-08-09 18:59:44,133 - South of the lakes, the current changes with the tide at Suez.The United Kingdom and France owned the canal until July 1956, when the President of Egypt, Gamal Abdel Nasser, nationalized it—an event which led to the Suez Crisis of October–November 1956.
8003:123146169790464::Thread-204 2020-08-09 18:59:51,134 - **END**
8003:123146169790464::Thread-204 2020-08-09 19:00:07,138 - **START**
8003:123146169790464::Thread-204 2020-08-09 19:00:07,142 - Starting new HTTPS connection (1): en.wikipedia.org
8003:123146169790464::Thread-204 2020-08-09 19:00:08,618 - Joan of Arc (French: Jeanne d'Arc pronounced [ʒan daʁk]; c. 1412 – 30 May 1431), nicknamed "The Maid of Orléans" (French: La Pucelle d'Orléans), is considered a heroine of France for her role during the Lancastrian phase of the Hundred Years' War, and was canonized as a Roman Catholic saint.
8003:123146169790464::Thread-204 2020-08-09 19:00:09,533 - She was born to Jacques d'Arc and Isabelle Romée, a peasant family, at Domrémy in northeast France.
8003:123146169790464::Thread-204 2020-08-09 19:00:10,533 - Joan claimed to have received visions of the archangel Michael, Saint Margaret, and Saint Catherine of Alexandria instructing her to support Charles VII and recover France from English domination late in the Hundred Years' War.
8003:123146169790464::Thread-204 2020-08-09 19:00:11,555 - The unanointed King Charles VII sent Joan to the Siege of Orléans as part of a relief army.
8003:123146169790464::Thread-204 2020-08-09 19:00:11,988 - She gained prominence after the siege was lifted only nine days later.
8003:123146169790464::Thread-204 2020-08-09 19:00:13,883 - Several additional swift victories led to Charles VII's consecration at Reims.
8003:123146169790464::Thread-204 2020-08-09 19:00:15,538 - This long-awaited event boosted French morale and paved the way for the final French victory.
8003:123146169790464::Thread-204 2020-08-09 19:00:17,008 - On 23 May 1430, she was captured at Compiègne by the Burgundian faction, a group of French nobles allied with the English.
8003:123146169790464::Thread-204 2020-08-09 19:00:17,161 - She was later handed over to the English and put on trial by the pro-English bishop Pierre Cauchon on a variety of charges.
8003:123146169790464::Thread-204 2020-08-09 19:00:21,163 - **END**
