8003:123145551421440::Thread-57 2020-08-09 18:59:29,225 - **START**
8003:123145551421440::Thread-57 2020-08-09 18:59:29,351 - Starting new HTTPS connection (1): en.wikipedia.org
8003:123145551421440::Thread-57 2020-08-09 18:59:31,544 - Iceland (Icelandic: Ísland; [ˈistlant] (listen)) is a Nordic island country in the North Atlantic, with a population of 364,134 and an area of 103,000 km2 (40,000 sq mi), making it the most sparsely populated country in Europe.
8003:123145551421440::Thread-57 2020-08-09 18:59:32,462 - The capital and largest city is Reykjavík.
8003:123145551421440::Thread-57 2020-08-09 18:59:32,573 - Reykjavík and the surrounding areas in the southwest of the country are home to over two-thirds of the population.
8003:123145551421440::Thread-57 2020-08-09 18:59:33,485 - Iceland is volcanically and geologically active.
8003:123145551421440::Thread-57 2020-08-09 18:59:34,415 - The interior consists of a plateau characterised by sand and lava fields, mountains, and glaciers, and many glacial rivers flow to the sea through the lowlands.
8003:123145551421440::Thread-57 2020-08-09 18:59:35,381 - Iceland is warmed by the Gulf Stream and has a temperate climate, despite a high latitude just outside the Arctic Circle.
8003:123145551421440::Thread-57 2020-08-09 18:59:36,414 - Its high latitude and marine influence keep summers chilly, with most of the archipelago having a polar climate.
8003:123145551421440::Thread-57 2020-08-09 18:59:36,735 - According to the ancient manuscript Landnámabók, the settlement of Iceland began in 874 AD when the Norwegian chieftain Ingólfr Arnarson became the first permanent settler on the island.
8003:123145551421440::Thread-57 2020-08-09 18:59:37,314 - In the following centuries, Norwegians, and to a lesser extent other Scandinavians, emigrated to Iceland, bringing with them thralls (i.e., slaves or serfs) of Gaelic origin.
8003:123145551421440::Thread-57 2020-08-09 18:59:37,402 - The island was governed as an independent commonwealth under the Althing, one of the world's oldest functioning legislative assemblies.
8003:123145551421440::Thread-57 2020-08-09 18:59:39,403 - **END**
8003:123145551421440::Thread-57 2020-08-09 18:59:50,407 - **START**
8003:123145551421440::Thread-57 2020-08-09 18:59:50,411 - Starting new HTTPS connection (1): en.wikipedia.org
8003:123145551421440::Thread-57 2020-08-09 18:59:53,035 - Mark Robert Michael Wahlberg (born June 5, 1971) is an American actor, producer, restaurateur and former rapper.
8003:123145551421440::Thread-57 2020-08-09 18:59:55,409 - He is also known by his former stage name Marky Mark from his career with the group Marky Mark and the Funky Bunch, with whom he released the albums Music for the People (1991) and You Gotta Believe (1992).
8003:123145551421440::Thread-57 2020-08-09 18:59:58,016 - Wahlberg transitioned from music to acting, with his screen debut in Renaissance Man (1994) and his first starring role in Fear (1996).
8003:123145551421440::Thread-57 2020-08-09 18:59:59,440 - He received critical praise for his performance as porn actor Dirk Diggler in Boogie Nights.
8003:123145551421440::Thread-57 2020-08-09 19:00:00,863 - In the early 2000s, he ventured into big budget action-oriented movies, such as The Perfect Storm (2000), Planet of the Apes (2001), and The Italian Job (2003).
8003:123145551421440::Thread-57 2020-08-09 19:00:03,675 - He was nominated for the Academy Award for Best Supporting Actor for playing a police officer in the crime drama The Departed (2006).
8003:123145551421440::Thread-57 2020-08-09 19:00:05,002 - He was nominated for the Golden Globe Award for Best Actor for the biographical sports drama The Fighter (2010), in which he starred as Micky Ward.
8003:123145551421440::Thread-57 2020-08-09 19:00:06,795 - In the 2010s, he landed successful comedy roles with The Other Guys (2010), Ted (2012), its 2015 sequel, Daddy's Home (2015), and its 2017 sequel.
8003:123145551421440::Thread-57 2020-08-09 19:00:09,256 - He also became the protagonist in the Transformers live-action film franchise (2014, 2017).
8003:123145551421440::Thread-57 2020-08-09 19:00:11,044 - He was the world's best-paid actor in 2017.
8003:123145551421440::Thread-57 2020-08-09 19:00:16,049 - **END**
