8003:123146253922304::Thread-224 2020-08-09 18:59:30,468 - **START**
8003:123146253922304::Thread-224 2020-08-09 18:59:31,136 - Starting new HTTPS connection (1): en.wikipedia.org
8003:123146253922304::Thread-224 2020-08-09 18:59:33,228 - The France national football team (French: Équipe de France de football) represents France in men's international football and is controlled by the French Football Federation, also known as FFF, or in French: Fédération française de football.
8003:123146253922304::Thread-224 2020-08-09 18:59:34,185 - The team's colours are blue, white and red, and the coq gaulois its symbol.
8003:123146253922304::Thread-224 2020-08-09 18:59:35,138 - France are colloquially known as Les Bleus (The Blues).
8003:123146253922304::Thread-224 2020-08-09 18:59:35,963 - They are the reigning world champions, having won the most recent World Cup final in 2018.
8003:123146253922304::Thread-224 2020-08-09 18:59:36,679 - France plays their home matches at the Stade de France in Saint-Denis, Île-de-France, and their manager is Didier Deschamps.
8003:123146253922304::Thread-224 2020-08-09 18:59:37,112 - They have won two FIFA World Cups, two UEFA European Championships, two FIFA Confederations Cups and one Olympic tournament.
8003:123146253922304::Thread-224 2020-08-09 18:59:38,028 - France experienced much of its success in four major eras: in the 1950s, 1980s, late 1990s/early 2000s, and mid/late 2010s, respectively, which resulted in numerous major honours.
8003:123146253922304::Thread-224 2020-08-09 18:59:38,708 - France was one of the four European teams that participated in the inaugural World Cup in 1930 and, although having been eliminated in the qualification stage six times, is one of only three teams that have entered every World Cup qualifying cycle.In 1958, the team, led by Raymond Kopa and Just Fontaine, finished in third place at the FIFA World Cup.
8003:123146253922304::Thread-224 2020-08-09 18:59:39,638 - In 1984, France, led by Ballon d'Or winner Michel Platini, won UEFA Euro 1984 and Football at the 1984 Summer Olympics.
8003:123146253922304::Thread-224 2020-08-09 18:59:40,386 - However, France only began to reach its prime from the 1990s onward, with the establishment of INF Clairefontaine.
8003:123146253922304::Thread-224 2020-08-09 18:59:48,389 - **END**
8003:123146253922304::Thread-224 2020-08-09 18:59:52,396 - **START**
8003:123146253922304::Thread-224 2020-08-09 18:59:52,423 - Starting new HTTPS connection (1): en.wikipedia.org
8003:123146253922304::Thread-224 2020-08-09 18:59:53,361 - Singapore ( (listen)), officially the Republic of Singapore, is a sovereign island city-state in maritime Southeast Asia.
8003:123146253922304::Thread-224 2020-08-09 18:59:54,165 - It lies about one degree of latitude (137 kilometres or 85 miles) north of the equator, off the southern tip of the Malay Peninsula, bordering the Straits of Malacca to the west, the Riau Islands to the south, and the South China Sea to the east.
8003:123146253922304::Thread-224 2020-08-09 18:59:54,925 - The country's territory is composed of one main island, 63 satellite islands and islets, and one outlying islet, the combined area of which has increased by 25% since the country's independence as a result of extensive land reclamation projects.
8003:123146253922304::Thread-224 2020-08-09 18:59:54,984 - The country is home to 5.7 million residents, 61% (3.4 million) of whom are Singaporean citizens.
8003:123146253922304::Thread-224 2020-08-09 18:59:55,582 - There are four official languages of Singapore: English, Malay, Chinese, and Tamil; with English being the lingua franca.
8003:123146253922304::Thread-224 2020-08-09 18:59:55,681 - This reflects in its rich cultural diversity and extensive ethnic cuisine and major festivals.
8003:123146253922304::Thread-224 2020-08-09 18:59:56,668 - Multiracialism is enshrined in the constitution, and continues to shape national policies in education, housing, and politics.
8003:123146253922304::Thread-224 2020-08-09 18:59:56,674 - Although its history stretches back millennia, modern Singapore was founded in 1819 by Sir Stamford Raffles as a trading post of the British Empire.
8003:123146253922304::Thread-224 2020-08-09 18:59:57,606 - In 1867, the colonies in East Asia were reorganised and Singapore came under the direct control of Britain as part of the Straits Settlements.
8003:123146253922304::Thread-224 2020-08-09 18:59:58,532 - During the Second World War, Singapore was occupied by Japan in 1942 but returned to British control as a separate crown colony following Japan's surrender in 1945.
8003:123146253922304::Thread-224 2020-08-09 18:59:59,535 - **END**
