8003:123145791197184::Thread-114 2020-08-09 18:59:26,296 - **START**
8003:123145791197184::Thread-114 2020-08-09 18:59:26,415 - Starting new HTTPS connection (1): en.wikipedia.org
8003:123145791197184::Thread-114 2020-08-09 18:59:30,793 - Wall Street is an eight-block-long street in the Financial District of New York City.
8003:123145791197184::Thread-114 2020-08-09 18:59:30,927 - It runs crosstown between Broadway on the west to South Street, at the East River, on the east.
8003:123145791197184::Thread-114 2020-08-09 18:59:31,421 - The term has become a metonym for the financial markets of the United States as a whole, the American financial services industry, or New York–based financial interests.New York City has been called both the most economically powerful city and the leading financial center of the world.
8003:123145791197184::Thread-114 2020-08-09 18:59:31,708 - It is home to the world's two largest stock exchanges by total market capitalization, the New York Stock Exchange, located on Wall Street, and NASDAQ.
8003:123145791197184::Thread-114 2020-08-09 18:59:32,383 - Several other major exchanges have or had headquarters in the Wall Street area, including the New York Mercantile Exchange, the New York Board of Trade, and the former American Stock Exchange.
8003:123145791197184::Thread-114 2020-08-09 18:59:32,975 - History


Early years

There are varying accounts about how the Dutch-named "de Waalstraat"(literally: Walloon Street) got its name.
8003:123145791197184::Thread-114 2020-08-09 18:59:33,817 - Two conflicting explanations can be considered.
8003:123145791197184::Thread-114 2020-08-09 18:59:34,541 - The first being that Wall Street was named after Walloons—the Dutch name for a Walloon is Waal.
8003:123145791197184::Thread-114 2020-08-09 18:59:35,480 - Among the first settlers that embarked on the ship "Nieu Nederlandt" in 1624 were 30 Walloon families.
8003:123145791197184::Thread-114 2020-08-09 18:59:35,984 - Peter Minuit, the person who bought Manhattan for the Dutch, was a Walloon.
8003:123145791197184::Thread-114 2020-08-09 18:59:36,672 - The other  is that the name of the street was derived from a wall (actually a wooden palisade) on the northern boundary of the New Amsterdam settlement, built to protect against Native Americans, pirates, and the British.
8003:123145791197184::Thread-114 2020-08-09 18:59:42,840 - **END**
8003:123145791197184::Thread-114 2020-08-09 18:59:48,899 - **START**
8003:123145791197184::Thread-114 2020-08-09 18:59:48,903 - Starting new HTTPS connection (1): en.wikipedia.org
8003:123145791197184::Thread-114 2020-08-09 18:59:51,405 - Brazil (Portuguese: Brasil; Brazilian Portuguese: [bɾaˈziw]), officially the Federative Republic of Brazil (Portuguese: República Federativa do Brasil), is the largest country in both South America and Latin America.
8003:123145791197184::Thread-114 2020-08-09 18:59:52,302 - At 8.5 million square kilometers (3.2 million square miles) and with over 211 million people, Brazil is the world's fifth-largest country by area and the sixth most populous.
8003:123145791197184::Thread-114 2020-08-09 18:59:53,289 - Its capital is Brasília, and its most populous city is São Paulo.
8003:123145791197184::Thread-114 2020-08-09 18:59:53,534 - The federation is composed of the union of the 26 states and the Federal District.
8003:123145791197184::Thread-114 2020-08-09 18:59:54,018 - It is the largest country to have Portuguese as an official language and the only one in the Americas; it is also one of the most multicultural and ethnically diverse nations, due to over a century of mass immigration from around the world; as well as the most populous Roman Catholic-majority country.
8003:123145791197184::Thread-114 2020-08-09 18:59:54,156 - Bounded by the Atlantic Ocean on the east, Brazil has a coastline of 7,491 kilometers (4,655 mi).
8003:123145791197184::Thread-114 2020-08-09 18:59:55,208 - It borders all other countries in South America except Ecuador and Chile and covers 47.3% of the continent's land area.
8003:123145791197184::Thread-114 2020-08-09 18:59:55,355 - Its Amazon River basin includes a vast tropical forest, home to diverse wildlife, a variety of ecological systems, and extensive natural resources spanning numerous protected habitats.
8003:123145791197184::Thread-114 2020-08-09 18:59:56,676 - This unique environmental heritage makes Brazil one of 17 megadiverse countries, and is the subject of significant global interest and debate regarding deforestation and environmental protection.
8003:123145791197184::Thread-114 2020-08-09 18:59:58,667 - Brazil was inhabited by numerous tribal nations prior to the landing in 1500 of explorer Pedro Álvares Cabral, who claimed the area for the Portuguese Empire.
8003:123145791197184::Thread-114 2020-08-09 19:00:04,671 - **END**
