8003:123146030972928::Thread-171 2020-08-09 18:59:29,277 - **START**
8003:123146030972928::Thread-171 2020-08-09 18:59:29,369 - Starting new HTTPS connection (1): en.wikipedia.org
8003:123146030972928::Thread-171 2020-08-09 18:59:31,870 - The United States of America (USA), commonly known as the United States (U.S. or US) or America, is a country mostly located in central North America, between Canada and Mexico.
8003:123146030972928::Thread-171 2020-08-09 18:59:32,706 - It consists of 50 states, a federal district, five major self-governing territories, and various possessions.
8003:123146030972928::Thread-171 2020-08-09 18:59:33,203 - At 3.8 million square miles (9.8 million km2), it is the world's third- or fourth-largest country by total area.
8003:123146030972928::Thread-171 2020-08-09 18:59:33,249 - With a 2019 estimated population of over 328 million, the U.S. is the third most populous country in the world.
8003:123146030972928::Thread-171 2020-08-09 18:59:33,841 - Americans are a racially and ethnically diverse population that has been shaped through centuries of immigration.
8003:123146030972928::Thread-171 2020-08-09 18:59:34,114 - The capital is Washington, D.C., and the most populous city is New York City.
8003:123146030972928::Thread-171 2020-08-09 18:59:34,397 - Paleo-Indians migrated from Siberia to the North American mainland at least 12,000 years ago, and European colonization began in the 16th century.
8003:123146030972928::Thread-171 2020-08-09 18:59:34,911 - The United States emerged from the thirteen British colonies established along the East Coast.
8003:123146030972928::Thread-171 2020-08-09 18:59:34,971 - Numerous disputes between Great Britain and the colonies led to the American Revolutionary War lasting between 1775 and 1783, leading to independence.
8003:123146030972928::Thread-171 2020-08-09 18:59:35,881 - Beginning in the late 18th century, the United States vigorously expanded across North America, gradually acquiring new territories, killing and displacing Native Americans, and admitting new states.
8003:123146030972928::Thread-171 2020-08-09 18:59:44,887 - **END**
8003:123146030972928::Thread-171 2020-08-09 18:59:48,890 - **START**
8003:123146030972928::Thread-171 2020-08-09 18:59:48,896 - Starting new HTTPS connection (1): en.wikipedia.org
8003:123146030972928::Thread-171 2020-08-09 18:59:51,191 - Canada is a country in the northern part of North America.
8003:123146030972928::Thread-171 2020-08-09 18:59:51,522 - Its ten provinces and three territories extend from the Atlantic to the Pacific and northward into the Arctic Ocean, covering 9.98 million square kilometres (3.85 million square miles), making it the world's second-largest country by total area.
8003:123146030972928::Thread-171 2020-08-09 18:59:52,789 - Its southern and western border with the United States, stretching 8,891 kilometres (5,525 mi), is the world's longest bi-national land border.
8003:123146030972928::Thread-171 2020-08-09 18:59:55,075 - Canada's capital is Ottawa, and its three largest metropolitan areas are Toronto, Montreal, and Vancouver.
8003:123146030972928::Thread-171 2020-08-09 18:59:55,365 - Various indigenous peoples inhabited what is now Canada for thousands of years before European colonization.
8003:123146030972928::Thread-171 2020-08-09 18:59:56,484 - Beginning in the 16th century, British and French expeditions explored and later settled along the Atlantic coast.
8003:123146030972928::Thread-171 2020-08-09 18:59:58,274 - As a consequence of various armed conflicts, France ceded nearly all of its colonies in North America in 1763.
8003:123146030972928::Thread-171 2020-08-09 18:59:58,521 - In 1867, with the union of three British North American colonies through Confederation, Canada was formed as a federal dominion of four provinces.
8003:123146030972928::Thread-171 2020-08-09 19:00:00,183 - This began an accretion of provinces and territories and a process of increasing autonomy from the United Kingdom.
8003:123146030972928::Thread-171 2020-08-09 19:00:01,163 - This widening autonomy was highlighted by the Statute of Westminster of 1931 and culminated in the Canada Act of 1982, which severed the vestiges of legal dependence on the British parliament.
8003:123146030972928::Thread-171 2020-08-09 19:00:08,164 - **END**
