8003:123145702858752::Thread-93 2020-08-09 18:59:27,259 - **START**
8003:123145702858752::Thread-93 2020-08-09 18:59:27,610 - Starting new HTTPS connection (1): en.wikipedia.org
8003:123145702858752::Thread-93 2020-08-09 18:59:29,496 - Associazione Calcio Milan (Italian pronunciation: [assotʃatˈtsjoːne ˈkaltʃo ˈmiːlan]), commonly referred to as A.C. Milan or simply Milan, is a professional football club in Milan, Italy, founded in 1899.
8003:123145702858752::Thread-93 2020-08-09 18:59:30,492 - The club has spent its entire history, with the exception of the 1980–81 and 1982–83 seasons, in the top flight of Italian football, known as Serie A since 1929–30.A.C.
8003:123145702858752::Thread-93 2020-08-09 18:59:31,677 - Milan's 18 FIFA and UEFA trophies is the fourth highest out of any club (joint with Boca Juniors), and the most out of any Italian club.
8003:123145702858752::Thread-93 2020-08-09 18:59:33,998 - Milan has won a joint record three Intercontinental Cups and one FIFA Club World Cup, seven European Cup/Champions League titles (Italian record), the UEFA Super Cup a joint record five times and the Cup Winners' Cup twice.
8003:123145702858752::Thread-93 2020-08-09 18:59:35,322 - With 18 league titles, Milan is also the joint-second most successful club in Serie A, along with local rivals Internazionale and behind Juventus (36 league titles).
8003:123145702858752::Thread-93 2020-08-09 18:59:36,852 - They have also won the Coppa Italia five times, and the Supercoppa Italiana seven.Milan's home games are played at San Siro, also known as the Stadio Giuseppe Meazza.
8003:123145702858752::Thread-93 2020-08-09 18:59:38,424 - The stadium, which is shared with city rivals Internazionale, is the largest in Italian football, with a total capacity of 80,018.
8003:123145702858752::Thread-93 2020-08-09 18:59:39,338 - Inter are considered their biggest rivals, and matches between the two teams are called Derby della Madonnina, which is one of the most followed derbies in football.The club is one of the wealthiest in Italian and world football.
8003:123145702858752::Thread-93 2020-08-09 18:59:39,885 - It was a founding member of the now-defunct G-14 group of Europe's leading football clubs as well as its replacement, the European Club Association.
8003:123145702858752::Thread-93 2020-08-09 18:59:42,304 - History

A.C. Milan was founded as Milan Foot-Ball and Cricket Club in 1899 by English expatriates Alfred Edwards and Herbert Kilpin.
8003:123145702858752::Thread-93 2020-08-09 18:59:44,782 - Although the club itself claims 16 December of that year as its foundation date, historical evidence show that the club was actually founded on 13 December.
8003:123145702858752::Thread-93 2020-08-09 18:59:53,783 - **END**
8003:123145702858752::Thread-93 2020-08-09 19:00:03,789 - **START**
8003:123145702858752::Thread-93 2020-08-09 19:00:03,894 - Starting new HTTPS connection (1): en.wikipedia.org
8003:123145702858752::Thread-93 2020-08-09 19:00:06,121 - Charles Milles Manson (né Maddox, November 12, 1934 – November 19, 2017) was an American criminal and cult leader.
8003:123145702858752::Thread-93 2020-08-09 19:00:06,997 - In mid-1967, he formed what became known as the "Manson Family", a quasi-commune based in California.
8003:123145702858752::Thread-93 2020-08-09 19:00:07,511 - His followers committed a series of nine murders at four locations in July and August 1969.
8003:123145702858752::Thread-93 2020-08-09 19:00:08,582 - Although the motive for the murders was disputed by Manson, the Los Angeles County district attorney believed that Manson intended to start a race war.
8003:123145702858752::Thread-93 2020-08-09 19:00:10,008 - In 1971, he was convicted of first-degree murder and conspiracy to commit murder for the deaths of seven people, including the film actress Sharon Tate.
8003:123145702858752::Thread-93 2020-08-09 19:00:11,299 - The prosecution conceded that Manson never literally ordered the murders, but they contended that his ideology constituted an overt act of conspiracy.
8003:123145702858752::Thread-93 2020-08-09 19:00:12,964 - Manson was also convicted of first-degree murder for the deaths of Gary Hinman and Donald Shea.
8003:123145702858752::Thread-93 2020-08-09 19:00:14,854 - Before the murders, Manson had spent more than half of his life in correctional institutions.
8003:123145702858752::Thread-93 2020-08-09 19:00:16,427 - When he began gathering his cult following, he was a singer-songwriter on the fringe of the Los Angeles music industry, chiefly through a chance association with Dennis Wilson of the Beach Boys, who introduced Manson to record producer Terry Melcher.
8003:123145702858752::Thread-93 2020-08-09 19:00:17,205 - In 1968, the Beach Boys recorded Manson's song "Cease to Exist", re-titled "Never Learn Not to Love" as the B-side on one of their singles, but without a credit to Manson.
8003:123145702858752::Thread-93 2020-08-09 19:00:24,208 - **END**
