8003:123145521975296::Thread-50 2020-08-09 18:59:29,255 - **START**
8003:123145521975296::Thread-50 2020-08-09 18:59:29,353 - Starting new HTTPS connection (1): en.wikipedia.org
8003:123145521975296::Thread-50 2020-08-09 18:59:30,936 - Green Day is an American rock band formed in the East Bay of California in 1987 by lead vocalist and guitarist Billie Joe Armstrong and bassist and backing vocalist Mike Dirnt.
8003:123145521975296::Thread-50 2020-08-09 18:59:31,807 - For much of the band's career, they have been a trio with a drummer Tré Cool, who replaced John Kiffmeyer in 1990 before the recording of the band's second studio album, Kerplunk (1991).
8003:123145521975296::Thread-50 2020-08-09 18:59:31,860 - Touring guitarist Jason White became a full-time member in 2012, but returned to his role as a touring member in 2016.
8003:123145521975296::Thread-50 2020-08-09 18:59:31,968 - Green Day was originally part of the late-'80s/early-'90s punk scene at the DIY 924 Gilman Street club in Berkeley, California.
8003:123145521975296::Thread-50 2020-08-09 18:59:32,870 - The band's early releases were with the independent record label Lookout!
8003:123145521975296::Thread-50 2020-08-09 18:59:33,032 - Records.
8003:123145521975296::Thread-50 2020-08-09 18:59:33,416 - In 1994, their major-label debut Dookie, released through Reprise Records, became a breakout success and eventually shipped over 10 million copies in the U.S. Green Day is credited alongside fellow California punk bands NOFX, Sublime, Bad Religion, the Offspring, Rancid, and Jawbreaker with popularizing mainstream interest in punk rock in the U.S.
8003:123145521975296::Thread-50 2020-08-09 18:59:33,612 - Though the albums Insomniac (1995), Nimrod (1997), and Warning (2000) did not match the success of Dookie, they were still successful with the former two reaching double platinum status while the latter achieved gold.
8003:123145521975296::Thread-50 2020-08-09 18:59:34,286 - Green Day's seventh album, a rock opera called American Idiot (2004), found popularity with a younger generation, selling six million copies in the U.S. Their next album, 21st Century Breakdown, was released in 2009 and achieved the band's best chart performance.
8003:123145521975296::Thread-50 2020-08-09 18:59:35,188 - It was followed by a trilogy of albums, ¡Uno!, ¡Dos!, and ¡Tré!, released in September, November, and December 2012, respectively.
8003:123145521975296::Thread-50 2020-08-09 18:59:35,534 - The trilogy did not perform as well as expected commercially in comparison to their previous albums largely due to lack of promotion and Armstrong entering rehab.
8003:123145521975296::Thread-50 2020-08-09 18:59:37,588 - **END**
8003:123145521975296::Thread-50 2020-08-09 18:59:51,589 - **START**
8003:123145521975296::Thread-50 2020-08-09 18:59:51,592 - Starting new HTTPS connection (1): en.wikipedia.org
8003:123145521975296::Thread-50 2020-08-09 18:59:54,615 - William I (c. 1028 – 9 September 1087), usually known as William the Conqueror and sometimes William the Bastard, was the first Norman King of England, reigning from 1066 until his death in 1087.
8003:123145521975296::Thread-50 2020-08-09 18:59:56,371 - He was a descendant of Rollo and was Duke of Normandy from 1035 onward.
8003:123145521975296::Thread-50 2020-08-09 18:59:58,772 - His hold was secure on Normandy by 1060, following a long struggle to establish his throne, and he launched the Norman conquest of England six years later.
8003:123145521975296::Thread-50 2020-08-09 19:00:00,622 - The rest of his life was marked by struggles to consolidate his hold over England and his continental lands and by difficulties with his eldest son, Robert Curthose.
8003:123145521975296::Thread-50 2020-08-09 19:00:03,044 - William was the son of the unmarried Robert I, Duke of Normandy, by his mistress Herleva.
8003:123145521975296::Thread-50 2020-08-09 19:00:04,559 - His illegitimate status and his youth caused some difficulties for him after he succeeded his father, as did the anarchy which plagued the first years of his rule.
8003:123145521975296::Thread-50 2020-08-09 19:00:06,251 - During his childhood and adolescence, members of the Norman aristocracy battled each other, both for control of the child duke and for their own ends.
8003:123145521975296::Thread-50 2020-08-09 19:00:08,691 - In 1047, William was able to quash a rebellion and begin to establish his authority over the duchy, a process that was not complete until about 1060.
8003:123145521975296::Thread-50 2020-08-09 19:00:10,163 - His marriage in the 1050s to Matilda of Flanders provided him with a powerful ally in the neighbouring county of Flanders.
8003:123145521975296::Thread-50 2020-08-09 19:00:13,165 - **END**
