8003:123145429430272::Thread-28 2020-08-09 18:59:30,223 - **START**
8003:123145429430272::Thread-28 2020-08-09 18:59:31,163 - Starting new HTTPS connection (1): en.wikipedia.org
8003:123145429430272::Thread-28 2020-08-09 18:59:34,397 - DC, D.C., Dc, or dc may refer to:


Arts and entertainment


Music
Da capo, a musical term
DC Recordings, owned by Jonathan Saul Kane
Destiny's Child, an American R&B group
Drum Connection, a German pop group
DC Talk, a Christian rap and rock trio.
8003:123145429430272::Thread-28 2020-08-09 18:59:35,294 - Video games
Da Capo (visual novel)
Desert Combat, a Battlefield 1942 mod
Digital Chaos, a professional Dota 2 eSports team
Dino Crisis, a survival horror game series
Dreamcast, a video game console


Other media
D.C. (TV series)
DC (Detective Comics)  Comics, an American comic book publisher
DC Inside, a South Korean internet forum


Businesses and products
DC Recordings
DC Shoes, an American sports footwear company
Deloitte Consulting, a US management consulting firm
Dick Clark Productions
Diet Coke, a soft drink
Disney Channel
Doritos chips
Douglas Commercial, a series of aircraft by the Douglas Aircraft Company (and later McDonnell Douglas)
Delta Clipper, a proposed rocketship series by McDonnell Douglas
Dyson vacuum cleaners, which use product code prefix DC
Golden Air, an airline (IATA code DC)
Drawception, an online game where a person comes up with something to draw, someone else draws it, someone else interprets that drawing, then someone tries to draw that interpretation, and so on


Government, law, and military
Christian Democracy (Italy), a political party
Christian Democracy (Brazil), a political party
Detective constable, a rank in the British and several other police forces
Development control in the United Kingdom, a land regulation process
District collector, an Indian Administrative Service officer in charge of revenue collection and administration of a district
District Commissioner, a rank in the British former Colonial Service
District Court
The District of Columbia, federal capital of the United States
Dossier criminal, in Indian policing


People
DC author abbreviation of Swiss botanist Augustin Pyramus de Candolle (1778–1841)
Dalton Castle (wrestler) (born 1986)
Daniel Cormier (born 1979) Olympic wrestler and heavyweight mixed martial artist
David Coulthard (born 1971) British racing driver, known as DC
DC Drake (born 1957), American addictions counselor, and retired professional wrestler
D. C. Fontana (Dorothy Catherine Fontana) (1939–2019), American screenwriter known primarily for work on Star Trek
Donald L. Cox (1936–2011), American leader of the Black Panther Party, known as Field Marshal DC


Places
Washington, D.C., the capital, and the federal territory of the United States of America
Bogotá, Distrito Capital, the capital city of Colombia.
8003:123145429430272::Thread-28 2020-08-09 18:59:35,379 - **END**
8003:123145429430272::Thread-28 2020-08-09 18:59:50,383 - **START**
8003:123145429430272::Thread-28 2020-08-09 18:59:50,387 - Starting new HTTPS connection (1): en.wikipedia.org
8003:123145429430272::Thread-28 2020-08-09 18:59:51,846 - Red is the fourth studio album by American singer-songwriter Taylor Swift.
8003:123145429430272::Thread-28 2020-08-09 18:59:52,191 - It was released on October 22, 2012, by Big Machine Records.
8003:123145429430272::Thread-28 2020-08-09 18:59:52,728 - Inspired by past romantic relationships evoking intense, tumultuous "red" emotions that Swift was experiencing during the conception of the project, Red touches on the themes of romance and heartbreak, but represents a mature perspective, while exploring the pressure of being in the public eye.
8003:123145429430272::Thread-28 2020-08-09 18:59:53,103 - Red is a country, pop and rock record with influences from arena rock, alternative rock, dance, dubstep, electronic, folk and heartland rock; many commentators described it as a pop album, while others deemed it as a country album that sees Swift transitioning from her roots to mainstream pop, which they found to be subsequently complete with its follow-up 1989 (2014).
8003:123145429430272::Thread-28 2020-08-09 18:59:53,780 - Red contains collaborations with Gary Lightbody and Ed Sheeran.
8003:123145429430272::Thread-28 2020-08-09 18:59:54,655 - Preceded by two singles, the album was supported by seven singles in total, four of which peaked in the top 10 of the Billboard Hot 100: the lead single "We Are Never Ever Getting Back Together" topped the chart for three weeks, "Begin Again" and "I Knew You Were Trouble" peaked at numbers seven and two respectively, and the title track at number six.
8003:123145429430272::Thread-28 2020-08-09 18:59:55,298 - Upon release, Red received generally positive reviews from music critics, who praised Swift's songwriting craftsmanship, but were divided on the incorporation of various genres—Swift's emerging versatility was praised but met criticism for being inconsistent.
8003:123145429430272::Thread-28 2020-08-09 18:59:56,104 - Red was included on several year-end and decade-end lists by numerous publications, with Rolling Stone, Chorus.fm and Insider placing it at number one; Red is one of the fifteen most frequent albums on decade-end best-albums lists by publications, according to Metacritic.
8003:123145429430272::Thread-28 2020-08-09 18:59:56,449 - It received nominations for Album of the Year and Best Country Album at the 56th Annual Grammy Awards, and for Album of the Year at the 2013 Country Music Association Awards.
8003:123145429430272::Thread-28 2020-08-09 18:59:56,972 - Red debuted at number-one on the Billboard 200 with first-week sales of 1.2 million copies, giving Swift her third consecutive chart-topper in the US, making her the first female artist to have two million-selling album openings; it went on to spend seven weeks atop the chart.
8003:123145429430272::Thread-28 2020-08-09 19:00:01,975 - **END**
