8003:123145543008256::Thread-55 2020-08-09 18:59:30,248 - **START**
8003:123145543008256::Thread-55 2020-08-09 18:59:31,164 - Starting new HTTPS connection (1): en.wikipedia.org
8003:123145543008256::Thread-55 2020-08-09 18:59:33,949 - The Golden Gate Bridge is a suspension bridge spanning the Golden Gate, the one-mile-wide (1.6 km) strait connecting San Francisco Bay and the Pacific Ocean.
8003:123145543008256::Thread-55 2020-08-09 18:59:35,849 - The structure links the U.S. city of San Francisco, California—the northern tip of the San Francisco Peninsula—to Marin County, carrying both U.S. Route 101 and California State Route 1 across the strait.
8003:123145543008256::Thread-55 2020-08-09 18:59:36,003 - The bridge is one of the most internationally recognized symbols of San Francisco and California.
8003:123145543008256::Thread-55 2020-08-09 18:59:37,748 - It was initially designed by engineer Joseph Strauss in 1917.
8003:123145543008256::Thread-55 2020-08-09 18:59:38,599 - It has been declared one of the Wonders of the Modern World by the American Society of Civil Engineers.The Frommer's travel guide describes the Golden Gate Bridge as "possibly the most beautiful, certainly the most photographed, bridge in the world."
8003:123145543008256::Thread-55 2020-08-09 18:59:39,064 - At the time of its opening in 1937, it was both the longest and the tallest suspension bridge in the world, with a main span of 4,200 feet (1,280 m) and a total height of 746 feet (227 m).
8003:123145543008256::Thread-55 2020-08-09 18:59:39,703 - History


Ferry service

Before the bridge was built, the only practical short route between San Francisco and what is now Marin County was by boat across a section of San Francisco Bay.
8003:123145543008256::Thread-55 2020-08-09 18:59:40,739 - A ferry service began as early as 1820, with a regularly scheduled service beginning in the 1840s for the purpose of transporting water to San Francisco.The Sausalito Land and Ferry Company service, launched in 1867, eventually became the Golden Gate Ferry Company, a Southern Pacific Railroad subsidiary, the largest ferry operation in the world by the late 1920s.
8003:123145543008256::Thread-55 2020-08-09 18:59:41,200 - Once for railroad passengers and customers only, Southern Pacific's automobile ferries became very profitable and important to the regional economy.
8003:123145543008256::Thread-55 2020-08-09 18:59:41,982 - The ferry crossing between the Hyde Street Pier in San Francisco and Sausalito Ferry Terminal in Marin County took approximately 20 minutes and cost $1.00 per vehicle, a price later reduced to compete with the new bridge.
8003:123145543008256::Thread-55 2020-08-09 18:59:42,011 - The trip from the San Francisco Ferry Building took 27 minutes.
8003:123145543008256::Thread-55 2020-08-09 18:59:43,013 - **END**
8003:123145543008256::Thread-55 2020-08-09 18:59:47,023 - **START**
8003:123145543008256::Thread-55 2020-08-09 18:59:47,027 - Starting new HTTPS connection (1): en.wikipedia.org
8003:123145543008256::Thread-55 2020-08-09 18:59:48,755 - Asia Carrera Lemmon (born Jessica Steinhauser, August 6, 1973) is an American former pornographic actress.
8003:123145543008256::Thread-55 2020-08-09 18:59:50,130 - Early life
Asia Carrera was born Jessica Steinhauser in New York City to a German mother and Japanese father, the oldest of four siblings.
8003:123145543008256::Thread-55 2020-08-09 18:59:51,310 - She was raised on Lippincott Road in Little Silver, New Jersey, attending Red Bank Regional High School.
8003:123145543008256::Thread-55 2020-08-09 18:59:52,122 - At the age of 16, she taught English at Tsuruga College in Tsuruga, Fukui, Japan.Carrera won a National Merit Scholarship and scored over 1440 on the SAT, as well as a Garden State Scholarship for her grades.
8003:123145543008256::Thread-55 2020-08-09 18:59:53,576 - She attended Rutgers University on full academic scholarship, where she majored in Japanese and business, but did not graduate.
8003:123145543008256::Thread-55 2020-08-09 18:59:54,371 - Carrera is a member of Mensa, with an IQ of 156.
8003:123145543008256::Thread-55 2020-08-09 18:59:55,671 - Career


Adult film career
Carrera's adult film career started in 1993.
8003:123145543008256::Thread-55 2020-08-09 18:59:57,096 - In 1995 she became the first Asian performer ever to win the AVN Female Performer of the Year Award.
8003:123145543008256::Thread-55 2020-08-09 18:59:57,977 - Carrera retired from the film industry in 2003, following her marriage to Don Lemmon.Carrera lent her voice to several erotic hentai OVAs for publisher Pink Pineapple, such as Inmu (2001) and Shusaku (1999).
8003:123145543008256::Thread-55 2020-08-09 18:59:58,165 - In October 2001, Carrera attended the Big Apple Anime Fest in New York City for her voice roles and along with Kobe Tai was an Opening Night Guest of Honor at the fest's Midnight Anime Concourse.Carrera was also in the 2012 documentary After Porn Ends, which is about life after being a porn actor.
8003:123145543008256::Thread-55 2020-08-09 19:00:05,166 - **END**
