8003:123145845882880::Thread-127 2020-08-09 18:59:31,274 - **START**
8003:123145845882880::Thread-127 2020-08-09 18:59:32,503 - Starting new HTTPS connection (1): en.wikipedia.org
8003:123145845882880::Thread-127 2020-08-09 18:59:35,447 - William Shakespeare (bapt.
8003:123145845882880::Thread-127 2020-08-09 18:59:37,462 - 26 April 1564 – 23 April 1616) was an English playwright, poet, and actor, widely regarded as the greatest writer in the English language and the world's greatest dramatist.
8003:123145845882880::Thread-127 2020-08-09 18:59:38,654 - He is often called England's national poet and the "Bard of Avon" (or simply "the Bard").
8003:123145845882880::Thread-127 2020-08-09 18:59:39,653 - His extant works, including collaborations, consist of some 39 plays, 154 sonnets, two long narrative poems, and a few other verses, some of uncertain authorship.
8003:123145845882880::Thread-127 2020-08-09 18:59:41,226 - His plays have been translated into every major living language and are performed more often than those of any other playwright.
8003:123145845882880::Thread-127 2020-08-09 18:59:41,248 - They also continue to be studied and reinterpreted.
8003:123145845882880::Thread-127 2020-08-09 18:59:41,758 - Shakespeare was born and raised in Stratford-upon-Avon, Warwickshire.
8003:123145845882880::Thread-127 2020-08-09 18:59:42,807 - At the age of 18, he married Anne Hathaway, with whom he had three children: Susanna and twins Hamnet and Judith.
8003:123145845882880::Thread-127 2020-08-09 18:59:44,756 - Sometime between 1585 and 1592, he began a successful career in London as an actor, writer, and part-owner of a playing company called the Lord Chamberlain's Men, later known as the King's Men.
8003:123145845882880::Thread-127 2020-08-09 18:59:46,456 - At age 49 (around 1613), he appears to have retired to Stratford, where he died three years later.
8003:123145845882880::Thread-127 2020-08-09 18:59:54,457 - **END**
8003:123145845882880::Thread-127 2020-08-09 19:00:02,460 - **START**
8003:123145845882880::Thread-127 2020-08-09 19:00:02,642 - Starting new HTTPS connection (1): en.wikipedia.org
8003:123145845882880::Thread-127 2020-08-09 19:00:04,348 - Selena Marie Gomez (born July 22, 1992) is an American singer, songwriter, actress, and television producer.
8003:123145845882880::Thread-127 2020-08-09 19:00:05,284 - Born and raised in Texas, Gomez began her career by appearing on the children's television series Barney & Friends (2002–2004).
8003:123145845882880::Thread-127 2020-08-09 19:00:05,371 - In her teens, she gained wider recognition for her role as Alex Russo on the Emmy Award-winning Disney Channel television series Wizards of Waverly Place (2007–2012).
8003:123145845882880::Thread-127 2020-08-09 19:00:07,369 - Alongside her television career, Gomez has starred in the films Another Cinderella Story (2008), Princess Protection Program (2009), Wizards of Waverly Place: The Movie (2009), Ramona and Beezus (2010), Monte Carlo (2011), Spring Breakers (2012), Getaway (2013), The Fundamentals of Caring (2016), The Dead Don't Die (2019), and A Rainy Day in New York (2019).
8003:123145845882880::Thread-127 2020-08-09 19:00:09,116 - She also voices the character of Mavis in the Hotel Transylvania film franchise (2012–present), and executive produced the Netflix television series 13 Reasons Why (2017–2020) and Living Undocumented (2019).
8003:123145845882880::Thread-127 2020-08-09 19:00:10,210 - Gomez released three albums with her former band, Selena Gomez & the Scene: Kiss & Tell (2009), A Year Without Rain (2010), and When the Sun Goes Down (2011), all of which peaked within the top ten on the US Billboard 200 and attained gold certifications.
8003:123145845882880::Thread-127 2020-08-09 19:00:11,558 - Additionally, Gomez has released three albums as a solo artist: Stars Dance (2013), Revival (2015), and Rare (2020), all of which debuted atop the Billboard 200.
8003:123145845882880::Thread-127 2020-08-09 19:00:13,108 - She has earned eight top-ten singles on the Billboard Hot 100: "Come & Get It", "The Heart Wants What It Wants", "Good for You", "Same Old Love", "Hands to Myself", "We Don't Talk Anymore" with Charlie Puth, "It Ain't Me" with Kygo, and "Lose You to Love Me", the latter being her first number-one single on the chart.
8003:123145845882880::Thread-127 2020-08-09 19:00:14,199 - In 2017, Billboard reported that Gomez has sold over 7 million albums and 22 million singles worldwide.
8003:123145845882880::Thread-127 2020-08-09 19:00:14,251 - Gomez has received various accolades and was honored as the Billboard Woman of the Year in 2017.
8003:123145845882880::Thread-127 2020-08-09 19:00:22,257 - **END**
