8003:123145378951168::Thread-16 2020-08-09 18:59:30,223 - **START**
8003:123145378951168::Thread-16 2020-08-09 18:59:31,142 - Starting new HTTPS connection (1): en.wikipedia.org
8003:123145378951168::Thread-16 2020-08-09 18:59:34,786 - Los Angeles ( (listen); Spanish: Los Ángeles; Spanish for 'The Angels'), officially the City of Los Angeles and often known by its initials L.A., is the largest city in California.
8003:123145378951168::Thread-16 2020-08-09 18:59:34,953 - With an estimated population of nearly four million people, it is the second-most populous city in the United States (after New York City) and the third-most populous city in North America (after Mexico City and New York City).
8003:123145378951168::Thread-16 2020-08-09 18:59:35,798 - Los Angeles is known for its Mediterranean climate, ethnic diversity, Hollywood entertainment industry, and its sprawling metropolis.
8003:123145378951168::Thread-16 2020-08-09 18:59:37,361 - Los Angeles lies in a basin in Southern California, adjacent to the Pacific Ocean, with mountains as high as 10,000 feet (3,000 m), and deserts.
8003:123145378951168::Thread-16 2020-08-09 18:59:37,970 - The city, which covers about 469 square miles (1,210 km2), is the seat of Los Angeles County, the most populous county in the United States.
8003:123145378951168::Thread-16 2020-08-09 18:59:39,856 - The Los Angeles metropolitan area (MSA) is home to 13.1 million people, making it the second-largest metropolitan area in the nation after New York.
8003:123145378951168::Thread-16 2020-08-09 18:59:41,798 - Greater Los Angeles includes metro Los Angeles as well as the Inland Empire and Ventura County.
8003:123145378951168::Thread-16 2020-08-09 18:59:42,505 - It is the second-most populous U.S. combined statistical area, also after New York, with a 2015 estimate of 18.7 million people.Home to the Chumash and Tongva, Los Angeles was claimed by Juan Rodríguez Cabrillo for Spain in 1542.
8003:123145378951168::Thread-16 2020-08-09 18:59:44,385 - The city was founded on September 4, 1781, by Spanish governor Felipe de Neve.
8003:123145378951168::Thread-16 2020-08-09 18:59:45,172 - It became a part of Mexico in 1821 following the Mexican War of Independence.
8003:123145378951168::Thread-16 2020-08-09 18:59:51,176 - **END**
8003:123145378951168::Thread-16 2020-08-09 18:59:59,182 - **START**
8003:123145378951168::Thread-16 2020-08-09 18:59:59,256 - Starting new HTTPS connection (1): en.wikipedia.org
8003:123145378951168::Thread-16 2020-08-09 19:00:02,717 - The Vedas (; Sanskrit: वेदः vedaḥ, "knowledge") are a large body of religious texts originating in ancient India.
8003:123145378951168::Thread-16 2020-08-09 19:00:04,676 - Composed in Vedic Sanskrit, the texts constitute the oldest layer of Sanskrit literature and the oldest scriptures of Hinduism.There are four Vedas: the Rigveda, the Yajurveda, the Samaveda and the Atharvaveda.
8003:123145378951168::Thread-16 2020-08-09 19:00:04,966 - Each Veda has four subdivisions – the Samhitas (mantras and benedictions), the Aranyakas (text on rituals, ceremonies, sacrifices and symbolic-sacrifices), the Brahmanas (commentaries on rituals, ceremonies and sacrifices), and the Upanishads (texts discussing meditation, philosophy and spiritual knowledge).
8003:123145378951168::Thread-16 2020-08-09 19:00:06,367 - Some scholars add a fifth category – the Upasanas (worship).
8003:123145378951168::Thread-16 2020-08-09 19:00:06,832 - The texts of the Upanishads discuss ideas akin to the heterodox sramana-traditions.Vedas are śruti ("what is heard"), distinguishing them from other religious texts, which are called smṛti ("what is remembered").
8003:123145378951168::Thread-16 2020-08-09 19:00:09,171 - Hindus consider the Vedas to be apauruṣeya, which means "not of a man, superhuman" and "impersonal, authorless," revelations of sacred sounds and texts heard by ancient sages after intense meditation.The Vedas have been orally transmitted since the 2nd millennium BCE with the help of elaborate mnemonic techniques.
8003:123145378951168::Thread-16 2020-08-09 19:00:11,303 - The mantras, the oldest part of the Vedas, are recited in the modern age for their phonology rather than the semantics, and are considered to be "primordial rhythms of creation", preceding the forms to which they refer.
8003:123145378951168::Thread-16 2020-08-09 19:00:12,269 - By reciting them the cosmos is regenerated, "by enlivening and nourishing the forms of creation at their base.
8003:123145378951168::Thread-16 2020-08-09 19:00:15,116 - "The various Indian philosophies and Hindu denominations have taken differing positions on the Vedas; schools of Indian philosophy which acknowledge the primal  authority of the Vedas are classified as "orthodox" (āstika).
8003:123145378951168::Thread-16 2020-08-09 19:00:15,242 - Other śramaṇa traditions, such as Lokayata, Carvaka, Ajivika, Buddhism and Jainism, which did not regard the Vedas as authorities, are referred to as "heterodox" or "non-orthodox" (nāstika) schools.
8003:123145378951168::Thread-16 2020-08-09 19:00:16,483 - Etymology and usage
The Sanskrit word véda "knowledge, wisdom"  is derived from the root vid- "to know".
8003:123145378951168::Thread-16 2020-08-09 19:00:16,483 - **END**
