8003:123145833263104::Thread-124 2020-08-09 18:59:32,272 - **START**
8003:123145833263104::Thread-124 2020-08-09 18:59:33,339 - Starting new HTTPS connection (1): en.wikipedia.org
8003:123145833263104::Thread-124 2020-08-09 18:59:37,635 - Demetria Devonne  Lovato ( lə-VAH-toh; born August 20, 1992) is an American singer, songwriter, actress, and television personality.
8003:123145833263104::Thread-124 2020-08-09 18:59:39,802 - After appearing on the children's television series Barney & Friends (2002–2004), she rose to prominence for her role as Mitchie Torres in the Disney Channel musical television film Camp Rock (2008) and its sequel Camp Rock 2: The Final Jam (2010).
8003:123145833263104::Thread-124 2020-08-09 18:59:40,900 - The former film's soundtrack included "This Is Me", Lovato's duet with Joe Jonas, which peaked in the top ten of the Billboard Hot 100.
8003:123145833263104::Thread-124 2020-08-09 18:59:40,965 - After signing with Hollywood Records, Lovato released her pop rock debut album, Don't Forget (2008), which debuted at number two on the Billboard 200.
8003:123145833263104::Thread-124 2020-08-09 18:59:43,762 - Its follow up, Here We Go Again (2009), debuted at number one in the US, while its title track peaked in the top 15 of the country.
8003:123145833263104::Thread-124 2020-08-09 18:59:44,396 - Lovato's third studio album, Unbroken (2011), experimented with pop and R&B.
8003:123145833263104::Thread-124 2020-08-09 18:59:45,993 - It spawned two singles: "Skyscraper", which peaked in the top ten of the US, and "Give Your Heart a Break".
8003:123145833263104::Thread-124 2020-08-09 18:59:47,581 - Lovato's fourth studio album, Demi (2013), debuted with US sales of 110,000 copies, her highest first-week sales in the country.
8003:123145833263104::Thread-124 2020-08-09 18:59:48,693 - Its lead single, "Heart Attack", peaked in the top ten of the US while also becoming her first top-three single on the UK Singles Chart.
8003:123145833263104::Thread-124 2020-08-09 18:59:50,326 - For her fifth and sixth studio albums, Confident (2015) and Tell Me You Love Me (2017), Lovato infused soul and focused on more mature content as opposed to her previous work.
8003:123145833263104::Thread-124 2020-08-09 18:59:51,254 - The latter became her first album to be certified Platinum by the RIAA, and its lead single, "Sorry Not Sorry", became her highest peaking single in the US, reaching number six, and her first single to be certified 5x Platinum in the US.
8003:123145833263104::Thread-124 2020-08-09 18:59:52,434 - In 2020, Lovato released the singles "Anyone", "I Love Me", and "I'm Ready" with Sam Smith, which reached the top 40 in twenty-two countries, and the first two became Lovato's first number-one singles on Billboard's Digital Songs chart.
8003:123145833263104::Thread-124 2020-08-09 18:59:53,435 - **END**
8003:123145833263104::Thread-124 2020-08-09 18:59:54,438 - **START**
8003:123145833263104::Thread-124 2020-08-09 18:59:54,441 - Starting new HTTPS connection (1): en.wikipedia.org
8003:123145833263104::Thread-124 2020-08-09 18:59:55,512 - Yara Sayeh Shahidi (born February 10, 2000) is an American actress, model, and activist.
8003:123145833263104::Thread-124 2020-08-09 18:59:55,566 - She gained recognition for her starring role as the oldest daughter Zoey Johnson on the sitcom Black-ish (2014–present) and its spin-off series Grown-ish (2018–present).
8003:123145833263104::Thread-124 2020-08-09 18:59:56,498 - Her film credits include Imagine That (2009), Smallfoot (2018), and the lead role in The Sun Is Also a Star (2019).
8003:123145833263104::Thread-124 2020-08-09 18:59:58,255 - Time included her on "The 30 Most Influential Teens of 2016" list.
8003:123145833263104::Thread-124 2020-08-09 18:59:58,441 - Early life
Yara Sayeh Shahidi was born in Minneapolis, Minnesota, the daughter of Keri Salter Shahidi and Afshin Shahidi, a photographer.
8003:123145833263104::Thread-124 2020-08-09 18:59:58,971 - Her father is Iranian, and her mother is African-American.
8003:123145833263104::Thread-124 2020-08-09 18:59:59,473 - The family moved to California for Afshin's work when Yara was 4 years old.
8003:123145833263104::Thread-124 2020-08-09 19:00:00,620 - She is the older sister of child actor and model Sayeed Shahidi and they have a younger brother, Ehsan.
8003:123145833263104::Thread-124 2020-08-09 19:00:00,869 - Keri Shahidi states the name Yara means in Persian "Someone who is close to your heart", the name Sayeed means "Blessing", and Ehsan means "To act as though God is watching".
8003:123145833263104::Thread-124 2020-08-09 19:00:01,909 - The rapper Nas is their once-removed cousin.
8003:123145833263104::Thread-124 2020-08-09 19:00:09,912 - **END**
