8003:123145526181888::Thread-51 2020-08-09 18:59:26,240 - **START**
8003:123145526181888::Thread-51 2020-08-09 18:59:26,245 - Starting new HTTPS connection (1): en.wikipedia.org
8003:123145526181888::Thread-51 2020-08-09 18:59:31,292 - Germany (German: Deutschland, German pronunciation: [ˈdɔʏtʃlant]), officially the Federal Republic of Germany (German: Bundesrepublik Deutschland, listen), is a country in Central and Western Europe.
8003:123145526181888::Thread-51 2020-08-09 18:59:31,462 - Covering an area of 357,022 square kilometres (137,847 sq mi), it lies between the Baltic and North seas to the north, and the Alps to the south.
8003:123145526181888::Thread-51 2020-08-09 18:59:32,375 - It borders Denmark to the north, Poland and the Czech Republic to the east, Austria and Switzerland to the south, and France, Luxembourg, Belgium, and the Netherlands to the west.
8003:123145526181888::Thread-51 2020-08-09 18:59:32,457 - Various Germanic tribes have inhabited the northern parts of modern Germany since classical antiquity.
8003:123145526181888::Thread-51 2020-08-09 18:59:32,891 - A region named Germania was documented before AD 100.
8003:123145526181888::Thread-51 2020-08-09 18:59:32,953 - Beginning in the 10th century, German territories formed a central part of the Holy Roman Empire.
8003:123145526181888::Thread-51 2020-08-09 18:59:33,898 - During the 16th century, northern German regions became the centre of the Protestant Reformation.
8003:123145526181888::Thread-51 2020-08-09 18:59:34,372 - Following the Napoleonic Wars and the dissolution of the Holy Roman Empire in 1806, the German Confederation was formed in 1815.
8003:123145526181888::Thread-51 2020-08-09 18:59:35,378 - In 1871, Germany became a nation state when most of the German states unified into the Prussian-dominated German Empire.
8003:123145526181888::Thread-51 2020-08-09 18:59:35,798 - After World War I and the German Revolution of 1918–1919, the Empire was replaced by the semi-presidential Weimar Republic.
8003:123145526181888::Thread-51 2020-08-09 18:59:38,819 - **END**
8003:123145526181888::Thread-51 2020-08-09 18:59:46,821 - **START**
8003:123145526181888::Thread-51 2020-08-09 18:59:46,824 - Starting new HTTPS connection (1): en.wikipedia.org
8003:123145526181888::Thread-51 2020-08-09 18:59:48,163 - Gaetano John "Gaten" Matarazzo III (; Italian: [ɡaeˈtaːno mataˈrattso]; born September 8, 2002) is an American actor.
8003:123145526181888::Thread-51 2020-08-09 18:59:49,741 - He began his career on the Broadway stage as Benjamin in Priscilla, Queen of the Desert and as Gavroche in Les Misérables.
8003:123145526181888::Thread-51 2020-08-09 18:59:51,598 - He stars as Dustin Henderson in the Netflix science-fiction-horror drama series Stranger Things, and hosts the short lived Netflix show Prank Encounters.
8003:123145526181888::Thread-51 2020-08-09 18:59:51,844 - Early life
Matarazzo was born in Connecticut, to Gaetano and Heather Matarazzo, but raised in Little Egg Harbor Township, New Jersey, and he attended Pinelands Regional High School in Tuckerton, New Jersey.
8003:123145526181888::Thread-51 2020-08-09 18:59:52,886 - He has two siblings, an older sister Sabrina and a younger brother Carmen.
8003:123145526181888::Thread-51 2020-08-09 18:59:54,138 - As a child, Gaten was heavily involved in performing arts, specifically singing.
8003:123145526181888::Thread-51 2020-08-09 18:59:55,085 - He pursued vocal training at Starlight Performing Arts Center in New Jersey.
8003:123145526181888::Thread-51 2020-08-09 18:59:56,448 - In 2011, he competed and won third place with his vocal solo entitled “Ben” at Starpower Talent Competition Nationals in Uncasville, Connecticut.
8003:123145526181888::Thread-51 2020-08-09 18:59:57,964 - Personal life
Matarazzo is of Italian descent.Matarazzo was born with cleidocranial dysostosis (CCD), which he has spoken openly about, even documenting one of his surgeries, during which 14 supernumary teeth were removed, on Instagram.
8003:123145526181888::Thread-51 2020-08-09 18:59:58,152 - After he was cast in Stranger Things as Dustin Henderson, the character's background was modified to have the condition as well.
8003:123145526181888::Thread-51 2020-08-09 19:00:06,155 - **END**
