8003:123145808023552::Thread-118 2020-08-09 18:59:36,268 - **START**
8003:123145808023552::Thread-118 2020-08-09 18:59:36,574 - Starting new HTTPS connection (1): en.wikipedia.org
8003:123145808023552::Thread-118 2020-08-09 18:59:39,719 - The Argentina national football team (Spanish: Selección de fútbol de Argentina) represents Argentina in men's international football and is administered by the Argentine Football Association, the governing body for football in Argentina.
8003:123145808023552::Thread-118 2020-08-09 18:59:40,711 - Argentina's home stadium is Estadio Monumental Antonio Vespucio Liberti in Buenos Aires.
8003:123145808023552::Thread-118 2020-08-09 18:59:41,654 - La Selección (national team), also known as the La Albiceleste, has appeared in five World Cup finals, including the first final in 1930, which they lost 4–2 to Uruguay.
8003:123145808023552::Thread-118 2020-08-09 18:59:41,948 - Argentina won in their next final appearance in 1978, beating the Netherlands at extra time, 3–1.
8003:123145808023552::Thread-118 2020-08-09 18:59:42,805 - Argentina won again in 1986, through a 3–2 victory over West Germany, and a tournament campaign led by Diego Maradona.
8003:123145808023552::Thread-118 2020-08-09 18:59:43,489 - They made the World Cup finals once more in 1990, and lost 1–0 to West Germany following a controversial penalty call in the 87th minute.
8003:123145808023552::Thread-118 2020-08-09 18:59:44,268 - Argentina, led by Lionel Messi, made their fifth appearance in a World Cup final in 2014, again losing to Germany, 1–0 during extra-time.
8003:123145808023552::Thread-118 2020-08-09 18:59:44,518 - Argentina's World Cup winning managers are César Luis Menotti in 1978 and Carlos Bilardo in 1986.
8003:123145808023552::Thread-118 2020-08-09 18:59:44,923 - Argentina has also been very successful in the Copa América, winning it 14 times, second only to Uruguay.
8003:123145808023552::Thread-118 2020-08-09 18:59:45,711 - The team also won the 1992 FIFA Confederations Cup and the 1993 Artemio Franchi Trophy.
8003:123145808023552::Thread-118 2020-08-09 18:59:52,726 - **END**
8003:123145808023552::Thread-118 2020-08-09 19:00:07,732 - **START**
8003:123145808023552::Thread-118 2020-08-09 19:00:07,739 - Starting new HTTPS connection (1): en.wikipedia.org
8003:123145808023552::Thread-118 2020-08-09 19:00:08,482 - Windsor Castle is a royal residence at Windsor in the English county of Berkshire.
8003:123145808023552::Thread-118 2020-08-09 19:00:09,004 - It is strongly associated with the English and succeeding British royal family, and embodies almost 1000 years of architectural history.
8003:123145808023552::Thread-118 2020-08-09 19:00:09,249 - The original castle was built in the 11th century after the Norman invasion of England by William the Conqueror.
8003:123145808023552::Thread-118 2020-08-09 19:00:09,288 - Since the time of Henry I, it has been used by the reigning monarch and is the longest-occupied palace in Europe.
8003:123145808023552::Thread-118 2020-08-09 19:00:09,303 - The castle's lavish early 19th-century State Apartments were described by early 20th century art historian Hugh Roberts as "a superb and unrivalled sequence of rooms widely regarded as the finest and most complete expression of later Georgian taste".
8003:123145808023552::Thread-118 2020-08-09 19:00:10,877 - Inside the castle walls is the 15th-century St George's Chapel, considered by the historian John Martin Robinson to be "one of the supreme achievements of English Perpendicular Gothic" design.Originally designed to protect Norman dominance around the outskirts of London and oversee a strategically important part of the River Thames, Windsor Castle was built as a motte-and-bailey, with three wards surrounding a central mound.
8003:123145808023552::Thread-118 2020-08-09 19:00:12,216 - Gradually replaced with stone fortifications, the castle withstood a prolonged siege during the First Barons' War at the start of the 13th century.
8003:123145808023552::Thread-118 2020-08-09 19:00:13,932 - Henry III built a luxurious royal palace within the castle during the middle of the century, and Edward III went further, rebuilding the palace to make an even grander set of buildings in what would become "the most expensive secular building project of the entire Middle Ages in England".
8003:123145808023552::Thread-118 2020-08-09 19:00:14,811 - Edward's core design lasted through the Tudor period, during which Henry VIII and Elizabeth I made increasing use of the castle as a royal court and centre for diplomatic entertainment.
8003:123145808023552::Thread-118 2020-08-09 19:00:16,010 - Windsor Castle survived the tumultuous period of the English Civil War, when it was used as a military headquarters by Parliamentary forces and a prison for Charles I.
8003:123145808023552::Thread-118 2020-08-09 19:00:17,725 - At the Restoration of the monarchy in 1660, Charles II rebuilt much of Windsor Castle with the help of the architect Hugh May, creating a set of extravagant Baroque interiors that are still admired.
8003:123145808023552::Thread-118 2020-08-09 19:00:23,728 - **END**
