8003:123145328472064::Thread-4 2020-08-09 18:59:28,214 - **START**
8003:123145328472064::Thread-4 2020-08-09 18:59:28,457 - Starting new HTTPS connection (1): en.wikipedia.org
8003:123145328472064::Thread-4 2020-08-09 18:59:30,492 - Ashley Mathews, better known as Riley Reid, is an American pornographic actress.
8003:123145328472064::Thread-4 2020-08-09 18:59:30,584 - She briefly worked as a stripper before entering the adult film industry in 2010, at the age of 19.
8003:123145328472064::Thread-4 2020-08-09 18:59:31,141 - She has since won numerous awards, including the 2016 AVN Award for Female Performer of the Year.
8003:123145328472064::Thread-4 2020-08-09 18:59:31,287 - Career
Reid began her adult film career in 2011 at the age of 19 and initially used the stage name Paige Riley.
8003:123145328472064::Thread-4 2020-08-09 18:59:31,503 - In 2013, LA Weekly ranked her eighth on their list of "10 Porn Stars Who Could Be the Next Jenna Jameson".
8003:123145328472064::Thread-4 2020-08-09 18:59:32,280 - She was also placed on CNBC's list of "The Dirty Dozen: Porn's Most Popular Stars" in 2014, 2015, and 2016.
8003:123145328472064::Thread-4 2020-08-09 18:59:33,060 - Reid won the XBIZ Awards for Best New Starlet in 2013 and Female Performer of the Year in 2014, making her the first performer to ever win both awards in consecutive years.
8003:123145328472064::Thread-4 2020-08-09 18:59:33,723 - She also won every single XBIZ Award she was nominated for in 2014.
8003:123145328472064::Thread-4 2020-08-09 18:59:34,168 - In 2014, Reid did her first interracial sex scene in Mandingo Massacre 6, for which she won an AVN Award.Reid is a Fleshlight Girl and has her own line of product with the company.
8003:123145328472064::Thread-4 2020-08-09 18:59:34,322 - Personal life
Reid was born Ashley Mathews in Florida.
8003:123145328472064::Thread-4 2020-08-09 18:59:41,529 - **END**
8003:123145328472064::Thread-4 2020-08-09 18:59:49,533 - **START**
8003:123145328472064::Thread-4 2020-08-09 18:59:49,547 - Starting new HTTPS connection (1): en.wikipedia.org
8003:123145328472064::Thread-4 2020-08-09 18:59:51,469 - Greta Tintin Eleonora Ernman Thunberg (Swedish: [ˈɡrêːta ˈtʉ̂ːnbærj] (listen); born 3 January 2003) is a Swedish environmental activist who has gained international recognition for promoting the view that humanity is facing an existential crisis arising from climate change.
8003:123145328472064::Thread-4 2020-08-09 18:59:53,315 - Thunberg is known for her youth and her straightforward speaking manner, both in public and to political leaders and assemblies, in which she criticises world leaders for their failure to take sufficient action to address the climate crisis.Thunberg's activism started after convincing her parents to adopt several lifestyle choices to reduce their own carbon footprint.
8003:123145328472064::Thread-4 2020-08-09 18:59:53,790 - In August 2018, at age 15, she started spending her school days outside the Swedish parliament to call for stronger action on climate change by holding up a sign reading Skolstrejk för klimatet (School strike for climate).
8003:123145328472064::Thread-4 2020-08-09 18:59:55,661 - Soon, other students engaged in similar protests in their own communities.
8003:123145328472064::Thread-4 2020-08-09 18:59:56,103 - Together, they organised a school climate strike movement under the name Fridays for Future.
8003:123145328472064::Thread-4 2020-08-09 18:59:57,325 - After Thunberg addressed the 2018 United Nations Climate Change Conference, student strikes took place every week somewhere in the world.
8003:123145328472064::Thread-4 2020-08-09 18:59:57,467 - In 2019, there were multiple coordinated multi-city protests involving over a million students each.
8003:123145328472064::Thread-4 2020-08-09 18:59:59,193 - To avoid flying, Thunberg sailed to North America where she attended the 2019 UN Climate Action Summit.
8003:123145328472064::Thread-4 2020-08-09 18:59:59,728 - Her speech there, in which she exclaimed "how dare you", was widely taken up by the press and incorporated into music.
8003:123145328472064::Thread-4 2020-08-09 19:00:01,586 - Her sudden rise to world fame has made her both a leader and a target for critics.
8003:123145328472064::Thread-4 2020-08-09 19:00:09,589 - **END**
