8003:123145883742208::Thread-136 2020-08-09 18:59:28,274 - **START**
8003:123145883742208::Thread-136 2020-08-09 18:59:28,455 - Starting new HTTPS connection (1): en.wikipedia.org
8003:123145883742208::Thread-136 2020-08-09 18:59:30,492 - Films generate income from several revenue streams, including theatrical exhibition, home video, television broadcast rights, and merchandising.
8003:123145883742208::Thread-136 2020-08-09 18:59:31,189 - However, theatrical box office earnings are the primary metric for trade publications in assessing the success of a film, mostly because of the availability of the data compared to sales figures for home video and broadcast rights, but also because of historical practice.
8003:123145883742208::Thread-136 2020-08-09 18:59:31,875 - Included on the list are charts of the top box office earners (ranked by both the nominal and real value of their revenue), a chart of high-grossing films by calendar year, a timeline showing the transition of the highest-grossing film record, and a chart of the highest-grossing film franchises and series.
8003:123145883742208::Thread-136 2020-08-09 18:59:32,329 - All charts are ranked by international theatrical box office performance where possible, excluding income derived from home video, broadcasting rights, and merchandise.
8003:123145883742208::Thread-136 2020-08-09 18:59:32,681 - Traditionally, war films, musicals, and historical dramas have been the most popular genres, but franchise films have been among the best performers in the 21st century.
8003:123145883742208::Thread-136 2020-08-09 18:59:32,765 - There is strong interest in the superhero genre, with nine films in the Marvel Cinematic Universe featuring among the nominal top-earners.
8003:123145883742208::Thread-136 2020-08-09 18:59:33,349 - The most successful superhero film, Avengers: Endgame, is also the highest-grossing film overall on the nominal earnings chart, and there are four films in total based on the Avengers comic books charting in the top twenty.
8003:123145883742208::Thread-136 2020-08-09 18:59:33,699 - Other Marvel Comics adaptations have also had success with the Spider-Man and X-Men properties, while films based on Batman and Superman from DC Comics have generally performed well.
8003:123145883742208::Thread-136 2020-08-09 18:59:33,751 - Star Wars is also represented in the nominal earnings chart with five films, while the Harry Potter, Jurassic Park and Pirates of the Caribbean franchises feature prominently.
8003:123145883742208::Thread-136 2020-08-09 18:59:34,719 - Avatar, in second place on the nominal chart, is the highest-grossing film that is not a sequel or an adaptation of a pre-existing property.
8003:123145883742208::Thread-136 2020-08-09 18:59:38,721 - **END**
8003:123145883742208::Thread-136 2020-08-09 18:59:47,726 - **START**
8003:123145883742208::Thread-136 2020-08-09 18:59:47,729 - Starting new HTTPS connection (1): en.wikipedia.org
8003:123145883742208::Thread-136 2020-08-09 18:59:48,384 - Daft Punk are a French electronic music duo formed in Paris in 1993 by Guy-Manuel de Homem-Christo and Thomas Bangalter.
8003:123145883742208::Thread-136 2020-08-09 18:59:48,698 - They achieved popularity in the late 1990s as part of the French house movement; they also had success in the years following, combining elements of house music with funk, techno, disco, rock and synthpop.
8003:123145883742208::Thread-136 2020-08-09 18:59:50,381 - They have worn ornate helmets and gloves to assume robot personas in most public appearances since 1999 and rarely grant interviews or appear on television.
8003:123145883742208::Thread-136 2020-08-09 18:59:51,221 - The duo were managed from 1996 to 2008 by Pedro Winter (also known as Busy P), the head of Ed Banger Records.
8003:123145883742208::Thread-136 2020-08-09 18:59:51,485 - After Bangalter and Homem-Christo's indie rock band Darlin' disbanded, they began experimenting with drum machines and synthesisers.
8003:123145883742208::Thread-136 2020-08-09 18:59:51,845 - Their debut studio album Homework was released by Virgin Records in 1997 to positive reviews, backed by singles "Around the World" and "Da Funk".
8003:123145883742208::Thread-136 2020-08-09 18:59:52,874 - Their second album, Discovery, had further success, supported by hit singles "One More Time", "Digital Love" and "Harder, Better, Faster, Stronger".
8003:123145883742208::Thread-136 2020-08-09 18:59:54,427 - In March 2005, Daft Punk released their third album, Human After All, to mixed reviews, though the singles "Robot Rock" and "Technologic" achieved success in the United Kingdom.
8003:123145883742208::Thread-136 2020-08-09 18:59:55,885 - Daft Punk toured throughout 2006 and 2007 and released the live album Alive 2007, which won a Grammy Award for Best Electronic/Dance Album.
8003:123145883742208::Thread-136 2020-08-09 18:59:56,605 - They composed the score for the film Tron: Legacy, which was released in 2010 alongside its soundtrack album.
8003:123145883742208::Thread-136 2020-08-09 19:00:03,608 - **END**
