8003:123146220269568::Thread-216 2020-08-09 18:59:29,308 - **START**
8003:123146220269568::Thread-216 2020-08-09 18:59:29,376 - Starting new HTTPS connection (1): en.wikipedia.org
8003:123146220269568::Thread-216 2020-08-09 18:59:33,897 - Lisa Ann (born Lisa Ann Corpora; May 9, 1972) is an American pornographic actress and radio personality.
8003:123146220269568::Thread-216 2020-08-09 18:59:33,963 - She has also worked as a director and talent agent.
8003:123146220269568::Thread-216 2020-08-09 18:59:35,806 - She is considered to be the most popular pornographic actress in the world, and has received mainstream notice for parodying former Governor of Alaska Sarah Palin in six adult films and a music video.
8003:123146220269568::Thread-216 2020-08-09 18:59:36,931 - She is a member of the AVN, XRCO, and Urban X Halls of Fame.
8003:123146220269568::Thread-216 2020-08-09 18:59:39,541 - Ann entered the adult film industry in 1994.
8003:123146220269568::Thread-216 2020-08-09 18:59:41,784 - She quit porn in 1997 due to an AIDS scare in the industry, however, she resumed performing in February 2006.
8003:123146220269568::Thread-216 2020-08-09 18:59:43,339 - In 2008, Ann starred as "Serra Paylin," a parody of Republican vice presidential nominee Sarah Palin, in Hustler Video's Who's Nailin' Paylin?, which was released on Election Day.
8003:123146220269568::Thread-216 2020-08-09 18:59:44,185 - Her directorial film, MILF Revolution (2013), won the 2014 AVN Award for "Best MILF Release".
8003:123146220269568::Thread-216 2020-08-09 18:59:45,867 - In December 2014, she launched Porn Stars Boot Camp, a consulting firm, and also announced her retirement from performing in adult films; she had a breast reduction surgery shortly after retiring as part of her return to a normal life.
8003:123146220269568::Thread-216 2020-08-09 18:59:48,000 - Ann announced her comeback to the adult industry in 2018 and signed with Evil Angel.
8003:123146220269568::Thread-216 2020-08-09 18:59:51,004 - **END**
8003:123146220269568::Thread-216 2020-08-09 19:00:06,008 - **START**
8003:123146220269568::Thread-216 2020-08-09 19:00:06,020 - Starting new HTTPS connection (1): en.wikipedia.org
8003:123146220269568::Thread-216 2020-08-09 19:00:07,440 - Neuschwanstein Castle (German: Schloss Neuschwanstein, pronounced [ˈʃlɔs nɔʏˈʃvaːnʃtaɪn], Southern Bavarian: Schloss Neischwanstoa) is a 19th-century Romanesque Revival palace on a rugged hill above the village of Hohenschwangau near Füssen in southwest Bavaria, Germany.
8003:123146220269568::Thread-216 2020-08-09 19:00:08,801 - The palace was commissioned by King Ludwig II of Bavaria as a retreat and in honour of Richard Wagner.
8003:123146220269568::Thread-216 2020-08-09 19:00:10,084 - Ludwig paid for the palace out of his personal fortune and by means of extensive borrowing, rather than Bavarian public funds.
8003:123146220269568::Thread-216 2020-08-09 19:00:11,813 - The castle was intended as a home for the King, until he died in 1886.
8003:123146220269568::Thread-216 2020-08-09 19:00:13,494 - It was open to the public shortly after his death.
8003:123146220269568::Thread-216 2020-08-09 19:00:14,356 - Since then more than 61 million people have visited Neuschwanstein Castle.
8003:123146220269568::Thread-216 2020-08-09 19:00:14,386 - More than 1.3 million people visit annually, with as many as 6,000 per day in the summer.
8003:123146220269568::Thread-216 2020-08-09 19:00:16,304 - Location

The municipality of Schwangau lies at an elevation of 800 m (2,620 ft) at the southwest border of the German state of Bavaria.
8003:123146220269568::Thread-216 2020-08-09 19:00:17,894 - Its surroundings are characterised by the transition between the Alpine foothills in the south (toward the nearby Austrian border) and a hilly landscape in the north that appears flat by comparison.
8003:123146220269568::Thread-216 2020-08-09 19:00:18,180 - In the Middle Ages, three castles overlooked the villages.
8003:123146220269568::Thread-216 2020-08-09 19:00:24,182 - **END**
