8003:123146157170688::Thread-201 2020-08-09 18:59:34,318 - **START**
8003:123146157170688::Thread-201 2020-08-09 18:59:35,048 - Starting new HTTPS connection (1): en.wikipedia.org
8003:123146157170688::Thread-201 2020-08-09 18:59:38,282 - Aston Villa Football Club is an English professional football club based in Aston, Birmingham.
8003:123146157170688::Thread-201 2020-08-09 18:59:39,934 - The club competes in the Premier League, the top tier of the English football league system.
8003:123146157170688::Thread-201 2020-08-09 18:59:40,779 - Founded in 1874, they have played at their home ground, Villa Park, since 1897.
8003:123146157170688::Thread-201 2020-08-09 18:59:41,537 - Aston Villa were one of the founder members of the Football League in 1888 and of the Premier League in 1992.
8003:123146157170688::Thread-201 2020-08-09 18:59:42,806 - Villa are one of only five English clubs to have won the European Cup, in 1981–82.
8003:123146157170688::Thread-201 2020-08-09 18:59:43,762 - They have also won the Football League First Division seven times, the FA Cup seven times, the League Cup five times, and the European (UEFA) Super Cup once.
8003:123146157170688::Thread-201 2020-08-09 18:59:45,533 - Villa have a fierce local rivalry with Birmingham City and the Second City derby between the teams has been played since 1879.
8003:123146157170688::Thread-201 2020-08-09 18:59:46,436 - The club's traditional kit colours are claret shirts with sky blue sleeves, white shorts and sky blue socks.
8003:123146157170688::Thread-201 2020-08-09 18:59:46,569 - Their traditional club badge is of a rampant lion.
8003:123146157170688::Thread-201 2020-08-09 18:59:47,181 - The club is currently owned by the NSWE group, a company owned by the Egyptian billionaire Nassef Sawiris and the American billionaire Wes Edens.
8003:123146157170688::Thread-201 2020-08-09 18:59:52,184 - **END**
8003:123146157170688::Thread-201 2020-08-09 18:59:55,190 - **START**
8003:123146157170688::Thread-201 2020-08-09 18:59:55,205 - Starting new HTTPS connection (1): en.wikipedia.org
8003:123146157170688::Thread-201 2020-08-09 18:59:56,403 - Earth is the third planet from the Sun and the only astronomical object known to harbor life.
8003:123146157170688::Thread-201 2020-08-09 18:59:58,314 - According to radiometric dating estimation and other evidence, Earth formed over 4.5 billion years ago.
8003:123146157170688::Thread-201 2020-08-09 18:59:58,961 - Earth's gravity interacts with other objects in space, especially the Sun and the Moon, which is Earth's only natural satellite.
8003:123146157170688::Thread-201 2020-08-09 19:00:00,633 - Earth orbits around the Sun in 365.256 solar days, a period known as an Earth sidereal year.
8003:123146157170688::Thread-201 2020-08-09 19:00:00,706 - During this time, Earth rotates about its axis 366.256 times, that is, a sidereal year has 366.256 sidereal days.Earth's axis of rotation is tilted with respect to its orbital plane, producing seasons on Earth.
8003:123146157170688::Thread-201 2020-08-09 19:00:01,303 - The gravitational interaction between Earth and the Moon causes tides, stabilizes Earth's orientation on its axis, and gradually slows its rotation.
8003:123146157170688::Thread-201 2020-08-09 19:00:01,428 - Earth is the densest planet in the Solar System and the largest and most massive of the four rocky planets.
8003:123146157170688::Thread-201 2020-08-09 19:00:01,609 - Earth's outer layer (lithosphere) is divided into several rigid tectonic plates that migrate across the surface over many millions of years.
8003:123146157170688::Thread-201 2020-08-09 19:00:03,235 - About 29% of Earth's surface is land consisting of continents and islands.
8003:123146157170688::Thread-201 2020-08-09 19:00:04,744 - The remaining 71% is covered with water, mostly by oceans but also lakes, rivers and other fresh water, which all together constitute the hydrosphere.
8003:123146157170688::Thread-201 2020-08-09 19:00:11,749 - **END**
