8003:123145395777536::Thread-20 2020-08-09 18:59:30,247 - **START**
8003:123145395777536::Thread-20 2020-08-09 18:59:31,147 - Starting new HTTPS connection (1): en.wikipedia.org
8003:123145395777536::Thread-20 2020-08-09 18:59:33,821 - The Statue of Liberty (Liberty Enlightening the World; French: La Liberté éclairant le monde) is a colossal neoclassical sculpture on Liberty Island in New York Harbor within New York City, in the United States.
8003:123145395777536::Thread-20 2020-08-09 18:59:34,371 - The copper statue, a gift from the people of France to the people of the United States, was designed by French sculptor Frédéric Auguste Bartholdi and its metal framework was built by Gustave Eiffel.
8003:123145395777536::Thread-20 2020-08-09 18:59:34,648 - The statue was dedicated on October 28, 1886.
8003:123145395777536::Thread-20 2020-08-09 18:59:35,380 - The statue is a figure of Libertas, a robed Roman liberty goddess.
8003:123145395777536::Thread-20 2020-08-09 18:59:35,763 - She holds a torch above her head with her right hand, and in her left hand carries a tabula ansata inscribed JULY IV MDCCLXXVI (July 4, 1776 in Roman numerals), the date of the U.S.
8003:123145395777536::Thread-20 2020-08-09 18:59:36,210 - Declaration of Independence.
8003:123145395777536::Thread-20 2020-08-09 18:59:37,169 - A broken shackle and chain lie at her feet as she walks forward, commemorating the recent national abolition of slavery.
8003:123145395777536::Thread-20 2020-08-09 18:59:37,666 - After its dedication, the statue became an icon of freedom and of the United States, seen as a symbol of welcome to immigrants arriving by sea.
8003:123145395777536::Thread-20 2020-08-09 18:59:38,121 - Bartholdi was inspired by a French law professor and politician, Édouard René de Laboulaye, who is said to have commented in 1865 that any monument raised to U.S. independence would properly be a joint project of the French and U.S. peoples.
8003:123145395777536::Thread-20 2020-08-09 18:59:38,540 - The Franco-Prussian War delayed progress until 1875, when Laboulaye proposed that the French finance the statue and the U.S. provide the site and build the pedestal.
8003:123145395777536::Thread-20 2020-08-09 18:59:39,154 - Bartholdi completed the head and the torch-bearing arm before the statue was fully designed, and these pieces were exhibited for publicity at international expositions.
8003:123145395777536::Thread-20 2020-08-09 18:59:39,155 - **END**
8003:123145395777536::Thread-20 2020-08-09 18:59:51,160 - **START**
8003:123145395777536::Thread-20 2020-08-09 18:59:51,166 - Starting new HTTPS connection (1): en.wikipedia.org
8003:123145395777536::Thread-20 2020-08-09 18:59:53,556 - The Great Wall of China (Chinese: 萬里長城; pinyin: Wànlǐ Chángchéng) is the collective name of a series of fortification systems generally built across the historical northern borders of China to protect and consolidate territories of Chinese states and empires against various nomadic groups of the steppe and their polities.
8003:123145395777536::Thread-20 2020-08-09 18:59:54,650 - Several walls were being built from as early as the 7th century BC by ancient Chinese states; selective stretches were later joined together by Qin Shi Huang (220–206 BC), the first emperor of China.
8003:123145395777536::Thread-20 2020-08-09 18:59:57,091 - Little of the Qin wall remains.
8003:123145395777536::Thread-20 2020-08-09 18:59:57,523 - Later on, many successive dynasties have built and maintained multiple stretches of border walls.
8003:123145395777536::Thread-20 2020-08-09 19:00:00,180 - The most well-known sections of the wall were built by the Ming dynasty (1368–1644).
8003:123145395777536::Thread-20 2020-08-09 19:00:02,663 - Apart from defense, other purposes of the Great Wall have included border controls, allowing the imposition of duties on goods transported along the Silk Road, regulation or encouragement of trade and the control of immigration and emigration.
8003:123145395777536::Thread-20 2020-08-09 19:00:05,430 - Furthermore, the defensive characteristics of the Great Wall were enhanced by the construction of watch towers, troop barracks, garrison stations, signaling capabilities through the means of smoke or fire, and the fact that the path of the Great Wall also served as a transportation corridor.
8003:123145395777536::Thread-20 2020-08-09 19:00:07,002 - The frontier walls built by different dynasties have multiple courses.
8003:123145395777536::Thread-20 2020-08-09 19:00:09,242 - Collectively, they stretch from Liaodong in the east to Lop Lake in the west, from the present-day Sino–Russian border in the north to Taohe River in the south; along an arc that roughly delineates the edge of Mongolian steppe.
8003:123145395777536::Thread-20 2020-08-09 19:00:10,755 - A comprehensive archaeological survey, using advanced technologies, has concluded that the walls built by the Ming dynasty measure 8,850 km (5,500 mi).
8003:123145395777536::Thread-20 2020-08-09 19:00:12,761 - **END**
