8003:123146283368448::Thread-231 2020-08-09 18:59:38,353 - **START**
8003:123146283368448::Thread-231 2020-08-09 18:59:40,893 - Starting new HTTPS connection (1): en.wikipedia.org
8003:123146283368448::Thread-231 2020-08-09 18:59:43,208 - The Washington Monument is an obelisk on the National Mall in Washington, D.C., built to commemorate George Washington, once commander-in-chief of the Continental Army (1775–1784), in the American Revolutionary War and the first President of the United States (1789–1797).
8003:123146283368448::Thread-231 2020-08-09 18:59:44,022 - Located almost due east of the Reflecting Pool and the Lincoln Memorial, the monument, made of marble, granite, and bluestone gneiss, is both the world's tallest predominantly stone structure and the world's tallest obelisk, standing 554 feet 7 11⁄32 inches (169.046 m) tall according to the U.S. National Geodetic Survey (measured 2013–14) or 555 feet 5 1⁄8 inches (169.294 m) tall according to the National Park Service (measured 1884).
8003:123146283368448::Thread-231 2020-08-09 18:59:44,636 - It is the tallest monumental column in the world if all are measured above their pedestrian entrances.
8003:123146283368448::Thread-231 2020-08-09 18:59:45,063 - Overtaking the Cologne Cathedral, it was the tallest structure in the world between 1884 and 1889, after which it was overtaken by the Eiffel Tower in Paris.
8003:123146283368448::Thread-231 2020-08-09 18:59:45,154 - Construction of the monument began in 1848 and was halted for a period of 23 years, from 1854 to 1877 due to a lack of funds, a struggle for control over the Washington National Monument Society, and the American Civil War.
8003:123146283368448::Thread-231 2020-08-09 18:59:46,099 - Although the stone structure was completed in 1884, internal ironwork, the knoll, and installation of memorial stones were not completed until 1888.
8003:123146283368448::Thread-231 2020-08-09 18:59:46,714 - A difference in shading of the marble, visible approximately 150 feet (46 m) or 27% up, shows where construction was halted and later resumed with marble from a different source.
8003:123146283368448::Thread-231 2020-08-09 18:59:47,000 - The original design was by Robert Mills (1781–1855) of South Carolina, but he did not include his proposed colonnade due to a lack of funds, proceeding only with a bare obelisk.
8003:123146283368448::Thread-231 2020-08-09 18:59:47,217 - The cornerstone was laid on July 4, 1848; the first stone was laid atop the unfinished stump on August 7, 1880; the capstone was set on December 6, 1884; the completed monument was dedicated on February 21, 1885; and officially opened October 9, 1888.
8003:123146283368448::Thread-231 2020-08-09 18:59:47,713 - The Washington Monument is a hollow Egyptian style stone obelisk with a 500-foot (152.4 m) tall column surmounted by a 55-foot (16.8 m) tall pyramidion.
8003:123146283368448::Thread-231 2020-08-09 18:59:49,714 - **END**
8003:123146283368448::Thread-231 2020-08-09 19:00:01,716 - **START**
8003:123146283368448::Thread-231 2020-08-09 19:00:02,163 - Starting new HTTPS connection (1): en.wikipedia.org
8003:123146283368448::Thread-231 2020-08-09 19:00:03,827 - North Korea (Korean: 조선, MR: Chosŏn; literally 북조선, MR: Pukchosŏn, or 북한/北韓, RR: Bukhan in South Korean usage), officially the Democratic People's Republic of Korea (DPRK or DPR Korea; Korean: 조선민주주의인민공화국, Chosŏn Minjujuŭi Inmin Konghwaguk), is a country in East Asia constituting the northern part of the Korean Peninsula.
8003:123146283368448::Thread-231 2020-08-09 19:00:04,143 - The country is bordered to the north by China and by Russia along the Amnok (known as the Yalu in Chinese) and Tumen rivers, and to the south by South Korea, with the heavily fortified Korean Demilitarized Zone (DMZ) separating the two.
8003:123146283368448::Thread-231 2020-08-09 19:00:05,102 - North Korea, like its southern counterpart, claims to be the legitimate government of the entire peninsula and adjacent islands.
8003:123146283368448::Thread-231 2020-08-09 19:00:05,698 - Pyongyang is the country's capital and largest city.
8003:123146283368448::Thread-231 2020-08-09 19:00:06,642 - In 1910, Korea was annexed by Imperial Japan.
8003:123146283368448::Thread-231 2020-08-09 19:00:07,245 - At the Japanese surrender at the end of World War II in 1945, Korea was divided into two zones, with the north occupied by the Soviet Union and the south occupied by the United States.
8003:123146283368448::Thread-231 2020-08-09 19:00:07,642 - Negotiations on reunification failed, and in 1948, separate governments were formed: the socialist Democratic People's Republic of Korea in the north, and the capitalist Republic of Korea in the south.
8003:123146283368448::Thread-231 2020-08-09 19:00:07,849 - An invasion initiated by North Korea led to the Korean War (1950–1953).
8003:123146283368448::Thread-231 2020-08-09 19:00:08,673 - The Korean Armistice Agreement brought about a ceasefire, but no peace treaty was signed.
8003:123146283368448::Thread-231 2020-08-09 19:00:08,948 - According to article 1 of the constitution of North Korea, the DPRK is an "independent socialist State".
8003:123146283368448::Thread-231 2020-08-09 19:00:08,949 - **END**
