8003:123145463083008::Thread-36 2020-08-09 18:59:32,239 - **START**
8003:123145463083008::Thread-36 2020-08-09 18:59:33,840 - Starting new HTTPS connection (1): en.wikipedia.org
8003:123145463083008::Thread-36 2020-08-09 18:59:37,603 - Sparta (Doric Greek: Σπάρτα, Spártā; Attic Greek: Σπάρτη, Spártē) was a prominent city-state in ancient Greece.
8003:123145463083008::Thread-36 2020-08-09 18:59:40,598 - In antiquity, the city-state was known as Lacedaemon (Λακεδαίμων, Lakedaímōn), while the name Sparta referred to its main settlement on the banks of the Eurotas River in Laconia, in south-eastern Peloponnese.
8003:123145463083008::Thread-36 2020-08-09 18:59:41,459 - Around 650 BCE, it rose to become the dominant military land-power in ancient Greece.
8003:123145463083008::Thread-36 2020-08-09 18:59:43,916 - Given its military pre-eminence, Sparta was recognized as the leading force of the unified Greek military during the Greco-Persian Wars, in rivalry with the rising naval power of Athens.
8003:123145463083008::Thread-36 2020-08-09 18:59:46,901 - Sparta was the principal enemy of Athens during the Peloponnesian War (between 431 and 404 BCE), from which it emerged victorious.
8003:123145463083008::Thread-36 2020-08-09 18:59:48,545 - The decisive Battle of Leuctra in 371 BCE ended the Spartan hegemony, although the city-state maintained its political independence until the Roman conquest of Greece in 146 BCE.
8003:123145463083008::Thread-36 2020-08-09 18:59:49,570 - After the division of the Roman Empire, Sparta underwent a long period of decline, especially in the Middle Ages, when many of its citizens moved to Mystras.
8003:123145463083008::Thread-36 2020-08-09 18:59:49,976 - Modern Sparta is the capital of the southern Greek region of Laconia and a center for processing citrus and olives.
8003:123145463083008::Thread-36 2020-08-09 18:59:52,108 - Sparta was unique in ancient Greece for its social system and constitution, which were supposedly introduced by the semi-mythical legislator Lycurgus.
8003:123145463083008::Thread-36 2020-08-09 18:59:53,384 - His laws configured the Spartan society to maximize military proficiency at all costs, focusing all social institutions on military training and physical development.
8003:123145463083008::Thread-36 2020-08-09 18:59:53,948 - The inhabitants of Sparta were stratified as Spartiates (Spartan citizens with full rights), mothakes (non-Spartan free men raised as Spartans), perioikoi (free residents engaged in commerce), and helots (state-owned serfs, enslaved non-Spartan locals).
8003:123145463083008::Thread-36 2020-08-09 18:59:56,949 - **END**
8003:123145463083008::Thread-36 2020-08-09 19:00:01,952 - **START**
8003:123145463083008::Thread-36 2020-08-09 19:00:02,167 - Starting new HTTPS connection (1): en.wikipedia.org
8003:123145463083008::Thread-36 2020-08-09 19:00:04,138 - Freddie Mercury (born Farrokh Bulsara; 5 September 1946 – 24 November 1991) was a British singer, songwriter, record producer, and lead vocalist of the rock band Queen.
8003:123145463083008::Thread-36 2020-08-09 19:00:04,475 - Regarded as one of the greatest lead singers in the history of rock music, he was known for his flamboyant stage persona and four-octave vocal range.
8003:123145463083008::Thread-36 2020-08-09 19:00:05,081 - Mercury defied the conventions of a rock frontman, with his highly theatrical style influencing the artistic direction of Queen.
8003:123145463083008::Thread-36 2020-08-09 19:00:06,257 - Born in 1946 in Zanzibar to Parsi-Indian parents, he attended English-style boarding schools in India from the age of eight and returned to Zanzibar after secondary school.
8003:123145463083008::Thread-36 2020-08-09 19:00:07,691 - In 1964, his family fled the Zanzibar Revolution, moving to Middlesex, England.
8003:123145463083008::Thread-36 2020-08-09 19:00:08,516 - Having studied and written music for years, he formed Queen in 1970 with guitarist Brian May and drummer Roger Taylor.
8003:123145463083008::Thread-36 2020-08-09 19:00:08,713 - Mercury wrote numerous hits for Queen, including "Killer Queen", "Bohemian Rhapsody", "Somebody to Love", "We Are the Champions", "Don't Stop Me Now", and "Crazy Little Thing Called Love".
8003:123145463083008::Thread-36 2020-08-09 19:00:09,139 - His charismatic stage performances often saw him interact with the audience, as displayed at the 1985 Live Aid concert.
8003:123145463083008::Thread-36 2020-08-09 19:00:10,962 - He also led a solo career and served as a producer and guest musician for other artists.
8003:123145463083008::Thread-36 2020-08-09 19:00:12,307 - Mercury died in 1991 at age 45 due to complications from AIDS.
8003:123145463083008::Thread-36 2020-08-09 19:00:13,983 - He confirmed the day before his death that he had contracted the disease, having been diagnosed in 1987.
8003:123145463083008::Thread-36 2020-08-09 19:00:19,985 - **END**
