8003:123145955254272::Thread-153 2020-08-09 18:59:34,288 - **START**
8003:123145955254272::Thread-153 2020-08-09 18:59:35,050 - Starting new HTTPS connection (1): en.wikipedia.org
8003:123145955254272::Thread-153 2020-08-09 18:59:38,422 - The Walking Dead is an American post-apocalyptic horror television series for AMC based on the comic book series by Robert Kirkman, Tony Moore, and Charlie Adlard.
8003:123145955254272::Thread-153 2020-08-09 18:59:38,745 - The series features a large ensemble cast as survivors of a zombie apocalypse, trying to stay alive under near-constant threat of attacks from zombies, colloquially known as "walkers".
8003:123145955254272::Thread-153 2020-08-09 18:59:39,206 - However, with the fall of humanity, these survivors also face conflict from other living survivors who have formed groups and communities with their own sets of laws and morals, often leading to hostile conflict between the human communities.
8003:123145955254272::Thread-153 2020-08-09 18:59:39,621 - Andrew Lincoln played the series's lead character, Rick Grimes, until his departure during the ninth season.
8003:123145955254272::Thread-153 2020-08-09 18:59:40,477 - Other long-standing cast members have included Norman Reedus, Steven Yeun, Chandler Riggs, Melissa McBride, Lauren Cohan, Danai Gurira, Josh McDermitt and Christian Serratos.
8003:123145955254272::Thread-153 2020-08-09 18:59:41,456 - The series is exclusively broadcast on AMC in the United States and internationally through the Fox Networks Group.
8003:123145955254272::Thread-153 2020-08-09 18:59:41,787 - The series premiered on October 31, 2010.
8003:123145955254272::Thread-153 2020-08-09 18:59:41,950 - The tenth season premiered on October 6, 2019, and has been renewed for an eleventh season.
8003:123145955254272::Thread-153 2020-08-09 18:59:42,422 - AMC stated their intent to continue further development of the series and related media.
8003:123145955254272::Thread-153 2020-08-09 18:59:43,371 - A spinoff series Fear the Walking Dead premiered on August 23, 2015, and is renewed for a sixth season.
8003:123145955254272::Thread-153 2020-08-09 18:59:49,377 - **END**
8003:123145955254272::Thread-153 2020-08-09 18:59:54,383 - **START**
8003:123145955254272::Thread-153 2020-08-09 18:59:54,387 - Starting new HTTPS connection (1): en.wikipedia.org
8003:123145955254272::Thread-153 2020-08-09 18:59:55,708 - Germany (German: Deutschland, German pronunciation: [ˈdɔʏtʃlant]), officially the Federal Republic of Germany (German: Bundesrepublik Deutschland, listen), is a country in Central and Western Europe.
8003:123145955254272::Thread-153 2020-08-09 18:59:55,799 - Covering an area of 357,022 square kilometres (137,847 sq mi), it lies between the Baltic and North seas to the north, and the Alps to the south.
8003:123145955254272::Thread-153 2020-08-09 18:59:56,291 - It borders Denmark to the north, Poland and the Czech Republic to the east, Austria and Switzerland to the south, and France, Luxembourg, Belgium, and the Netherlands to the west.
8003:123145955254272::Thread-153 2020-08-09 18:59:57,867 - Various Germanic tribes have inhabited the northern parts of modern Germany since classical antiquity.
8003:123145955254272::Thread-153 2020-08-09 18:59:58,935 - A region named Germania was documented before AD 100.
8003:123145955254272::Thread-153 2020-08-09 19:00:00,754 - Beginning in the 10th century, German territories formed a central part of the Holy Roman Empire.
8003:123145955254272::Thread-153 2020-08-09 19:00:01,348 - During the 16th century, northern German regions became the centre of the Protestant Reformation.
8003:123145955254272::Thread-153 2020-08-09 19:00:03,221 - Following the Napoleonic Wars and the dissolution of the Holy Roman Empire in 1806, the German Confederation was formed in 1815.
8003:123145955254272::Thread-153 2020-08-09 19:00:03,698 - In 1871, Germany became a nation state when most of the German states unified into the Prussian-dominated German Empire.
8003:123145955254272::Thread-153 2020-08-09 19:00:05,564 - After World War I and the German Revolution of 1918–1919, the Empire was replaced by the semi-presidential Weimar Republic.
8003:123145955254272::Thread-153 2020-08-09 19:00:10,566 - **END**
