8003:123146056212480::Thread-177 2020-08-09 18:59:39,275 - **START**
8003:123146056212480::Thread-177 2020-08-09 18:59:40,884 - Starting new HTTPS connection (1): en.wikipedia.org
8003:123146056212480::Thread-177 2020-08-09 18:59:43,577 - Leicester City Football Club is an English professional football club based in Leicester in the East Midlands.
8003:123146056212480::Thread-177 2020-08-09 18:59:43,824 - The club competes in the Premier League, the top division of England's football league system, and plays its home matches at the King Power Stadium.The club was founded in 1884 as Leicester Fosse F.C., playing on a field near Fosse Road.
8003:123146056212480::Thread-177 2020-08-09 18:59:44,124 - They moved to Filbert Street in 1891, were elected to the Football League in 1894 and adopted the name Leicester City in 1919.
8003:123146056212480::Thread-177 2020-08-09 18:59:44,935 - They moved to the nearby Walkers Stadium in 2002, which was renamed the King Power Stadium in 2011.Leicester won the 2015–16 Premier League, their first top-level football championship.
8003:123146056212480::Thread-177 2020-08-09 18:59:45,257 - They are one of only seven clubs to have won the Premier League since its inception in 1992.
8003:123146056212480::Thread-177 2020-08-09 18:59:45,492 - A number of newspapers described Leicester's title win as the greatest sporting shock ever; multiple bookmakers had never paid out at such long odds for any sport.
8003:123146056212480::Thread-177 2020-08-09 18:59:45,570 - As a result, the team was dubbed "The Unbelievables", a spin-off harking back to Arsenal's undefeated team "The Invincibles".
8003:123146056212480::Thread-177 2020-08-09 18:59:45,899 - The club's previous highest finish was second place in the top flight, in 1928–29, then known as the First Division.
8003:123146056212480::Thread-177 2020-08-09 18:59:46,633 - Throughout their history, Leicester have spent all but one season in the top two divisions of English football.
8003:123146056212480::Thread-177 2020-08-09 18:59:46,735 - They hold a joint-highest seven second-tier titles (six Second Division and one Championship).
8003:123146056212480::Thread-177 2020-08-09 18:59:55,739 - **END**
8003:123146056212480::Thread-177 2020-08-09 19:00:08,741 - **START**
8003:123146056212480::Thread-177 2020-08-09 19:00:08,746 - Starting new HTTPS connection (1): en.wikipedia.org
8003:123146056212480::Thread-177 2020-08-09 19:00:10,162 - Aston Villa Football Club is an English professional football club based in Aston, Birmingham.
8003:123146056212480::Thread-177 2020-08-09 19:00:10,292 - The club competes in the Premier League, the top tier of the English football league system.
8003:123146056212480::Thread-177 2020-08-09 19:00:11,036 - Founded in 1874, they have played at their home ground, Villa Park, since 1897.
8003:123146056212480::Thread-177 2020-08-09 19:00:13,552 - Aston Villa were one of the founder members of the Football League in 1888 and of the Premier League in 1992.
8003:123146056212480::Thread-177 2020-08-09 19:00:14,155 - Villa are one of only five English clubs to have won the European Cup, in 1981–82.
8003:123146056212480::Thread-177 2020-08-09 19:00:15,472 - They have also won the Football League First Division seven times, the FA Cup seven times, the League Cup five times, and the European (UEFA) Super Cup once.
8003:123146056212480::Thread-177 2020-08-09 19:00:16,635 - Villa have a fierce local rivalry with Birmingham City and the Second City derby between the teams has been played since 1879.
8003:123146056212480::Thread-177 2020-08-09 19:00:18,533 - The club's traditional kit colours are claret shirts with sky blue sleeves, white shorts and sky blue socks.
8003:123146056212480::Thread-177 2020-08-09 19:00:21,183 - Their traditional club badge is of a rampant lion.
8003:123146056212480::Thread-177 2020-08-09 19:00:23,878 - The club is currently owned by the NSWE group, a company owned by the Egyptian billionaire Nassef Sawiris and the American billionaire Wes Edens.
8003:123146056212480::Thread-177 2020-08-09 19:00:28,883 - **END**
