8003:123146144550912::Thread-198 2020-08-09 18:59:33,315 - **START**
8003:123146144550912::Thread-198 2020-08-09 18:59:34,110 - Starting new HTTPS connection (1): en.wikipedia.org
8003:123146144550912::Thread-198 2020-08-09 18:59:36,201 - Mary, Queen of Scots (8 December 1542 – 8 February 1587), also known as Mary Stuart or Mary I of Scotland, reigned over Scotland from 14 December 1542 to 24 July 1567.
8003:123146144550912::Thread-198 2020-08-09 18:59:38,911 - Mary, the only surviving legitimate child of King James V of Scotland, was six days old when her father died and she acceded to the throne.
8003:123146144550912::Thread-198 2020-08-09 18:59:39,224 - She spent most of her childhood in France while Scotland was ruled by regents, and in 1558, she married the Dauphin of France, Francis.
8003:123146144550912::Thread-198 2020-08-09 18:59:41,606 - Mary was queen consort of France from his accession in 1559 until his death in December 1560.
8003:123146144550912::Thread-198 2020-08-09 18:59:44,269 - Widowed, Mary returned to Scotland, arriving in Leith on 19 August 1561.
8003:123146144550912::Thread-198 2020-08-09 18:59:45,392 - Four years later, she married her half-cousin, Henry Stuart, Lord Darnley, and in June 1566 they had a son, James.
8003:123146144550912::Thread-198 2020-08-09 18:59:46,304 - In February 1567, Darnley's residence was destroyed by an explosion, and he was found murdered in the garden.
8003:123146144550912::Thread-198 2020-08-09 18:59:49,054 - James Hepburn, 4th Earl of Bothwell, was generally believed to have orchestrated Darnley's death, but he was acquitted of the charge in April 1567, and the following month he married Mary.
8003:123146144550912::Thread-198 2020-08-09 18:59:50,660 - Following an uprising against the couple, Mary was imprisoned in Loch Leven Castle.
8003:123146144550912::Thread-198 2020-08-09 18:59:52,398 - On 24 July 1567, she was forced to abdicate in favour of her one-year-old son.
8003:123146144550912::Thread-198 2020-08-09 18:59:58,413 - **END**
8003:123146144550912::Thread-198 2020-08-09 19:00:04,419 - **START**
8003:123146144550912::Thread-198 2020-08-09 19:00:04,452 - Starting new HTTPS connection (1): en.wikipedia.org
8003:123146144550912::Thread-198 2020-08-09 19:00:06,524 - Mexico (Spanish: México [ˈmexiko] (listen); Nahuan languages: Mēxihco), officially the United Mexican States (Spanish: Estados Unidos Mexicanos; EUM  [esˈtaðos uˈniðoz mexiˈkanos] (listen)), is a country in the southern portion of North America.
8003:123146144550912::Thread-198 2020-08-09 19:00:08,033 - It is bordered to the north by the United States; to the south and west by the Pacific Ocean; to the southeast by Guatemala, Belize, and the Caribbean Sea; and to the east by the Gulf of Mexico.
8003:123146144550912::Thread-198 2020-08-09 19:00:08,576 - Mexico covers 1,972,550 square kilometers (761,610 sq mi) and has approximately 128,649,565 inhabitants, making it the world's 13th-largest country by area, 10th-most populous country, and most populous Spanish-speaking nation.
8003:123146144550912::Thread-198 2020-08-09 19:00:09,605 - It is a federation comprising 31 states and Mexico City, its capital city and largest metropolis.
8003:123146144550912::Thread-198 2020-08-09 19:00:10,599 - Other major urban areas include Guadalajara, Monterrey, Puebla, Toluca, Tijuana, Ciudad Juárez, and León.Pre-Columbian Mexico traces its origins to 8,000 BC and is identified as one of six cradles of civilization; it was home to many advanced Mesoamerican civilizations, most well-known among them the Maya and the Aztecs.
8003:123146144550912::Thread-198 2020-08-09 19:00:11,161 - In 1521, the Spanish Empire conquered and colonized the territory from its base in Mexico City, which then became known as New Spain.
8003:123146144550912::Thread-198 2020-08-09 19:00:12,239 - The Catholic Church played an important role as millions of indigenous inhabitants converted.
8003:123146144550912::Thread-198 2020-08-09 19:00:13,908 - These populations were heavily exploited to mine rich deposits of precious material, which became a major source of wealth for the Spanish.
8003:123146144550912::Thread-198 2020-08-09 19:00:14,456 - Mexico became an independent nation state after the successful Mexican War of Independence against Spain in 1821.The War of Texas Independence in 1836 and the Mexican–American War led to huge territorial losses in Mexico's sparsely populated north, contiguous to the United States.
8003:123146144550912::Thread-198 2020-08-09 19:00:15,389 - The newly instituted reforms that granted protection to indigenous communities, and curtailed the power of the military and the church, were enshrined in the Constitution of 1857.
8003:123146144550912::Thread-198 2020-08-09 19:00:15,389 - **END**
