8003:123146140344320::Thread-197 2020-08-09 18:59:39,308 - **START**
8003:123146140344320::Thread-197 2020-08-09 18:59:40,814 - Starting new HTTPS connection (1): en.wikipedia.org
8003:123146140344320::Thread-197 2020-08-09 18:59:43,119 - The Colosseum or Coliseum ( KOL-ə-SEE-əm), also known as the Flavian Amphitheatre (Latin: Amphitheatrum Flavium; Italian: Anfiteatro Flavio [aɱfiteˈaːtro ˈflaːvjo] or Colosseo [kolosˈsɛːo]), is an oval amphitheatre in the centre of the city of Rome, Italy.
8003:123146140344320::Thread-197 2020-08-09 18:59:43,826 - Built of travertine limestone, tuff (volcanic rock), and brick-faced concrete, it was the largest amphitheatre ever built at the time and held 50,000 to 80,000 spectators.
8003:123146140344320::Thread-197 2020-08-09 18:59:44,809 - The Colosseum is situated just east of the Roman Forum.
8003:123146140344320::Thread-197 2020-08-09 18:59:45,392 - Construction began under the emperor Vespasian in AD 72 and was completed in AD 80 under his successor and heir, Titus.
8003:123146140344320::Thread-197 2020-08-09 18:59:46,249 - Further modifications were made during the reign of Domitian (81–96).
8003:123146140344320::Thread-197 2020-08-09 18:59:46,937 - These three emperors are known as the Flavian dynasty, and the amphitheatre was named in Latin for its association with their family name (Flavius).
8003:123146140344320::Thread-197 2020-08-09 18:59:47,831 - The Colosseum could hold an estimated 50,000 to 80,000 spectators at various points of its history over the centuries, having an average audience of some 65,000; it was used for gladiatorial contests and public spectacles such as mock sea battles (for only a short time as the hypogeum was soon filled in with mechanisms to support the other activities), animal hunts, executions, re-enactments of famous battles, and dramas based on Roman mythology.
8003:123146140344320::Thread-197 2020-08-09 18:59:48,101 - The building ceased to be used for entertainment in the early medieval era.
8003:123146140344320::Thread-197 2020-08-09 18:59:48,934 - It was later reused for such purposes as housing, workshops, quarters for a religious order, a fortress, a quarry, and a Christian shrine.Although substantially ruined because of earthquakes and stone-robbers, the Colosseum is still an iconic symbol of Imperial Rome and is listed as one of the New7Wonders of the World.
8003:123146140344320::Thread-197 2020-08-09 18:59:49,100 - It is one of Rome's most popular tourist attractions and also has links to the Roman Catholic Church, as each Good Friday the Pope leads a torchlit "Way of the Cross" procession that starts in the area around the Colosseum.The Colosseum is also depicted on the Italian version of the five-cent euro coin.
8003:123146140344320::Thread-197 2020-08-09 18:59:51,102 - **END**
8003:123146140344320::Thread-197 2020-08-09 18:59:57,104 - **START**
8003:123146140344320::Thread-197 2020-08-09 18:59:57,130 - Starting new HTTPS connection (1): en.wikipedia.org
8003:123146140344320::Thread-197 2020-08-09 18:59:58,032 - India, officially the Republic of India (Hindi: Bhārat Gaṇarājya), is a country in South Asia.
8003:123146140344320::Thread-197 2020-08-09 18:59:58,732 - It is the second-most populous country, the seventh-largest country by area, and the most populous democracy in the world.
8003:123146140344320::Thread-197 2020-08-09 18:59:58,948 - Bounded by the Indian Ocean on the south, the Arabian Sea on the southwest, and the Bay of Bengal on the southeast, it shares land borders with Pakistan to the west; China, Nepal, and Bhutan to the north; and Bangladesh and Myanmar to the east.
8003:123146140344320::Thread-197 2020-08-09 18:59:59,948 - In the Indian Ocean, India is in the vicinity of Sri Lanka and the Maldives; its Andaman and Nicobar Islands share a maritime border with Thailand and Indonesia.
8003:123146140344320::Thread-197 2020-08-09 19:00:00,939 - Modern humans arrived on the Indian subcontinent from Africa no later than 55,000 years ago.
8003:123146140344320::Thread-197 2020-08-09 19:00:01,177 - Their long occupation, initially in varying forms of isolation as hunter-gatherers, has made the region highly diverse, second only to Africa in human genetic diversity.
8003:123146140344320::Thread-197 2020-08-09 19:00:02,105 - Settled life emerged on the subcontinent in the western margins of the Indus river basin 9,000 years ago, evolving gradually into the Indus Valley Civilisation of the third millennium BCE.
8003:123146140344320::Thread-197 2020-08-09 19:00:02,540 - By 1200 BCE, an archaic form of Sanskrit, an Indo-European language, had diffused into India from the northwest, unfolding as the language of the Rigveda, and recording the dawning of Hinduism in India.
8003:123146140344320::Thread-197 2020-08-09 19:00:02,802 - The Dravidian languages of India were supplanted in the northern regions.
8003:123146140344320::Thread-197 2020-08-09 19:00:03,676 - By 400 BCE, stratification and exclusion by caste had emerged within Hinduism,
and Buddhism and Jainism had arisen, proclaiming social orders unlinked to heredity.
8003:123146140344320::Thread-197 2020-08-09 19:00:04,251 - Early political consolidations gave rise to the loose-knit Maurya and Gupta Empires based in the Ganges Basin.
8003:123146140344320::Thread-197 2020-08-09 19:00:04,252 - **END**
