8003:123145568247808::Thread-61 2020-08-09 18:59:38,248 - **START**
8003:123145568247808::Thread-61 2020-08-09 18:59:39,393 - Starting new HTTPS connection (1): en.wikipedia.org
8003:123145568247808::Thread-61 2020-08-09 18:59:41,874 - Macau, also spelled Macao ( (listen); 澳門, Cantonese: [ōu.mǔːn]; official Portuguese: [mɐˈkaw] Macau), and officially the Macao Special Administrative Region of the People's Republic of China, is a city in the western Pearl River Delta by the South China Sea.
8003:123145568247808::Thread-61 2020-08-09 18:59:42,458 - It is a special administrative region of China and maintains separate governing and economic systems from those of mainland China.
8003:123145568247808::Thread-61 2020-08-09 18:59:42,809 - With a population of 696,100 and an area of 32.9 km2 (12.7 sq mi), it is the most densely populated region in the world.
8003:123145568247808::Thread-61 2020-08-09 18:59:44,348 - Macau was formerly a colony of the Portuguese Empire, after Ming China leased the territory as a trading post in 1557.
8003:123145568247808::Thread-61 2020-08-09 18:59:44,602 - Portugal paid an annual rent and administered the territory under Chinese sovereignty until 1887 when it gained perpetual colonial rights in the Sino-Portuguese Treaty of Peking.
8003:123145568247808::Thread-61 2020-08-09 18:59:46,382 - The colony remained under Portuguese rule until 1999, when it was transferred to China.
8003:123145568247808::Thread-61 2020-08-09 18:59:46,591 - Originally a sparsely populated collection of coastal islands, the territory has become a major resort city and the top destination for gambling tourism.
8003:123145568247808::Thread-61 2020-08-09 18:59:47,660 - Its gambling industry is seven times larger than that of Las Vegas.
8003:123145568247808::Thread-61 2020-08-09 18:59:48,418 - Although the city has one of the highest per capita incomes in the world, it has severe income inequality.
8003:123145568247808::Thread-61 2020-08-09 18:59:49,149 - Its GDP per capita by purchasing power parity is one of the highest in the world and higher than any country in the world in 2014 according to the World Bank.Macau has a very high Human Development Index, although it is only calculated by the Macau government instead of the United Nations.
8003:123145568247808::Thread-61 2020-08-09 18:59:49,150 - **END**
8003:123145568247808::Thread-61 2020-08-09 18:59:56,155 - **START**
8003:123145568247808::Thread-61 2020-08-09 18:59:56,159 - Starting new HTTPS connection (1): en.wikipedia.org
8003:123145568247808::Thread-61 2020-08-09 18:59:57,213 - Singapore ( (listen)), officially the Republic of Singapore, is a sovereign island city-state in maritime Southeast Asia.
8003:123145568247808::Thread-61 2020-08-09 18:59:57,237 - It lies about one degree of latitude (137 kilometres or 85 miles) north of the equator, off the southern tip of the Malay Peninsula, bordering the Straits of Malacca to the west, the Riau Islands to the south, and the South China Sea to the east.
8003:123145568247808::Thread-61 2020-08-09 18:59:58,112 - The country's territory is composed of one main island, 63 satellite islands and islets, and one outlying islet, the combined area of which has increased by 25% since the country's independence as a result of extensive land reclamation projects.
8003:123145568247808::Thread-61 2020-08-09 18:59:59,553 - The country is home to 5.7 million residents, 61% (3.4 million) of whom are Singaporean citizens.
8003:123145568247808::Thread-61 2020-08-09 19:00:01,082 - There are four official languages of Singapore: English, Malay, Chinese, and Tamil; with English being the lingua franca.
8003:123145568247808::Thread-61 2020-08-09 19:00:02,687 - This reflects in its rich cultural diversity and extensive ethnic cuisine and major festivals.
8003:123145568247808::Thread-61 2020-08-09 19:00:02,902 - Multiracialism is enshrined in the constitution, and continues to shape national policies in education, housing, and politics.
8003:123145568247808::Thread-61 2020-08-09 19:00:03,783 - Although its history stretches back millennia, modern Singapore was founded in 1819 by Sir Stamford Raffles as a trading post of the British Empire.
8003:123145568247808::Thread-61 2020-08-09 19:00:04,830 - In 1867, the colonies in East Asia were reorganised and Singapore came under the direct control of Britain as part of the Straits Settlements.
8003:123145568247808::Thread-61 2020-08-09 19:00:06,521 - During the Second World War, Singapore was occupied by Japan in 1942 but returned to British control as a separate crown colony following Japan's surrender in 1945.
8003:123145568247808::Thread-61 2020-08-09 19:00:11,526 - **END**
