8003:123145765957632::Thread-108 2020-08-09 18:59:36,262 - **START**
8003:123145765957632::Thread-108 2020-08-09 18:59:36,573 - Starting new HTTPS connection (1): en.wikipedia.org
8003:123145765957632::Thread-108 2020-08-09 18:59:41,803 - Pompeii (, Latin: [pɔmˈpeːjjiː]) was an ancient city located in what is now the comune of Pompei near Naples in the Campania region of Italy.
8003:123145765957632::Thread-108 2020-08-09 18:59:43,099 - Pompeii, along with Herculaneum and many villas in the surrounding area (e.g.
8003:123145765957632::Thread-108 2020-08-09 18:59:45,014 - at Boscoreale, Stabiae), was buried under 4 to 6 m (13 to 20 ft) of volcanic ash and pumice in the eruption of Mount Vesuvius in AD 79.
8003:123145765957632::Thread-108 2020-08-09 18:59:45,668 - Largely preserved under the ash, the excavated city offered a unique snapshot of Roman life, frozen at the moment it was buried, and an extraordinarily detailed insight into the everyday life of its inhabitants, although much of the evidence was lost in the early excavations.
8003:123145765957632::Thread-108 2020-08-09 18:59:46,331 - It was a wealthy town, enjoying many fine public buildings and luxurious private houses with lavish decorations, furnishings and works of art which were the main attractions for the early excavators.
8003:123145765957632::Thread-108 2020-08-09 18:59:48,764 - Organic remains, including wooden objects and human bodies, were entombed in the ash and decayed leaving
voids which archaeologists found could be used as moulds to make plaster casts of unique and often gruesome figures in their final moments of life.
8003:123145765957632::Thread-108 2020-08-09 18:59:51,048 - The numerous graffiti carved on the walls and inside rooms provide a wealth of examples of the largely lost Vulgar Latin spoken colloquially at the time, contrasting with the formal language of the classical writers.
8003:123145765957632::Thread-108 2020-08-09 18:59:52,431 - Pompeii is a UNESCO World Heritage Site and is one of the most popular tourist attractions in Italy, with approximately 2.5 million visitors annually.After many excavations prior to 1960 that had uncovered most of the city but left it in decay, further major excavations were banned and instead they were limited to targeted, prioritised areas.
8003:123145765957632::Thread-108 2020-08-09 18:59:53,009 - In 2018, these led to new discoveries in some previously unexplored areas of the city.
8003:123145765957632::Thread-108 2020-08-09 18:59:55,990 - Name
Pompeii (pronounced [pɔmˈpɛjjiː]) in Latin is a second declension plural noun (Pompeiī, -ōrum).
8003:123145765957632::Thread-108 2020-08-09 18:59:55,991 - **END**
8003:123145765957632::Thread-108 2020-08-09 19:00:05,993 - **START**
8003:123145765957632::Thread-108 2020-08-09 19:00:06,004 - Starting new HTTPS connection (1): en.wikipedia.org
8003:123145765957632::Thread-108 2020-08-09 19:00:07,065 - Stoya is an American pornographic actress, actress, model and writer.
8003:123145765957632::Thread-108 2020-08-09 19:00:07,171 - Early life
Stoya was born to a Scottish father and a Serbian mother.
8003:123145765957632::Thread-108 2020-08-09 19:00:07,204 - As a child, she wanted to become a dancer, starting dance lessons at the age of three.
8003:123145765957632::Thread-108 2020-08-09 19:00:07,291 - She was home-schooled and received her high-school diploma before the age of sixteen.
8003:123145765957632::Thread-108 2020-08-09 19:00:08,111 - Because her father worked in IT, Stoya had access to a lot of electronics and gaming equipment, which she says developed her love for technology.
8003:123145765957632::Thread-108 2020-08-09 19:00:08,467 - "I was three when I was using DOS.
8003:123145765957632::Thread-108 2020-08-09 19:00:08,886 - My mom taught me how to read, and my dad taught me how to navigate DOS", she has said.After relocating to Philadelphia, she attended a summer program at UArts.
8003:123145765957632::Thread-108 2020-08-09 19:00:08,922 - Some of her jobs in Philadelphia included being a secretary, flier distributor, and a go-go dancer.
8003:123145765957632::Thread-108 2020-08-09 19:00:09,158 - Stoya appeared in several music videos for bands that, according to her, "no one will ever hear of."
8003:123145765957632::Thread-108 2020-08-09 19:00:10,114 - In May 2009, Stoya said that she would be moving from Philadelphia and relocating to Los Angeles in the fall of that year.
8003:123145765957632::Thread-108 2020-08-09 19:00:10,732 - Career
Stoya began posing for adult pictures for a friend, which eventually led her to modelling and working for alt-erotic websites.
8003:123145765957632::Thread-108 2020-08-09 19:00:11,336 - She chose her stage name based on a shortened version of her grandmother's Serbian maiden name and trademarked the name in 2009.Stoya was featured in two DVD productions for Razordolls, and she made a non-sex, cameo appearance in two Vivid Alt titles before being contacted by Digital Playground with a proposition to perform in a hardcore lesbian scene with Sophia Santi.
8003:123145765957632::Thread-108 2020-08-09 19:00:11,337 - **END**
