8003:123145362124800::Thread-12 2020-08-09 18:59:33,217 - **START**
8003:123145362124800::Thread-12 2020-08-09 18:59:34,110 - Starting new HTTPS connection (1): en.wikipedia.org
8003:123145362124800::Thread-12 2020-08-09 18:59:36,414 - Leonardo Wilhelm DiCaprio (, Italian: [diˈkaːprjo]; born November 11, 1974) is an American actor, producer, philanthropist, and environmentalist.
8003:123145362124800::Thread-12 2020-08-09 18:59:37,293 - He has often played unconventional parts, particularly in biopics, drama, crime, romance, and period films.
8003:123145362124800::Thread-12 2020-08-09 18:59:38,149 - As of 2019, his films have grossed US$7.2 billion worldwide, and he has placed eight times in annual rankings of the highest-paid actors in the world.
8003:123145362124800::Thread-12 2020-08-09 18:59:39,060 - Born in Los Angeles, DiCaprio began his career by appearing in television commercials in the late 1980s.
8003:123145362124800::Thread-12 2020-08-09 18:59:39,718 - In the early 1990s, he played recurring roles in various television series, such as the sitcom Parenthood.
8003:123145362124800::Thread-12 2020-08-09 18:59:39,849 - He had his first major film role in This Boy's Life (1993), and received acclaim for his supporting role as a developmentally disabled boy in What's Eating Gilbert Grape (1993).
8003:123145362124800::Thread-12 2020-08-09 18:59:39,946 - He achieved international stardom in the epic romance Titanic (1997), which became the highest-grossing film to that point.
8003:123145362124800::Thread-12 2020-08-09 18:59:40,426 - After a few commercially unsuccessful films, DiCaprio starred in two successful features in 2002: the biographical crime drama Catch Me If You Can and the historical drama Gangs of New York, which marked his first of many collaborations with director Martin Scorsese.
8003:123145362124800::Thread-12 2020-08-09 18:59:40,689 - DiCaprio later portrayed Howard Hughes in The Aviator (2004) and a mercenary in the political thriller Blood Diamond (2006), and he also received acclaim for his performances in the crime drama The Departed (2006) and the romantic drama Revolutionary Road (2008).
8003:123145362124800::Thread-12 2020-08-09 18:59:41,495 - In the 2010s, he starred in the science fiction thriller Inception (2010), the western Django Unchained (2012), the biopic The Wolf of Wall Street (2013), the survival drama The Revenant (2015), and the comedy-drama Once Upon a Time in Hollywood (2019), all of which were critical and commercial successes.
8003:123145362124800::Thread-12 2020-08-09 18:59:48,498 - **END**
8003:123145362124800::Thread-12 2020-08-09 18:59:49,500 - **START**
8003:123145362124800::Thread-12 2020-08-09 18:59:49,514 - Starting new HTTPS connection (1): en.wikipedia.org
8003:123145362124800::Thread-12 2020-08-09 18:59:50,191 - The Lighthouse of Alexandria, sometimes called the Pharos of Alexandria (; Ancient Greek: ὁ Φάρος τῆς Ἀλεξανδρείας, contemporary Koine Greek pronunciation: [ho pʰá.ros teːs a.lek.sandréːaːs]), was a lighthouse built by the Ptolemaic Kingdom, during the reign of Ptolemy II Philadelphus (280–247 BC), which has been estimated to be at least 100 metres (330 ft) in overall height.
8003:123145362124800::Thread-12 2020-08-09 18:59:50,259 - One of the Seven Wonders of the Ancient World, for many centuries it was one of the tallest man-made structures in the world.
8003:123145362124800::Thread-12 2020-08-09 18:59:50,320 - The lighthouse was severely damaged by three earthquakes between AD 956 and 1323 and became an abandoned ruin.
8003:123145362124800::Thread-12 2020-08-09 18:59:52,209 - It was the third longest surviving ancient wonder (after the Mausoleum at Halicarnassus and the extant Great Pyramid of Giza), surviving in part until AD 1480, when the last of its remnant stones were used to build the Citadel of Qaitbay on the site.
8003:123145362124800::Thread-12 2020-08-09 18:59:52,284 - In 1994, French archaeologists discovered some remains of the lighthouse on the floor of Alexandria's Eastern Harbour.
8003:123145362124800::Thread-12 2020-08-09 18:59:54,086 - In 2016 the Ministry of State of Antiquities in Egypt had plans to turn submerged ruins of ancient Alexandria, including those of the Pharos, into an underwater museum.
8003:123145362124800::Thread-12 2020-08-09 18:59:55,815 - Origin

Pharos was a small island located on the western edge of the Nile Delta.
8003:123145362124800::Thread-12 2020-08-09 18:59:55,846 - In 332 BC Alexander the Great founded the city of Alexandria on an isthmus opposite Pharos.
8003:123145362124800::Thread-12 2020-08-09 18:59:56,505 - Alexandria and Pharos were later connected by a mole spanning more than 1,200 metres (0.75 miles), which was called the Heptastadion ("seven stadia"—a stadium was a Greek unit of length measuring approximately 180 m).
8003:123145362124800::Thread-12 2020-08-09 18:59:57,264 - The east side of the mole became the Great Harbour, now an open bay; on the west side lay the port of Eunostos, with its inner basin Kibotos now vastly enlarged to form the modern harbour.
8003:123145362124800::Thread-12 2020-08-09 19:00:00,268 - **END**
