8003:123146182410240::Thread-207 2020-08-09 18:59:30,312 - **START**
8003:123146182410240::Thread-207 2020-08-09 18:59:31,153 - Starting new HTTPS connection (1): en.wikipedia.org
8003:123146182410240::Thread-207 2020-08-09 18:59:33,325 - Prince George of Cambridge (George Alexander Louis; born 22 July 2013) is a member of the British royal family.
8003:123146182410240::Thread-207 2020-08-09 18:59:33,579 - He is the eldest child of Prince William, Duke of Cambridge, and Catherine, Duchess of Cambridge, and third in the line of succession to the British throne behind his grandfather Prince Charles and his father.
8003:123146182410240::Thread-207 2020-08-09 18:59:34,872 - As he is expected to become king one day, his birth was widely celebrated across the Commonwealth realms.
8003:123146182410240::Thread-207 2020-08-09 18:59:36,272 - George occasionally accompanies his parents on royal tours, and has affected business and popular culture.
8003:123146182410240::Thread-207 2020-08-09 18:59:37,733 - Birth and baptism

The Duke of Cambridge is the elder son of the Prince of Wales, who is the eldest son of Queen Elizabeth II, meaning that his first child would be third in the line of succession to the British throne.
8003:123146182410240::Thread-207 2020-08-09 18:59:39,370 - Speculation ensued during the pregnancy of the Duchess of Cambridge that the birth would boost the British national economy and provide a focus for national pride.
8003:123146182410240::Thread-207 2020-08-09 18:59:39,746 - Commemorative coins were issued by the Royal Mint, Royal Canadian Mint, and Royal Australian Mint; the first time a royal birth had been marked that way.Prince George was born in Lindo Wing of St Mary's Hospital, London, at 16:24 BST (15:24 UTC) on 22 July 2013.
8003:123146182410240::Thread-207 2020-08-09 18:59:40,440 - The customary formal bulletin announcing the royal birth was displayed on an easel outside Buckingham Palace, although in a break with tradition the news was first conveyed in a press release from palace officials.
8003:123146182410240::Thread-207 2020-08-09 18:59:41,708 - The newborn was widely hailed as a future king.
8003:123146182410240::Thread-207 2020-08-09 18:59:43,411 - 21-gun salutes signalled the birth in the capitals of Bermuda, the UK, New Zealand, and Canada; the bells of Westminster Abbey and many other churches were rung; and iconic landmarks in the Commonwealth realms were illuminated in various colours, mostly blue to signify the birth of a boy.
8003:123146182410240::Thread-207 2020-08-09 18:59:45,413 - **END**
8003:123146182410240::Thread-207 2020-08-09 18:59:54,414 - **START**
8003:123146182410240::Thread-207 2020-08-09 18:59:54,420 - Starting new HTTPS connection (1): en.wikipedia.org
8003:123146182410240::Thread-207 2020-08-09 18:59:55,664 - Marilyn Monroe (; born Norma Jeane Mortenson; June 1, 1926 – August 4, 1962) was an American actress, model, and singer.
8003:123146182410240::Thread-207 2020-08-09 18:59:56,014 - Famous for playing comedic "blonde bombshell" characters, she became one of the most popular sex symbols of the 1950s and early 1960s and was emblematic of the era's changing attitudes towards sexuality.
8003:123146182410240::Thread-207 2020-08-09 18:59:56,232 - She was a top-billed actress for only a decade, but her films grossed $200 million (equivalent to $2 billion in 2019) by the time of her death in 1962.
8003:123146182410240::Thread-207 2020-08-09 18:59:56,586 - Long after her death, she has continued to be a major icon of pop culture.Born and raised in Los Angeles, Monroe spent most of her childhood in foster homes and an orphanage and married at age 16.
8003:123146182410240::Thread-207 2020-08-09 18:59:56,651 - She was working in a factory as part of the war effort during World War II when she met a photographer from the First Motion Picture Unit and began a successful pin-up modeling career, which led to short-lived film contracts with 20th Century Fox and Columbia Pictures.
8003:123146182410240::Thread-207 2020-08-09 18:59:56,724 - After a series of minor film roles, she signed a new contract with Fox in late 1950.
8003:123146182410240::Thread-207 2020-08-09 18:59:56,767 - Over the next two years, she became a popular actress with roles in several comedies, including As Young as You Feel and Monkey Business, and in the dramas Clash by Night and Don't Bother to Knock.
8003:123146182410240::Thread-207 2020-08-09 18:59:57,120 - She faced a scandal when it was revealed that she had posed for nude photos before she became a star, but the story did not damage her career and instead resulted in increased interest in her films.
8003:123146182410240::Thread-207 2020-08-09 18:59:57,845 - By 1953, Monroe was one of the most marketable Hollywood stars; she had leading roles in the film noir Niagara, which focused on her sex appeal, and the comedies Gentlemen Prefer Blondes and How to Marry a Millionaire, which established her star image as a "dumb blonde".
8003:123146182410240::Thread-207 2020-08-09 18:59:58,032 - The same year, her nude images were used as the centerfold and on the cover of the first issue of Playboy.
8003:123146182410240::Thread-207 2020-08-09 19:00:05,038 - **END**
