8003:123146052005888::Thread-176 2020-08-09 18:59:40,274 - **START**
8003:123146052005888::Thread-176 2020-08-09 18:59:40,889 - Starting new HTTPS connection (1): en.wikipedia.org
8003:123146052005888::Thread-176 2020-08-09 18:59:43,823 - Mark Robert Michael Wahlberg (born June 5, 1971) is an American actor, producer, restaurateur and former rapper.
8003:123146052005888::Thread-176 2020-08-09 18:59:45,759 - He is also known by his former stage name Marky Mark from his career with the group Marky Mark and the Funky Bunch, with whom he released the albums Music for the People (1991) and You Gotta Believe (1992).
8003:123146052005888::Thread-176 2020-08-09 18:59:45,972 - Wahlberg transitioned from music to acting, with his screen debut in Renaissance Man (1994) and his first starring role in Fear (1996).
8003:123146052005888::Thread-176 2020-08-09 18:59:47,538 - He received critical praise for his performance as porn actor Dirk Diggler in Boogie Nights.
8003:123146052005888::Thread-176 2020-08-09 18:59:48,694 - In the early 2000s, he ventured into big budget action-oriented movies, such as The Perfect Storm (2000), Planet of the Apes (2001), and The Italian Job (2003).
8003:123146052005888::Thread-176 2020-08-09 18:59:50,547 - He was nominated for the Academy Award for Best Supporting Actor for playing a police officer in the crime drama The Departed (2006).
8003:123146052005888::Thread-176 2020-08-09 18:59:51,152 - He was nominated for the Golden Globe Award for Best Actor for the biographical sports drama The Fighter (2010), in which he starred as Micky Ward.
8003:123146052005888::Thread-176 2020-08-09 18:59:51,338 - In the 2010s, he landed successful comedy roles with The Other Guys (2010), Ted (2012), its 2015 sequel, Daddy's Home (2015), and its 2017 sequel.
8003:123146052005888::Thread-176 2020-08-09 18:59:52,737 - He also became the protagonist in the Transformers live-action film franchise (2014, 2017).
8003:123146052005888::Thread-176 2020-08-09 18:59:54,372 - He was the world's best-paid actor in 2017.
8003:123146052005888::Thread-176 2020-08-09 18:59:59,399 - **END**
8003:123146052005888::Thread-176 2020-08-09 19:00:05,408 - **START**
8003:123146052005888::Thread-176 2020-08-09 19:00:05,413 - Starting new HTTPS connection (1): en.wikipedia.org
8003:123146052005888::Thread-176 2020-08-09 19:00:07,905 - William Henry Gates III  (born October 28, 1955) is an American business magnate, software developer, investor, and philanthropist.
8003:123146052005888::Thread-176 2020-08-09 19:00:09,527 - He is best known as the co-founder of Microsoft Corporation.
8003:123146052005888::Thread-176 2020-08-09 19:00:10,204 - During his career at Microsoft, Gates held the positions of chairman, chief executive officer (CEO), president and chief software architect, while also being the largest individual shareholder until May 2014.
8003:123146052005888::Thread-176 2020-08-09 19:00:10,792 - He is one of the best-known entrepreneurs and pioneers of the microcomputer revolution of the 1970s and 1980s.
8003:123146052005888::Thread-176 2020-08-09 19:00:11,032 - Born and raised in Seattle, Washington, Gates co-founded Microsoft with childhood friend Paul Allen in 1975, in Albuquerque, New Mexico; it went on to become the world's largest personal computer software company.
8003:123146052005888::Thread-176 2020-08-09 19:00:12,184 - Gates led the company as chairman and CEO until stepping down as CEO in January 2000, but he remained chairman and became chief software architect.
8003:123146052005888::Thread-176 2020-08-09 19:00:14,417 - During the late 1990s, Gates had been criticized for his business tactics, which have been considered anti-competitive.
8003:123146052005888::Thread-176 2020-08-09 19:00:14,556 - This opinion has been upheld by numerous court rulings.
8003:123146052005888::Thread-176 2020-08-09 19:00:15,492 - In June 2006, Gates announced that he would be transitioning to a part-time role at Microsoft and full-time work at the Bill & Melinda Gates Foundation, the private charitable foundation that he and his wife, Melinda Gates, established in 2000.
8003:123146052005888::Thread-176 2020-08-09 19:00:17,624 - He gradually transferred his duties to Ray Ozzie and Craig Mundie.
8003:123146052005888::Thread-176 2020-08-09 19:00:25,628 - **END**
