8003:123145450463232::Thread-33 2020-08-09 18:59:28,234 - **START**
8003:123145450463232::Thread-33 2020-08-09 18:59:28,582 - Starting new HTTPS connection (1): en.wikipedia.org
8003:123145450463232::Thread-33 2020-08-09 18:59:33,340 - Millie Bobby Brown (born 19 February 2004) is a British actress.
8003:123145450463232::Thread-33 2020-08-09 18:59:34,952 - She rose to prominence for her role as Eleven in the Netflix science fiction horror series Stranger Things (2016–present), for which she received Primetime Emmy Award nominations for Outstanding Supporting Actress in a Drama Series.
8003:123145450463232::Thread-33 2020-08-09 18:59:36,505 - At age 13, she became one of the youngest nominees in Emmy history.
8003:123145450463232::Thread-33 2020-08-09 18:59:38,724 - Her film debut came in 2019 with the monster film Godzilla: King of the Monsters.
8003:123145450463232::Thread-33 2020-08-09 18:59:39,684 - Brown will also play the titular role in the upcoming mystery film Enola Holmes.
8003:123145450463232::Thread-33 2020-08-09 18:59:41,762 - Brown is the youngest person to be featured on the Time 100 list of the world's most influential people and is the youngest person to be appointed a UNICEF Goodwill Ambassador.
8003:123145450463232::Thread-33 2020-08-09 18:59:43,092 - Early life
Brown was born in Marbella, Málaga, Andalusia, Spain, the third of four children of British parents, Kelly and Robert Brown.
8003:123145450463232::Thread-33 2020-08-09 18:59:45,610 - The family moved to Bournemouth, Dorset when she was around four years old, then to Windermere, Florida four years later.
8003:123145450463232::Thread-33 2020-08-09 18:59:48,470 - She was born with partial hearing in one ear, gradually losing all hearing in that ear over several years.Brown divides her time between London, United Kingdom and Atlanta, Georgia.
8003:123145450463232::Thread-33 2020-08-09 18:59:51,254 - Career
In 2013, Brown made her acting debut as a guest star in the ABC fantasy drama series Once Upon a Time in Wonderland, a spin-off of Once Upon a Time, portraying the role of Young Alice.
8003:123145450463232::Thread-33 2020-08-09 18:59:59,258 - **END**
8003:123145450463232::Thread-33 2020-08-09 19:00:01,262 - **START**
8003:123145450463232::Thread-33 2020-08-09 19:00:01,268 - Starting new HTTPS connection (1): en.wikipedia.org
8003:123145450463232::Thread-33 2020-08-09 19:00:02,832 - New Zealand (Māori: Aotearoa [aɔˈtɛaɾɔa]) is an island country in the southwestern Pacific Ocean.
8003:123145450463232::Thread-33 2020-08-09 19:00:04,050 - It comprises two main landmasses—the North Island (Te Ika-a-Māui) and the South Island (Te Waipounamu)—and around 600 smaller islands, covering a total area of 268,021 square kilometres (103,500 sq mi).
8003:123145450463232::Thread-33 2020-08-09 19:00:05,048 - New Zealand is about 2,000 kilometres (1,200 mi) east of Australia across the Tasman Sea and 1,000 kilometres (600 mi) south of the islands of New Caledonia, Fiji, and Tonga.
8003:123145450463232::Thread-33 2020-08-09 19:00:06,243 - The country's varied topography and sharp mountain peaks, including the Southern Alps, owe much to tectonic uplift and volcanic eruptions.
8003:123145450463232::Thread-33 2020-08-09 19:00:07,112 - New Zealand's capital city is Wellington, and its most populous city is Auckland.
8003:123145450463232::Thread-33 2020-08-09 19:00:09,060 - Owing to their remoteness, the islands of New Zealand were the last large habitable lands to be settled by humans.
8003:123145450463232::Thread-33 2020-08-09 19:00:10,324 - Between about 1280 and 1350, Polynesians began to settle in the islands, and then developed a distinctive Māori culture.
8003:123145450463232::Thread-33 2020-08-09 19:00:10,567 - In 1642, Dutch explorer Abel Tasman became the first European to sight New Zealand.
8003:123145450463232::Thread-33 2020-08-09 19:00:11,202 - In 1840, representatives of the United Kingdom and Māori chiefs signed the Treaty of Waitangi, which declared British sovereignty over the islands.
8003:123145450463232::Thread-33 2020-08-09 19:00:13,144 - In 1841, New Zealand became a colony within the British Empire and in 1907 it became a dominion; it gained full statutory independence in 1947 and the British monarch remained the head of state.
8003:123145450463232::Thread-33 2020-08-09 19:00:17,149 - **END**
