8003:123145341091840::Thread-7 2020-08-09 18:59:30,205 - **START**
8003:123145341091840::Thread-7 2020-08-09 18:59:31,152 - Starting new HTTPS connection (1): en.wikipedia.org
8003:123145341091840::Thread-7 2020-08-09 18:59:33,210 - Rowan Blanchard (born October 14, 2001) is an American actress.
8003:123145341091840::Thread-7 2020-08-09 18:59:34,072 - She is known for her role as Riley Matthews on the Disney Channel series Girl Meets World that aired from 2014 until 2017.
8003:123145341091840::Thread-7 2020-08-09 18:59:34,660 - From 2017 until 2018, she made recurred on The Goldbergs as Jackie Geary.
8003:123145341091840::Thread-7 2020-08-09 18:59:35,000 - Life and career


Early life
Blanchard was born in Los Angeles, California, to Elizabeth and Mark Blanchard-Boulbol, who are yoga instructors.
8003:123145341091840::Thread-7 2020-08-09 18:59:35,538 - Her paternal grandfather was an immigrant from the Middle East, who had paternal Syrian ancestry and maternal Armenian ancestry, and her paternal grandmother's ancestors are from England, Denmark, and Sweden.
8003:123145341091840::Thread-7 2020-08-09 18:59:36,447 - Her paternal great grandparents had met in Aleppo, present-day Syria.
8003:123145341091840::Thread-7 2020-08-09 18:59:38,433 - She was named after a character in Anne Rice's The Witching Hour.
8003:123145341091840::Thread-7 2020-08-09 18:59:39,361 - Rowan has two younger siblings, Carmen and Shane.
8003:123145341091840::Thread-7 2020-08-09 18:59:41,318 - Career

Blanchard began acting in 2010 at the age of five, first being cast as Mona's daughter in The Back-up Plan and was in the main cast of the Disney Junior Original Series Dance-a-Lot Robot as Caitlin.
8003:123145341091840::Thread-7 2020-08-09 18:59:41,354 - In 2011, she was cast as Rebecca Wilson in Spy Kids: All the Time in the World, and as Raquel Pacheco in Little in Common.
8003:123145341091840::Thread-7 2020-08-09 18:59:43,362 - **END**
8003:123145341091840::Thread-7 2020-08-09 18:59:48,363 - **START**
8003:123145341091840::Thread-7 2020-08-09 18:59:48,367 - Starting new HTTPS connection (1): en.wikipedia.org
8003:123145341091840::Thread-7 2020-08-09 18:59:49,916 - Arsenal Football Club is a professional football club based in Islington, London, England, that plays in the Premier League, the top flight of English football.
8003:123145341091840::Thread-7 2020-08-09 18:59:50,750 - The club has won 13 League titles (including one unbeaten league title), a record 14 FA Cups, two League Cups, 15 FA Community Shields, the League Centenary Trophy, one UEFA Cup Winners' Cup and one Inter-Cities Fairs Cup.
8003:123145341091840::Thread-7 2020-08-09 18:59:51,486 - Arsenal was the first club from the South of England to join The Football League, in 1893, and they reached the First Division in 1904.
8003:123145341091840::Thread-7 2020-08-09 18:59:52,374 - Relegated only once, in 1913, they continue the longest streak in the top division, and have won the second-most top-flight matches in English football history.
8003:123145341091840::Thread-7 2020-08-09 18:59:54,072 - In the 1930s, Arsenal won five League Championships and two FA Cups, and another FA Cup and two Championships after the war.
8003:123145341091840::Thread-7 2020-08-09 18:59:54,133 - In 1970–71, they won their first League and FA Cup Double.
8003:123145341091840::Thread-7 2020-08-09 18:59:57,124 - Between 1989 and 2005, they won five League titles and five FA Cups, including two more Doubles.
8003:123145341091840::Thread-7 2020-08-09 18:59:57,500 - They completed the 20th century with the highest average league position.Herbert Chapman, who changed the fortunes of Arsenal forever, won the club its first silverware, and his legacy led the club to dominate the 1930s decade; Chapman, however, died prematurely of pneumonia in 1934.
8003:123145341091840::Thread-7 2020-08-09 18:59:59,534 - He helped introduce the WM formation, floodlights, and shirt numbers; he also added the white sleeves and brighter red to the club's jersey.
8003:123145341091840::Thread-7 2020-08-09 18:59:59,944 - Arsène Wenger was the longest-serving manager and won the most trophies.
8003:123145341091840::Thread-7 2020-08-09 18:59:59,944 - **END**
