8003:123145488322560::Thread-42 2020-08-09 18:59:27,237 - **START**
8003:123145488322560::Thread-42 2020-08-09 18:59:27,617 - Starting new HTTPS connection (1): en.wikipedia.org
8003:123145488322560::Thread-42 2020-08-09 18:59:31,150 - Lionel Andrés Messi Cuccittini (Spanish pronunciation: [ljoˈnel anˈdɾez ˈmesi] (listen); born 24 June 1987) is an Argentine professional footballer who plays as a forward and captains both Spanish club Barcelona and the Argentina national team.
8003:123145488322560::Thread-42 2020-08-09 18:59:31,803 - Often considered the best player in the world and widely regarded as one of the greatest players of all time, Messi has won a record six Ballon d'Or awards, and a record six European Golden Shoes.
8003:123145488322560::Thread-42 2020-08-09 18:59:33,613 - He has spent his entire professional career with Barcelona, where he has won a club-record 33 trophies, including ten La Liga titles, four UEFA Champions League titles and six Copas del Rey.
8003:123145488322560::Thread-42 2020-08-09 18:59:34,653 - A prolific goalscorer and creative playmaker, Messi holds the records for most goals in La Liga (444), a La Liga and European league season (50), most hat-tricks in La Liga (36) and the UEFA Champions League (8), and most assists in La Liga (183), a La Liga and European league season (21) and the Copa América (12).
8003:123145488322560::Thread-42 2020-08-09 18:59:35,748 - He has scored over 700 senior career goals for club and country.
8003:123145488322560::Thread-42 2020-08-09 18:59:36,852 - Born and raised in central Argentina, Messi relocated to Spain to join Barcelona at age 13, for whom he made his competitive debut aged 17 in October 2004.
8003:123145488322560::Thread-42 2020-08-09 18:59:38,522 - He established himself as an integral player for the club within the next three years, and in his first uninterrupted season in 2008–09 he helped Barcelona achieve the first treble in Spanish football; that year, aged 22, Messi won his first Ballon d'Or.
8003:123145488322560::Thread-42 2020-08-09 18:59:38,649 - Three successful seasons followed, with Messi winning four consecutive Ballons d'Or, making him the first player to win the award four times and in a row.
8003:123145488322560::Thread-42 2020-08-09 18:59:38,846 - During the 2011–12 season, he set the La Liga and European records for most goals scored in a single season, while establishing himself as Barcelona's all-time top scorer.
8003:123145488322560::Thread-42 2020-08-09 18:59:40,747 - The following two seasons, Messi finished second for the Ballon d'Or behind Cristiano Ronaldo (his perceived career rival), before regaining his best form during the 2014–15 campaign, becoming the all-time top scorer in La Liga and leading Barcelona to a historic second treble, after which he was awarded a fifth Ballon d'Or in 2015.
8003:123145488322560::Thread-42 2020-08-09 18:59:42,809 - **END**
8003:123145488322560::Thread-42 2020-08-09 18:59:57,901 - **START**
8003:123145488322560::Thread-42 2020-08-09 18:59:57,949 - Starting new HTTPS connection (1): en.wikipedia.org
8003:123145488322560::Thread-42 2020-08-09 19:00:00,340 - England is a country that is part of the United Kingdom.
8003:123145488322560::Thread-42 2020-08-09 19:00:01,832 - It shares land borders with Wales to its west and Scotland to its north.
8003:123145488322560::Thread-42 2020-08-09 19:00:02,778 - The Irish Sea lies northwest of England and the Celtic Sea to the southwest.
8003:123145488322560::Thread-42 2020-08-09 19:00:05,199 - England is separated from continental Europe by the North Sea to the east and the English Channel to the south.
8003:123145488322560::Thread-42 2020-08-09 19:00:05,974 - The country covers five-eighths of the island of Great Britain, which lies in the North Atlantic, and includes over 100 smaller islands, such as the Isles of Scilly and the Isle of Wight.
8003:123145488322560::Thread-42 2020-08-09 19:00:07,239 - It is the largest country of the British Isles.
8003:123145488322560::Thread-42 2020-08-09 19:00:09,432 - The area now called England was first inhabited by modern humans during the Upper Palaeolithic period, but takes its name from the Angles, a Germanic tribe deriving its name from the Anglia peninsula, who settled during the 5th and 6th centuries.
8003:123145488322560::Thread-42 2020-08-09 19:00:09,437 - England became a unified state in the 10th century, and since the Age of Discovery, which began during the 15th century, has had a significant cultural and legal impact on the wider world.
8003:123145488322560::Thread-42 2020-08-09 19:00:09,544 - The English language, the Anglican Church, and English law – the basis for the common law legal systems of many other countries around the world – developed in England, and the country's parliamentary system of government has been widely adopted by other nations.
8003:123145488322560::Thread-42 2020-08-09 19:00:09,971 - The Industrial Revolution began in 18th-century England, transforming its society into the world's first industrialised nation.England's terrain is chiefly low hills and plains, especially in central and southern England.
8003:123145488322560::Thread-42 2020-08-09 19:00:17,975 - **END**
