8003:123145820643328::Thread-121 2020-08-09 18:59:28,272 - **START**
8003:123145820643328::Thread-121 2020-08-09 18:59:28,455 - Starting new HTTPS connection (1): en.wikipedia.org
8003:123145820643328::Thread-121 2020-08-09 18:59:31,202 - The Italy national football team (Italian: Nazionale di calcio dell'Italia) has officially represented Italy in international football since their first match in 1910.
8003:123145820643328::Thread-121 2020-08-09 18:59:32,148 - The squad is under the global jurisdiction of FIFA and is governed in Europe by UEFA—the latter of which was co-founded by the Italian team's supervising body, the Italian Football Federation (FIGC).
8003:123145820643328::Thread-121 2020-08-09 18:59:32,415 - Italy's home matches are played at various stadiums throughout Italy, and their primary training ground, Centro Tecnico Federale di Coverciano, is located at the FIGC technical headquarters in Coverciano, Florence.
8003:123145820643328::Thread-121 2020-08-09 18:59:33,234 - Italy is one of the most successful national teams in the history of the World Cup, having won four titles (1934, 1938, 1982, 2006) and appearing in two other finals (1970, 1994), reaching a third place (1990) and a fourth place (1978).
8003:123145820643328::Thread-121 2020-08-09 18:59:33,986 - In 1938, they became the first team to defend their World Cup title, and due to the outbreak of World War II, retained the title for a further 12 years.
8003:123145820643328::Thread-121 2020-08-09 18:59:34,843 - Italy had also previously won two Central European International Cups (1927–30, 1933–35).
8003:123145820643328::Thread-121 2020-08-09 18:59:35,605 - Between its first two World Cup victories, Italy won the Olympic football tournament (1936).
8003:123145820643328::Thread-121 2020-08-09 18:59:35,928 - After the majority of the team was killed in a plane crash in 1949, the team did not advance past the group stage of the following two World Cup tournaments, and also failed to qualify for the 1958 edition—failure to qualify for the World Cup would not happen again until the 2018 edition.
8003:123145820643328::Thread-121 2020-08-09 18:59:36,558 - Italy returned to form by 1968, winning a European Championship (1968), and after a period of alternating unsuccessful qualification rounds in Europe, later appeared in two other finals (2000, 2012).
8003:123145820643328::Thread-121 2020-08-09 18:59:38,304 - Italy's highest finish at the FIFA Confederations Cup was in 2013, where the squad achieved a third-place finish.
8003:123145820643328::Thread-121 2020-08-09 18:59:41,305 - **END**
8003:123145820643328::Thread-121 2020-08-09 18:59:50,306 - **START**
8003:123145820643328::Thread-121 2020-08-09 18:59:50,311 - Starting new HTTPS connection (1): en.wikipedia.org
8003:123145820643328::Thread-121 2020-08-09 18:59:51,100 - The Palace of Versailles ( vair-SY, vur-SY; French: Château de Versailles [ʃɑto d(ə) vɛʁsɑj] (listen)) was the principal royal residence of France from 1682, under Louis XIV, until the start of the French Revolution in 1789, under Louis XVI.
8003:123145820643328::Thread-121 2020-08-09 18:59:51,944 - It is located in the department of Yvelines, in the region of Île-de-France, about 20 kilometres (12 miles) southwest of the centre of Paris.A simple hunting lodging and later a small château with a moat occupied the site until 1661, when the first work expanding the château into a palace was carried out for Louis XIV.
8003:123145820643328::Thread-121 2020-08-09 18:59:52,159 - In 1682, when the palace had become large enough, the king moved the entire royal court and the French government to Versailles.
8003:123145820643328::Thread-121 2020-08-09 18:59:52,416 - Some of the palace furniture at this time was constructed of solid silver, but in 1689 much of it was melted down to pay for the cost of war.
8003:123145820643328::Thread-121 2020-08-09 18:59:52,568 - Subsequent rulers mostly carried out interior remodeling, to meet the demands of changing taste, although Louis XV did install an opera house at the north end of the north wing for the wedding of the Dauphin and Marie Antoinette in 1770.
8003:123145820643328::Thread-121 2020-08-09 18:59:53,011 - The palace has also been a site of historical importance.
8003:123145820643328::Thread-121 2020-08-09 18:59:53,615 - The Peace of Paris (1783) was signed at Versailles, the Proclamation of the German Empire occurred in the vaunted Hall of Mirrors, and World War I was ended in the palace with the Treaty of Versailles, among many other events.
8003:123145820643328::Thread-121 2020-08-09 18:59:53,832 - The palace is now a historical monument and UNESCO World Heritage site, notable especially for the ceremonial Hall of Mirrors, the jewel-like Royal Opera, and the royal apartments; for the more intimate royal residences, the Grand Trianon and Petit Trianon located within the park; the small rustic Hameau (Hamlet) created for Marie Antoinette; and the vast Gardens of Versailles with fountains, canals, and geometric flower beds and groves, laid out by André le Nôtre.
8003:123145820643328::Thread-121 2020-08-09 18:59:54,210 - The Palace was stripped of all its furnishings after the French Revolution, but many pieces have been returned and many of the palace rooms have been restored.
8003:123145820643328::Thread-121 2020-08-09 18:59:54,632 - In 2017 the Palace of Versailles received 7,700,000 visitors, making it the second-most visited monument in the Île-de-France region, just behind the Louvre and ahead of the Eiffel Tower.
8003:123145820643328::Thread-121 2020-08-09 18:59:55,072 - History


The hunting lodge and château of Louis XIII

The site of the Palace was first occupied by a small village and church, surrounded by forests filled with abundant game.
8003:123145820643328::Thread-121 2020-08-09 18:59:55,805 - It was owned by the Gondi family and the priory of Saint Julian.
8003:123145820643328::Thread-121 2020-08-09 18:59:59,806 - **END**
