8003:123145416810496::Thread-25 2020-08-09 18:59:27,223 - **START**
8003:123145416810496::Thread-25 2020-08-09 18:59:27,231 - Starting new HTTPS connection (1): en.wikipedia.org
8003:123145416810496::Thread-25 2020-08-09 18:59:29,440 - The Parthenon (; Ancient Greek: Παρθενών; Greek: Παρθενώνας, Parthenónas, [parθeˈnonas]) is a former temple on the Athenian Acropolis, Greece, dedicated to the goddess Athena, whom the people of Athens considered their patron.
8003:123145416810496::Thread-25 2020-08-09 18:59:30,286 - Construction began in 447 BC when the Athenian Empire was at the peak of its power.
8003:123145416810496::Thread-25 2020-08-09 18:59:32,912 - It was completed in 438 BC, although decoration of the building continued until 432 BC.
8003:123145416810496::Thread-25 2020-08-09 18:59:35,870 - It is the most important surviving building of Classical Greece, generally considered the zenith of the Doric order.
8003:123145416810496::Thread-25 2020-08-09 18:59:38,202 - Its decorative sculptures are considered some of the high points of Greek art.
8003:123145416810496::Thread-25 2020-08-09 18:59:40,896 - The Parthenon is regarded as an enduring symbol of Ancient Greece, Athenian democracy and Western civilization, and one of the world's greatest cultural monuments.
8003:123145416810496::Thread-25 2020-08-09 18:59:41,922 - To the Athenians who built it, the Parthenon and other Periclean monuments of the Acropolis were seen fundamentally as a celebration of Hellenic victory over the Persian invaders and as a thanksgiving to the gods for that victory.The Parthenon itself replaced an older temple of Athena, which historians call the Pre-Parthenon or Older Parthenon, that was destroyed in the Persian invasion of 480 BC.
8003:123145416810496::Thread-25 2020-08-09 18:59:43,266 - Like most Greek temples, the Parthenon served a practical purpose as the city treasury.
8003:123145416810496::Thread-25 2020-08-09 18:59:45,715 - For a time, it served as the treasury of the Delian League, which later became the Athenian Empire.
8003:123145416810496::Thread-25 2020-08-09 18:59:47,721 - In the final decade of the 6th century AD, the Parthenon was converted into a Christian church dedicated to the Virgin Mary.
8003:123145416810496::Thread-25 2020-08-09 18:59:50,491 - After the Ottoman conquest, it was turned into a mosque in the early 1460s.
8003:123145416810496::Thread-25 2020-08-09 18:59:51,281 - On 26 September 1687, an Ottoman ammunition dump inside the building was ignited by Venetian bombardment during a siege of the Acropolis.
8003:123145416810496::Thread-25 2020-08-09 18:59:56,286 - **END**
8003:123145416810496::Thread-25 2020-08-09 19:00:13,290 - **START**
8003:123145416810496::Thread-25 2020-08-09 19:00:13,295 - Starting new HTTPS connection (1): en.wikipedia.org
8003:123145416810496::Thread-25 2020-08-09 19:00:14,767 - The Golden Gate Bridge is a suspension bridge spanning the Golden Gate, the one-mile-wide (1.6 km) strait connecting San Francisco Bay and the Pacific Ocean.
8003:123145416810496::Thread-25 2020-08-09 19:00:15,309 - The structure links the U.S. city of San Francisco, California—the northern tip of the San Francisco Peninsula—to Marin County, carrying both U.S. Route 101 and California State Route 1 across the strait.
8003:123145416810496::Thread-25 2020-08-09 19:00:16,156 - The bridge is one of the most internationally recognized symbols of San Francisco and California.
8003:123145416810496::Thread-25 2020-08-09 19:00:16,669 - It was initially designed by engineer Joseph Strauss in 1917.
8003:123145416810496::Thread-25 2020-08-09 19:00:17,300 - It has been declared one of the Wonders of the Modern World by the American Society of Civil Engineers.The Frommer's travel guide describes the Golden Gate Bridge as "possibly the most beautiful, certainly the most photographed, bridge in the world."
8003:123145416810496::Thread-25 2020-08-09 19:00:17,675 - At the time of its opening in 1937, it was both the longest and the tallest suspension bridge in the world, with a main span of 4,200 feet (1,280 m) and a total height of 746 feet (227 m).
8003:123145416810496::Thread-25 2020-08-09 19:00:17,760 - History


Ferry service

Before the bridge was built, the only practical short route between San Francisco and what is now Marin County was by boat across a section of San Francisco Bay.
8003:123145416810496::Thread-25 2020-08-09 19:00:18,074 - A ferry service began as early as 1820, with a regularly scheduled service beginning in the 1840s for the purpose of transporting water to San Francisco.The Sausalito Land and Ferry Company service, launched in 1867, eventually became the Golden Gate Ferry Company, a Southern Pacific Railroad subsidiary, the largest ferry operation in the world by the late 1920s.
8003:123145416810496::Thread-25 2020-08-09 19:00:18,624 - Once for railroad passengers and customers only, Southern Pacific's automobile ferries became very profitable and important to the regional economy.
8003:123145416810496::Thread-25 2020-08-09 19:00:19,474 - The ferry crossing between the Hyde Street Pier in San Francisco and Sausalito Ferry Terminal in Marin County took approximately 20 minutes and cost $1.00 per vehicle, a price later reduced to compete with the new bridge.
8003:123145416810496::Thread-25 2020-08-09 19:00:20,015 - The trip from the San Francisco Ferry Building took 27 minutes.
8003:123145416810496::Thread-25 2020-08-09 19:00:24,020 - **END**
