8003:123146308608000::Thread-237 2020-08-09 18:59:37,352 - **START**
8003:123146308608000::Thread-237 2020-08-09 18:59:37,509 - Starting new HTTPS connection (1): en.wikipedia.org
8003:123146308608000::Thread-237 2020-08-09 18:59:41,371 - The Bee Gees
were a music group formed in 1958.
8003:123146308608000::Thread-237 2020-08-09 18:59:41,857 - Their lineup consisted of brothers Barry, Robin, and Maurice Gibb.
8003:123146308608000::Thread-237 2020-08-09 18:59:42,066 - The trio were especially successful as a popular music act in the late 1960s and early 1970s, and later as prominent performers of the disco music era in the mid-to-late 1970s.
8003:123146308608000::Thread-237 2020-08-09 18:59:42,540 - The group sang recognisable three-part tight harmonies; Robin's clear vibrato lead vocals were a hallmark of their earlier hits, while Barry's R&B falsetto became their signature sound during the mid-to-late 1970s and 1980s.
8003:123146308608000::Thread-237 2020-08-09 18:59:42,807 - The Bee Gees wrote all of their own hits, as well as writing and producing several major hits for other artists.
8003:123146308608000::Thread-237 2020-08-09 18:59:43,157 - The Bee Gees are widely referred to by many critics, media outlets and fellow artists as the "Kings of Disco".Born on the Isle of Man to English parents, the Gibb brothers lived in Chorlton, Manchester, England until the late 1950s.
8003:123146308608000::Thread-237 2020-08-09 18:59:43,759 - There, in 1955, they formed the skiffle/rock and roll group the Rattlesnakes.
8003:123146308608000::Thread-237 2020-08-09 18:59:43,917 - The family then moved to Redcliffe, in the Moreton Bay Region, Queensland, Australia, and then to Cribb Island.
8003:123146308608000::Thread-237 2020-08-09 18:59:44,083 - After achieving their first chart success in Australia as the Bee Gees with "Spicks and Specks" (their 12th single), they returned to the UK in January 1967, when producer Robert Stigwood began promoting them to a worldwide audience.
8003:123146308608000::Thread-237 2020-08-09 18:59:44,165 - The Bee Gees' Saturday Night Fever soundtrack (1978) would be the turning point of their career, with both the film and soundtrack having a cultural impact throughout the world, enhancing the disco scene's mainstream appeal.
8003:123146308608000::Thread-237 2020-08-09 18:59:48,167 - **END**
8003:123146308608000::Thread-237 2020-08-09 18:59:55,174 - **START**
8003:123146308608000::Thread-237 2020-08-09 18:59:55,186 - Starting new HTTPS connection (1): en.wikipedia.org
8003:123146308608000::Thread-237 2020-08-09 18:59:56,822 - Joelle Joanie "JoJo" Siwa (born May 19, 2003) is an American dancer, singer, actress, and YouTube personality.
8003:123146308608000::Thread-237 2020-08-09 18:59:59,572 - She is known for appearing for two seasons on Dance Moms along with her mother, Jessalynn Siwa, and for her singles "Boomerang" and "Kid in a Candy Store".
8003:123146308608000::Thread-237 2020-08-09 19:00:00,348 - Siwa posts daily videos of her day-to-day life on her YouTube channels, "JoJo Siwa TV" and "It's JoJo Siwa".
8003:123146308608000::Thread-237 2020-08-09 19:00:01,499 - Her fans are called Siwanatorz.
8003:123146308608000::Thread-237 2020-08-09 19:00:03,305 - Early life and career

Joelle Joanie Siwa was born in Omaha, Nebraska on May 19, 2003 to Jessalynn Siwa (née Lombardi), a professional dance instructor from Iowa, and Dr. Tom Siwa, a chiropractor from Nebraska.
8003:123146308608000::Thread-237 2020-08-09 19:00:03,937 - She has one sibling, an older brother named Jayden Siwa who is also a vlogger.Siwa started her career as a top-5 finalist and the youngest contestant on the second season of Abby's Ultimate Dance Competition, produced by Abby Lee Miller of Dance Moms fame.
8003:123146308608000::Thread-237 2020-08-09 19:00:04,682 - She appeared on the show with her mother and was eliminated in week 9.
8003:123146308608000::Thread-237 2020-08-09 19:00:07,566 - Siwa soon began to began appear on Dance Moms, beginning with auditioning for Miller's "ALDC" dance competition team in 2014 and being selected for the team in early 2015.In May 2016, Siwa released "Boomerang" for digital download and a previous single, "I Can Make U Dance".
8003:123146308608000::Thread-237 2020-08-09 19:00:08,087 - "Boomerang" addresses the subject of online bullying.
8003:123146308608000::Thread-237 2020-08-09 19:00:15,091 - **END**
