8003:123146354880512::Thread-248 2020-08-09 18:59:27,354 - **START**
8003:123146354880512::Thread-248 2020-08-09 18:59:27,614 - Starting new HTTPS connection (1): en.wikipedia.org
8003:123146354880512::Thread-248 2020-08-09 18:59:31,272 - 7 World Trade Center (7 WTC) refers to two buildings that have existed at the same location within the World Trade Center site in Lower Manhattan, New York City.
8003:123146354880512::Thread-248 2020-08-09 18:59:31,721 - The original structure, part of the original World Trade Center, was completed in 1987 and was destroyed in the September 11 attacks in 2001.
8003:123146354880512::Thread-248 2020-08-09 18:59:33,047 - The current structure opened in May 2006.
8003:123146354880512::Thread-248 2020-08-09 18:59:34,501 - Both buildings were developed by Larry Silverstein, who holds a ground lease for the site from the Port Authority of New York and New Jersey.
8003:123146354880512::Thread-248 2020-08-09 18:59:35,378 - The original 7 World Trade Center was 47 stories tall, clad in red granite masonry, and occupied a trapezoidal footprint.
8003:123146354880512::Thread-248 2020-08-09 18:59:35,748 - An elevated walkway spanning Vesey Street connected the building to the World Trade Center plaza.
8003:123146354880512::Thread-248 2020-08-09 18:59:36,242 - The building was situated above a Consolidated Edison power substation, which imposed unique structural design constraints.
8003:123146354880512::Thread-248 2020-08-09 18:59:36,633 - When the building opened in 1987, Silverstein had difficulties attracting tenants.
8003:123146354880512::Thread-248 2020-08-09 18:59:39,418 - Salomon Brothers signed a long-term lease in 1988 and became the main tenant of 7 WTC.
8003:123146354880512::Thread-248 2020-08-09 18:59:41,625 - On September 11, 2001, the structure was substantially damaged by debris when the nearby North Tower of the World Trade Center collapsed.
8003:123146354880512::Thread-248 2020-08-09 18:59:42,807 - The debris ignited fires on multiple lower floors of the building, which continued to burn uncontrolled throughout the afternoon.
8003:123146354880512::Thread-248 2020-08-09 18:59:48,891 - **END**
8003:123146354880512::Thread-248 2020-08-09 18:59:59,898 - **START**
8003:123146354880512::Thread-248 2020-08-09 19:00:00,197 - Starting new HTTPS connection (1): en.wikipedia.org
8003:123146354880512::Thread-248 2020-08-09 19:00:01,984 - Films generate income from several revenue streams, including theatrical exhibition, home video, television broadcast rights, and merchandising.
8003:123146354880512::Thread-248 2020-08-09 19:00:02,242 - However, theatrical box office earnings are the primary metric for trade publications in assessing the success of a film, mostly because of the availability of the data compared to sales figures for home video and broadcast rights, but also because of historical practice.
8003:123146354880512::Thread-248 2020-08-09 19:00:03,013 - Included on the list are charts of the top box office earners (ranked by both the nominal and real value of their revenue), a chart of high-grossing films by calendar year, a timeline showing the transition of the highest-grossing film record, and a chart of the highest-grossing film franchises and series.
8003:123146354880512::Thread-248 2020-08-09 19:00:03,486 - All charts are ranked by international theatrical box office performance where possible, excluding income derived from home video, broadcasting rights, and merchandise.
8003:123146354880512::Thread-248 2020-08-09 19:00:04,450 - Traditionally, war films, musicals, and historical dramas have been the most popular genres, but franchise films have been among the best performers in the 21st century.
8003:123146354880512::Thread-248 2020-08-09 19:00:04,632 - There is strong interest in the superhero genre, with nine films in the Marvel Cinematic Universe featuring among the nominal top-earners.
8003:123146354880512::Thread-248 2020-08-09 19:00:05,036 - The most successful superhero film, Avengers: Endgame, is also the highest-grossing film overall on the nominal earnings chart, and there are four films in total based on the Avengers comic books charting in the top twenty.
8003:123146354880512::Thread-248 2020-08-09 19:00:06,011 - Other Marvel Comics adaptations have also had success with the Spider-Man and X-Men properties, while films based on Batman and Superman from DC Comics have generally performed well.
8003:123146354880512::Thread-248 2020-08-09 19:00:06,170 - Star Wars is also represented in the nominal earnings chart with five films, while the Harry Potter, Jurassic Park and Pirates of the Caribbean franchises feature prominently.
8003:123146354880512::Thread-248 2020-08-09 19:00:06,186 - Avatar, in second place on the nominal chart, is the highest-grossing film that is not a sequel or an adaptation of a pre-existing property.
8003:123146354880512::Thread-248 2020-08-09 19:00:08,191 - **END**
