8003:123145332678656::Thread-5 2020-08-09 18:59:30,216 - **START**
8003:123145332678656::Thread-5 2020-08-09 18:59:31,150 - Starting new HTTPS connection (1): en.wikipedia.org
8003:123145332678656::Thread-5 2020-08-09 18:59:32,929 - John F. Kennedy International Airport (IATA: JFK, ICAO: KJFK, FAA LID: JFK) (colloquially referred to as JFK Airport) is an international airport in Queens, New York, USA.
8003:123145332678656::Thread-5 2020-08-09 18:59:34,675 - It is the primary international airport serving New York City.
8003:123145332678656::Thread-5 2020-08-09 18:59:37,111 - The airport is the busiest international air passenger gateway into North America, the 21st-busiest airport in the world, the sixth-busiest airport in the United States, and the busiest airport in the New York airport system, having handled over 62.5 million passengers in 2019.
8003:123145332678656::Thread-5 2020-08-09 18:59:37,192 - More than ninety airlines operate from the airport, with nonstop or direct flights to destinations in all six inhabited continents.JFK is located in the Jamaica neighborhood of Queens in New York, 16 miles (26 km) southeast of Midtown Manhattan.
8003:123145332678656::Thread-5 2020-08-09 18:59:37,872 - The airport features six passenger terminals and four runways.
8003:123145332678656::Thread-5 2020-08-09 18:59:40,148 - JFK is one of only three airports in the United States, with Chicago-O'Hare and Los Angeles International, that is used as hub for more than one of the three U.S. mainline carriers.
8003:123145332678656::Thread-5 2020-08-09 18:59:42,111 - JFK is a hub for both American Airlines and Delta Air Lines, and it is the primary operating base for JetBlue.
8003:123145332678656::Thread-5 2020-08-09 18:59:43,759 - JFK was also formerly a hub for Pan Am, TWA, Eastern, National, and Tower Air.
8003:123145332678656::Thread-5 2020-08-09 18:59:46,631 - The facility opened in 1948 as New York International Airport and was commonly known as Idlewild Airport.
8003:123145332678656::Thread-5 2020-08-09 18:59:47,069 - Following John F. Kennedy's assassination in 1963, the airport was renamed John F. Kennedy International Airport as a tribute to the 35th President.
8003:123145332678656::Thread-5 2020-08-09 18:59:50,050 - History


Construction
John F. Kennedy International Airport was originally called Idlewild Airport (IATA: IDL, ICAO: KIDL, FAA LID: IDL) after the Idlewild Beach Golf Course that it displaced.
8003:123145332678656::Thread-5 2020-08-09 18:59:55,052 - **END**
8003:123145332678656::Thread-5 2020-08-09 19:00:01,056 - **START**
8003:123145332678656::Thread-5 2020-08-09 19:00:01,081 - Starting new HTTPS connection (1): en.wikipedia.org
8003:123145332678656::Thread-5 2020-08-09 19:00:03,282 - Beijing Capital International Airport (IATA: PEK, ICAO: ZBAA) is the main international airport serving Beijing.
8003:123145332678656::Thread-5 2020-08-09 19:00:04,718 - It is located 32 km (20 mi) northeast of Beijing's city center, in an enclave of Chaoyang District and the surroundings of that enclave in suburban Shunyi District.
8003:123145332678656::Thread-5 2020-08-09 19:00:06,314 - The airport is owned and operated by the Beijing Capital International Airport Company Limited, a state-controlled company.
8003:123145332678656::Thread-5 2020-08-09 19:00:08,175 - The airport's IATA Airport code, PEK, is based on the city's former romanized name, Peking.
8003:123145332678656::Thread-5 2020-08-09 19:00:08,646 - Beijing Capital has rapidly ascended in rankings of the world's busiest airports in the past decade.
8003:123145332678656::Thread-5 2020-08-09 19:00:09,507 - It had become the busiest airport in Asia in terms of passenger traffic and total traffic movements by 2009.
8003:123145332678656::Thread-5 2020-08-09 19:00:10,935 - It has been the world's second busiest airport in terms of passenger traffic since 2010.
8003:123145332678656::Thread-5 2020-08-09 19:00:12,252 - The airport registered 557,167 aircraft movements (take-offs and landings), ranking 6th in the world in 2012.
8003:123145332678656::Thread-5 2020-08-09 19:00:12,682 - In terms of cargo traffic, Beijing airport has also witnessed rapid growth.
8003:123145332678656::Thread-5 2020-08-09 19:00:14,092 - By 2012, the airport had become the 13th busiest airport in the world by cargo traffic, registering 1,787,027 tons.From September 2019, all Oneworld & SkyTeam flights from Beijing Capital International Airport were transferred to the new Beijing Daxing International Airport except Cathay Pacific and Cathay Dragon.
8003:123145332678656::Thread-5 2020-08-09 19:00:20,095 - **END**
