8003:123145614520320::Thread-72 2020-08-09 18:59:33,248 - **START**
8003:123145614520320::Thread-72 2020-08-09 18:59:34,107 - Starting new HTTPS connection (1): en.wikipedia.org
8003:123145614520320::Thread-72 2020-08-09 18:59:37,805 - Beijing Capital International Airport (IATA: PEK, ICAO: ZBAA) is the main international airport serving Beijing.
8003:123145614520320::Thread-72 2020-08-09 18:59:38,848 - It is located 32 km (20 mi) northeast of Beijing's city center, in an enclave of Chaoyang District and the surroundings of that enclave in suburban Shunyi District.
8003:123145614520320::Thread-72 2020-08-09 18:59:39,303 - The airport is owned and operated by the Beijing Capital International Airport Company Limited, a state-controlled company.
8003:123145614520320::Thread-72 2020-08-09 18:59:40,270 - The airport's IATA Airport code, PEK, is based on the city's former romanized name, Peking.
8003:123145614520320::Thread-72 2020-08-09 18:59:41,676 - Beijing Capital has rapidly ascended in rankings of the world's busiest airports in the past decade.
8003:123145614520320::Thread-72 2020-08-09 18:59:43,031 - It had become the busiest airport in Asia in terms of passenger traffic and total traffic movements by 2009.
8003:123145614520320::Thread-72 2020-08-09 18:59:43,855 - It has been the world's second busiest airport in terms of passenger traffic since 2010.
8003:123145614520320::Thread-72 2020-08-09 18:59:45,605 - The airport registered 557,167 aircraft movements (take-offs and landings), ranking 6th in the world in 2012.
8003:123145614520320::Thread-72 2020-08-09 18:59:46,836 - In terms of cargo traffic, Beijing airport has also witnessed rapid growth.
8003:123145614520320::Thread-72 2020-08-09 18:59:48,682 - By 2012, the airport had become the 13th busiest airport in the world by cargo traffic, registering 1,787,027 tons.From September 2019, all Oneworld & SkyTeam flights from Beijing Capital International Airport were transferred to the new Beijing Daxing International Airport except Cathay Pacific and Cathay Dragon.
8003:123145614520320::Thread-72 2020-08-09 18:59:50,684 - **END**
8003:123145614520320::Thread-72 2020-08-09 18:59:51,845 - **START**
8003:123145614520320::Thread-72 2020-08-09 18:59:51,867 - Starting new HTTPS connection (1): en.wikipedia.org
8003:123145614520320::Thread-72 2020-08-09 18:59:54,268 - Eldrick Tont "Tiger" Woods (born December 30, 1975) is an American professional golfer.
8003:123145614520320::Thread-72 2020-08-09 18:59:55,421 - He is tied for first in PGA Tour wins and ranks second in men's major championships and also holds numerous golf records.
8003:123145614520320::Thread-72 2020-08-09 18:59:57,495 - Woods is widely regarded as one of the greatest golfers, and one of the most famous athletes of all time.
8003:123145614520320::Thread-72 2020-08-09 18:59:59,283 - He will be inducted into the World Golf Hall of Fame in 2021.Following an outstanding junior, college, and amateur golf career, Woods turned professional in 1996 at the age of 20.
8003:123145614520320::Thread-72 2020-08-09 19:00:00,687 - By the end of April 1997, he had won three PGA Tour events in addition to his first major, the 1997 Masters, which he won by 12 strokes in a record-breaking performance.
8003:123145614520320::Thread-72 2020-08-09 19:00:00,969 - He reached number one in the world rankings for the first time in June 1997, less than a year after turning pro.
8003:123145614520320::Thread-72 2020-08-09 19:00:01,718 - Throughout the first decade of the 21st century, Woods was the dominant force in golf.
8003:123145614520320::Thread-72 2020-08-09 19:00:04,610 - He was the top-ranked golfer in the world from August 1999 to September 2004 (264 weeks) and again from June 2005 to October 2010 (281 weeks).
8003:123145614520320::Thread-72 2020-08-09 19:00:05,032 - During this time, he won 13 of golf's major championships.
8003:123145614520320::Thread-72 2020-08-09 19:00:05,112 - The next decade of Woods's career was marked by comebacks from personal problems and injuries.
8003:123145614520320::Thread-72 2020-08-09 19:00:07,114 - **END**
