8003:123145858502656::Thread-130 2020-08-09 18:59:29,273 - **START**
8003:123145858502656::Thread-130 2020-08-09 18:59:29,392 - Starting new HTTPS connection (1): en.wikipedia.org
8003:123145858502656::Thread-130 2020-08-09 18:59:32,764 - The Dome of the Rock (Arabic: قبة الصخرة‎ Qubbat al-Sakhrah, Hebrew: כיפת הסלע‎ Kippat ha-Sela) is an Islamic shrine located on the Temple Mount in the Old City of Jerusalem.
8003:123145858502656::Thread-130 2020-08-09 18:59:33,168 - It was initially completed in 691–92 CE at the order of Umayyad Caliph Abd al-Malik during the Second Fitna on the site of the Second Jewish Temple, destroyed during the Roman Siege of Jerusalem in 70 CE.
8003:123145858502656::Thread-130 2020-08-09 18:59:33,629 - The original dome collapsed in 1015 and was rebuilt in 1022–23.
8003:123145858502656::Thread-130 2020-08-09 18:59:36,157 - The Dome of the Rock is in its core one of the oldest extant works of Islamic architecture.Its architecture and mosaics were patterned after nearby Byzantine churches and palaces, although its outside appearance has been significantly changed in the Ottoman period and again in the modern period, notably with the addition of the gold-plated roof, in 1959–61 and again in 1993.
8003:123145858502656::Thread-130 2020-08-09 18:59:36,898 - The octagonal plan of the structure may have been influenced by the Byzantine Church of the Seat of Mary (also known as Kathisma in Greek and al-Qadismu in Arabic) built between 451 and 458 on the road between Jerusalem and Bethlehem.The Foundation Stone the temple was built over bears great significance in the Abrahamic religions as the place where God created the world and the first human, Adam.
8003:123145858502656::Thread-130 2020-08-09 18:59:38,042 - It is also believed to be the site where Abraham attempted to sacrifice his son, and as the place where God's divine presence is manifested more than in any other place, towards which Jews turn during prayer.
8003:123145858502656::Thread-130 2020-08-09 18:59:39,648 - The site's great significance for Muslims derives from traditions connecting it to the creation of the world and the belief that Muhammad's Night Journey to heaven started from the rock at the center of the structure.A UNESCO World Heritage Site, it has been called "Jerusalem's most recognizable landmark," along with two nearby Old City structures, the Western Wall, and the "Resurrection Rotunda" in the Church of the Holy Sepulchre.
8003:123145858502656::Thread-130 2020-08-09 18:59:40,769 - It is the earliest archaeologically-attested religious structure to be built by a Muslim ruler and the building's inscriptions contain the earliest epigraphic proclamations of Islam and of the Islamic prophet Muhammad.
8003:123145858502656::Thread-130 2020-08-09 18:59:43,758 - The inscriptions proved to be a milestone, as afterward they became a common feature in Islamic structures and almost always mention Muhammad.
8003:123145858502656::Thread-130 2020-08-09 18:59:45,013 - The Dome of the Rock remains a "unique monument of Islamic culture in almost all respects", including as a "work of art and as a cultural and pious document", according to historian Oleg Grabar.
8003:123145858502656::Thread-130 2020-08-09 18:59:46,485 - Description


Basic structure

The structure is basically octagonal.
8003:123145858502656::Thread-130 2020-08-09 18:59:47,487 - **END**
8003:123145858502656::Thread-130 2020-08-09 19:00:00,489 - **START**
8003:123145858502656::Thread-130 2020-08-09 19:00:00,524 - Starting new HTTPS connection (1): en.wikipedia.org
8003:123145858502656::Thread-130 2020-08-09 19:00:03,048 - Jacob Tremblay (; French: [tʁɑ̃blɛ]; born October 5, 2006) is a Canadian actor.
8003:123145858502656::Thread-130 2020-08-09 19:00:03,186 - His breakout performance was his starring role as Jack Newsome in Room (2015), for which he won the Critics' Choice Movie Award for Best Young Performer and the Canadian Screen Award for Best Actor, and was nominated for the Screen Actors Guild Award for Outstanding Performance by a Male Actor in a Supporting Role.
8003:123145858502656::Thread-130 2020-08-09 19:00:04,008 - In 2017, he starred as August Pullman, a child with Treacher Collins syndrome, in the drama Wonder, and in 2019 he headlined the R-rated comedy film Good Boys.
8003:123145858502656::Thread-130 2020-08-09 19:00:04,119 - Early life
Tremblay was born in Vancouver, British Columbia, Canada on October 5, 2006.
8003:123145858502656::Thread-130 2020-08-09 19:00:05,471 - He was raised in the nearby city of Langley, British Columbia.
8003:123145858502656::Thread-130 2020-08-09 19:00:06,158 - His father, Jason Tremblay, is a police detective, and his mother, Christina Candia Tremblay, is a homemaker.
8003:123145858502656::Thread-130 2020-08-09 19:00:07,856 - Tremblay's older sister Emma and younger sister Erica are also actors.
8003:123145858502656::Thread-130 2020-08-09 19:00:07,888 - Career
Tremblay began acting in television roles.
8003:123145858502656::Thread-130 2020-08-09 19:00:09,846 - He made his film debut in the live-action/animated feature The Smurfs 2, released in 2013.Tremblay portrayed Jack Newsome in the critically acclaimed drama film Room, co-starring with Brie Larson.
8003:123145858502656::Thread-130 2020-08-09 19:00:11,691 - The film, directed by Lenny Abrahamson, premiered on September 4, 2015, at the Telluride Film Festival, and was released in cinemas on October 16, 2015.
8003:123145858502656::Thread-130 2020-08-09 19:00:19,693 - **END**
