8003:123146089865216::Thread-185 2020-08-09 18:59:25,274 - **START**
8003:123146089865216::Thread-185 2020-08-09 18:59:25,305 - Starting new HTTPS connection (1): en.wikipedia.org
8003:123146089865216::Thread-185 2020-08-09 18:59:31,499 - Robyn Rihanna Fenty ( ree-AN-ə; born February 20, 1988) is a Barbadian singer, songwriter, actress, businesswoman, and philanthropist.
8003:123146089865216::Thread-185 2020-08-09 18:59:32,764 - Born in Saint Michael and raised in Bridgetown, Barbados, Rihanna moved to the United States in 2005 when she signed with Def Jam.
8003:123146089865216::Thread-185 2020-08-09 18:59:35,468 - She gained recognition following the release of her first two studio albums, Music of the Sun (2005) and A Girl like Me (2006), both of which were influenced by Caribbean music and peaked within the top ten of the US Billboard 200 chart.
8003:123146089865216::Thread-185 2020-08-09 18:59:36,412 - Rihanna's third album, Good Girl Gone Bad (2007), incorporated elements of dance-pop, catapulted her to stardom, and established her status as a sex symbol in the music industry.
8003:123146089865216::Thread-185 2020-08-09 18:59:36,561 - Its international chart-topping single "Umbrella" earned Rihanna her first Grammy Award for Best Rap/Sung Collaboration.
8003:123146089865216::Thread-185 2020-08-09 18:59:38,348 - Rihanna continued to mix pop, dance, and R&B genres on her next four albums, Rated R (2009), Loud (2010), Talk That Talk (2011), and the Grammy Award-winning Unapologetic (2012).
8003:123146089865216::Thread-185 2020-08-09 18:59:40,154 - All four releases combined various other musical styles and consolidated Rihanna's commercial success, with Unapologetic being her first number-one album in the US.
8003:123146089865216::Thread-185 2020-08-09 18:59:40,389 - The records spawned a string of chart-topping singles, including "Rude Boy", "Only Girl (In the World)", "What's My Name?
8003:123146089865216::Thread-185 2020-08-09 18:59:41,554 - ", "S&M", "We Found Love", "Diamonds", and "Stay".
8003:123146089865216::Thread-185 2020-08-09 18:59:44,406 - Her eighth album, Anti (2016), showcased a new creative control following her departure from Def Jam.
8003:123146089865216::Thread-185 2020-08-09 18:59:45,167 - It became her second US number-one album and featured the chart-topping single "Work".
8003:123146089865216::Thread-185 2020-08-09 18:59:46,869 - Rihanna has released collaborative hit singles with artists such as Drake, Eminem, and Calvin Harris.
8003:123146089865216::Thread-185 2020-08-09 18:59:47,872 - **END**
8003:123146089865216::Thread-185 2020-08-09 18:59:58,877 - **START**
8003:123146089865216::Thread-185 2020-08-09 18:59:58,993 - Starting new HTTPS connection (1): en.wikipedia.org
8003:123146089865216::Thread-185 2020-08-09 19:00:00,085 - Rome (Italian and Latin: Roma [ˈroːma] (listen)) is the capital city and a special comune of Italy (named Comune di Roma Capitale) as well as the capital of the Lazio region.
8003:123146089865216::Thread-185 2020-08-09 19:00:02,438 - The city has been a major human settlement for over two millennia.
8003:123146089865216::Thread-185 2020-08-09 19:00:03,304 - With 2,860,009 residents in 1,285 km2 (496.1 sq mi), it is also the country's most populated comune.
8003:123146089865216::Thread-185 2020-08-09 19:00:03,921 - It is the third most populous city in the European Union by population within city limits.
8003:123146089865216::Thread-185 2020-08-09 19:00:05,127 - It is the centre of the Metropolitan City of Rome, which has a population of 4,355,725 residents, thus making it the most populous metropolitan city in Italy.
8003:123146089865216::Thread-185 2020-08-09 19:00:07,250 - Its metropolitan area is the third-most populous within Italy.
8003:123146089865216::Thread-185 2020-08-09 19:00:09,896 - Rome is located in the central-western portion of the Italian Peninsula, within Lazio (Latium), along the shores of the Tiber.
8003:123146089865216::Thread-185 2020-08-09 19:00:10,347 - Vatican City (the smallest country in the world) is an independent country inside the city boundaries of Rome, the only existing example of a country within a city; for this reason Rome has sometimes been defined as the capital of two states.Rome's history spans 28 centuries.
8003:123146089865216::Thread-185 2020-08-09 19:00:13,311 - While Roman mythology dates the founding of Rome at around 753 BC, the site has been inhabited for much longer, making it one of the oldest continuously occupied cities in Europe.
8003:123146089865216::Thread-185 2020-08-09 19:00:14,771 - The city's early population originated from a mix of Latins, Etruscans, and Sabines.
8003:123146089865216::Thread-185 2020-08-09 19:00:22,774 - **END**
