8003:123145315852288::Thread-1 2020-08-09 18:59:27,204 - **START**
8003:123145315852288::Thread-1 2020-08-09 18:59:27,208 - Starting new HTTPS connection (1): en.wikipedia.org
8003:123145315852288::Thread-1 2020-08-09 18:59:28,433 - George Washington (February 22, 1732 (N.S.)
8003:123145315852288::Thread-1 2020-08-09 18:59:28,934 - – December 14, 1799) was an American political leader, military general, statesman, and founding father who served as the first president of the United States from 1789 to 1797.
8003:123145315852288::Thread-1 2020-08-09 18:59:29,383 - Previously, he led Patriot forces to victory in the nation's War for Independence.
8003:123145315852288::Thread-1 2020-08-09 18:59:30,054 - He presided at the Constitutional Convention of 1787, which established the U.S. Constitution
and a federal government.
8003:123145315852288::Thread-1 2020-08-09 18:59:30,537 - Washington has been called the "Father of His Country" for his manifold leadership in the formative days of the new nation.
8003:123145315852288::Thread-1 2020-08-09 18:59:32,143 - Washington received his initial military training and command with the Virginia Regiment during the French and Indian War.
8003:123145315852288::Thread-1 2020-08-09 18:59:33,699 - He was later elected to the Virginia House of Burgesses and was named a delegate to the Continental Congress, where he was appointed Commanding General of the Continental Army.
8003:123145315852288::Thread-1 2020-08-09 18:59:35,146 - He commanded American forces, allied with France, in the defeat and surrender of the British during the Siege of Yorktown.
8003:123145315852288::Thread-1 2020-08-09 18:59:37,111 - He resigned his commission after the Treaty of Paris in 1783.
8003:123145315852288::Thread-1 2020-08-09 18:59:38,789 - Washington played a key role in adopting and ratifying the Constitution and was then elected president (twice) by the Electoral College.
8003:123145315852288::Thread-1 2020-08-09 18:59:40,592 - He implemented a strong, well-financed national government while remaining impartial in a fierce rivalry between cabinet members Thomas Jefferson and Alexander Hamilton.
8003:123145315852288::Thread-1 2020-08-09 18:59:46,598 - **END**
8003:123145315852288::Thread-1 2020-08-09 18:59:52,601 - **START**
8003:123145315852288::Thread-1 2020-08-09 18:59:52,605 - Starting new HTTPS connection (1): en.wikipedia.org
8003:123145315852288::Thread-1 2020-08-09 18:59:53,466 - Prince Rogers Nelson (June 7, 1958 – April 21, 2016) was an American singer-songwriter, musician, record producer, dancer, actor, and filmmaker.
8003:123145315852288::Thread-1 2020-08-09 18:59:56,287 - He is widely regarded as one of the greatest musicians of his generation.
8003:123145315852288::Thread-1 2020-08-09 18:59:56,725 - A multi-instrumentalist who was considered a guitar virtuoso, he was well known for his eclectic work across multiple genres, flamboyant and androgynous persona, and wide vocal range which included a far-reaching falsetto and high-pitched screams.
8003:123145315852288::Thread-1 2020-08-09 18:59:56,764 - Prince's innovative music integrated a wide variety of styles, including funk, R&B, rock, new wave, soul, synth-pop, psychedelia, pop, industrial, and hip hop.
8003:123145315852288::Thread-1 2020-08-09 18:59:57,620 - He pioneered the Minneapolis sound, a funk rock subgenre that emerged in the late 1970s.
8003:123145315852288::Thread-1 2020-08-09 18:59:59,969 - He was also known for his prolific output, releasing 39 albums during his life, with a vast array of unreleased projects left in a vault at his home after his death; it is believed that the vault contains dozens of fully produced albums and over 50 music videos that have never been released, along with various other media.
8003:123145315852288::Thread-1 2020-08-09 19:00:00,862 - He released hundreds of songs both under his own name and multiple pseudonyms during his life, as well as writing songs that were made famous by other musicians, such as "Nothing Compares 2 U" and "Manic Monday".
8003:123145315852288::Thread-1 2020-08-09 19:00:01,057 - Estimates of the complete number of songs written by Prince range anywhere from 500 to well over 1,000.Born and raised in Minneapolis, Minnesota, Prince signed a recording contract with Warner Bros. Records at the age of 19.
8003:123145315852288::Thread-1 2020-08-09 19:00:02,151 - Prince went on to achieve critical success with the musically complex albums Dirty Mind (1980), Controversy (1981), and 1999 (1982).
8003:123145315852288::Thread-1 2020-08-09 19:00:04,158 - **END**
