8003:123146081452032::Thread-183 2020-08-09 18:59:35,299 - **START**
8003:123146081452032::Thread-183 2020-08-09 18:59:36,618 - Starting new HTTPS connection (1): en.wikipedia.org
8003:123146081452032::Thread-183 2020-08-09 18:59:40,079 - The Beatles, also known as the White Album, is the ninth studio album and only double album by the English rock band the Beatles, released on 22 November 1968.
8003:123146081452032::Thread-183 2020-08-09 18:59:40,219 - Its plain white sleeve has no graphics or text other than the band's name embossed, which was intended as a direct contrast to the vivid cover artwork of the band's previous LP Sgt.
8003:123146081452032::Thread-183 2020-08-09 18:59:42,023 - Pepper's Lonely Hearts Club Band.
8003:123146081452032::Thread-183 2020-08-09 18:59:42,252 - The Beatles is recognised for its fragmentary style and diverse range of genres, including folk, British blues, ska, music hall and the avant-garde.
8003:123146081452032::Thread-183 2020-08-09 18:59:42,911 - It has since been viewed by some critics as a postmodern work, as well as among the greatest albums of all time.
8003:123146081452032::Thread-183 2020-08-09 18:59:44,853 - Most of the songs on the album were written during March and April 1968 at a Transcendental Meditation course in Rishikesh, India.
8003:123146081452032::Thread-183 2020-08-09 18:59:45,543 - There, the only western instrument available to the band was the acoustic guitar; some of these songs remained acoustic on The Beatles and were recorded solo, or only by part of the group.
8003:123146081452032::Thread-183 2020-08-09 18:59:47,937 - The production aesthetic ensured that the album's sound was scaled-down and less reliant on studio innovation than all their releases since 1966's Revolver.
8003:123146081452032::Thread-183 2020-08-09 18:59:49,699 - The Beatles also broke with the band's recent tradition of incorporating several musical styles in one song by keeping each piece of music consistently faithful to a select genre.
8003:123146081452032::Thread-183 2020-08-09 18:59:50,170 - At the end of May 1968, the Beatles returned to EMI Studios in London to commence recording sessions that lasted until mid-October.
8003:123146081452032::Thread-183 2020-08-09 18:59:55,180 - **END**
8003:123146081452032::Thread-183 2020-08-09 19:00:09,186 - **START**
8003:123146081452032::Thread-183 2020-08-09 19:00:09,190 - Starting new HTTPS connection (1): en.wikipedia.org
8003:123146081452032::Thread-183 2020-08-09 19:00:11,283 - England is a country that is part of the United Kingdom.
8003:123146081452032::Thread-183 2020-08-09 19:00:12,075 - It shares land borders with Wales to its west and Scotland to its north.
8003:123146081452032::Thread-183 2020-08-09 19:00:14,284 - The Irish Sea lies northwest of England and the Celtic Sea to the southwest.
8003:123146081452032::Thread-183 2020-08-09 19:00:15,075 - England is separated from continental Europe by the North Sea to the east and the English Channel to the south.
8003:123146081452032::Thread-183 2020-08-09 19:00:17,741 - The country covers five-eighths of the island of Great Britain, which lies in the North Atlantic, and includes over 100 smaller islands, such as the Isles of Scilly and the Isle of Wight.
8003:123146081452032::Thread-183 2020-08-09 19:00:19,064 - It is the largest country of the British Isles.
8003:123146081452032::Thread-183 2020-08-09 19:00:19,330 - The area now called England was first inhabited by modern humans during the Upper Palaeolithic period, but takes its name from the Angles, a Germanic tribe deriving its name from the Anglia peninsula, who settled during the 5th and 6th centuries.
8003:123146081452032::Thread-183 2020-08-09 19:00:20,174 - England became a unified state in the 10th century, and since the Age of Discovery, which began during the 15th century, has had a significant cultural and legal impact on the wider world.
8003:123146081452032::Thread-183 2020-08-09 19:00:21,688 - The English language, the Anglican Church, and English law – the basis for the common law legal systems of many other countries around the world – developed in England, and the country's parliamentary system of government has been widely adopted by other nations.
8003:123146081452032::Thread-183 2020-08-09 19:00:22,342 - The Industrial Revolution began in 18th-century England, transforming its society into the world's first industrialised nation.England's terrain is chiefly low hills and plains, especially in central and southern England.
8003:123146081452032::Thread-183 2020-08-09 19:00:22,342 - **END**
