8003:123146127724544::Thread-194 2020-08-09 18:59:38,310 - **START**
8003:123146127724544::Thread-194 2020-08-09 18:59:40,896 - Starting new HTTPS connection (1): en.wikipedia.org
8003:123146127724544::Thread-194 2020-08-09 18:59:42,806 - John Fitzgerald Kennedy (May 29, 1917 – November 22, 1963), often referred to by his initials JFK and Jack, was an American politician who served as the 35th President of the United States from January 1961 until his assassination in November 1963.
8003:123146127724544::Thread-194 2020-08-09 18:59:44,366 - Kennedy served at the height of the Cold War, and the majority of his work as president concerned relations with the Soviet Union and Cuba.
8003:123146127724544::Thread-194 2020-08-09 18:59:44,802 - A Democrat, Kennedy represented Massachusetts in the U.S. House of Representatives and Senate prior to becoming president.
8003:123146127724544::Thread-194 2020-08-09 18:59:46,092 - Kennedy was born into a wealthy, political family in Brookline, Massachusetts.
8003:123146127724544::Thread-194 2020-08-09 18:59:48,022 - He graduated from Harvard University in 1940, before joining the U.S.
8003:123146127724544::Thread-194 2020-08-09 18:59:48,985 - Naval Reserve the following year.
8003:123146127724544::Thread-194 2020-08-09 18:59:50,620 - During World War II, he commanded a series of PT boats in the Pacific theater and earned the Navy and Marine Corps Medal for his service.
8003:123146127724544::Thread-194 2020-08-09 18:59:50,930 - After a brief stint in journalism, Kennedy represented a working-class Boston district in the U.S. House of Representatives from 1947 to 1953.
8003:123146127724544::Thread-194 2020-08-09 18:59:51,431 - He was subsequently elected to the U.S. Senate and served as the junior Senator from Massachusetts from 1953 to 1960.
8003:123146127724544::Thread-194 2020-08-09 18:59:53,266 - While in the Senate, Kennedy published his book, Profiles in Courage, which won a Pulitzer Prize.
8003:123146127724544::Thread-194 2020-08-09 18:59:53,871 - In the 1960 presidential election, he narrowly defeated Republican opponent Richard Nixon, who was the incumbent vice president.
8003:123146127724544::Thread-194 2020-08-09 18:59:55,874 - **END**
8003:123146127724544::Thread-194 2020-08-09 19:00:11,878 - **START**
8003:123146127724544::Thread-194 2020-08-09 19:00:11,882 - Starting new HTTPS connection (1): en.wikipedia.org
8003:123146127724544::Thread-194 2020-08-09 19:00:15,356 - Greta Tintin Eleonora Ernman Thunberg (Swedish: [ˈɡrêːta ˈtʉ̂ːnbærj] (listen); born 3 January 2003) is a Swedish environmental activist who has gained international recognition for promoting the view that humanity is facing an existential crisis arising from climate change.
8003:123146127724544::Thread-194 2020-08-09 19:00:17,768 - Thunberg is known for her youth and her straightforward speaking manner, both in public and to political leaders and assemblies, in which she criticises world leaders for their failure to take sufficient action to address the climate crisis.Thunberg's activism started after convincing her parents to adopt several lifestyle choices to reduce their own carbon footprint.
8003:123146127724544::Thread-194 2020-08-09 19:00:19,217 - In August 2018, at age 15, she started spending her school days outside the Swedish parliament to call for stronger action on climate change by holding up a sign reading Skolstrejk för klimatet (School strike for climate).
8003:123146127724544::Thread-194 2020-08-09 19:00:21,944 - Soon, other students engaged in similar protests in their own communities.
8003:123146127724544::Thread-194 2020-08-09 19:00:22,496 - Together, they organised a school climate strike movement under the name Fridays for Future.
8003:123146127724544::Thread-194 2020-08-09 19:00:23,724 - After Thunberg addressed the 2018 United Nations Climate Change Conference, student strikes took place every week somewhere in the world.
8003:123146127724544::Thread-194 2020-08-09 19:00:26,691 - In 2019, there were multiple coordinated multi-city protests involving over a million students each.
8003:123146127724544::Thread-194 2020-08-09 19:00:27,386 - To avoid flying, Thunberg sailed to North America where she attended the 2019 UN Climate Action Summit.
8003:123146127724544::Thread-194 2020-08-09 19:00:29,219 - Her speech there, in which she exclaimed "how dare you", was widely taken up by the press and incorporated into music.
8003:123146127724544::Thread-194 2020-08-09 19:00:29,271 - Her sudden rise to world fame has made her both a leader and a target for critics.
8003:123146127724544::Thread-194 2020-08-09 19:00:35,279 - **END**
