8003:123145829056512::Thread-123 2020-08-09 18:59:30,267 - **START**
8003:123145829056512::Thread-123 2020-08-09 18:59:31,163 - Starting new HTTPS connection (1): en.wikipedia.org
8003:123145829056512::Thread-123 2020-08-09 18:59:33,195 - Mary, Queen of Scots (8 December 1542 – 8 February 1587), also known as Mary Stuart or Mary I of Scotland, reigned over Scotland from 14 December 1542 to 24 July 1567.
8003:123145829056512::Thread-123 2020-08-09 18:59:34,063 - Mary, the only surviving legitimate child of King James V of Scotland, was six days old when her father died and she acceded to the throne.
8003:123145829056512::Thread-123 2020-08-09 18:59:34,414 - She spent most of her childhood in France while Scotland was ruled by regents, and in 1558, she married the Dauphin of France, Francis.
8003:123145829056512::Thread-123 2020-08-09 18:59:35,249 - Mary was queen consort of France from his accession in 1559 until his death in December 1560.
8003:123145829056512::Thread-123 2020-08-09 18:59:35,561 - Widowed, Mary returned to Scotland, arriving in Leith on 19 August 1561.
8003:123145829056512::Thread-123 2020-08-09 18:59:35,805 - Four years later, she married her half-cousin, Henry Stuart, Lord Darnley, and in June 1566 they had a son, James.
8003:123145829056512::Thread-123 2020-08-09 18:59:36,852 - In February 1567, Darnley's residence was destroyed by an explosion, and he was found murdered in the garden.
8003:123145829056512::Thread-123 2020-08-09 18:59:36,919 - James Hepburn, 4th Earl of Bothwell, was generally believed to have orchestrated Darnley's death, but he was acquitted of the charge in April 1567, and the following month he married Mary.
8003:123145829056512::Thread-123 2020-08-09 18:59:37,683 - Following an uprising against the couple, Mary was imprisoned in Loch Leven Castle.
8003:123145829056512::Thread-123 2020-08-09 18:59:38,243 - On 24 July 1567, she was forced to abdicate in favour of her one-year-old son.
8003:123145829056512::Thread-123 2020-08-09 18:59:45,248 - **END**
8003:123145829056512::Thread-123 2020-08-09 18:59:55,261 - **START**
8003:123145829056512::Thread-123 2020-08-09 18:59:55,274 - Starting new HTTPS connection (1): en.wikipedia.org
8003:123145829056512::Thread-123 2020-08-09 18:59:56,827 - Theodore Robert Bundy (né Cowell; November 24, 1946 – January 24, 1989) was an American serial killer who kidnapped, raped, and murdered numerous young women and girls during the 1970s and possibly earlier.
8003:123145829056512::Thread-123 2020-08-09 18:59:58,499 - After more than a decade of denials, before his execution in 1989 he confessed to 30 homicides that he committed in seven states between 1974 and 1978.
8003:123145829056512::Thread-123 2020-08-09 18:59:59,676 - The true number of victims is unknown and possibly higher.
8003:123145829056512::Thread-123 2020-08-09 19:00:01,619 - Bundy was regarded as handsome and charismatic, traits that he exploited to win the trust of victims and society.
8003:123145829056512::Thread-123 2020-08-09 19:00:03,432 - He would typically approach his victims in public places, feigning injury or disability, or impersonating an authority figure, before knocking them unconscious and taking them to secluded locations to rape and strangle them.
8003:123145829056512::Thread-123 2020-08-09 19:00:04,667 - He sometimes revisited his secondary crime scenes, grooming and performing sexual acts with the decomposing corpses until putrefaction and destruction by wild animals made any further interactions impossible.
8003:123145829056512::Thread-123 2020-08-09 19:00:05,883 - He decapitated at least 12 victims and kept some of the severed heads as mementos in his apartment.
8003:123145829056512::Thread-123 2020-08-09 19:00:07,845 - On a few occasions, he broke into dwellings at night and bludgeoned his victims as they slept.
8003:123145829056512::Thread-123 2020-08-09 19:00:08,430 - In 1975, Bundy was jailed for the first time when he was incarcerated in Utah for aggravated kidnapping and attempted criminal assault.
8003:123145829056512::Thread-123 2020-08-09 19:00:09,060 - He then became a suspect in a progressively longer list of unsolved homicides in several states.
8003:123145829056512::Thread-123 2020-08-09 19:00:16,062 - **END**
