8003:123145601900544::Thread-69 2020-08-09 18:59:26,248 - **START**
8003:123145601900544::Thread-69 2020-08-09 18:59:26,253 - Starting new HTTPS connection (1): en.wikipedia.org
8003:123145601900544::Thread-69 2020-08-09 18:59:33,176 - Onika Tanya Maraj-Petty (born December 8, 1982), known professionally as Nicki Minaj (), is a Trinidadian-American singer, songwriter, actress, and model.
8003:123145601900544::Thread-69 2020-08-09 18:59:36,106 - Born in the Saint James district of Port of Spain and raised in the Queens borough of New York City, she gained public recognition after releasing the mixtapes Playtime Is Over (2007), Sucka Free (2008), and Beam Me Up Scotty (2009).
8003:123145601900544::Thread-69 2020-08-09 18:59:37,259 - Early in her career, Minaj was known for her colorful costumes and wigs.
8003:123145601900544::Thread-69 2020-08-09 18:59:37,692 - Her rapping is distinctive for its fast flow and the use of alter egos and accents, primarily British cockney.
8003:123145601900544::Thread-69 2020-08-09 18:59:40,614 - After signing with Young Money Entertainment in 2009, Minaj released her first studio album, Pink Friday (2010), which peaked at number one on the US Billboard 200 chart and was certified triple platinum by the Recording Industry Association of America (RIAA).
8003:123145601900544::Thread-69 2020-08-09 18:59:43,181 - Her second album, Pink Friday: Roman Reloaded, was released in 2012 and debuted atop the charts in several countries.
8003:123145601900544::Thread-69 2020-08-09 18:59:45,610 - Minaj made her film debut in the 2012 animated film Ice Age: Continental Drift.
8003:123145601900544::Thread-69 2020-08-09 18:59:46,391 - In 2013, she was a judge on the twelfth season of American Idol.
8003:123145601900544::Thread-69 2020-08-09 18:59:49,255 - Minaj's third studio album, The Pinkprint, was released in 2014.
8003:123145601900544::Thread-69 2020-08-09 18:59:50,548 - She subsequently played supporting roles in the films The Other Woman (2014) and Barbershop: The Next Cut (2016).
8003:123145601900544::Thread-69 2020-08-09 18:59:56,554 - **END**
8003:123145601900544::Thread-69 2020-08-09 19:00:05,555 - **START**
8003:123145601900544::Thread-69 2020-08-09 19:00:05,584 - Starting new HTTPS connection (1): en.wikipedia.org
8003:123145601900544::Thread-69 2020-08-09 19:00:06,539 - Orenthal James Simpson (born July 9, 1947), nicknamed "The Juice", is an American former football running back, broadcaster, actor, advertising spokesman, and convicted felon.
8003:123145601900544::Thread-69 2020-08-09 19:00:09,537 - Once a popular figure with the U.S. public, he is best known for being tried for the murders of his former wife, Nicole Brown Simpson, and her friend, Ron Goldman.
8003:123145601900544::Thread-69 2020-08-09 19:00:10,472 - Simpson was acquitted of the murders in criminal court, but was later found responsible for both deaths in a civil trial.
8003:123145601900544::Thread-69 2020-08-09 19:00:11,562 - Simpson attended the University of Southern California (USC), where he played football for the USC Trojans and won the Heisman Trophy in 1968.
8003:123145601900544::Thread-69 2020-08-09 19:00:11,953 - He played professionally as a running back in the National Football League (NFL) for 11 seasons, primarily with the Buffalo Bills from 1969 to 1977.
8003:123145601900544::Thread-69 2020-08-09 19:00:13,799 - He also played for the San Francisco 49ers from 1978 to 1979.
8003:123145601900544::Thread-69 2020-08-09 19:00:14,360 - In 1973, he became the first NFL player to rush for more than 2,000 yards in a season.
8003:123145601900544::Thread-69 2020-08-09 19:00:17,044 - He holds the record for the single season yards-per-game average, which stands at 143.1.
8003:123145601900544::Thread-69 2020-08-09 19:00:17,529 - He was the only player to ever rush for over 2,000 yards in the 14-game regular season NFL format.
8003:123145601900544::Thread-69 2020-08-09 19:00:19,325 - Simpson was inducted into the College Football Hall of Fame in 1983 and the Pro Football Hall of Fame in 1985.
8003:123145601900544::Thread-69 2020-08-09 19:00:22,327 - **END**
