8003:123145404190720::Thread-22 2020-08-09 18:59:30,248 - **START**
8003:123145404190720::Thread-22 2020-08-09 18:59:31,157 - Starting new HTTPS connection (1): en.wikipedia.org
8003:123145404190720::Thread-22 2020-08-09 18:59:33,630 - Newcastle United Football Club is an English professional football club based in Newcastle upon Tyne, Tyne and Wear, that plays in the Premier League, the top flight of English football.
8003:123145404190720::Thread-22 2020-08-09 18:59:35,154 - Founded in 1892 by the merger of Newcastle East End and Newcastle West End.
8003:123145404190720::Thread-22 2020-08-09 18:59:37,213 - The team plays its home matches at St. James' Park.
8003:123145404190720::Thread-22 2020-08-09 18:59:39,127 - Per the  Taylor Report's requirement that all Premier League clubs have an all-seater stadium, the ground was adjusted in the mid-1990s and now has a capacity of 52,305.
8003:123145404190720::Thread-22 2020-08-09 18:59:39,827 - The club has been a member of the Premier League for all but three years of the competition's history, spending 88 seasons in the top flight as of July 2020, and have never dropped below English football's second tier since joining the Football League in 1893.
8003:123145404190720::Thread-22 2020-08-09 18:59:41,042 - Newcastle have won 4 League titles, 6 FA Cups and a Charity Shield, as well as the 1969 Inter-Cities Fairs Cup and the 2006 UEFA Intertoto Cup, the ninth highest total of trophies won by an English club.
8003:123145404190720::Thread-22 2020-08-09 18:59:41,497 - The club's most successful period was between 1904 and 1910, when they won an FA Cup and three of their League titles.
8003:123145404190720::Thread-22 2020-08-09 18:59:42,806 - Newcastle were relegated in 2009, and again in 2016.
8003:123145404190720::Thread-22 2020-08-09 18:59:43,429 - The club won promotion at the first time of asking each time, returning to the Premier League, as Championship winners, in 2010 and 2017.
8003:123145404190720::Thread-22 2020-08-09 18:59:46,437 - **END**
8003:123145404190720::Thread-22 2020-08-09 18:59:50,442 - **START**
8003:123145404190720::Thread-22 2020-08-09 18:59:50,456 - Starting new HTTPS connection (1): en.wikipedia.org
8003:123145404190720::Thread-22 2020-08-09 18:59:51,847 - Windsor Castle is a royal residence at Windsor in the English county of Berkshire.
8003:123145404190720::Thread-22 2020-08-09 18:59:52,315 - It is strongly associated with the English and succeeding British royal family, and embodies almost 1000 years of architectural history.
8003:123145404190720::Thread-22 2020-08-09 18:59:53,107 - The original castle was built in the 11th century after the Norman invasion of England by William the Conqueror.
8003:123145404190720::Thread-22 2020-08-09 18:59:54,106 - Since the time of Henry I, it has been used by the reigning monarch and is the longest-occupied palace in Europe.
8003:123145404190720::Thread-22 2020-08-09 18:59:54,794 - The castle's lavish early 19th-century State Apartments were described by early 20th century art historian Hugh Roberts as "a superb and unrivalled sequence of rooms widely regarded as the finest and most complete expression of later Georgian taste".
8003:123145404190720::Thread-22 2020-08-09 18:59:55,742 - Inside the castle walls is the 15th-century St George's Chapel, considered by the historian John Martin Robinson to be "one of the supreme achievements of English Perpendicular Gothic" design.Originally designed to protect Norman dominance around the outskirts of London and oversee a strategically important part of the River Thames, Windsor Castle was built as a motte-and-bailey, with three wards surrounding a central mound.
8003:123145404190720::Thread-22 2020-08-09 18:59:55,769 - Gradually replaced with stone fortifications, the castle withstood a prolonged siege during the First Barons' War at the start of the 13th century.
8003:123145404190720::Thread-22 2020-08-09 18:59:56,238 - Henry III built a luxurious royal palace within the castle during the middle of the century, and Edward III went further, rebuilding the palace to make an even grander set of buildings in what would become "the most expensive secular building project of the entire Middle Ages in England".
8003:123145404190720::Thread-22 2020-08-09 18:59:56,939 - Edward's core design lasted through the Tudor period, during which Henry VIII and Elizabeth I made increasing use of the castle as a royal court and centre for diplomatic entertainment.
8003:123145404190720::Thread-22 2020-08-09 18:59:57,361 - Windsor Castle survived the tumultuous period of the English Civil War, when it was used as a military headquarters by Parliamentary forces and a prison for Charles I.
8003:123145404190720::Thread-22 2020-08-09 18:59:57,868 - At the Restoration of the monarchy in 1660, Charles II rebuilt much of Windsor Castle with the help of the architect Hugh May, creating a set of extravagant Baroque interiors that are still admired.
8003:123145404190720::Thread-22 2020-08-09 19:00:00,873 - **END**
