8003:123145896361984::Thread-139 2020-08-09 18:59:34,314 - **START**
8003:123145896361984::Thread-139 2020-08-09 18:59:35,062 - Starting new HTTPS connection (1): en.wikipedia.org
8003:123145896361984::Thread-139 2020-08-09 18:59:38,391 - Gillette Stadium is a stadium in the northeastern United States, located in Foxborough, Massachusetts, 28 miles (45 km) southwest of downtown Boston and 20 miles (32 km) northeast of downtown Providence, Rhode Island.
8003:123145896361984::Thread-139 2020-08-09 18:59:40,375 - It opened 18 years ago in 2002, replacing the adjacent Foxboro Stadium.
8003:123145896361984::Thread-139 2020-08-09 18:59:40,733 - The seating capacity is 65,878, including 5,876 club seats and 89 luxury suites.
8003:123145896361984::Thread-139 2020-08-09 18:59:40,998 - It serves as the home stadium and administrative offices for both the New England Patriots of the National Football League (NFL) and the New England Revolution of Major League Soccer (MLS).
8003:123145896361984::Thread-139 2020-08-09 18:59:41,302 - It was also the home stadium for University of Massachusetts (UMass) Minutemen football in 2012 and 2013, while on-campus Warren McGuirk Alumni Stadium underwent renovations.
8003:123145896361984::Thread-139 2020-08-09 18:59:42,434 - It continued to serve as a part-time home venue for higher attendance UMass games through 2018.
8003:123145896361984::Thread-139 2020-08-09 18:59:42,855 - The stadium was originally known as CMGI Field before the naming rights were bought by Gillette after the "dot-com" bust.
8003:123145896361984::Thread-139 2020-08-09 18:59:44,638 - Although Gillette was acquired by Procter & Gamble (P&G) in 2005, the stadium retains the Gillette name.
8003:123145896361984::Thread-139 2020-08-09 18:59:44,699 - Gillette and the Patriots jointly announced in September 2010 that their partnership, which includes naming rights to the stadium, will extend through the 2031 season.
8003:123145896361984::Thread-139 2020-08-09 18:59:46,639 - Additionally, uBid (until April 2003 a wholly owned subsidiary of CMGI) as of 2009 continues to sponsor one of the main entrance gates to the stadium.
8003:123145896361984::Thread-139 2020-08-09 18:59:50,643 - **END**
8003:123145896361984::Thread-139 2020-08-09 18:59:59,648 - **START**
8003:123145896361984::Thread-139 2020-08-09 18:59:59,741 - Starting new HTTPS connection (1): en.wikipedia.org
8003:123145896361984::Thread-139 2020-08-09 19:00:01,075 - Saint Peter (r. AD 30; died between AD 64 and 68) also known as Simon Peter, Simeon, Simon ( (listen)), Cephas, or Peter the Apostle, was one of the Twelve Apostles of Jesus Christ, and one of the first leaders of the early Church.
8003:123145896361984::Thread-139 2020-08-09 19:00:01,955 - According to Christian tradition, Peter was crucified in Rome under Emperor Nero.
8003:123145896361984::Thread-139 2020-08-09 19:00:02,125 - He is traditionally counted as the first bishop of Rome‍—‌or pope‍—‌and also by Eastern Christian tradition as the first patriarch of Antioch.
8003:123145896361984::Thread-139 2020-08-09 19:00:02,382 - The ancient Christian churches all venerate Peter as a major saint and as the founder of the Church of Antioch and the Diocese of Rome, but differ in their attitudes regarding the authority of his successors.
8003:123145896361984::Thread-139 2020-08-09 19:00:02,558 - According to Catholic teaching, in Matthew 16 (Matthew 16:18) Jesus promised Peter a special position in the Church.
8003:123145896361984::Thread-139 2020-08-09 19:00:02,753 - Two general epistles in the New Testament are ascribed to Peter, but modern scholars generally reject the Petrine authorship of both.
8003:123145896361984::Thread-139 2020-08-09 19:00:02,779 - The Gospel of Mark was traditionally thought to show the influence of Peter's preaching and eyewitness memories.
8003:123145896361984::Thread-139 2020-08-09 19:00:03,143 - Several other books bearing his name‍—‌the Acts of Peter, Gospel of Peter, Preaching of Peter, Apocalypse of Peter, and Judgment of Peter‍—‌are considered by Christian denominations as apocryphal, and are thus not included in their Bible canons.
8003:123145896361984::Thread-139 2020-08-09 19:00:03,339 - Names and etymologies

Peter's original name, as indicated in the New Testament, was "Simon" (Σίμων Simōn in Greek) or (only in Acts 15:14 and 2 Peter 1:1) "Simeon" (Συμεών in Greek).
8003:123145896361984::Thread-139 2020-08-09 19:00:05,342 - **END**
