8003:123145357918208::Thread-11 2020-08-09 18:59:34,225 - **START**
8003:123145357918208::Thread-11 2020-08-09 18:59:35,026 - Starting new HTTPS connection (1): en.wikipedia.org
8003:123145357918208::Thread-11 2020-08-09 18:59:38,296 - Led Zeppelin were  an English rock band formed in London in 1968.
8003:123145357918208::Thread-11 2020-08-09 18:59:38,403 - The group consisted of vocalist Robert Plant, guitarist Jimmy Page, bassist/keyboardist John Paul Jones, and drummer John Bonham.
8003:123145357918208::Thread-11 2020-08-09 18:59:38,914 - With their heavy, guitar-driven sound, they are regularly cited as one of the progenitors of heavy metal, although their style drew from a variety of influences, including blues and folk music.
8003:123145357918208::Thread-11 2020-08-09 18:59:39,746 - After changing their name from the New Yardbirds, Led Zeppelin signed a deal with Atlantic Records that afforded them considerable artistic freedom.
8003:123145357918208::Thread-11 2020-08-09 18:59:39,755 - Although the group were initially unpopular with critics, they achieved significant commercial success with eight studio albums released over ten years, from Led Zeppelin (1969) to In Through the Out Door (1979).
8003:123145357918208::Thread-11 2020-08-09 18:59:40,594 - Their untitled fourth studio album, commonly known as Led Zeppelin IV (1971), and featuring the song "Stairway to Heaven", is among the most popular and influential works in rock music, and helped to secure the group's popularity.
8003:123145357918208::Thread-11 2020-08-09 18:59:41,267 - Page wrote most of Led Zeppelin's music, particularly early in their career, while Plant generally supplied the lyrics.
8003:123145357918208::Thread-11 2020-08-09 18:59:41,369 - Jones's keyboard-based compositions later became central to the group's catalogue, which featured increasing experimentation.
8003:123145357918208::Thread-11 2020-08-09 18:59:41,567 - The latter half of their career saw a series of record-breaking tours that earned the group a reputation for excess and debauchery.
8003:123145357918208::Thread-11 2020-08-09 18:59:42,320 - Although they remained commercially and critically successful, their output and touring schedule were limited during the late 1970s, and the group disbanded following Bonham's death from alcohol-related asphyxia in 1980.
8003:123145357918208::Thread-11 2020-08-09 18:59:51,322 - **END**
8003:123145357918208::Thread-11 2020-08-09 18:59:53,328 - **START**
8003:123145357918208::Thread-11 2020-08-09 18:59:53,331 - Starting new HTTPS connection (1): en.wikipedia.org
8003:123145357918208::Thread-11 2020-08-09 18:59:54,143 - Hadrian's Wall (Latin: Vallum Aelium), also known as the Roman Wall, Picts' Wall, or Vallum Hadriani in Latin, is a former defensive fortification of the Roman province of Britannia, begun in AD 122 in the reign of the emperor Hadrian.
8003:123145357918208::Thread-11 2020-08-09 18:59:55,083 - It ran from the banks of the River Tyne near the North Sea to the Solway Firth on the Irish Sea, and was the northern limit of the Roman Empire, immediately north of which were the lands of the northern Ancient Britons, including the Picts.
8003:123145357918208::Thread-11 2020-08-09 18:59:55,879 - It had a stone base and a stone wall.
8003:123145357918208::Thread-11 2020-08-09 18:59:56,529 - There were milecastles with two turrets in between.
8003:123145357918208::Thread-11 2020-08-09 18:59:56,690 - There was a fort about every five Roman miles.
8003:123145357918208::Thread-11 2020-08-09 18:59:57,024 - From north to south, the wall comprised a ditch, wall, military way and vallum, another ditch with adjoining mounds.
8003:123145357918208::Thread-11 2020-08-09 18:59:57,701 - It is thought the milecastles were staffed with static garrisons, whereas the forts had fighting garrisons of infantry and cavalry.
8003:123145357918208::Thread-11 2020-08-09 18:59:57,976 - In addition to the wall's defensive military role, its gates may have been customs posts.A significant portion of the wall still stands and can be followed on foot along the adjoining Hadrian's Wall Path.
8003:123145357918208::Thread-11 2020-08-09 18:59:58,666 - The largest Roman archaeological feature in Britain, it runs a total of 73 miles (117.5 kilometres)  in northern England.
8003:123145357918208::Thread-11 2020-08-09 18:59:59,501 - Regarded as a British cultural icon, Hadrian's Wall is one of Britain's major ancient tourist attractions.
8003:123145357918208::Thread-11 2020-08-09 19:00:01,503 - **END**
