8003:123146098278400::Thread-187 2020-08-09 18:59:37,293 - **START**
8003:123146098278400::Thread-187 2020-08-09 18:59:37,505 - Starting new HTTPS connection (1): en.wikipedia.org
8003:123146098278400::Thread-187 2020-08-09 18:59:40,758 - Windsor Castle is a royal residence at Windsor in the English county of Berkshire.
8003:123146098278400::Thread-187 2020-08-09 18:59:40,999 - It is strongly associated with the English and succeeding British royal family, and embodies almost 1000 years of architectural history.
8003:123146098278400::Thread-187 2020-08-09 18:59:41,922 - The original castle was built in the 11th century after the Norman invasion of England by William the Conqueror.
8003:123146098278400::Thread-187 2020-08-09 18:59:42,914 - Since the time of Henry I, it has been used by the reigning monarch and is the longest-occupied palace in Europe.
8003:123146098278400::Thread-187 2020-08-09 18:59:43,916 - The castle's lavish early 19th-century State Apartments were described by early 20th century art historian Hugh Roberts as "a superb and unrivalled sequence of rooms widely regarded as the finest and most complete expression of later Georgian taste".
8003:123146098278400::Thread-187 2020-08-09 18:59:44,752 - Inside the castle walls is the 15th-century St George's Chapel, considered by the historian John Martin Robinson to be "one of the supreme achievements of English Perpendicular Gothic" design.Originally designed to protect Norman dominance around the outskirts of London and oversee a strategically important part of the River Thames, Windsor Castle was built as a motte-and-bailey, with three wards surrounding a central mound.
8003:123146098278400::Thread-187 2020-08-09 18:59:44,780 - Gradually replaced with stone fortifications, the castle withstood a prolonged siege during the First Barons' War at the start of the 13th century.
8003:123146098278400::Thread-187 2020-08-09 18:59:45,224 - Henry III built a luxurious royal palace within the castle during the middle of the century, and Edward III went further, rebuilding the palace to make an even grander set of buildings in what would become "the most expensive secular building project of the entire Middle Ages in England".
8003:123146098278400::Thread-187 2020-08-09 18:59:45,615 - Edward's core design lasted through the Tudor period, during which Henry VIII and Elizabeth I made increasing use of the castle as a royal court and centre for diplomatic entertainment.
8003:123146098278400::Thread-187 2020-08-09 18:59:46,525 - Windsor Castle survived the tumultuous period of the English Civil War, when it was used as a military headquarters by Parliamentary forces and a prison for Charles I.
8003:123146098278400::Thread-187 2020-08-09 18:59:46,854 - At the Restoration of the monarchy in 1660, Charles II rebuilt much of Windsor Castle with the help of the architect Hugh May, creating a set of extravagant Baroque interiors that are still admired.
8003:123146098278400::Thread-187 2020-08-09 18:59:55,861 - **END**
8003:123146098278400::Thread-187 2020-08-09 19:00:07,867 - **START**
8003:123146098278400::Thread-187 2020-08-09 19:00:07,871 - Starting new HTTPS connection (1): en.wikipedia.org
8003:123146098278400::Thread-187 2020-08-09 19:00:08,882 - Greta Tintin Eleonora Ernman Thunberg (Swedish: [ˈɡrêːta ˈtʉ̂ːnbærj] (listen); born 3 January 2003) is a Swedish environmental activist who has gained international recognition for promoting the view that humanity is facing an existential crisis arising from climate change.
8003:123146098278400::Thread-187 2020-08-09 19:00:08,898 - Thunberg is known for her youth and her straightforward speaking manner, both in public and to political leaders and assemblies, in which she criticises world leaders for their failure to take sufficient action to address the climate crisis.Thunberg's activism started after convincing her parents to adopt several lifestyle choices to reduce their own carbon footprint.
8003:123146098278400::Thread-187 2020-08-09 19:00:09,815 - In August 2018, at age 15, she started spending her school days outside the Swedish parliament to call for stronger action on climate change by holding up a sign reading Skolstrejk för klimatet (School strike for climate).
8003:123146098278400::Thread-187 2020-08-09 19:00:10,602 - Soon, other students engaged in similar protests in their own communities.
8003:123146098278400::Thread-187 2020-08-09 19:00:10,975 - Together, they organised a school climate strike movement under the name Fridays for Future.
8003:123146098278400::Thread-187 2020-08-09 19:00:11,668 - After Thunberg addressed the 2018 United Nations Climate Change Conference, student strikes took place every week somewhere in the world.
8003:123146098278400::Thread-187 2020-08-09 19:00:12,108 - In 2019, there were multiple coordinated multi-city protests involving over a million students each.
8003:123146098278400::Thread-187 2020-08-09 19:00:12,489 - To avoid flying, Thunberg sailed to North America where she attended the 2019 UN Climate Action Summit.
8003:123146098278400::Thread-187 2020-08-09 19:00:13,132 - Her speech there, in which she exclaimed "how dare you", was widely taken up by the press and incorporated into music.
8003:123146098278400::Thread-187 2020-08-09 19:00:14,102 - Her sudden rise to world fame has made her both a leader and a target for critics.
8003:123146098278400::Thread-187 2020-08-09 19:00:17,107 - **END**
