8003:123145925808128::Thread-146 2020-08-09 18:59:28,275 - **START**
8003:123145925808128::Thread-146 2020-08-09 18:59:28,582 - Starting new HTTPS connection (1): en.wikipedia.org
8003:123145925808128::Thread-146 2020-08-09 18:59:32,763 - The Illuminati (plural of Latin illuminatus, 'enlightened') is a name given to several groups, both real and fictitious.
8003:123145925808128::Thread-146 2020-08-09 18:59:35,174 - Historically, the name usually refers to the Bavarian Illuminati, an Enlightenment-era secret society founded on 1 May 1776 in Bavaria, today part of Germany.
8003:123145925808128::Thread-146 2020-08-09 18:59:37,955 - The society's goals were to oppose superstition, obscurantism, religious influence over public life, and abuses of state power.
8003:123145925808128::Thread-146 2020-08-09 18:59:37,972 - "The order of the day," they wrote in their general statutes, "is to put an end to the machinations of the purveyors of injustice, to control them without dominating them."
8003:123145925808128::Thread-146 2020-08-09 18:59:39,531 - The Illuminati—along with Freemasonry and other secret societies—were outlawed through edict by Charles Theodore, Elector of Bavaria with the encouragement of the Catholic Church, in 1784, 1785, 1787, and 1790.
8003:123145925808128::Thread-146 2020-08-09 18:59:40,800 - In the following several years, the group was vilified by conservative and religious critics who claimed that they continued underground and were responsible for the French Revolution.
8003:123145925808128::Thread-146 2020-08-09 18:59:43,369 - Many influential intellectuals and progressive politicians counted themselves as members, including Ferdinand of Brunswick and the diplomat Franz Xaver von Zwackh, who was the Order's second-in-command.
8003:123145925808128::Thread-146 2020-08-09 18:59:43,464 - It attracted literary men such as Johann Wolfgang von Goethe and Johann Gottfried Herder and the reigning Duke of Gotha and of Weimar.In subsequent use, "Illuminati" has referred to various organisations which have claimed or have been claimed to be connected to the original Bavarian Illuminati or similar secret societies, though these links have been unsubstantiated.
8003:123145925808128::Thread-146 2020-08-09 18:59:45,521 - These organisations have often been alleged to conspire to control world affairs, by masterminding events and planting agents in government and corporations, in order to gain political power and influence and to establish a New World Order.
8003:123145925808128::Thread-146 2020-08-09 18:59:48,415 - Central to some of the more widely known and elaborate conspiracy theories, the Illuminati have been depicted as lurking in the shadows and pulling the strings and levers of power in dozens of novels, films, television shows, comics, video games, and music videos.
8003:123145925808128::Thread-146 2020-08-09 18:59:49,839 - History


Origins

Adam Weishaupt (1748–1830) became professor of Canon Law and practical philosophy at the University of Ingolstadt in 1773.
8003:123145925808128::Thread-146 2020-08-09 18:59:49,840 - **END**
8003:123145925808128::Thread-146 2020-08-09 18:59:57,869 - **START**
8003:123145925808128::Thread-146 2020-08-09 18:59:57,954 - Starting new HTTPS connection (1): en.wikipedia.org
8003:123145925808128::Thread-146 2020-08-09 18:59:58,965 - Windsor Castle is a royal residence at Windsor in the English county of Berkshire.
8003:123145925808128::Thread-146 2020-08-09 18:59:59,870 - It is strongly associated with the English and succeeding British royal family, and embodies almost 1000 years of architectural history.
8003:123145925808128::Thread-146 2020-08-09 18:59:59,884 - The original castle was built in the 11th century after the Norman invasion of England by William the Conqueror.
8003:123145925808128::Thread-146 2020-08-09 19:00:00,667 - Since the time of Henry I, it has been used by the reigning monarch and is the longest-occupied palace in Europe.
8003:123145925808128::Thread-146 2020-08-09 19:00:01,632 - The castle's lavish early 19th-century State Apartments were described by early 20th century art historian Hugh Roberts as "a superb and unrivalled sequence of rooms widely regarded as the finest and most complete expression of later Georgian taste".
8003:123145925808128::Thread-146 2020-08-09 19:00:02,107 - Inside the castle walls is the 15th-century St George's Chapel, considered by the historian John Martin Robinson to be "one of the supreme achievements of English Perpendicular Gothic" design.Originally designed to protect Norman dominance around the outskirts of London and oversee a strategically important part of the River Thames, Windsor Castle was built as a motte-and-bailey, with three wards surrounding a central mound.
8003:123145925808128::Thread-146 2020-08-09 19:00:02,470 - Gradually replaced with stone fortifications, the castle withstood a prolonged siege during the First Barons' War at the start of the 13th century.
8003:123145925808128::Thread-146 2020-08-09 19:00:02,653 - Henry III built a luxurious royal palace within the castle during the middle of the century, and Edward III went further, rebuilding the palace to make an even grander set of buildings in what would become "the most expensive secular building project of the entire Middle Ages in England".
8003:123145925808128::Thread-146 2020-08-09 19:00:03,608 - Edward's core design lasted through the Tudor period, during which Henry VIII and Elizabeth I made increasing use of the castle as a royal court and centre for diplomatic entertainment.
8003:123145925808128::Thread-146 2020-08-09 19:00:04,271 - Windsor Castle survived the tumultuous period of the English Civil War, when it was used as a military headquarters by Parliamentary forces and a prison for Charles I.
8003:123145925808128::Thread-146 2020-08-09 19:00:04,990 - At the Restoration of the monarchy in 1660, Charles II rebuilt much of Windsor Castle with the help of the architect Hugh May, creating a set of extravagant Baroque interiors that are still admired.
8003:123145925808128::Thread-146 2020-08-09 19:00:12,996 - **END**
