8003:123145572454400::Thread-62 2020-08-09 18:59:29,256 - **START**
8003:123145572454400::Thread-62 2020-08-09 18:59:29,425 - Starting new HTTPS connection (1): en.wikipedia.org
8003:123145572454400::Thread-62 2020-08-09 18:59:33,919 - Pink Floyd were an English rock band formed in London in 1965.
8003:123145572454400::Thread-62 2020-08-09 18:59:34,883 - Gaining a following as a psychedelic pop group, they were distinguished for their extended compositions, sonic experimentation, philosophical lyrics and elaborate live shows, and became a leading band of the progressive rock genre.
8003:123145572454400::Thread-62 2020-08-09 18:59:35,519 - They are one of the most commercially successful and influential bands in popular music history.
8003:123145572454400::Thread-62 2020-08-09 18:59:36,852 - Pink Floyd were founded by students Syd Barrett (guitar, lead vocals), Nick Mason (drums), Roger Waters (bass guitar, vocals), and Richard Wright (keyboards, vocals).
8003:123145572454400::Thread-62 2020-08-09 18:59:37,126 - Under Barrett's leadership, they released two charting singles and a successful debut album, The Piper at the Gates of Dawn (1967).
8003:123145572454400::Thread-62 2020-08-09 18:59:37,361 - Guitarist and vocalist David Gilmour joined in December 1967; Barrett left in April 1968 due to deteriorating mental health.
8003:123145572454400::Thread-62 2020-08-09 18:59:39,471 - Waters became the primary lyricist and thematic leader, devising the concepts behind the albums The Dark Side of the Moon (1973), Wish You Were Here (1975), Animals (1977), The Wall (1979), and The Final Cut (1983).
8003:123145572454400::Thread-62 2020-08-09 18:59:40,048 - The band also composed several film scores.
8003:123145572454400::Thread-62 2020-08-09 18:59:41,427 - Following personal tensions, Wright left Pink Floyd in 1979, followed by Waters in 1985.
8003:123145572454400::Thread-62 2020-08-09 18:59:41,581 - Gilmour and Mason continued as Pink Floyd, rejoined later by Wright.
8003:123145572454400::Thread-62 2020-08-09 18:59:46,587 - **END**
8003:123145572454400::Thread-62 2020-08-09 18:59:50,617 - **START**
8003:123145572454400::Thread-62 2020-08-09 18:59:50,649 - Starting new HTTPS connection (1): en.wikipedia.org
8003:123145572454400::Thread-62 2020-08-09 18:59:51,598 - Shawn Corey Carter (born December 4, 1969), better known by his stage name Jay-Z (stylized as JAY-Z), is an American rapper, songwriter, record executive, entrepreneur, businessman, and record producer.
8003:123145572454400::Thread-62 2020-08-09 18:59:53,389 - Born and raised in New York City, Jay-Z first began his musical career after founding the record label Roc-A-Fella Records in 1995, and subsequently released his debut studio album Reasonable Doubt in 1996.
8003:123145572454400::Thread-62 2020-08-09 18:59:53,914 - The album was released to widespread critical success, and solidified his standing in the music industry.
8003:123145572454400::Thread-62 2020-08-09 18:59:54,140 - He has gone on to release twelve additional albums, including the acclaimed albums, The Blueprint (2001), The Black Album (2003), American Gangster (2007), and 4:44 (2017).
8003:123145572454400::Thread-62 2020-08-09 18:59:56,145 - Jay-Z has also released the full-length collaborative albums Watch the Throne (2011) with Kanye West and Everything Is Love (2018) with his wife Beyoncé, respectively.Outside of his musical career, Jay-Z has also attained significant success and media attention for his career as a businessman.
8003:123145572454400::Thread-62 2020-08-09 18:59:56,647 - In 1999, he founded the clothing retailer Rocawear, and in 2003, he founded the luxury sports bar chain 40/40 Club.
8003:123145572454400::Thread-62 2020-08-09 18:59:57,267 - Both businesses have grown to become multi-million-dollar corporations, and allowed Jay-Z to fund the start-up for the entertainment company Roc Nation, which was founded in 2008.
8003:123145572454400::Thread-62 2020-08-09 18:59:57,407 - In 2015, he acquired the tech company Aspiro and took charge of their media streaming service Tidal.Jay-Z is one of the world's best-selling music artists, with over 50 million albums and 75 million singles sold worldwide.
8003:123145572454400::Thread-62 2020-08-09 18:59:58,929 - He has won a total of 22 Grammy Awards, the most by a rapper, and holds the record for the most number-one albums by a solo artist on the Billboard 200, with 14.
8003:123145572454400::Thread-62 2020-08-09 18:59:59,111 - He has been ranked by Billboard and fellow music publication Rolling Stone as one of the 100 Greatest Artists of All Time.
8003:123145572454400::Thread-62 2020-08-09 19:00:03,114 - **END**
