8003:123145723891712::Thread-98 2020-08-09 18:59:28,259 - **START**
8003:123145723891712::Thread-98 2020-08-09 18:59:28,582 - Starting new HTTPS connection (1): en.wikipedia.org
8003:123145723891712::Thread-98 2020-08-09 18:59:30,990 - Angelina Jolie (; née Voight, formerly Jolie Pitt, born June 4, 1975) is an American actress, filmmaker, and humanitarian.
8003:123145723891712::Thread-98 2020-08-09 18:59:31,557 - The recipient of numerous accolades, including an Academy Award and three Golden Globe Awards, she has been named Hollywood's highest-paid actress multiple times.
8003:123145723891712::Thread-98 2020-08-09 18:59:33,249 - Jolie made her screen debut as a child alongside her father, Jon Voight, in Lookin' to Get Out (1982), and her film career began in earnest a decade later with the low-budget production Cyborg 2 (1993), followed by her first leading role in a major film, Hackers (1995).
8003:123145723891712::Thread-98 2020-08-09 18:59:34,907 - She starred in the critically acclaimed biographical cable films George Wallace (1997) and Gia (1998), and won an Academy Award for Best Supporting Actress for her performance in the drama Girl, Interrupted (1999).
8003:123145723891712::Thread-98 2020-08-09 18:59:35,392 - Her starring role as the video game heroine Lara Croft in Lara Croft: Tomb Raider (2001) established her as a leading Hollywood actress.
8003:123145723891712::Thread-98 2020-08-09 18:59:35,588 - She continued her action-star career with Mr. & Mrs. Smith (2005), Wanted (2008), and Salt (2010), and received critical acclaim for her performances in the dramas A Mighty Heart (2007) and Changeling (2008), which earned her a nomination for an Academy Award for Best Actress.
8003:123145723891712::Thread-98 2020-08-09 18:59:36,282 - Her biggest commercial success came with the fantasy picture Maleficent (2014).
8003:123145723891712::Thread-98 2020-08-09 18:59:36,338 - In the 2010s, Jolie expanded her career into directing, screenwriting, and producing, with the war dramas In the Land of Blood and Honey (2011), Unbroken (2014), and First They Killed My Father (2017).
8003:123145723891712::Thread-98 2020-08-09 18:59:36,339 - **END**
8003:123145723891712::Thread-98 2020-08-09 18:59:45,341 - **START**
8003:123145723891712::Thread-98 2020-08-09 18:59:45,346 - Starting new HTTPS connection (1): en.wikipedia.org
8003:123145723891712::Thread-98 2020-08-09 18:59:47,499 - Wayne Mark Rooney (born 24 October 1985) is an English professional footballer and captain for Championship club Derby County.
8003:123145723891712::Thread-98 2020-08-09 18:59:47,978 - He has played much of his career as a forward, and he has also been used in various midfield roles.
8003:123145723891712::Thread-98 2020-08-09 18:59:49,308 - Widely considered to be one of the best players of his generation, Rooney is the record goalscorer for both the England national team and Manchester United.Rooney joined the Everton youth team at the age of 9 and made his professional debut for the club in 2002 at the age of 16.
8003:123145723891712::Thread-98 2020-08-09 18:59:50,400 - He spent two seasons at the Merseyside club, before moving to Manchester United for £25.6 million in the 2004 summer transfer window where he won 16 trophies and became the only English player, alongside teammate Michael Carrick, to win the Premier League, FA Cup, UEFA Champions League, League Cup, UEFA Europa League, and FIFA Club World Cup.
8003:123145723891712::Thread-98 2020-08-09 18:59:51,148 - He scored 253 goals for United in all competitions to make him their top goalscorer of all time, with 183 Premier League goals being the most scored by a player for any single club.
8003:123145723891712::Thread-98 2020-08-09 18:59:51,919 - Rooney's 208 Premier League goals make him the Premier League's second-top scorer of all time.
8003:123145723891712::Thread-98 2020-08-09 18:59:52,570 - He also has the third-highest number of assists in the Premier League, with 103.Rooney made his senior international debut for England in February 2003 aged 17 and is England's youngest ever goalscorer.
8003:123145723891712::Thread-98 2020-08-09 18:59:53,388 - He played at UEFA Euro 2004 and scored four goals, briefly becoming the youngest goalscorer in the history of the European Championship.
8003:123145723891712::Thread-98 2020-08-09 18:59:53,786 - Rooney has since featured at the 2006, 2010, and 2014 World Cups and was widely regarded as his country's best player.
8003:123145723891712::Thread-98 2020-08-09 18:59:53,804 - He has won the England Player of the Year award four times, in 2008, 2009, 2014, and 2015.
8003:123145723891712::Thread-98 2020-08-09 18:59:56,807 - **END**
8003:123145723891712::Thread-98 2020-08-09 19:00:06,811 - **START**
8003:123145723891712::Thread-98 2020-08-09 19:00:06,820 - Starting new HTTPS connection (1): en.wikipedia.org
8003:123145723891712::Thread-98 2020-08-09 19:00:07,594 - Aston Villa Football Club is an English professional football club based in Aston, Birmingham.
8003:123145723891712::Thread-98 2020-08-09 19:00:08,849 - The club competes in the Premier League, the top tier of the English football league system.
8003:123145723891712::Thread-98 2020-08-09 19:00:09,086 - Founded in 1874, they have played at their home ground, Villa Park, since 1897.
8003:123145723891712::Thread-98 2020-08-09 19:00:09,216 - Aston Villa were one of the founder members of the Football League in 1888 and of the Premier League in 1992.
8003:123145723891712::Thread-98 2020-08-09 19:00:09,292 - Villa are one of only five English clubs to have won the European Cup, in 1981–82.
8003:123145723891712::Thread-98 2020-08-09 19:00:11,102 - They have also won the Football League First Division seven times, the FA Cup seven times, the League Cup five times, and the European (UEFA) Super Cup once.
8003:123145723891712::Thread-98 2020-08-09 19:00:12,955 - Villa have a fierce local rivalry with Birmingham City and the Second City derby between the teams has been played since 1879.
8003:123145723891712::Thread-98 2020-08-09 19:00:14,722 - The club's traditional kit colours are claret shirts with sky blue sleeves, white shorts and sky blue socks.
8003:123145723891712::Thread-98 2020-08-09 19:00:15,355 - Their traditional club badge is of a rampant lion.
8003:123145723891712::Thread-98 2020-08-09 19:00:16,686 - The club is currently owned by the NSWE group, a company owned by the Egyptian billionaire Nassef Sawiris and the American billionaire Wes Edens.
8003:123145723891712::Thread-98 2020-08-09 19:00:21,687 - **END**
